[0.669s] Invoking command in '/home/cc/ee106a/sp26/class/ee106a-aac/ros_workspaces/lab1/src/chatter': PYTHONPATH=/home/cc/ee106a/sp26/class/ee106a-aac/ros_workspaces/lab1/build/chatter/prefix_override:/usr/lib/python3/dist-packages/colcon_core/task/python/colcon_distutils_commands:/home/cc/ee106a/sp26/class/ee106a-aac/ros_workspaces/lab1/install/chatter/lib/python3.10/site-packages:${PYTHONPATH} /usr/bin/python3 -W ignore:setup.py install is deprecated -W ignore:easy_install command is deprecated setup.py egg_info --egg-base ../../build/chatter build --build-base /home/cc/ee106a/sp26/class/ee106a-aac/ros_workspaces/lab1/build/chatter/build install --record /home/cc/ee106a/sp26/class/ee106a-aac/ros_workspaces/lab1/build/chatter/install.log --single-version-externally-managed install_data
[0.890s] running egg_info
[0.891s] writing ../../build/chatter/chatter.egg-info/PKG-INFO
[0.894s] writing dependency_links to ../../build/chatter/chatter.egg-info/dependency_links.txt
[0.896s] writing entry points to ../../build/chatter/chatter.egg-info/entry_points.txt
[0.898s] writing requirements to ../../build/chatter/chatter.egg-info/requires.txt
[0.900s] writing top-level names to ../../build/chatter/chatter.egg-info/top_level.txt
[0.906s] reading manifest file '../../build/chatter/chatter.egg-info/SOURCES.txt'
[0.910s] writing manifest file '../../build/chatter/chatter.egg-info/SOURCES.txt'
[0.911s] running build
[0.911s] running build_py
[0.914s] running install
[0.914s] running install_lib
[0.919s] running install_data
[0.921s] running install_egg_info
[0.924s] removing '/home/cc/ee106a/sp26/class/ee106a-aac/ros_workspaces/lab1/install/chatter/lib/python3.10/site-packages/chatter-0.0.0-py3.10.egg-info' (and everything under it)
[0.929s] Copying ../../build/chatter/chatter.egg-info to /home/cc/ee106a/sp26/class/ee106a-aac/ros_workspaces/lab1/install/chatter/lib/python3.10/site-packages/chatter-0.0.0-py3.10.egg-info
[0.953s] running install_scripts
[0.970s] Installing listener script to /home/cc/ee106a/sp26/class/ee106a-aac/ros_workspaces/lab1/install/chatter/lib/chatter
[0.973s] Installing talker script to /home/cc/ee106a/sp26/class/ee106a-aac/ros_workspaces/lab1/install/chatter/lib/chatter
[0.975s] writing list of installed files to '/home/cc/ee106a/sp26/class/ee106a-aac/ros_workspaces/lab1/build/chatter/install.log'
[0.993s] Invoked command in '/home/cc/ee106a/sp26/class/ee106a-aac/ros_workspaces/lab1/src/chatter' returned '0': PYTHONPATH=/home/cc/ee106a/sp26/class/ee106a-aac/ros_workspaces/lab1/build/chatter/prefix_override:/usr/lib/python3/dist-packages/colcon_core/task/python/colcon_distutils_commands:/home/cc/ee106a/sp26/class/ee106a-aac/ros_workspaces/lab1/install/chatter/lib/python3.10/site-packages:${PYTHONPATH} /usr/bin/python3 -W ignore:setup.py install is deprecated -W ignore:easy_install command is deprecated setup.py egg_info --egg-base ../../build/chatter build --build-base /home/cc/ee106a/sp26/class/ee106a-aac/ros_workspaces/lab1/build/chatter/build install --record /home/cc/ee106a/sp26/class/ee106a-aac/ros_workspaces/lab1/build/chatter/install.log --single-version-externally-managed install_data
