[0.733s] Invoking command in '/home/cc/ee106a/sp26/class/ee106a-aac/ros_workspaces/lab1/src/chatter': PYTHONPATH=/home/cc/ee106a/sp26/class/ee106a-aac/ros_workspaces/lab1/build/chatter/prefix_override:/usr/lib/python3/dist-packages/colcon_core/task/python/colcon_distutils_commands:/home/cc/ee106a/sp26/class/ee106a-aac/ros_workspaces/lab1/install/chatter/lib/python3.10/site-packages:${PYTHONPATH} /usr/bin/python3 -W ignore:setup.py install is deprecated -W ignore:easy_install command is deprecated setup.py egg_info --egg-base ../../build/chatter build --build-base /home/cc/ee106a/sp26/class/ee106a-aac/ros_workspaces/lab1/build/chatter/build install --record /home/cc/ee106a/sp26/class/ee106a-aac/ros_workspaces/lab1/build/chatter/install.log --single-version-externally-managed install_data
[0.963s] running egg_info
[0.964s] writing ../../build/chatter/chatter.egg-info/PKG-INFO
[0.966s] writing dependency_links to ../../build/chatter/chatter.egg-info/dependency_links.txt
[0.968s] writing entry points to ../../build/chatter/chatter.egg-info/entry_points.txt
[0.969s] writing requirements to ../../build/chatter/chatter.egg-info/requires.txt
[0.971s] writing top-level names to ../../build/chatter/chatter.egg-info/top_level.txt
[0.975s] reading manifest file '../../build/chatter/chatter.egg-info/SOURCES.txt'
[0.977s] writing manifest file '../../build/chatter/chatter.egg-info/SOURCES.txt'
[0.978s] running build
[0.978s] running build_py
[0.980s] running install
[0.980s] running install_lib
[0.983s] running install_data
[0.984s] running install_egg_info
[0.986s] removing '/home/cc/ee106a/sp26/class/ee106a-aac/ros_workspaces/lab1/install/chatter/lib/python3.10/site-packages/chatter-0.0.0-py3.10.egg-info' (and everything under it)
[0.991s] Copying ../../build/chatter/chatter.egg-info to /home/cc/ee106a/sp26/class/ee106a-aac/ros_workspaces/lab1/install/chatter/lib/python3.10/site-packages/chatter-0.0.0-py3.10.egg-info
[1.012s] running install_scripts
[1.032s] Installing listener script to /home/cc/ee106a/sp26/class/ee106a-aac/ros_workspaces/lab1/install/chatter/lib/chatter
[1.033s] Installing talker script to /home/cc/ee106a/sp26/class/ee106a-aac/ros_workspaces/lab1/install/chatter/lib/chatter
[1.035s] writing list of installed files to '/home/cc/ee106a/sp26/class/ee106a-aac/ros_workspaces/lab1/build/chatter/install.log'
[1.162s] Invoked command in '/home/cc/ee106a/sp26/class/ee106a-aac/ros_workspaces/lab1/src/chatter' returned '0': PYTHONPATH=/home/cc/ee106a/sp26/class/ee106a-aac/ros_workspaces/lab1/build/chatter/prefix_override:/usr/lib/python3/dist-packages/colcon_core/task/python/colcon_distutils_commands:/home/cc/ee106a/sp26/class/ee106a-aac/ros_workspaces/lab1/install/chatter/lib/python3.10/site-packages:${PYTHONPATH} /usr/bin/python3 -W ignore:setup.py install is deprecated -W ignore:easy_install command is deprecated setup.py egg_info --egg-base ../../build/chatter build --build-base /home/cc/ee106a/sp26/class/ee106a-aac/ros_workspaces/lab1/build/chatter/build install --record /home/cc/ee106a/sp26/class/ee106a-aac/ros_workspaces/lab1/build/chatter/install.log --single-version-externally-managed install_data
