[0.051s] Invoking command in '/home/cc/ee106a/sp26/class/ee106a-aac/ros_workspaces/lab1/build/my_chatter': AMENT_PREFIX_PATH=/home/cc/ee106a/sp26/class/ee106a-aac/ros_workspaces/lab1/install/my_chatter_msgs:/home/cc/ee106a/sp26/class/ee106a-aac/ros_workspaces/lab1/install/chatter:${AMENT_PREFIX_PATH} CMAKE_PREFIX_PATH=/home/cc/ee106a/sp26/class/ee106a-aac/ros_workspaces/lab1/install/my_chatter_msgs:/home/ff/ee106a/robot_workspaces/ur/install/ur7e_utils:/opt/ros/humble LD_LIBRARY_PATH=/home/cc/ee106a/sp26/class/ee106a-aac/ros_workspaces/lab1/install/my_chatter_msgs/lib:${LD_LIBRARY_PATH} PYTHONPATH=/home/cc/ee106a/sp26/class/ee106a-aac/ros_workspaces/lab1/install/my_chatter_msgs/local/lib/python3.10/dist-packages:/home/cc/ee106a/sp26/class/ee106a-aac/ros_workspaces/lab1/install/chatter/lib/python3.10/site-packages:${PYTHONPATH} /usr/bin/cmake /home/cc/ee106a/sp26/class/ee106a-aac/ros_workspaces/lab1/src/my_chatter -DCMAKE_INSTALL_PREFIX=/home/cc/ee106a/sp26/class/ee106a-aac/ros_workspaces/lab1/install/my_chatter
[0.087s] -- Found ament_cmake: 1.3.12 (/opt/ros/humble/share/ament_cmake/cmake)
[0.368s] -- Found rclpy: 3.3.19 (/opt/ros/humble/share/rclpy/cmake)
[0.368s] -- Found std_msgs: 4.9.0 (/opt/ros/humble/share/std_msgs/cmake)
[0.414s] -- Found rosidl_generator_c: 3.1.8 (/opt/ros/humble/share/rosidl_generator_c/cmake)
[0.417s] -- Found rosidl_adapter: 3.1.8 (/opt/ros/humble/share/rosidl_adapter/cmake)
[0.422s] -- Found rosidl_generator_cpp: 3.1.8 (/opt/ros/humble/share/rosidl_generator_cpp/cmake)
[0.433s] -- Using all available rosidl_typesupport_c: rosidl_typesupport_fastrtps_c;rosidl_typesupport_introspection_c
[0.448s] -- Using all available rosidl_typesupport_cpp: rosidl_typesupport_fastrtps_cpp;rosidl_typesupport_introspection_cpp
[0.490s] [31mCMake Error at CMakeLists.txt:12 (find_package):
[0.490s]   By not providing "Findchatter.cmake" in CMAKE_MODULE_PATH this project has
[0.490s]   asked CMake to find a package configuration file provided by "chatter", but
[0.490s]   CMake did not find one.
[0.490s] 
[0.490s]   Could not find a package configuration file provided by "chatter" with any
[0.490s]   of the following names:
[0.490s] 
[0.490s]     chatterConfig.cmake
[0.490s]     chatter-config.cmake
[0.490s] 
[0.490s]   Add the installation prefix of "chatter" to CMAKE_PREFIX_PATH or set
[0.490s]   "chatter_DIR" to a directory containing one of the above files.  If
[0.490s]   "chatter" provides a separate development package or SDK, be sure it has
[0.490s]   been installed.
[0.490s] 
[0.490s] [0m
[0.491s] -- Configuring incomplete, errors occurred!
[0.491s] See also "/home/cc/ee106a/sp26/class/ee106a-aac/ros_workspaces/lab1/build/my_chatter/CMakeFiles/CMakeOutput.log".
[0.503s] Invoked command in '/home/cc/ee106a/sp26/class/ee106a-aac/ros_workspaces/lab1/build/my_chatter' returned '1': AMENT_PREFIX_PATH=/home/cc/ee106a/sp26/class/ee106a-aac/ros_workspaces/lab1/install/my_chatter_msgs:/home/cc/ee106a/sp26/class/ee106a-aac/ros_workspaces/lab1/install/chatter:${AMENT_PREFIX_PATH} CMAKE_PREFIX_PATH=/home/cc/ee106a/sp26/class/ee106a-aac/ros_workspaces/lab1/install/my_chatter_msgs:/home/ff/ee106a/robot_workspaces/ur/install/ur7e_utils:/opt/ros/humble LD_LIBRARY_PATH=/home/cc/ee106a/sp26/class/ee106a-aac/ros_workspaces/lab1/install/my_chatter_msgs/lib:${LD_LIBRARY_PATH} PYTHONPATH=/home/cc/ee106a/sp26/class/ee106a-aac/ros_workspaces/lab1/install/my_chatter_msgs/local/lib/python3.10/dist-packages:/home/cc/ee106a/sp26/class/ee106a-aac/ros_workspaces/lab1/install/chatter/lib/python3.10/site-packages:${PYTHONPATH} /usr/bin/cmake /home/cc/ee106a/sp26/class/ee106a-aac/ros_workspaces/lab1/src/my_chatter -DCMAKE_INSTALL_PREFIX=/home/cc/ee106a/sp26/class/ee106a-aac/ros_workspaces/lab1/install/my_chatter
