[0.683s] Invoking command in '/home/cc/ee106a/sp26/class/ee106a-aac/ros_workspaces/lab1/my_chatter': PYTHONPATH=/home/cc/ee106a/sp26/class/ee106a-aac/ros_workspaces/lab1/build/my_chatter/prefix_override:/usr/lib/python3/dist-packages/colcon_core/task/python/colcon_distutils_commands:/home/cc/ee106a/sp26/class/ee106a-aac/ros_workspaces/lab1/install/my_chatter/lib/python3.10/site-packages:${PYTHONPATH} /usr/bin/python3 -W ignore:setup.py install is deprecated -W ignore:easy_install command is deprecated setup.py egg_info --egg-base ../build/my_chatter build --build-base /home/cc/ee106a/sp26/class/ee106a-aac/ros_workspaces/lab1/build/my_chatter/build install --record /home/cc/ee106a/sp26/class/ee106a-aac/ros_workspaces/lab1/build/my_chatter/install.log --single-version-externally-managed install_data
[0.939s] running egg_info
[0.939s] creating ../build/my_chatter/my_chatter.egg-info
[0.940s] writing ../build/my_chatter/my_chatter.egg-info/PKG-INFO
[0.943s] writing dependency_links to ../build/my_chatter/my_chatter.egg-info/dependency_links.txt
[0.945s] writing entry points to ../build/my_chatter/my_chatter.egg-info/entry_points.txt
[0.946s] writing requirements to ../build/my_chatter/my_chatter.egg-info/requires.txt
[0.947s] writing top-level names to ../build/my_chatter/my_chatter.egg-info/top_level.txt
[0.949s] writing manifest file '../build/my_chatter/my_chatter.egg-info/SOURCES.txt'
[0.953s] reading manifest file '../build/my_chatter/my_chatter.egg-info/SOURCES.txt'
[0.955s] writing manifest file '../build/my_chatter/my_chatter.egg-info/SOURCES.txt'
[0.956s] running build
[0.956s] running build_py
[0.957s] creating /home/cc/ee106a/sp26/class/ee106a-aac/ros_workspaces/lab1/build/my_chatter/build
[0.957s] creating /home/cc/ee106a/sp26/class/ee106a-aac/ros_workspaces/lab1/build/my_chatter/build/lib
[0.958s] creating /home/cc/ee106a/sp26/class/ee106a-aac/ros_workspaces/lab1/build/my_chatter/build/lib/my_chatter
[0.959s] copying my_chatter/__init__.py -> /home/cc/ee106a/sp26/class/ee106a-aac/ros_workspaces/lab1/build/my_chatter/build/lib/my_chatter
[0.961s] running install
[0.962s] running install_lib
[0.964s] creating /home/cc/ee106a/sp26/class/ee106a-aac/ros_workspaces/lab1/install/my_chatter/lib/python3.10/site-packages/my_chatter
[0.965s] copying /home/cc/ee106a/sp26/class/ee106a-aac/ros_workspaces/lab1/build/my_chatter/build/lib/my_chatter/__init__.py -> /home/cc/ee106a/sp26/class/ee106a-aac/ros_workspaces/lab1/install/my_chatter/lib/python3.10/site-packages/my_chatter
[0.969s] byte-compiling /home/cc/ee106a/sp26/class/ee106a-aac/ros_workspaces/lab1/install/my_chatter/lib/python3.10/site-packages/my_chatter/__init__.py to __init__.cpython-310.pyc
[0.972s] running install_data
[0.973s] creating /home/cc/ee106a/sp26/class/ee106a-aac/ros_workspaces/lab1/install/my_chatter/share/ament_index
[0.973s] creating /home/cc/ee106a/sp26/class/ee106a-aac/ros_workspaces/lab1/install/my_chatter/share/ament_index/resource_index
[0.974s] creating /home/cc/ee106a/sp26/class/ee106a-aac/ros_workspaces/lab1/install/my_chatter/share/ament_index/resource_index/packages
[0.976s] copying resource/my_chatter -> /home/cc/ee106a/sp26/class/ee106a-aac/ros_workspaces/lab1/install/my_chatter/share/ament_index/resource_index/packages
[0.978s] copying package.xml -> /home/cc/ee106a/sp26/class/ee106a-aac/ros_workspaces/lab1/install/my_chatter/share/my_chatter
[0.981s] running install_egg_info
[0.986s] Copying ../build/my_chatter/my_chatter.egg-info to /home/cc/ee106a/sp26/class/ee106a-aac/ros_workspaces/lab1/install/my_chatter/lib/python3.10/site-packages/my_chatter-0.0.0-py3.10.egg-info
[1.013s] running install_scripts
[1.044s] writing list of installed files to '/home/cc/ee106a/sp26/class/ee106a-aac/ros_workspaces/lab1/build/my_chatter/install.log'
[1.060s] Invoked command in '/home/cc/ee106a/sp26/class/ee106a-aac/ros_workspaces/lab1/my_chatter' returned '0': PYTHONPATH=/home/cc/ee106a/sp26/class/ee106a-aac/ros_workspaces/lab1/build/my_chatter/prefix_override:/usr/lib/python3/dist-packages/colcon_core/task/python/colcon_distutils_commands:/home/cc/ee106a/sp26/class/ee106a-aac/ros_workspaces/lab1/install/my_chatter/lib/python3.10/site-packages:${PYTHONPATH} /usr/bin/python3 -W ignore:setup.py install is deprecated -W ignore:easy_install command is deprecated setup.py egg_info --egg-base ../build/my_chatter build --build-base /home/cc/ee106a/sp26/class/ee106a-aac/ros_workspaces/lab1/build/my_chatter/build install --record /home/cc/ee106a/sp26/class/ee106a-aac/ros_workspaces/lab1/build/my_chatter/install.log --single-version-externally-managed install_data
