[1.836s] Invoking command in '/home/cc/ee106a/sp26/class/ee106a-aac/ros_workspaces/lab2/src/lab2_turtlesim': PYTHONPATH=/home/cc/ee106a/sp26/class/ee106a-aac/ros_workspaces/lab2/build/lab2_turtlesim/prefix_override:/usr/lib/python3/dist-packages/colcon_core/task/python/colcon_distutils_commands:/home/cc/ee106a/sp26/class/ee106a-aac/ros_workspaces/lab2/install/lab2_turtlesim/lib/python3.10/site-packages:${PYTHONPATH} /usr/bin/python3 -W ignore:setup.py install is deprecated -W ignore:easy_install command is deprecated setup.py egg_info --egg-base ../../build/lab2_turtlesim build --build-base /home/cc/ee106a/sp26/class/ee106a-aac/ros_workspaces/lab2/build/lab2_turtlesim/build install --record /home/cc/ee106a/sp26/class/ee106a-aac/ros_workspaces/lab2/build/lab2_turtlesim/install.log --single-version-externally-managed install_data
[2.044s] running egg_info
[2.045s] writing ../../build/lab2_turtlesim/lab2_turtlesim.egg-info/PKG-INFO
[2.047s] writing dependency_links to ../../build/lab2_turtlesim/lab2_turtlesim.egg-info/dependency_links.txt
[2.049s] writing entry points to ../../build/lab2_turtlesim/lab2_turtlesim.egg-info/entry_points.txt
[2.050s] writing requirements to ../../build/lab2_turtlesim/lab2_turtlesim.egg-info/requires.txt
[2.052s] writing top-level names to ../../build/lab2_turtlesim/lab2_turtlesim.egg-info/top_level.txt
[2.059s] reading manifest file '../../build/lab2_turtlesim/lab2_turtlesim.egg-info/SOURCES.txt'
[2.062s] writing manifest file '../../build/lab2_turtlesim/lab2_turtlesim.egg-info/SOURCES.txt'
[2.064s] running build
[2.064s] running build_py
[2.066s] copying lab2_turtlesim/turtle_controller.py -> /home/cc/ee106a/sp26/class/ee106a-aac/ros_workspaces/lab2/build/lab2_turtlesim/build/lib/lab2_turtlesim
[2.069s] running install
[2.069s] running install_lib
[2.073s] copying /home/cc/ee106a/sp26/class/ee106a-aac/ros_workspaces/lab2/build/lab2_turtlesim/build/lib/lab2_turtlesim/turtle_controller.py -> /home/cc/ee106a/sp26/class/ee106a-aac/ros_workspaces/lab2/install/lab2_turtlesim/lib/python3.10/site-packages/lab2_turtlesim
[2.078s] byte-compiling /home/cc/ee106a/sp26/class/ee106a-aac/ros_workspaces/lab2/install/lab2_turtlesim/lib/python3.10/site-packages/lab2_turtlesim/turtle_controller.py to turtle_controller.cpython-310.pyc
[2.084s] running install_data
[2.085s] running install_egg_info
[2.086s] removing '/home/cc/ee106a/sp26/class/ee106a-aac/ros_workspaces/lab2/install/lab2_turtlesim/lib/python3.10/site-packages/lab2_turtlesim-0.0.0-py3.10.egg-info' (and everything under it)
[2.090s] Copying ../../build/lab2_turtlesim/lab2_turtlesim.egg-info to /home/cc/ee106a/sp26/class/ee106a-aac/ros_workspaces/lab2/install/lab2_turtlesim/lib/python3.10/site-packages/lab2_turtlesim-0.0.0-py3.10.egg-info
[2.124s] running install_scripts
[2.152s] Installing turtle_controller script to /home/cc/ee106a/sp26/class/ee106a-aac/ros_workspaces/lab2/install/lab2_turtlesim/lib/lab2_turtlesim
[2.154s] writing list of installed files to '/home/cc/ee106a/sp26/class/ee106a-aac/ros_workspaces/lab2/build/lab2_turtlesim/install.log'
[2.168s] Invoked command in '/home/cc/ee106a/sp26/class/ee106a-aac/ros_workspaces/lab2/src/lab2_turtlesim' returned '0': PYTHONPATH=/home/cc/ee106a/sp26/class/ee106a-aac/ros_workspaces/lab2/build/lab2_turtlesim/prefix_override:/usr/lib/python3/dist-packages/colcon_core/task/python/colcon_distutils_commands:/home/cc/ee106a/sp26/class/ee106a-aac/ros_workspaces/lab2/install/lab2_turtlesim/lib/python3.10/site-packages:${PYTHONPATH} /usr/bin/python3 -W ignore:setup.py install is deprecated -W ignore:easy_install command is deprecated setup.py egg_info --egg-base ../../build/lab2_turtlesim build --build-base /home/cc/ee106a/sp26/class/ee106a-aac/ros_workspaces/lab2/build/lab2_turtlesim/build install --record /home/cc/ee106a/sp26/class/ee106a-aac/ros_workspaces/lab2/build/lab2_turtlesim/install.log --single-version-externally-managed install_data
