[0.487s] Invoking command in '/home/cc/ee106a/sp26/class/ee106a-aac/ros_workspaces/lab2/build/turtle_patrol_interface': CMAKE_PREFIX_PATH=${CMAKE_PREFIX_PATH}:/home/cc/ee106a/sp26/class/ee106a-aac/ros_workspaces/lab2/install/turtle_patrol:/home/cc/ee106a/sp26/class/ee106a-aac/ros_workspaces/lab2/install/lab2_turtlesim:/opt/ros/turtlebot3_ws/install/turtlebot3_teleop:/opt/ros/turtlebot3_ws/install/turtlebot3_example:/opt/ros/humble /usr/bin/cmake --build /home/cc/ee106a/sp26/class/ee106a-aac/ros_workspaces/lab2/build/turtle_patrol_interface -- -j32 -l32
[0.616s] [  3%] Built target turtle_patrol_interface__cpp
[0.635s] [ 12%] Built target turtle_patrol_interface__rosidl_generator_c
[0.712s] [ 41%] Built target turtle_patrol_interface__rosidl_typesupport_cpp
[0.712s] [ 41%] Built target turtle_patrol_interface__rosidl_typesupport_fastrtps_cpp
[0.712s] [ 41%] Built target turtle_patrol_interface__rosidl_typesupport_introspection_cpp
[0.723s] [ 67%] Built target turtle_patrol_interface__rosidl_typesupport_introspection_c
[0.725s] [ 70%] Built target turtle_patrol_interface__rosidl_typesupport_c
[0.725s] [ 70%] Built target turtle_patrol_interface__rosidl_typesupport_fastrtps_c
[0.726s] [ 70%] Built target ament_cmake_python_copy_turtle_patrol_interface
[0.764s] [ 70%] Built target turtle_patrol_interface
[0.798s] [ 74%] Built target turtle_patrol_interface__py
[0.843s] [ 80%] Built target turtle_patrol_interface__rosidl_generator_py
[0.916s] [ 93%] Built target turtle_patrol_interface__rosidl_typesupport_c__pyext
[0.918s] [100%] Built target turtle_patrol_interface__rosidl_typesupport_introspection_c__pyext
[0.919s] [100%] Built target turtle_patrol_interface__rosidl_typesupport_fastrtps_c__pyext
[0.966s] running egg_info
[0.967s] writing turtle_patrol_interface.egg-info/PKG-INFO
[0.969s] writing dependency_links to turtle_patrol_interface.egg-info/dependency_links.txt
[0.972s] writing top-level names to turtle_patrol_interface.egg-info/top_level.txt
[0.977s] reading manifest file 'turtle_patrol_interface.egg-info/SOURCES.txt'
[0.979s] writing manifest file 'turtle_patrol_interface.egg-info/SOURCES.txt'
[1.002s] [100%] Built target ament_cmake_python_build_turtle_patrol_interface_egg
[1.040s] Invoked command in '/home/cc/ee106a/sp26/class/ee106a-aac/ros_workspaces/lab2/build/turtle_patrol_interface' returned '0': CMAKE_PREFIX_PATH=${CMAKE_PREFIX_PATH}:/home/cc/ee106a/sp26/class/ee106a-aac/ros_workspaces/lab2/install/turtle_patrol:/home/cc/ee106a/sp26/class/ee106a-aac/ros_workspaces/lab2/install/lab2_turtlesim:/opt/ros/turtlebot3_ws/install/turtlebot3_teleop:/opt/ros/turtlebot3_ws/install/turtlebot3_example:/opt/ros/humble /usr/bin/cmake --build /home/cc/ee106a/sp26/class/ee106a-aac/ros_workspaces/lab2/build/turtle_patrol_interface -- -j32 -l32
[1.058s] Invoking command in '/home/cc/ee106a/sp26/class/ee106a-aac/ros_workspaces/lab2/build/turtle_patrol_interface': CMAKE_PREFIX_PATH=${CMAKE_PREFIX_PATH}:/home/cc/ee106a/sp26/class/ee106a-aac/ros_workspaces/lab2/install/turtle_patrol:/home/cc/ee106a/sp26/class/ee106a-aac/ros_workspaces/lab2/install/lab2_turtlesim:/opt/ros/turtlebot3_ws/install/turtlebot3_teleop:/opt/ros/turtlebot3_ws/install/turtlebot3_example:/opt/ros/humble /usr/bin/cmake --install /home/cc/ee106a/sp26/class/ee106a-aac/ros_workspaces/lab2/build/turtle_patrol_interface
[1.068s] -- Install configuration: ""
[1.069s] -- Up-to-date: /home/cc/ee106a/sp26/class/ee106a-aac/ros_workspaces/lab2/install/turtle_patrol_interface/share/ament_index/resource_index/rosidl_interfaces/turtle_patrol_interface
[1.070s] -- Up-to-date: /home/cc/ee106a/sp26/class/ee106a-aac/ros_workspaces/lab2/install/turtle_patrol_interface/include/turtle_patrol_interface/turtle_patrol_interface
[1.071s] -- Up-to-date: /home/cc/ee106a/sp26/class/ee106a-aac/ros_workspaces/lab2/install/turtle_patrol_interface/include/turtle_patrol_interface/turtle_patrol_interface/msg
[1.072s] -- Up-to-date: /home/cc/ee106a/sp26/class/ee106a-aac/ros_workspaces/lab2/install/turtle_patrol_interface/include/turtle_patrol_interface/turtle_patrol_interface/msg/rosidl_generator_c__visibility_control.h
[1.073s] -- Up-to-date: /home/cc/ee106a/sp26/class/ee106a-aac/ros_workspaces/lab2/install/turtle_patrol_interface/include/turtle_patrol_interface/turtle_patrol_interface/srv
[1.074s] -- Up-to-date: /home/cc/ee106a/sp26/class/ee106a-aac/ros_workspaces/lab2/install/turtle_patrol_interface/include/turtle_patrol_interface/turtle_patrol_interface/srv/patrol.h
[1.075s] -- Up-to-date: /home/cc/ee106a/sp26/class/ee106a-aac/ros_workspaces/lab2/install/turtle_patrol_interface/include/turtle_patrol_interface/turtle_patrol_interface/srv/detail
[1.076s] -- Up-to-date: /home/cc/ee106a/sp26/class/ee106a-aac/ros_workspaces/lab2/install/turtle_patrol_interface/include/turtle_patrol_interface/turtle_patrol_interface/srv/detail/patrol__functions.c
[1.077s] -- Up-to-date: /home/cc/ee106a/sp26/class/ee106a-aac/ros_workspaces/lab2/install/turtle_patrol_interface/include/turtle_patrol_interface/turtle_patrol_interface/srv/detail/patrol__functions.h
[1.077s] -- Up-to-date: /home/cc/ee106a/sp26/class/ee106a-aac/ros_workspaces/lab2/install/turtle_patrol_interface/include/turtle_patrol_interface/turtle_patrol_interface/srv/detail/patrol__struct.h
[1.078s] -- Up-to-date: /home/cc/ee106a/sp26/class/ee106a-aac/ros_workspaces/lab2/install/turtle_patrol_interface/include/turtle_patrol_interface/turtle_patrol_interface/srv/detail/patrol__type_support.h
[1.079s] -- Up-to-date: /home/cc/ee106a/sp26/class/ee106a-aac/ros_workspaces/lab2/install/turtle_patrol_interface/share/turtle_patrol_interface/environment/library_path.sh
[1.079s] -- Up-to-date: /home/cc/ee106a/sp26/class/ee106a-aac/ros_workspaces/lab2/install/turtle_patrol_interface/share/turtle_patrol_interface/environment/library_path.dsv
[1.080s] -- Up-to-date: /home/cc/ee106a/sp26/class/ee106a-aac/ros_workspaces/lab2/install/turtle_patrol_interface/lib/libturtle_patrol_interface__rosidl_generator_c.so
[1.083s] -- Up-to-date: /home/cc/ee106a/sp26/class/ee106a-aac/ros_workspaces/lab2/install/turtle_patrol_interface/include/turtle_patrol_interface/turtle_patrol_interface
[1.084s] -- Up-to-date: /home/cc/ee106a/sp26/class/ee106a-aac/ros_workspaces/lab2/install/turtle_patrol_interface/include/turtle_patrol_interface/turtle_patrol_interface/msg
[1.085s] -- Up-to-date: /home/cc/ee106a/sp26/class/ee106a-aac/ros_workspaces/lab2/install/turtle_patrol_interface/include/turtle_patrol_interface/turtle_patrol_interface/msg/rosidl_typesupport_fastrtps_c__visibility_control.h
[1.086s] -- Up-to-date: /home/cc/ee106a/sp26/class/ee106a-aac/ros_workspaces/lab2/install/turtle_patrol_interface/include/turtle_patrol_interface/turtle_patrol_interface/srv
[1.087s] -- Up-to-date: /home/cc/ee106a/sp26/class/ee106a-aac/ros_workspaces/lab2/install/turtle_patrol_interface/include/turtle_patrol_interface/turtle_patrol_interface/srv/detail
[1.088s] -- Up-to-date: /home/cc/ee106a/sp26/class/ee106a-aac/ros_workspaces/lab2/install/turtle_patrol_interface/include/turtle_patrol_interface/turtle_patrol_interface/srv/detail/patrol__rosidl_typesupport_fastrtps_c.h
[1.089s] -- Up-to-date: /home/cc/ee106a/sp26/class/ee106a-aac/ros_workspaces/lab2/install/turtle_patrol_interface/lib/libturtle_patrol_interface__rosidl_typesupport_fastrtps_c.so
[1.092s] -- Up-to-date: /home/cc/ee106a/sp26/class/ee106a-aac/ros_workspaces/lab2/install/turtle_patrol_interface/include/turtle_patrol_interface/turtle_patrol_interface
[1.093s] -- Up-to-date: /home/cc/ee106a/sp26/class/ee106a-aac/ros_workspaces/lab2/install/turtle_patrol_interface/include/turtle_patrol_interface/turtle_patrol_interface/msg
[1.095s] -- Up-to-date: /home/cc/ee106a/sp26/class/ee106a-aac/ros_workspaces/lab2/install/turtle_patrol_interface/include/turtle_patrol_interface/turtle_patrol_interface/msg/rosidl_generator_cpp__visibility_control.hpp
[1.095s] -- Up-to-date: /home/cc/ee106a/sp26/class/ee106a-aac/ros_workspaces/lab2/install/turtle_patrol_interface/include/turtle_patrol_interface/turtle_patrol_interface/srv
[1.096s] -- Up-to-date: /home/cc/ee106a/sp26/class/ee106a-aac/ros_workspaces/lab2/install/turtle_patrol_interface/include/turtle_patrol_interface/turtle_patrol_interface/srv/patrol.hpp
[1.097s] -- Up-to-date: /home/cc/ee106a/sp26/class/ee106a-aac/ros_workspaces/lab2/install/turtle_patrol_interface/include/turtle_patrol_interface/turtle_patrol_interface/srv/detail
[1.098s] -- Up-to-date: /home/cc/ee106a/sp26/class/ee106a-aac/ros_workspaces/lab2/install/turtle_patrol_interface/include/turtle_patrol_interface/turtle_patrol_interface/srv/detail/patrol__builder.hpp
[1.099s] -- Up-to-date: /home/cc/ee106a/sp26/class/ee106a-aac/ros_workspaces/lab2/install/turtle_patrol_interface/include/turtle_patrol_interface/turtle_patrol_interface/srv/detail/patrol__struct.hpp
[1.100s] -- Up-to-date: /home/cc/ee106a/sp26/class/ee106a-aac/ros_workspaces/lab2/install/turtle_patrol_interface/include/turtle_patrol_interface/turtle_patrol_interface/srv/detail/patrol__traits.hpp
[1.100s] -- Up-to-date: /home/cc/ee106a/sp26/class/ee106a-aac/ros_workspaces/lab2/install/turtle_patrol_interface/include/turtle_patrol_interface/turtle_patrol_interface/srv/detail/patrol__type_support.hpp
[1.101s] -- Up-to-date: /home/cc/ee106a/sp26/class/ee106a-aac/ros_workspaces/lab2/install/turtle_patrol_interface/include/turtle_patrol_interface/turtle_patrol_interface
[1.102s] -- Up-to-date: /home/cc/ee106a/sp26/class/ee106a-aac/ros_workspaces/lab2/install/turtle_patrol_interface/include/turtle_patrol_interface/turtle_patrol_interface/msg
[1.104s] -- Up-to-date: /home/cc/ee106a/sp26/class/ee106a-aac/ros_workspaces/lab2/install/turtle_patrol_interface/include/turtle_patrol_interface/turtle_patrol_interface/msg/rosidl_typesupport_fastrtps_cpp__visibility_control.h
[1.104s] -- Up-to-date: /home/cc/ee106a/sp26/class/ee106a-aac/ros_workspaces/lab2/install/turtle_patrol_interface/include/turtle_patrol_interface/turtle_patrol_interface/srv
[1.105s] -- Up-to-date: /home/cc/ee106a/sp26/class/ee106a-aac/ros_workspaces/lab2/install/turtle_patrol_interface/include/turtle_patrol_interface/turtle_patrol_interface/srv/detail
[1.107s] -- Up-to-date: /home/cc/ee106a/sp26/class/ee106a-aac/ros_workspaces/lab2/install/turtle_patrol_interface/include/turtle_patrol_interface/turtle_patrol_interface/srv/detail/patrol__rosidl_typesupport_fastrtps_cpp.hpp
[1.107s] -- Up-to-date: /home/cc/ee106a/sp26/class/ee106a-aac/ros_workspaces/lab2/install/turtle_patrol_interface/include/turtle_patrol_interface/turtle_patrol_interface/srv/detail/dds_fastrtps
[1.111s] -- Up-to-date: /home/cc/ee106a/sp26/class/ee106a-aac/ros_workspaces/lab2/install/turtle_patrol_interface/lib/libturtle_patrol_interface__rosidl_typesupport_fastrtps_cpp.so
[1.114s] -- Up-to-date: /home/cc/ee106a/sp26/class/ee106a-aac/ros_workspaces/lab2/install/turtle_patrol_interface/include/turtle_patrol_interface/turtle_patrol_interface
[1.116s] -- Up-to-date: /home/cc/ee106a/sp26/class/ee106a-aac/ros_workspaces/lab2/install/turtle_patrol_interface/include/turtle_patrol_interface/turtle_patrol_interface/msg
[1.117s] -- Up-to-date: /home/cc/ee106a/sp26/class/ee106a-aac/ros_workspaces/lab2/install/turtle_patrol_interface/include/turtle_patrol_interface/turtle_patrol_interface/msg/rosidl_typesupport_introspection_c__visibility_control.h
[1.118s] -- Up-to-date: /home/cc/ee106a/sp26/class/ee106a-aac/ros_workspaces/lab2/install/turtle_patrol_interface/include/turtle_patrol_interface/turtle_patrol_interface/srv
[1.119s] -- Up-to-date: /home/cc/ee106a/sp26/class/ee106a-aac/ros_workspaces/lab2/install/turtle_patrol_interface/include/turtle_patrol_interface/turtle_patrol_interface/srv/detail
[1.121s] -- Up-to-date: /home/cc/ee106a/sp26/class/ee106a-aac/ros_workspaces/lab2/install/turtle_patrol_interface/include/turtle_patrol_interface/turtle_patrol_interface/srv/detail/patrol__rosidl_typesupport_introspection_c.h
[1.121s] -- Up-to-date: /home/cc/ee106a/sp26/class/ee106a-aac/ros_workspaces/lab2/install/turtle_patrol_interface/include/turtle_patrol_interface/turtle_patrol_interface/srv/detail/patrol__type_support.c
[1.124s] -- Up-to-date: /home/cc/ee106a/sp26/class/ee106a-aac/ros_workspaces/lab2/install/turtle_patrol_interface/lib/libturtle_patrol_interface__rosidl_typesupport_introspection_c.so
[1.128s] -- Up-to-date: /home/cc/ee106a/sp26/class/ee106a-aac/ros_workspaces/lab2/install/turtle_patrol_interface/lib/libturtle_patrol_interface__rosidl_typesupport_c.so
[1.131s] -- Up-to-date: /home/cc/ee106a/sp26/class/ee106a-aac/ros_workspaces/lab2/install/turtle_patrol_interface/include/turtle_patrol_interface/turtle_patrol_interface
[1.132s] -- Up-to-date: /home/cc/ee106a/sp26/class/ee106a-aac/ros_workspaces/lab2/install/turtle_patrol_interface/include/turtle_patrol_interface/turtle_patrol_interface/srv
[1.134s] -- Up-to-date: /home/cc/ee106a/sp26/class/ee106a-aac/ros_workspaces/lab2/install/turtle_patrol_interface/include/turtle_patrol_interface/turtle_patrol_interface/srv/detail
[1.135s] -- Up-to-date: /home/cc/ee106a/sp26/class/ee106a-aac/ros_workspaces/lab2/install/turtle_patrol_interface/include/turtle_patrol_interface/turtle_patrol_interface/srv/detail/patrol__rosidl_typesupport_introspection_cpp.hpp
[1.136s] -- Up-to-date: /home/cc/ee106a/sp26/class/ee106a-aac/ros_workspaces/lab2/install/turtle_patrol_interface/include/turtle_patrol_interface/turtle_patrol_interface/srv/detail/patrol__type_support.cpp
[1.140s] -- Up-to-date: /home/cc/ee106a/sp26/class/ee106a-aac/ros_workspaces/lab2/install/turtle_patrol_interface/lib/libturtle_patrol_interface__rosidl_typesupport_introspection_cpp.so
[1.147s] -- Up-to-date: /home/cc/ee106a/sp26/class/ee106a-aac/ros_workspaces/lab2/install/turtle_patrol_interface/lib/libturtle_patrol_interface__rosidl_typesupport_cpp.so
[1.150s] -- Up-to-date: /home/cc/ee106a/sp26/class/ee106a-aac/ros_workspaces/lab2/install/turtle_patrol_interface/share/turtle_patrol_interface/environment/pythonpath.sh
[1.152s] -- Up-to-date: /home/cc/ee106a/sp26/class/ee106a-aac/ros_workspaces/lab2/install/turtle_patrol_interface/share/turtle_patrol_interface/environment/pythonpath.dsv
[1.152s] -- Up-to-date: /home/cc/ee106a/sp26/class/ee106a-aac/ros_workspaces/lab2/install/turtle_patrol_interface/local/lib/python3.10/dist-packages/turtle_patrol_interface-0.0.0-py3.10.egg-info
[1.154s] -- Installing: /home/cc/ee106a/sp26/class/ee106a-aac/ros_workspaces/lab2/install/turtle_patrol_interface/local/lib/python3.10/dist-packages/turtle_patrol_interface-0.0.0-py3.10.egg-info/PKG-INFO
[1.163s] -- Installing: /home/cc/ee106a/sp26/class/ee106a-aac/ros_workspaces/lab2/install/turtle_patrol_interface/local/lib/python3.10/dist-packages/turtle_patrol_interface-0.0.0-py3.10.egg-info/dependency_links.txt
[1.172s] -- Installing: /home/cc/ee106a/sp26/class/ee106a-aac/ros_workspaces/lab2/install/turtle_patrol_interface/local/lib/python3.10/dist-packages/turtle_patrol_interface-0.0.0-py3.10.egg-info/top_level.txt
[1.180s] -- Installing: /home/cc/ee106a/sp26/class/ee106a-aac/ros_workspaces/lab2/install/turtle_patrol_interface/local/lib/python3.10/dist-packages/turtle_patrol_interface-0.0.0-py3.10.egg-info/SOURCES.txt
[1.187s] -- Up-to-date: /home/cc/ee106a/sp26/class/ee106a-aac/ros_workspaces/lab2/install/turtle_patrol_interface/local/lib/python3.10/dist-packages/turtle_patrol_interface
[1.189s] -- Up-to-date: /home/cc/ee106a/sp26/class/ee106a-aac/ros_workspaces/lab2/install/turtle_patrol_interface/local/lib/python3.10/dist-packages/turtle_patrol_interface/__init__.py
[1.189s] -- Up-to-date: /home/cc/ee106a/sp26/class/ee106a-aac/ros_workspaces/lab2/install/turtle_patrol_interface/local/lib/python3.10/dist-packages/turtle_patrol_interface/srv
[1.190s] -- Up-to-date: /home/cc/ee106a/sp26/class/ee106a-aac/ros_workspaces/lab2/install/turtle_patrol_interface/local/lib/python3.10/dist-packages/turtle_patrol_interface/srv/_patrol.py
[1.191s] -- Up-to-date: /home/cc/ee106a/sp26/class/ee106a-aac/ros_workspaces/lab2/install/turtle_patrol_interface/local/lib/python3.10/dist-packages/turtle_patrol_interface/srv/_patrol_s.c
[1.192s] -- Up-to-date: /home/cc/ee106a/sp26/class/ee106a-aac/ros_workspaces/lab2/install/turtle_patrol_interface/local/lib/python3.10/dist-packages/turtle_patrol_interface/srv/__init__.py
[1.193s] -- Up-to-date: /home/cc/ee106a/sp26/class/ee106a-aac/ros_workspaces/lab2/install/turtle_patrol_interface/local/lib/python3.10/dist-packages/turtle_patrol_interface/_turtle_patrol_interface_s.ep.rosidl_typesupport_fastrtps_c.c
[1.193s] -- Up-to-date: /home/cc/ee106a/sp26/class/ee106a-aac/ros_workspaces/lab2/install/turtle_patrol_interface/local/lib/python3.10/dist-packages/turtle_patrol_interface/_turtle_patrol_interface_s.ep.rosidl_typesupport_introspection_c.c
[1.194s] -- Up-to-date: /home/cc/ee106a/sp26/class/ee106a-aac/ros_workspaces/lab2/install/turtle_patrol_interface/local/lib/python3.10/dist-packages/turtle_patrol_interface/_turtle_patrol_interface_s.ep.rosidl_typesupport_c.c
[1.195s] -- Up-to-date: /home/cc/ee106a/sp26/class/ee106a-aac/ros_workspaces/lab2/install/turtle_patrol_interface/local/lib/python3.10/dist-packages/turtle_patrol_interface/libturtle_patrol_interface__rosidl_generator_py.so
[1.196s] -- Up-to-date: /home/cc/ee106a/sp26/class/ee106a-aac/ros_workspaces/lab2/install/turtle_patrol_interface/local/lib/python3.10/dist-packages/turtle_patrol_interface/turtle_patrol_interface_s__rosidl_typesupport_c.cpython-310-x86_64-linux-gnu.so
[1.197s] -- Up-to-date: /home/cc/ee106a/sp26/class/ee106a-aac/ros_workspaces/lab2/install/turtle_patrol_interface/local/lib/python3.10/dist-packages/turtle_patrol_interface/turtle_patrol_interface_s__rosidl_typesupport_fastrtps_c.cpython-310-x86_64-linux-gnu.so
[1.197s] -- Up-to-date: /home/cc/ee106a/sp26/class/ee106a-aac/ros_workspaces/lab2/install/turtle_patrol_interface/local/lib/python3.10/dist-packages/turtle_patrol_interface/turtle_patrol_interface_s__rosidl_typesupport_introspection_c.cpython-310-x86_64-linux-gnu.so
[1.244s] Listing '/home/cc/ee106a/sp26/class/ee106a-aac/ros_workspaces/lab2/install/turtle_patrol_interface/local/lib/python3.10/dist-packages/turtle_patrol_interface'...
[1.244s] Listing '/home/cc/ee106a/sp26/class/ee106a-aac/ros_workspaces/lab2/install/turtle_patrol_interface/local/lib/python3.10/dist-packages/turtle_patrol_interface/srv'...
[1.252s] -- Up-to-date: /home/cc/ee106a/sp26/class/ee106a-aac/ros_workspaces/lab2/install/turtle_patrol_interface/local/lib/python3.10/dist-packages/turtle_patrol_interface/turtle_patrol_interface_s__rosidl_typesupport_fastrtps_c.cpython-310-x86_64-linux-gnu.so
[1.255s] -- Up-to-date: /home/cc/ee106a/sp26/class/ee106a-aac/ros_workspaces/lab2/install/turtle_patrol_interface/local/lib/python3.10/dist-packages/turtle_patrol_interface/turtle_patrol_interface_s__rosidl_typesupport_introspection_c.cpython-310-x86_64-linux-gnu.so
[1.259s] -- Up-to-date: /home/cc/ee106a/sp26/class/ee106a-aac/ros_workspaces/lab2/install/turtle_patrol_interface/local/lib/python3.10/dist-packages/turtle_patrol_interface/turtle_patrol_interface_s__rosidl_typesupport_c.cpython-310-x86_64-linux-gnu.so
[1.262s] -- Up-to-date: /home/cc/ee106a/sp26/class/ee106a-aac/ros_workspaces/lab2/install/turtle_patrol_interface/lib/libturtle_patrol_interface__rosidl_generator_py.so
[1.265s] -- Up-to-date: /home/cc/ee106a/sp26/class/ee106a-aac/ros_workspaces/lab2/install/turtle_patrol_interface/share/turtle_patrol_interface/srv/Patrol.idl
[1.266s] -- Up-to-date: /home/cc/ee106a/sp26/class/ee106a-aac/ros_workspaces/lab2/install/turtle_patrol_interface/share/turtle_patrol_interface/srv/Patrol.srv
[1.266s] -- Up-to-date: /home/cc/ee106a/sp26/class/ee106a-aac/ros_workspaces/lab2/install/turtle_patrol_interface/share/turtle_patrol_interface/srv/Patrol_Request.msg
[1.267s] -- Up-to-date: /home/cc/ee106a/sp26/class/ee106a-aac/ros_workspaces/lab2/install/turtle_patrol_interface/share/turtle_patrol_interface/srv/Patrol_Response.msg
[1.268s] -- Up-to-date: /home/cc/ee106a/sp26/class/ee106a-aac/ros_workspaces/lab2/install/turtle_patrol_interface/share/ament_index/resource_index/package_run_dependencies/turtle_patrol_interface
[1.269s] -- Up-to-date: /home/cc/ee106a/sp26/class/ee106a-aac/ros_workspaces/lab2/install/turtle_patrol_interface/share/ament_index/resource_index/parent_prefix_path/turtle_patrol_interface
[1.270s] -- Up-to-date: /home/cc/ee106a/sp26/class/ee106a-aac/ros_workspaces/lab2/install/turtle_patrol_interface/share/turtle_patrol_interface/environment/ament_prefix_path.sh
[1.271s] -- Up-to-date: /home/cc/ee106a/sp26/class/ee106a-aac/ros_workspaces/lab2/install/turtle_patrol_interface/share/turtle_patrol_interface/environment/ament_prefix_path.dsv
[1.271s] -- Up-to-date: /home/cc/ee106a/sp26/class/ee106a-aac/ros_workspaces/lab2/install/turtle_patrol_interface/share/turtle_patrol_interface/environment/path.sh
[1.272s] -- Up-to-date: /home/cc/ee106a/sp26/class/ee106a-aac/ros_workspaces/lab2/install/turtle_patrol_interface/share/turtle_patrol_interface/environment/path.dsv
[1.273s] -- Up-to-date: /home/cc/ee106a/sp26/class/ee106a-aac/ros_workspaces/lab2/install/turtle_patrol_interface/share/turtle_patrol_interface/local_setup.bash
[1.274s] -- Up-to-date: /home/cc/ee106a/sp26/class/ee106a-aac/ros_workspaces/lab2/install/turtle_patrol_interface/share/turtle_patrol_interface/local_setup.sh
[1.274s] -- Up-to-date: /home/cc/ee106a/sp26/class/ee106a-aac/ros_workspaces/lab2/install/turtle_patrol_interface/share/turtle_patrol_interface/local_setup.zsh
[1.275s] -- Up-to-date: /home/cc/ee106a/sp26/class/ee106a-aac/ros_workspaces/lab2/install/turtle_patrol_interface/share/turtle_patrol_interface/local_setup.dsv
[1.276s] -- Installing: /home/cc/ee106a/sp26/class/ee106a-aac/ros_workspaces/lab2/install/turtle_patrol_interface/share/turtle_patrol_interface/package.dsv
[1.285s] -- Up-to-date: /home/cc/ee106a/sp26/class/ee106a-aac/ros_workspaces/lab2/install/turtle_patrol_interface/share/ament_index/resource_index/packages/turtle_patrol_interface
[1.289s] -- Up-to-date: /home/cc/ee106a/sp26/class/ee106a-aac/ros_workspaces/lab2/install/turtle_patrol_interface/share/turtle_patrol_interface/cmake/export_turtle_patrol_interface__rosidl_generator_cExport.cmake
[1.290s] -- Up-to-date: /home/cc/ee106a/sp26/class/ee106a-aac/ros_workspaces/lab2/install/turtle_patrol_interface/share/turtle_patrol_interface/cmake/export_turtle_patrol_interface__rosidl_generator_cExport-noconfig.cmake
[1.292s] -- Up-to-date: /home/cc/ee106a/sp26/class/ee106a-aac/ros_workspaces/lab2/install/turtle_patrol_interface/share/turtle_patrol_interface/cmake/export_turtle_patrol_interface__rosidl_typesupport_fastrtps_cExport.cmake
[1.294s] -- Up-to-date: /home/cc/ee106a/sp26/class/ee106a-aac/ros_workspaces/lab2/install/turtle_patrol_interface/share/turtle_patrol_interface/cmake/export_turtle_patrol_interface__rosidl_typesupport_fastrtps_cExport-noconfig.cmake
[1.297s] -- Up-to-date: /home/cc/ee106a/sp26/class/ee106a-aac/ros_workspaces/lab2/install/turtle_patrol_interface/share/turtle_patrol_interface/cmake/export_turtle_patrol_interface__rosidl_generator_cppExport.cmake
[1.299s] -- Up-to-date: /home/cc/ee106a/sp26/class/ee106a-aac/ros_workspaces/lab2/install/turtle_patrol_interface/share/turtle_patrol_interface/cmake/export_turtle_patrol_interface__rosidl_typesupport_fastrtps_cppExport.cmake
[1.300s] -- Up-to-date: /home/cc/ee106a/sp26/class/ee106a-aac/ros_workspaces/lab2/install/turtle_patrol_interface/share/turtle_patrol_interface/cmake/export_turtle_patrol_interface__rosidl_typesupport_fastrtps_cppExport-noconfig.cmake
[1.303s] -- Up-to-date: /home/cc/ee106a/sp26/class/ee106a-aac/ros_workspaces/lab2/install/turtle_patrol_interface/share/turtle_patrol_interface/cmake/turtle_patrol_interface__rosidl_typesupport_introspection_cExport.cmake
[1.304s] -- Up-to-date: /home/cc/ee106a/sp26/class/ee106a-aac/ros_workspaces/lab2/install/turtle_patrol_interface/share/turtle_patrol_interface/cmake/turtle_patrol_interface__rosidl_typesupport_introspection_cExport-noconfig.cmake
[1.307s] -- Up-to-date: /home/cc/ee106a/sp26/class/ee106a-aac/ros_workspaces/lab2/install/turtle_patrol_interface/share/turtle_patrol_interface/cmake/turtle_patrol_interface__rosidl_typesupport_cExport.cmake
[1.308s] -- Up-to-date: /home/cc/ee106a/sp26/class/ee106a-aac/ros_workspaces/lab2/install/turtle_patrol_interface/share/turtle_patrol_interface/cmake/turtle_patrol_interface__rosidl_typesupport_cExport-noconfig.cmake
[1.310s] -- Up-to-date: /home/cc/ee106a/sp26/class/ee106a-aac/ros_workspaces/lab2/install/turtle_patrol_interface/share/turtle_patrol_interface/cmake/turtle_patrol_interface__rosidl_typesupport_introspection_cppExport.cmake
[1.311s] -- Up-to-date: /home/cc/ee106a/sp26/class/ee106a-aac/ros_workspaces/lab2/install/turtle_patrol_interface/share/turtle_patrol_interface/cmake/turtle_patrol_interface__rosidl_typesupport_introspection_cppExport-noconfig.cmake
[1.314s] -- Up-to-date: /home/cc/ee106a/sp26/class/ee106a-aac/ros_workspaces/lab2/install/turtle_patrol_interface/share/turtle_patrol_interface/cmake/turtle_patrol_interface__rosidl_typesupport_cppExport.cmake
[1.315s] -- Up-to-date: /home/cc/ee106a/sp26/class/ee106a-aac/ros_workspaces/lab2/install/turtle_patrol_interface/share/turtle_patrol_interface/cmake/turtle_patrol_interface__rosidl_typesupport_cppExport-noconfig.cmake
[1.318s] -- Up-to-date: /home/cc/ee106a/sp26/class/ee106a-aac/ros_workspaces/lab2/install/turtle_patrol_interface/share/turtle_patrol_interface/cmake/export_turtle_patrol_interface__rosidl_generator_pyExport.cmake
[1.318s] -- Up-to-date: /home/cc/ee106a/sp26/class/ee106a-aac/ros_workspaces/lab2/install/turtle_patrol_interface/share/turtle_patrol_interface/cmake/export_turtle_patrol_interface__rosidl_generator_pyExport-noconfig.cmake
[1.319s] -- Up-to-date: /home/cc/ee106a/sp26/class/ee106a-aac/ros_workspaces/lab2/install/turtle_patrol_interface/share/turtle_patrol_interface/cmake/rosidl_cmake-extras.cmake
[1.320s] -- Up-to-date: /home/cc/ee106a/sp26/class/ee106a-aac/ros_workspaces/lab2/install/turtle_patrol_interface/share/turtle_patrol_interface/cmake/ament_cmake_export_dependencies-extras.cmake
[1.321s] -- Up-to-date: /home/cc/ee106a/sp26/class/ee106a-aac/ros_workspaces/lab2/install/turtle_patrol_interface/share/turtle_patrol_interface/cmake/ament_cmake_export_include_directories-extras.cmake
[1.321s] -- Up-to-date: /home/cc/ee106a/sp26/class/ee106a-aac/ros_workspaces/lab2/install/turtle_patrol_interface/share/turtle_patrol_interface/cmake/ament_cmake_export_libraries-extras.cmake
[1.322s] -- Up-to-date: /home/cc/ee106a/sp26/class/ee106a-aac/ros_workspaces/lab2/install/turtle_patrol_interface/share/turtle_patrol_interface/cmake/ament_cmake_export_targets-extras.cmake
[1.323s] -- Up-to-date: /home/cc/ee106a/sp26/class/ee106a-aac/ros_workspaces/lab2/install/turtle_patrol_interface/share/turtle_patrol_interface/cmake/rosidl_cmake_export_typesupport_targets-extras.cmake
[1.323s] -- Up-to-date: /home/cc/ee106a/sp26/class/ee106a-aac/ros_workspaces/lab2/install/turtle_patrol_interface/share/turtle_patrol_interface/cmake/rosidl_cmake_export_typesupport_libraries-extras.cmake
[1.324s] -- Up-to-date: /home/cc/ee106a/sp26/class/ee106a-aac/ros_workspaces/lab2/install/turtle_patrol_interface/share/turtle_patrol_interface/cmake/turtle_patrol_interfaceConfig.cmake
[1.324s] -- Up-to-date: /home/cc/ee106a/sp26/class/ee106a-aac/ros_workspaces/lab2/install/turtle_patrol_interface/share/turtle_patrol_interface/cmake/turtle_patrol_interfaceConfig-version.cmake
[1.325s] -- Up-to-date: /home/cc/ee106a/sp26/class/ee106a-aac/ros_workspaces/lab2/install/turtle_patrol_interface/share/turtle_patrol_interface/package.xml
[1.333s] Invoked command in '/home/cc/ee106a/sp26/class/ee106a-aac/ros_workspaces/lab2/build/turtle_patrol_interface' returned '0': CMAKE_PREFIX_PATH=${CMAKE_PREFIX_PATH}:/home/cc/ee106a/sp26/class/ee106a-aac/ros_workspaces/lab2/install/turtle_patrol:/home/cc/ee106a/sp26/class/ee106a-aac/ros_workspaces/lab2/install/lab2_turtlesim:/opt/ros/turtlebot3_ws/install/turtlebot3_teleop:/opt/ros/turtlebot3_ws/install/turtlebot3_example:/opt/ros/humble /usr/bin/cmake --install /home/cc/ee106a/sp26/class/ee106a-aac/ros_workspaces/lab2/build/turtle_patrol_interface
