[0.513s] Invoking command in '/home/cc/ee106a/sp26/class/ee106a-aac/ros_workspaces/lab2/build/turtle_patrol_interface': CMAKE_PREFIX_PATH=${CMAKE_PREFIX_PATH}:/home/cc/ee106a/sp26/class/ee106a-aac/ros_workspaces/lab2/install/turtle_patrol:/home/cc/ee106a/sp26/class/ee106a-aac/ros_workspaces/lab2/install/lab2_turtlesim:/home/ff/ee106a/robot_workspaces/ur/install/ur7e_utils:/opt/ros/humble /usr/bin/cmake --build /home/cc/ee106a/sp26/class/ee106a-aac/ros_workspaces/lab2/build/turtle_patrol_interface -- -j32 -l32
[0.655s] [  3%] Built target turtle_patrol_interface__cpp
[0.675s] [ 12%] Built target turtle_patrol_interface__rosidl_generator_c
[0.754s] [ 35%] Built target turtle_patrol_interface__rosidl_typesupport_cpp
[0.759s] [ 48%] Built target turtle_patrol_interface__rosidl_typesupport_fastrtps_cpp
[0.759s] [ 48%] Built target turtle_patrol_interface__rosidl_typesupport_introspection_cpp
[0.763s] [ 58%] Built target turtle_patrol_interface__rosidl_typesupport_fastrtps_c
[0.767s] [ 70%] Built target turtle_patrol_interface__rosidl_typesupport_c
[0.767s] [ 70%] Built target turtle_patrol_interface__rosidl_typesupport_introspection_c
[0.772s] [ 70%] Built target ament_cmake_python_copy_turtle_patrol_interface
[0.805s] [ 70%] Built target turtle_patrol_interface
[0.840s] [ 74%] Built target turtle_patrol_interface__py
[0.881s] [ 80%] Built target turtle_patrol_interface__rosidl_generator_py
[0.954s] [100%] Built target turtle_patrol_interface__rosidl_typesupport_introspection_c__pyext
[0.954s] [100%] Built target turtle_patrol_interface__rosidl_typesupport_c__pyext
[0.954s] [100%] Built target turtle_patrol_interface__rosidl_typesupport_fastrtps_c__pyext
[1.009s] running egg_info
[1.010s] writing turtle_patrol_interface.egg-info/PKG-INFO
[1.012s] writing dependency_links to turtle_patrol_interface.egg-info/dependency_links.txt
[1.016s] writing top-level names to turtle_patrol_interface.egg-info/top_level.txt
[1.020s] reading manifest file 'turtle_patrol_interface.egg-info/SOURCES.txt'
[1.022s] writing manifest file 'turtle_patrol_interface.egg-info/SOURCES.txt'
[1.046s] [100%] Built target ament_cmake_python_build_turtle_patrol_interface_egg
[1.084s] Invoked command in '/home/cc/ee106a/sp26/class/ee106a-aac/ros_workspaces/lab2/build/turtle_patrol_interface' returned '0': CMAKE_PREFIX_PATH=${CMAKE_PREFIX_PATH}:/home/cc/ee106a/sp26/class/ee106a-aac/ros_workspaces/lab2/install/turtle_patrol:/home/cc/ee106a/sp26/class/ee106a-aac/ros_workspaces/lab2/install/lab2_turtlesim:/home/ff/ee106a/robot_workspaces/ur/install/ur7e_utils:/opt/ros/humble /usr/bin/cmake --build /home/cc/ee106a/sp26/class/ee106a-aac/ros_workspaces/lab2/build/turtle_patrol_interface -- -j32 -l32
[1.102s] Invoking command in '/home/cc/ee106a/sp26/class/ee106a-aac/ros_workspaces/lab2/build/turtle_patrol_interface': CMAKE_PREFIX_PATH=${CMAKE_PREFIX_PATH}:/home/cc/ee106a/sp26/class/ee106a-aac/ros_workspaces/lab2/install/turtle_patrol:/home/cc/ee106a/sp26/class/ee106a-aac/ros_workspaces/lab2/install/lab2_turtlesim:/home/ff/ee106a/robot_workspaces/ur/install/ur7e_utils:/opt/ros/humble /usr/bin/cmake --install /home/cc/ee106a/sp26/class/ee106a-aac/ros_workspaces/lab2/build/turtle_patrol_interface
[1.114s] -- Install configuration: ""
[1.115s] -- Up-to-date: /home/cc/ee106a/sp26/class/ee106a-aac/ros_workspaces/lab2/install/turtle_patrol_interface/share/ament_index/resource_index/rosidl_interfaces/turtle_patrol_interface
[1.117s] -- Up-to-date: /home/cc/ee106a/sp26/class/ee106a-aac/ros_workspaces/lab2/install/turtle_patrol_interface/include/turtle_patrol_interface/turtle_patrol_interface
[1.118s] -- Up-to-date: /home/cc/ee106a/sp26/class/ee106a-aac/ros_workspaces/lab2/install/turtle_patrol_interface/include/turtle_patrol_interface/turtle_patrol_interface/msg
[1.119s] -- Up-to-date: /home/cc/ee106a/sp26/class/ee106a-aac/ros_workspaces/lab2/install/turtle_patrol_interface/include/turtle_patrol_interface/turtle_patrol_interface/msg/rosidl_generator_c__visibility_control.h
[1.120s] -- Up-to-date: /home/cc/ee106a/sp26/class/ee106a-aac/ros_workspaces/lab2/install/turtle_patrol_interface/include/turtle_patrol_interface/turtle_patrol_interface/srv
[1.121s] -- Up-to-date: /home/cc/ee106a/sp26/class/ee106a-aac/ros_workspaces/lab2/install/turtle_patrol_interface/include/turtle_patrol_interface/turtle_patrol_interface/srv/patrol.h
[1.122s] -- Up-to-date: /home/cc/ee106a/sp26/class/ee106a-aac/ros_workspaces/lab2/install/turtle_patrol_interface/include/turtle_patrol_interface/turtle_patrol_interface/srv/detail
[1.123s] -- Up-to-date: /home/cc/ee106a/sp26/class/ee106a-aac/ros_workspaces/lab2/install/turtle_patrol_interface/include/turtle_patrol_interface/turtle_patrol_interface/srv/detail/patrol__functions.c
[1.123s] -- Up-to-date: /home/cc/ee106a/sp26/class/ee106a-aac/ros_workspaces/lab2/install/turtle_patrol_interface/include/turtle_patrol_interface/turtle_patrol_interface/srv/detail/patrol__functions.h
[1.124s] -- Up-to-date: /home/cc/ee106a/sp26/class/ee106a-aac/ros_workspaces/lab2/install/turtle_patrol_interface/include/turtle_patrol_interface/turtle_patrol_interface/srv/detail/patrol__struct.h
[1.125s] -- Up-to-date: /home/cc/ee106a/sp26/class/ee106a-aac/ros_workspaces/lab2/install/turtle_patrol_interface/include/turtle_patrol_interface/turtle_patrol_interface/srv/detail/patrol__type_support.h
[1.126s] -- Up-to-date: /home/cc/ee106a/sp26/class/ee106a-aac/ros_workspaces/lab2/install/turtle_patrol_interface/share/turtle_patrol_interface/environment/library_path.sh
[1.127s] -- Up-to-date: /home/cc/ee106a/sp26/class/ee106a-aac/ros_workspaces/lab2/install/turtle_patrol_interface/share/turtle_patrol_interface/environment/library_path.dsv
[1.130s] -- Up-to-date: /home/cc/ee106a/sp26/class/ee106a-aac/ros_workspaces/lab2/install/turtle_patrol_interface/lib/libturtle_patrol_interface__rosidl_generator_c.so
[1.133s] -- Up-to-date: /home/cc/ee106a/sp26/class/ee106a-aac/ros_workspaces/lab2/install/turtle_patrol_interface/include/turtle_patrol_interface/turtle_patrol_interface
[1.134s] -- Up-to-date: /home/cc/ee106a/sp26/class/ee106a-aac/ros_workspaces/lab2/install/turtle_patrol_interface/include/turtle_patrol_interface/turtle_patrol_interface/msg
[1.135s] -- Up-to-date: /home/cc/ee106a/sp26/class/ee106a-aac/ros_workspaces/lab2/install/turtle_patrol_interface/include/turtle_patrol_interface/turtle_patrol_interface/msg/rosidl_typesupport_fastrtps_c__visibility_control.h
[1.136s] -- Up-to-date: /home/cc/ee106a/sp26/class/ee106a-aac/ros_workspaces/lab2/install/turtle_patrol_interface/include/turtle_patrol_interface/turtle_patrol_interface/srv
[1.137s] -- Up-to-date: /home/cc/ee106a/sp26/class/ee106a-aac/ros_workspaces/lab2/install/turtle_patrol_interface/include/turtle_patrol_interface/turtle_patrol_interface/srv/detail
[1.138s] -- Up-to-date: /home/cc/ee106a/sp26/class/ee106a-aac/ros_workspaces/lab2/install/turtle_patrol_interface/include/turtle_patrol_interface/turtle_patrol_interface/srv/detail/patrol__rosidl_typesupport_fastrtps_c.h
[1.141s] -- Up-to-date: /home/cc/ee106a/sp26/class/ee106a-aac/ros_workspaces/lab2/install/turtle_patrol_interface/lib/libturtle_patrol_interface__rosidl_typesupport_fastrtps_c.so
[1.145s] -- Up-to-date: /home/cc/ee106a/sp26/class/ee106a-aac/ros_workspaces/lab2/install/turtle_patrol_interface/include/turtle_patrol_interface/turtle_patrol_interface
[1.146s] -- Up-to-date: /home/cc/ee106a/sp26/class/ee106a-aac/ros_workspaces/lab2/install/turtle_patrol_interface/include/turtle_patrol_interface/turtle_patrol_interface/msg
[1.147s] -- Up-to-date: /home/cc/ee106a/sp26/class/ee106a-aac/ros_workspaces/lab2/install/turtle_patrol_interface/include/turtle_patrol_interface/turtle_patrol_interface/msg/rosidl_generator_cpp__visibility_control.hpp
[1.148s] -- Up-to-date: /home/cc/ee106a/sp26/class/ee106a-aac/ros_workspaces/lab2/install/turtle_patrol_interface/include/turtle_patrol_interface/turtle_patrol_interface/srv
[1.149s] -- Up-to-date: /home/cc/ee106a/sp26/class/ee106a-aac/ros_workspaces/lab2/install/turtle_patrol_interface/include/turtle_patrol_interface/turtle_patrol_interface/srv/patrol.hpp
[1.150s] -- Up-to-date: /home/cc/ee106a/sp26/class/ee106a-aac/ros_workspaces/lab2/install/turtle_patrol_interface/include/turtle_patrol_interface/turtle_patrol_interface/srv/detail
[1.151s] -- Up-to-date: /home/cc/ee106a/sp26/class/ee106a-aac/ros_workspaces/lab2/install/turtle_patrol_interface/include/turtle_patrol_interface/turtle_patrol_interface/srv/detail/patrol__builder.hpp
[1.152s] -- Up-to-date: /home/cc/ee106a/sp26/class/ee106a-aac/ros_workspaces/lab2/install/turtle_patrol_interface/include/turtle_patrol_interface/turtle_patrol_interface/srv/detail/patrol__struct.hpp
[1.153s] -- Up-to-date: /home/cc/ee106a/sp26/class/ee106a-aac/ros_workspaces/lab2/install/turtle_patrol_interface/include/turtle_patrol_interface/turtle_patrol_interface/srv/detail/patrol__traits.hpp
[1.153s] -- Up-to-date: /home/cc/ee106a/sp26/class/ee106a-aac/ros_workspaces/lab2/install/turtle_patrol_interface/include/turtle_patrol_interface/turtle_patrol_interface/srv/detail/patrol__type_support.hpp
[1.154s] -- Up-to-date: /home/cc/ee106a/sp26/class/ee106a-aac/ros_workspaces/lab2/install/turtle_patrol_interface/include/turtle_patrol_interface/turtle_patrol_interface
[1.155s] -- Up-to-date: /home/cc/ee106a/sp26/class/ee106a-aac/ros_workspaces/lab2/install/turtle_patrol_interface/include/turtle_patrol_interface/turtle_patrol_interface/msg
[1.157s] -- Up-to-date: /home/cc/ee106a/sp26/class/ee106a-aac/ros_workspaces/lab2/install/turtle_patrol_interface/include/turtle_patrol_interface/turtle_patrol_interface/msg/rosidl_typesupport_fastrtps_cpp__visibility_control.h
[1.158s] -- Up-to-date: /home/cc/ee106a/sp26/class/ee106a-aac/ros_workspaces/lab2/install/turtle_patrol_interface/include/turtle_patrol_interface/turtle_patrol_interface/srv
[1.159s] -- Up-to-date: /home/cc/ee106a/sp26/class/ee106a-aac/ros_workspaces/lab2/install/turtle_patrol_interface/include/turtle_patrol_interface/turtle_patrol_interface/srv/detail
[1.160s] -- Up-to-date: /home/cc/ee106a/sp26/class/ee106a-aac/ros_workspaces/lab2/install/turtle_patrol_interface/include/turtle_patrol_interface/turtle_patrol_interface/srv/detail/patrol__rosidl_typesupport_fastrtps_cpp.hpp
[1.161s] -- Up-to-date: /home/cc/ee106a/sp26/class/ee106a-aac/ros_workspaces/lab2/install/turtle_patrol_interface/include/turtle_patrol_interface/turtle_patrol_interface/srv/detail/dds_fastrtps
[1.164s] -- Up-to-date: /home/cc/ee106a/sp26/class/ee106a-aac/ros_workspaces/lab2/install/turtle_patrol_interface/lib/libturtle_patrol_interface__rosidl_typesupport_fastrtps_cpp.so
[1.168s] -- Up-to-date: /home/cc/ee106a/sp26/class/ee106a-aac/ros_workspaces/lab2/install/turtle_patrol_interface/include/turtle_patrol_interface/turtle_patrol_interface
[1.169s] -- Up-to-date: /home/cc/ee106a/sp26/class/ee106a-aac/ros_workspaces/lab2/install/turtle_patrol_interface/include/turtle_patrol_interface/turtle_patrol_interface/msg
[1.171s] -- Up-to-date: /home/cc/ee106a/sp26/class/ee106a-aac/ros_workspaces/lab2/install/turtle_patrol_interface/include/turtle_patrol_interface/turtle_patrol_interface/msg/rosidl_typesupport_introspection_c__visibility_control.h
[1.171s] -- Up-to-date: /home/cc/ee106a/sp26/class/ee106a-aac/ros_workspaces/lab2/install/turtle_patrol_interface/include/turtle_patrol_interface/turtle_patrol_interface/srv
[1.173s] -- Up-to-date: /home/cc/ee106a/sp26/class/ee106a-aac/ros_workspaces/lab2/install/turtle_patrol_interface/include/turtle_patrol_interface/turtle_patrol_interface/srv/detail
[1.174s] -- Up-to-date: /home/cc/ee106a/sp26/class/ee106a-aac/ros_workspaces/lab2/install/turtle_patrol_interface/include/turtle_patrol_interface/turtle_patrol_interface/srv/detail/patrol__rosidl_typesupport_introspection_c.h
[1.175s] -- Up-to-date: /home/cc/ee106a/sp26/class/ee106a-aac/ros_workspaces/lab2/install/turtle_patrol_interface/include/turtle_patrol_interface/turtle_patrol_interface/srv/detail/patrol__type_support.c
[1.178s] -- Up-to-date: /home/cc/ee106a/sp26/class/ee106a-aac/ros_workspaces/lab2/install/turtle_patrol_interface/lib/libturtle_patrol_interface__rosidl_typesupport_introspection_c.so
[1.184s] -- Up-to-date: /home/cc/ee106a/sp26/class/ee106a-aac/ros_workspaces/lab2/install/turtle_patrol_interface/lib/libturtle_patrol_interface__rosidl_typesupport_c.so
[1.187s] -- Up-to-date: /home/cc/ee106a/sp26/class/ee106a-aac/ros_workspaces/lab2/install/turtle_patrol_interface/include/turtle_patrol_interface/turtle_patrol_interface
[1.188s] -- Up-to-date: /home/cc/ee106a/sp26/class/ee106a-aac/ros_workspaces/lab2/install/turtle_patrol_interface/include/turtle_patrol_interface/turtle_patrol_interface/srv
[1.189s] -- Up-to-date: /home/cc/ee106a/sp26/class/ee106a-aac/ros_workspaces/lab2/install/turtle_patrol_interface/include/turtle_patrol_interface/turtle_patrol_interface/srv/detail
[1.191s] -- Up-to-date: /home/cc/ee106a/sp26/class/ee106a-aac/ros_workspaces/lab2/install/turtle_patrol_interface/include/turtle_patrol_interface/turtle_patrol_interface/srv/detail/patrol__rosidl_typesupport_introspection_cpp.hpp
[1.192s] -- Up-to-date: /home/cc/ee106a/sp26/class/ee106a-aac/ros_workspaces/lab2/install/turtle_patrol_interface/include/turtle_patrol_interface/turtle_patrol_interface/srv/detail/patrol__type_support.cpp
[1.195s] -- Up-to-date: /home/cc/ee106a/sp26/class/ee106a-aac/ros_workspaces/lab2/install/turtle_patrol_interface/lib/libturtle_patrol_interface__rosidl_typesupport_introspection_cpp.so
[1.202s] -- Up-to-date: /home/cc/ee106a/sp26/class/ee106a-aac/ros_workspaces/lab2/install/turtle_patrol_interface/lib/libturtle_patrol_interface__rosidl_typesupport_cpp.so
[1.206s] -- Up-to-date: /home/cc/ee106a/sp26/class/ee106a-aac/ros_workspaces/lab2/install/turtle_patrol_interface/share/turtle_patrol_interface/environment/pythonpath.sh
[1.207s] -- Up-to-date: /home/cc/ee106a/sp26/class/ee106a-aac/ros_workspaces/lab2/install/turtle_patrol_interface/share/turtle_patrol_interface/environment/pythonpath.dsv
[1.208s] -- Up-to-date: /home/cc/ee106a/sp26/class/ee106a-aac/ros_workspaces/lab2/install/turtle_patrol_interface/local/lib/python3.10/dist-packages/turtle_patrol_interface-0.0.0-py3.10.egg-info
[1.209s] -- Installing: /home/cc/ee106a/sp26/class/ee106a-aac/ros_workspaces/lab2/install/turtle_patrol_interface/local/lib/python3.10/dist-packages/turtle_patrol_interface-0.0.0-py3.10.egg-info/PKG-INFO
[1.220s] -- Installing: /home/cc/ee106a/sp26/class/ee106a-aac/ros_workspaces/lab2/install/turtle_patrol_interface/local/lib/python3.10/dist-packages/turtle_patrol_interface-0.0.0-py3.10.egg-info/dependency_links.txt
[1.228s] -- Installing: /home/cc/ee106a/sp26/class/ee106a-aac/ros_workspaces/lab2/install/turtle_patrol_interface/local/lib/python3.10/dist-packages/turtle_patrol_interface-0.0.0-py3.10.egg-info/top_level.txt
[1.236s] -- Installing: /home/cc/ee106a/sp26/class/ee106a-aac/ros_workspaces/lab2/install/turtle_patrol_interface/local/lib/python3.10/dist-packages/turtle_patrol_interface-0.0.0-py3.10.egg-info/SOURCES.txt
[1.242s] -- Up-to-date: /home/cc/ee106a/sp26/class/ee106a-aac/ros_workspaces/lab2/install/turtle_patrol_interface/local/lib/python3.10/dist-packages/turtle_patrol_interface
[1.243s] -- Up-to-date: /home/cc/ee106a/sp26/class/ee106a-aac/ros_workspaces/lab2/install/turtle_patrol_interface/local/lib/python3.10/dist-packages/turtle_patrol_interface/__init__.py
[1.244s] -- Up-to-date: /home/cc/ee106a/sp26/class/ee106a-aac/ros_workspaces/lab2/install/turtle_patrol_interface/local/lib/python3.10/dist-packages/turtle_patrol_interface/srv
[1.246s] -- Up-to-date: /home/cc/ee106a/sp26/class/ee106a-aac/ros_workspaces/lab2/install/turtle_patrol_interface/local/lib/python3.10/dist-packages/turtle_patrol_interface/srv/_patrol.py
[1.246s] -- Up-to-date: /home/cc/ee106a/sp26/class/ee106a-aac/ros_workspaces/lab2/install/turtle_patrol_interface/local/lib/python3.10/dist-packages/turtle_patrol_interface/srv/_patrol_s.c
[1.247s] -- Up-to-date: /home/cc/ee106a/sp26/class/ee106a-aac/ros_workspaces/lab2/install/turtle_patrol_interface/local/lib/python3.10/dist-packages/turtle_patrol_interface/srv/__init__.py
[1.248s] -- Up-to-date: /home/cc/ee106a/sp26/class/ee106a-aac/ros_workspaces/lab2/install/turtle_patrol_interface/local/lib/python3.10/dist-packages/turtle_patrol_interface/_turtle_patrol_interface_s.ep.rosidl_typesupport_fastrtps_c.c
[1.248s] -- Up-to-date: /home/cc/ee106a/sp26/class/ee106a-aac/ros_workspaces/lab2/install/turtle_patrol_interface/local/lib/python3.10/dist-packages/turtle_patrol_interface/_turtle_patrol_interface_s.ep.rosidl_typesupport_introspection_c.c
[1.249s] -- Up-to-date: /home/cc/ee106a/sp26/class/ee106a-aac/ros_workspaces/lab2/install/turtle_patrol_interface/local/lib/python3.10/dist-packages/turtle_patrol_interface/_turtle_patrol_interface_s.ep.rosidl_typesupport_c.c
[1.250s] -- Up-to-date: /home/cc/ee106a/sp26/class/ee106a-aac/ros_workspaces/lab2/install/turtle_patrol_interface/local/lib/python3.10/dist-packages/turtle_patrol_interface/libturtle_patrol_interface__rosidl_generator_py.so
[1.250s] -- Up-to-date: /home/cc/ee106a/sp26/class/ee106a-aac/ros_workspaces/lab2/install/turtle_patrol_interface/local/lib/python3.10/dist-packages/turtle_patrol_interface/turtle_patrol_interface_s__rosidl_typesupport_c.cpython-310-x86_64-linux-gnu.so
[1.251s] -- Up-to-date: /home/cc/ee106a/sp26/class/ee106a-aac/ros_workspaces/lab2/install/turtle_patrol_interface/local/lib/python3.10/dist-packages/turtle_patrol_interface/turtle_patrol_interface_s__rosidl_typesupport_introspection_c.cpython-310-x86_64-linux-gnu.so
[1.251s] -- Up-to-date: /home/cc/ee106a/sp26/class/ee106a-aac/ros_workspaces/lab2/install/turtle_patrol_interface/local/lib/python3.10/dist-packages/turtle_patrol_interface/turtle_patrol_interface_s__rosidl_typesupport_fastrtps_c.cpython-310-x86_64-linux-gnu.so
[1.292s] Listing '/home/cc/ee106a/sp26/class/ee106a-aac/ros_workspaces/lab2/install/turtle_patrol_interface/local/lib/python3.10/dist-packages/turtle_patrol_interface'...
[1.292s] Listing '/home/cc/ee106a/sp26/class/ee106a-aac/ros_workspaces/lab2/install/turtle_patrol_interface/local/lib/python3.10/dist-packages/turtle_patrol_interface/srv'...
[1.298s] -- Up-to-date: /home/cc/ee106a/sp26/class/ee106a-aac/ros_workspaces/lab2/install/turtle_patrol_interface/local/lib/python3.10/dist-packages/turtle_patrol_interface/turtle_patrol_interface_s__rosidl_typesupport_fastrtps_c.cpython-310-x86_64-linux-gnu.so
[1.304s] -- Up-to-date: /home/cc/ee106a/sp26/class/ee106a-aac/ros_workspaces/lab2/install/turtle_patrol_interface/local/lib/python3.10/dist-packages/turtle_patrol_interface/turtle_patrol_interface_s__rosidl_typesupport_introspection_c.cpython-310-x86_64-linux-gnu.so
[1.308s] -- Up-to-date: /home/cc/ee106a/sp26/class/ee106a-aac/ros_workspaces/lab2/install/turtle_patrol_interface/local/lib/python3.10/dist-packages/turtle_patrol_interface/turtle_patrol_interface_s__rosidl_typesupport_c.cpython-310-x86_64-linux-gnu.so
[1.314s] -- Up-to-date: /home/cc/ee106a/sp26/class/ee106a-aac/ros_workspaces/lab2/install/turtle_patrol_interface/lib/libturtle_patrol_interface__rosidl_generator_py.so
[1.324s] -- Up-to-date: /home/cc/ee106a/sp26/class/ee106a-aac/ros_workspaces/lab2/install/turtle_patrol_interface/share/turtle_patrol_interface/srv/Patrol.idl
[1.325s] -- Up-to-date: /home/cc/ee106a/sp26/class/ee106a-aac/ros_workspaces/lab2/install/turtle_patrol_interface/share/turtle_patrol_interface/srv/Patrol.srv
[1.325s] -- Up-to-date: /home/cc/ee106a/sp26/class/ee106a-aac/ros_workspaces/lab2/install/turtle_patrol_interface/share/turtle_patrol_interface/srv/Patrol_Request.msg
[1.325s] -- Up-to-date: /home/cc/ee106a/sp26/class/ee106a-aac/ros_workspaces/lab2/install/turtle_patrol_interface/share/turtle_patrol_interface/srv/Patrol_Response.msg
[1.325s] -- Up-to-date: /home/cc/ee106a/sp26/class/ee106a-aac/ros_workspaces/lab2/install/turtle_patrol_interface/share/ament_index/resource_index/package_run_dependencies/turtle_patrol_interface
[1.325s] -- Up-to-date: /home/cc/ee106a/sp26/class/ee106a-aac/ros_workspaces/lab2/install/turtle_patrol_interface/share/ament_index/resource_index/parent_prefix_path/turtle_patrol_interface
[1.325s] -- Up-to-date: /home/cc/ee106a/sp26/class/ee106a-aac/ros_workspaces/lab2/install/turtle_patrol_interface/share/turtle_patrol_interface/environment/ament_prefix_path.sh
[1.325s] -- Up-to-date: /home/cc/ee106a/sp26/class/ee106a-aac/ros_workspaces/lab2/install/turtle_patrol_interface/share/turtle_patrol_interface/environment/ament_prefix_path.dsv
[1.326s] -- Up-to-date: /home/cc/ee106a/sp26/class/ee106a-aac/ros_workspaces/lab2/install/turtle_patrol_interface/share/turtle_patrol_interface/environment/path.sh
[1.327s] -- Up-to-date: /home/cc/ee106a/sp26/class/ee106a-aac/ros_workspaces/lab2/install/turtle_patrol_interface/share/turtle_patrol_interface/environment/path.dsv
[1.328s] -- Up-to-date: /home/cc/ee106a/sp26/class/ee106a-aac/ros_workspaces/lab2/install/turtle_patrol_interface/share/turtle_patrol_interface/local_setup.bash
[1.328s] -- Up-to-date: /home/cc/ee106a/sp26/class/ee106a-aac/ros_workspaces/lab2/install/turtle_patrol_interface/share/turtle_patrol_interface/local_setup.sh
[1.329s] -- Up-to-date: /home/cc/ee106a/sp26/class/ee106a-aac/ros_workspaces/lab2/install/turtle_patrol_interface/share/turtle_patrol_interface/local_setup.zsh
[1.331s] -- Up-to-date: /home/cc/ee106a/sp26/class/ee106a-aac/ros_workspaces/lab2/install/turtle_patrol_interface/share/turtle_patrol_interface/local_setup.dsv
[1.331s] -- Installing: /home/cc/ee106a/sp26/class/ee106a-aac/ros_workspaces/lab2/install/turtle_patrol_interface/share/turtle_patrol_interface/package.dsv
[1.339s] -- Up-to-date: /home/cc/ee106a/sp26/class/ee106a-aac/ros_workspaces/lab2/install/turtle_patrol_interface/share/ament_index/resource_index/packages/turtle_patrol_interface
[1.345s] -- Up-to-date: /home/cc/ee106a/sp26/class/ee106a-aac/ros_workspaces/lab2/install/turtle_patrol_interface/share/turtle_patrol_interface/cmake/export_turtle_patrol_interface__rosidl_generator_cExport.cmake
[1.346s] -- Up-to-date: /home/cc/ee106a/sp26/class/ee106a-aac/ros_workspaces/lab2/install/turtle_patrol_interface/share/turtle_patrol_interface/cmake/export_turtle_patrol_interface__rosidl_generator_cExport-noconfig.cmake
[1.349s] -- Up-to-date: /home/cc/ee106a/sp26/class/ee106a-aac/ros_workspaces/lab2/install/turtle_patrol_interface/share/turtle_patrol_interface/cmake/export_turtle_patrol_interface__rosidl_typesupport_fastrtps_cExport.cmake
[1.350s] -- Up-to-date: /home/cc/ee106a/sp26/class/ee106a-aac/ros_workspaces/lab2/install/turtle_patrol_interface/share/turtle_patrol_interface/cmake/export_turtle_patrol_interface__rosidl_typesupport_fastrtps_cExport-noconfig.cmake
[1.354s] -- Up-to-date: /home/cc/ee106a/sp26/class/ee106a-aac/ros_workspaces/lab2/install/turtle_patrol_interface/share/turtle_patrol_interface/cmake/export_turtle_patrol_interface__rosidl_generator_cppExport.cmake
[1.358s] -- Up-to-date: /home/cc/ee106a/sp26/class/ee106a-aac/ros_workspaces/lab2/install/turtle_patrol_interface/share/turtle_patrol_interface/cmake/export_turtle_patrol_interface__rosidl_typesupport_fastrtps_cppExport.cmake
[1.359s] -- Up-to-date: /home/cc/ee106a/sp26/class/ee106a-aac/ros_workspaces/lab2/install/turtle_patrol_interface/share/turtle_patrol_interface/cmake/export_turtle_patrol_interface__rosidl_typesupport_fastrtps_cppExport-noconfig.cmake
[1.363s] -- Up-to-date: /home/cc/ee106a/sp26/class/ee106a-aac/ros_workspaces/lab2/install/turtle_patrol_interface/share/turtle_patrol_interface/cmake/turtle_patrol_interface__rosidl_typesupport_introspection_cExport.cmake
[1.364s] -- Up-to-date: /home/cc/ee106a/sp26/class/ee106a-aac/ros_workspaces/lab2/install/turtle_patrol_interface/share/turtle_patrol_interface/cmake/turtle_patrol_interface__rosidl_typesupport_introspection_cExport-noconfig.cmake
[1.373s] -- Up-to-date: /home/cc/ee106a/sp26/class/ee106a-aac/ros_workspaces/lab2/install/turtle_patrol_interface/share/turtle_patrol_interface/cmake/turtle_patrol_interface__rosidl_typesupport_cExport.cmake
[1.373s] -- Up-to-date: /home/cc/ee106a/sp26/class/ee106a-aac/ros_workspaces/lab2/install/turtle_patrol_interface/share/turtle_patrol_interface/cmake/turtle_patrol_interface__rosidl_typesupport_cExport-noconfig.cmake
[1.374s] -- Up-to-date: /home/cc/ee106a/sp26/class/ee106a-aac/ros_workspaces/lab2/install/turtle_patrol_interface/share/turtle_patrol_interface/cmake/turtle_patrol_interface__rosidl_typesupport_introspection_cppExport.cmake
[1.375s] -- Up-to-date: /home/cc/ee106a/sp26/class/ee106a-aac/ros_workspaces/lab2/install/turtle_patrol_interface/share/turtle_patrol_interface/cmake/turtle_patrol_interface__rosidl_typesupport_introspection_cppExport-noconfig.cmake
[1.378s] -- Up-to-date: /home/cc/ee106a/sp26/class/ee106a-aac/ros_workspaces/lab2/install/turtle_patrol_interface/share/turtle_patrol_interface/cmake/turtle_patrol_interface__rosidl_typesupport_cppExport.cmake
[1.379s] -- Up-to-date: /home/cc/ee106a/sp26/class/ee106a-aac/ros_workspaces/lab2/install/turtle_patrol_interface/share/turtle_patrol_interface/cmake/turtle_patrol_interface__rosidl_typesupport_cppExport-noconfig.cmake
[1.383s] -- Up-to-date: /home/cc/ee106a/sp26/class/ee106a-aac/ros_workspaces/lab2/install/turtle_patrol_interface/share/turtle_patrol_interface/cmake/export_turtle_patrol_interface__rosidl_generator_pyExport.cmake
[1.384s] -- Up-to-date: /home/cc/ee106a/sp26/class/ee106a-aac/ros_workspaces/lab2/install/turtle_patrol_interface/share/turtle_patrol_interface/cmake/export_turtle_patrol_interface__rosidl_generator_pyExport-noconfig.cmake
[1.384s] -- Up-to-date: /home/cc/ee106a/sp26/class/ee106a-aac/ros_workspaces/lab2/install/turtle_patrol_interface/share/turtle_patrol_interface/cmake/rosidl_cmake-extras.cmake
[1.385s] -- Up-to-date: /home/cc/ee106a/sp26/class/ee106a-aac/ros_workspaces/lab2/install/turtle_patrol_interface/share/turtle_patrol_interface/cmake/ament_cmake_export_dependencies-extras.cmake
[1.386s] -- Up-to-date: /home/cc/ee106a/sp26/class/ee106a-aac/ros_workspaces/lab2/install/turtle_patrol_interface/share/turtle_patrol_interface/cmake/ament_cmake_export_include_directories-extras.cmake
[1.387s] -- Up-to-date: /home/cc/ee106a/sp26/class/ee106a-aac/ros_workspaces/lab2/install/turtle_patrol_interface/share/turtle_patrol_interface/cmake/ament_cmake_export_libraries-extras.cmake
[1.388s] -- Up-to-date: /home/cc/ee106a/sp26/class/ee106a-aac/ros_workspaces/lab2/install/turtle_patrol_interface/share/turtle_patrol_interface/cmake/ament_cmake_export_targets-extras.cmake
[1.388s] -- Up-to-date: /home/cc/ee106a/sp26/class/ee106a-aac/ros_workspaces/lab2/install/turtle_patrol_interface/share/turtle_patrol_interface/cmake/rosidl_cmake_export_typesupport_targets-extras.cmake
[1.389s] -- Up-to-date: /home/cc/ee106a/sp26/class/ee106a-aac/ros_workspaces/lab2/install/turtle_patrol_interface/share/turtle_patrol_interface/cmake/rosidl_cmake_export_typesupport_libraries-extras.cmake
[1.390s] -- Up-to-date: /home/cc/ee106a/sp26/class/ee106a-aac/ros_workspaces/lab2/install/turtle_patrol_interface/share/turtle_patrol_interface/cmake/turtle_patrol_interfaceConfig.cmake
[1.391s] -- Up-to-date: /home/cc/ee106a/sp26/class/ee106a-aac/ros_workspaces/lab2/install/turtle_patrol_interface/share/turtle_patrol_interface/cmake/turtle_patrol_interfaceConfig-version.cmake
[1.392s] -- Up-to-date: /home/cc/ee106a/sp26/class/ee106a-aac/ros_workspaces/lab2/install/turtle_patrol_interface/share/turtle_patrol_interface/package.xml
[1.400s] Invoked command in '/home/cc/ee106a/sp26/class/ee106a-aac/ros_workspaces/lab2/build/turtle_patrol_interface' returned '0': CMAKE_PREFIX_PATH=${CMAKE_PREFIX_PATH}:/home/cc/ee106a/sp26/class/ee106a-aac/ros_workspaces/lab2/install/turtle_patrol:/home/cc/ee106a/sp26/class/ee106a-aac/ros_workspaces/lab2/install/lab2_turtlesim:/home/ff/ee106a/robot_workspaces/ur/install/ur7e_utils:/opt/ros/humble /usr/bin/cmake --install /home/cc/ee106a/sp26/class/ee106a-aac/ros_workspaces/lab2/build/turtle_patrol_interface
