[0.000000] (-) TimerEvent: {}
[0.000147] (bar) JobQueued: {'identifier': 'bar', 'dependencies': OrderedDict()}
[0.000172] (foo) JobQueued: {'identifier': 'foo', 'dependencies': OrderedDict()}
[0.000189] (bar) JobStarted: {'identifier': 'bar'}
[0.030007] (foo) JobStarted: {'identifier': 'foo'}
[0.098855] (-) TimerEvent: {}
[0.199115] (-) TimerEvent: {}
[0.299332] (-) TimerEvent: {}
[0.399693] (-) TimerEvent: {}
[0.499966] (-) TimerEvent: {}
[0.600233] (-) TimerEvent: {}
[0.700563] (-) TimerEvent: {}
[0.800825] (-) TimerEvent: {}
[0.901112] (-) TimerEvent: {}
[1.001336] (-) TimerEvent: {}
[1.030874] (foo) Command: {'cmd': ['/usr/bin/python3', '-W', 'ignore:setup.py install is deprecated', '-W', 'ignore:easy_install command is deprecated', 'setup.py', 'egg_info', '--egg-base', '../../build/foo', 'build', '--build-base', '/home/cc/ee106a/sp26/class/ee106a-aac/ros_workspaces/lab0/build/foo/build', 'install', '--record', '/home/cc/ee106a/sp26/class/ee106a-aac/ros_workspaces/lab0/build/foo/install.log', '--single-version-externally-managed', 'install_data'], 'cwd': '/home/cc/ee106a/sp26/class/ee106a-aac/ros_workspaces/lab0/src/foo', 'env': {'ARCH': 'x86_64', 'QT_SCALE_FACTOR': '1', 'USER': 'ee106a-aac', 'HOSTNAME': 'ros2', 'XDG_SESSION_TYPE': 'x11', 'MASTERDIR': '/home/ff/ee106a', 'COMPIZ_CONFIG_PROFILE': 'mate', 'XDG_CACHE_HOME': '/home/cc/ee106a/sp26/class/ee106a-aac/.cache', 'SHLVL': '2', 'LD_LIBRARY_PATH': '/usr/lib/x86_64-linux-gnu/gazebo-11/plugins:/opt/ros/humble/opt/rviz_ogre_vendor/lib:/opt/ros/humble/lib/x86_64-linux-gnu:/opt/ros/humble/lib', 'HOME': '/home/cc/ee106a/sp26/class/ee106a-aac', 'OLDPWD': '/home/cc/ee106a/sp26/class/ee106a-aac/ros_workspaces/lab0/src', 'DESKTOP_SESSION': 'mate', 'ROS_PYTHON_VERSION': '3', 'GTK_MODULES': 'gail:atk-bridge:appmenu-gtk-module:gail:atk-bridge:canberra-gtk-module', 'EE106_UR_ROBOT_IP': '192.168.1.103', 'DISTROBOX_ENTER_PATH': '/usr/local/bin/distrobox-enter', 'SYSTEMD_EXEC_PID': '446457', 'NNTPSERVER': 'news.csua.berkeley.edu', 'VISUAL': 'emacs', 'XDG_STATE_HOME': '/home/cc/ee106a/sp26/class/ee106a-aac/.local/state', 'DBUS_SESSION_BUS_ADDRESS': 'unix:path=/run/user/34116/bus', 'COLORTERM': 'truecolor', 'container': 'podman', 'UBUNTU_MENUPROXY': '1', 'QT_QPA_PLATFORMTHEME': 'gtk2', 'COLCON_PREFIX_PATH': '/home/ff/ee106a/robot_workspaces/ur/install', 'ROS_DISTRO': 'humble', 'GTK_IM_MODULE': 'ibus', 'LOGNAME': 'ee106a-aac', 'MASTER': 'ee106a', 'WINDOWID': '41945366', 'ROS_VERSION': '2', 'XDG_SESSION_CLASS': 'user', 'TERMINFO_DIRS': '/usr/share/terminfo:/run/host/usr/share/terminfo', 'USERNAME': 'ee106a-aac', 'TERM': 'xterm-256color', 'GTK_OVERLAY_SCROLLING': '0', 'XDG_SESSION_ID': '7901', 'ROS_LOCALHOST_ONLY': '0', 'WINDOWPATH': '2', 'PATH': '/opt/ros/humble/bin:/share/b/grading/bin:/home/ff/ee106a/bin:/home/ff/ee106a/bin/arch/x86_64:/share/b/grading/bin:/home/ff/ee106a/bin:/home/ff/ee106a/bin/arch/x86_64:/usr/local/sbin:/usr/local/bin:/usr/sbin:/usr/bin:/sbin:/bin:/usr/games:/usr/local/games:/snap/bin:/snap/bin:/share/b/grading/bin:/share/b/grading/sbin:/share/b/runas/x86_64:/share/b/bin:/home/ff/ee106a/venvs/all:/usr/local/sbin:/usr/local/bin:/usr/sbin:/usr/bin:/sbin:/bin:/share/b/grading/bin:/share/b/grading/sbin:/share/b/runas/x86_64:/share/b/bin:/home/ff/ee106a/venvs/all', 'SESSION_MANAGER': 'local/c105-9:@/tmp/.ICE-unix/446538,unix/c105-9:/tmp/.ICE-unix/446538', 'OS': 'Linux', 'XDG_RUNTIME_DIR': '/run/user/34116', 'DISPLAY': ':1', 'LANG': 'en_US.UTF-8', 'XDG_CURRENT_DESKTOP': 'MATE', 'XDG_DATA_HOME': '/home/cc/ee106a/sp26/class/ee106a-aac/.local/share', 'XDG_CONFIG_HOME': '/home/cc/ee106a/sp26/class/ee106a-aac/.config', 'XMODIFIERS': '@im=ibus', 'XDG_SESSION_DESKTOP': 'mate', 'XAUTHORITY': '/run/user/34116/gdm/Xauthority', 'SSH_AUTH_SOCK': '/run/user/34116/keyring/ssh', 'ROS_DOMAIN_ID': '29', 'AMENT_PREFIX_PATH': '/home/ff/ee106a/robot_workspaces/ur/install/ur7e_utils:/opt/ros/humble', 'SHELL': '/usr/bin/bash', 'QT_ACCESSIBILITY': '1', 'EE106_UR_ROBOT_NAME': 'wall-e', 'GDMSESSION': 'mate', 'RUNAS': '/share/b/runas/x86_64', 'GPG_AGENT_INFO': '/run/user/34116/gnupg/S.gpg-agent:0:1', 'CONFIG_SHELL': '/usr/bin/ksh', 'QT_IM_MODULE': 'ibus', 'PWD': '/home/cc/ee106a/sp26/class/ee106a-aac/ros_workspaces/lab0/build/foo', 'EE106_ENV_SETUP': 'ur_ros2', 'CONTAINER_ID': 'ros2', 'LC_ALL': 'C.UTF-8', 'XDG_CONFIG_DIRS': '/etc/xdg/xdg-mate:/etc/xdg', 'CLUTTER_IM_MODULE': 'ibus', 'XDG_DATA_DIRS': '/usr/share/mate:/usr/share/mate:/usr/share/gnome:/home/cc/ee106a/sp26/class/ee106a-aac/.local/share/flatpak/exports/share:/var/lib/flatpak/exports/share:/usr/local/share/:/usr/share/:/var/lib/snapd/desktop:/usr/local/share:/usr/share', 'PYTHONPATH': '/home/cc/ee106a/sp26/class/ee106a-aac/ros_workspaces/lab0/build/foo/prefix_override:/usr/lib/python3/dist-packages/colcon_core/task/python/colcon_distutils_commands:/home/cc/ee106a/sp26/class/ee106a-aac/ros_workspaces/lab0/install/foo/lib/python3.10/site-packages:/home/ff/ee106a/robot_workspaces/ur/install/ur7e_utils/lib/python3.10/site-packages:/opt/ros/humble/lib/python3.10/site-packages:/opt/ros/humble/local/lib/python3.10/dist-packages', 'MATE_DESKTOP_SESSION_ID': 'this-is-deprecated', 'COLCON': '1', 'MANPATH': '/usr/local/man:/usr/man:/usr/X11/man:/usr/local/man:/share/b/grading/man:/usr/local/man:/usr/man:/usr/X11/man:/usr/local/man:/share/b/grading/man:', 'VTE_VERSION': '6800', 'EDITOR': 'emacs', 'QT_FONT_DPI': '122'}, 'shell': False}
[1.037817] (bar) Command: {'cmd': ['/usr/bin/python3', '-W', 'ignore:setup.py install is deprecated', '-W', 'ignore:easy_install command is deprecated', 'setup.py', 'egg_info', '--egg-base', '../../build/bar', 'build', '--build-base', '/home/cc/ee106a/sp26/class/ee106a-aac/ros_workspaces/lab0/build/bar/build', 'install', '--record', '/home/cc/ee106a/sp26/class/ee106a-aac/ros_workspaces/lab0/build/bar/install.log', '--single-version-externally-managed', 'install_data'], 'cwd': '/home/cc/ee106a/sp26/class/ee106a-aac/ros_workspaces/lab0/src/bar', 'env': {'ARCH': 'x86_64', 'QT_SCALE_FACTOR': '1', 'USER': 'ee106a-aac', 'HOSTNAME': 'ros2', 'XDG_SESSION_TYPE': 'x11', 'MASTERDIR': '/home/ff/ee106a', 'COMPIZ_CONFIG_PROFILE': 'mate', 'XDG_CACHE_HOME': '/home/cc/ee106a/sp26/class/ee106a-aac/.cache', 'SHLVL': '2', 'LD_LIBRARY_PATH': '/usr/lib/x86_64-linux-gnu/gazebo-11/plugins:/opt/ros/humble/opt/rviz_ogre_vendor/lib:/opt/ros/humble/lib/x86_64-linux-gnu:/opt/ros/humble/lib', 'HOME': '/home/cc/ee106a/sp26/class/ee106a-aac', 'OLDPWD': '/home/cc/ee106a/sp26/class/ee106a-aac/ros_workspaces/lab0/src', 'DESKTOP_SESSION': 'mate', 'ROS_PYTHON_VERSION': '3', 'GTK_MODULES': 'gail:atk-bridge:appmenu-gtk-module:gail:atk-bridge:canberra-gtk-module', 'EE106_UR_ROBOT_IP': '192.168.1.103', 'DISTROBOX_ENTER_PATH': '/usr/local/bin/distrobox-enter', 'SYSTEMD_EXEC_PID': '446457', 'NNTPSERVER': 'news.csua.berkeley.edu', 'VISUAL': 'emacs', 'XDG_STATE_HOME': '/home/cc/ee106a/sp26/class/ee106a-aac/.local/state', 'DBUS_SESSION_BUS_ADDRESS': 'unix:path=/run/user/34116/bus', 'COLORTERM': 'truecolor', 'container': 'podman', 'UBUNTU_MENUPROXY': '1', 'QT_QPA_PLATFORMTHEME': 'gtk2', 'COLCON_PREFIX_PATH': '/home/ff/ee106a/robot_workspaces/ur/install', 'ROS_DISTRO': 'humble', 'GTK_IM_MODULE': 'ibus', 'LOGNAME': 'ee106a-aac', 'MASTER': 'ee106a', 'WINDOWID': '41945366', 'ROS_VERSION': '2', 'XDG_SESSION_CLASS': 'user', 'TERMINFO_DIRS': '/usr/share/terminfo:/run/host/usr/share/terminfo', 'USERNAME': 'ee106a-aac', 'TERM': 'xterm-256color', 'GTK_OVERLAY_SCROLLING': '0', 'XDG_SESSION_ID': '7901', 'ROS_LOCALHOST_ONLY': '0', 'WINDOWPATH': '2', 'PATH': '/opt/ros/humble/bin:/share/b/grading/bin:/home/ff/ee106a/bin:/home/ff/ee106a/bin/arch/x86_64:/share/b/grading/bin:/home/ff/ee106a/bin:/home/ff/ee106a/bin/arch/x86_64:/usr/local/sbin:/usr/local/bin:/usr/sbin:/usr/bin:/sbin:/bin:/usr/games:/usr/local/games:/snap/bin:/snap/bin:/share/b/grading/bin:/share/b/grading/sbin:/share/b/runas/x86_64:/share/b/bin:/home/ff/ee106a/venvs/all:/usr/local/sbin:/usr/local/bin:/usr/sbin:/usr/bin:/sbin:/bin:/share/b/grading/bin:/share/b/grading/sbin:/share/b/runas/x86_64:/share/b/bin:/home/ff/ee106a/venvs/all', 'SESSION_MANAGER': 'local/c105-9:@/tmp/.ICE-unix/446538,unix/c105-9:/tmp/.ICE-unix/446538', 'OS': 'Linux', 'XDG_RUNTIME_DIR': '/run/user/34116', 'DISPLAY': ':1', 'LANG': 'en_US.UTF-8', 'XDG_CURRENT_DESKTOP': 'MATE', 'XDG_DATA_HOME': '/home/cc/ee106a/sp26/class/ee106a-aac/.local/share', 'XDG_CONFIG_HOME': '/home/cc/ee106a/sp26/class/ee106a-aac/.config', 'XMODIFIERS': '@im=ibus', 'XDG_SESSION_DESKTOP': 'mate', 'XAUTHORITY': '/run/user/34116/gdm/Xauthority', 'SSH_AUTH_SOCK': '/run/user/34116/keyring/ssh', 'ROS_DOMAIN_ID': '29', 'AMENT_PREFIX_PATH': '/home/ff/ee106a/robot_workspaces/ur/install/ur7e_utils:/opt/ros/humble', 'SHELL': '/usr/bin/bash', 'QT_ACCESSIBILITY': '1', 'EE106_UR_ROBOT_NAME': 'wall-e', 'GDMSESSION': 'mate', 'RUNAS': '/share/b/runas/x86_64', 'GPG_AGENT_INFO': '/run/user/34116/gnupg/S.gpg-agent:0:1', 'CONFIG_SHELL': '/usr/bin/ksh', 'QT_IM_MODULE': 'ibus', 'PWD': '/home/cc/ee106a/sp26/class/ee106a-aac/ros_workspaces/lab0/build/bar', 'EE106_ENV_SETUP': 'ur_ros2', 'CONTAINER_ID': 'ros2', 'LC_ALL': 'C.UTF-8', 'XDG_CONFIG_DIRS': '/etc/xdg/xdg-mate:/etc/xdg', 'CLUTTER_IM_MODULE': 'ibus', 'XDG_DATA_DIRS': '/usr/share/mate:/usr/share/mate:/usr/share/gnome:/home/cc/ee106a/sp26/class/ee106a-aac/.local/share/flatpak/exports/share:/var/lib/flatpak/exports/share:/usr/local/share/:/usr/share/:/var/lib/snapd/desktop:/usr/local/share:/usr/share', 'PYTHONPATH': '/home/cc/ee106a/sp26/class/ee106a-aac/ros_workspaces/lab0/build/bar/prefix_override:/usr/lib/python3/dist-packages/colcon_core/task/python/colcon_distutils_commands:/home/cc/ee106a/sp26/class/ee106a-aac/ros_workspaces/lab0/install/bar/lib/python3.10/site-packages:/home/ff/ee106a/robot_workspaces/ur/install/ur7e_utils/lib/python3.10/site-packages:/opt/ros/humble/lib/python3.10/site-packages:/opt/ros/humble/local/lib/python3.10/dist-packages', 'MATE_DESKTOP_SESSION_ID': 'this-is-deprecated', 'COLCON': '1', 'MANPATH': '/usr/local/man:/usr/man:/usr/X11/man:/usr/local/man:/share/b/grading/man:/usr/local/man:/usr/man:/usr/X11/man:/usr/local/man:/share/b/grading/man:', 'VTE_VERSION': '6800', 'EDITOR': 'emacs', 'QT_FONT_DPI': '122'}, 'shell': False}
[1.101409] (-) TimerEvent: {}
[1.201617] (-) TimerEvent: {}
[1.240474] (foo) StdoutLine: {'line': b'running egg_info\n'}
[1.240804] (foo) StdoutLine: {'line': b'creating ../../build/foo/foo.egg-info\n'}
[1.241821] (foo) StdoutLine: {'line': b'writing ../../build/foo/foo.egg-info/PKG-INFO\n'}
[1.243343] (bar) StdoutLine: {'line': b'running egg_info\n'}
[1.243786] (bar) StdoutLine: {'line': b'creating ../../build/bar/bar.egg-info\n'}
[1.244572] (bar) StdoutLine: {'line': b'writing ../../build/bar/bar.egg-info/PKG-INFO\n'}
[1.245056] (foo) StdoutLine: {'line': b'writing dependency_links to ../../build/foo/foo.egg-info/dependency_links.txt\n'}
[1.247667] (foo) StdoutLine: {'line': b'writing entry points to ../../build/foo/foo.egg-info/entry_points.txt\n'}
[1.248674] (bar) StdoutLine: {'line': b'writing dependency_links to ../../build/bar/bar.egg-info/dependency_links.txt\n'}
[1.249211] (foo) StdoutLine: {'line': b'writing requirements to ../../build/foo/foo.egg-info/requires.txt\n'}
[1.250422] (foo) StdoutLine: {'line': b'writing top-level names to ../../build/foo/foo.egg-info/top_level.txt\n'}
[1.250607] (bar) StdoutLine: {'line': b'writing entry points to ../../build/bar/bar.egg-info/entry_points.txt\n'}
[1.252308] (foo) StdoutLine: {'line': b"writing manifest file '../../build/foo/foo.egg-info/SOURCES.txt'\n"}
[1.252441] (bar) StdoutLine: {'line': b'writing requirements to ../../build/bar/bar.egg-info/requires.txt\n'}
[1.253942] (bar) StdoutLine: {'line': b'writing top-level names to ../../build/bar/bar.egg-info/top_level.txt\n'}
[1.255770] (bar) StdoutLine: {'line': b"writing manifest file '../../build/bar/bar.egg-info/SOURCES.txt'\n"}
[1.258015] (foo) StdoutLine: {'line': b"reading manifest file '../../build/foo/foo.egg-info/SOURCES.txt'\n"}
[1.260116] (foo) StdoutLine: {'line': b"writing manifest file '../../build/foo/foo.egg-info/SOURCES.txt'\n"}
[1.261168] (foo) StdoutLine: {'line': b'running build\n'}
[1.261243] (foo) StdoutLine: {'line': b'running build_py\n'}
[1.261894] (foo) StdoutLine: {'line': b'creating /home/cc/ee106a/sp26/class/ee106a-aac/ros_workspaces/lab0/build/foo/build\n'}
[1.262021] (bar) StdoutLine: {'line': b"reading manifest file '../../build/bar/bar.egg-info/SOURCES.txt'\n"}
[1.262401] (foo) StdoutLine: {'line': b'creating /home/cc/ee106a/sp26/class/ee106a-aac/ros_workspaces/lab0/build/foo/build/lib\n'}
[1.263156] (foo) StdoutLine: {'line': b'creating /home/cc/ee106a/sp26/class/ee106a-aac/ros_workspaces/lab0/build/foo/build/lib/foo\n'}
[1.264598] (foo) StdoutLine: {'line': b'copying foo/__init__.py -> /home/cc/ee106a/sp26/class/ee106a-aac/ros_workspaces/lab0/build/foo/build/lib/foo\n'}
[1.264848] (bar) StdoutLine: {'line': b"writing manifest file '../../build/bar/bar.egg-info/SOURCES.txt'\n"}
[1.266512] (bar) StdoutLine: {'line': b'running build\n'}
[1.266590] (bar) StdoutLine: {'line': b'running build_py\n'}
[1.267095] (foo) StdoutLine: {'line': b'running install\n'}
[1.267577] (foo) StdoutLine: {'line': b'running install_lib\n'}
[1.267727] (bar) StdoutLine: {'line': b'creating /home/cc/ee106a/sp26/class/ee106a-aac/ros_workspaces/lab0/build/bar/build\n'}
[1.268237] (bar) StdoutLine: {'line': b'creating /home/cc/ee106a/sp26/class/ee106a-aac/ros_workspaces/lab0/build/bar/build/lib\n'}
[1.268963] (bar) StdoutLine: {'line': b'creating /home/cc/ee106a/sp26/class/ee106a-aac/ros_workspaces/lab0/build/bar/build/lib/bar\n'}
[1.270397] (bar) StdoutLine: {'line': b'copying bar/__init__.py -> /home/cc/ee106a/sp26/class/ee106a-aac/ros_workspaces/lab0/build/bar/build/lib/bar\n'}
[1.270917] (foo) StdoutLine: {'line': b'creating /home/cc/ee106a/sp26/class/ee106a-aac/ros_workspaces/lab0/install/foo/lib/python3.10/site-packages/foo\n'}
[1.272222] (foo) StdoutLine: {'line': b'copying /home/cc/ee106a/sp26/class/ee106a-aac/ros_workspaces/lab0/build/foo/build/lib/foo/__init__.py -> /home/cc/ee106a/sp26/class/ee106a-aac/ros_workspaces/lab0/install/foo/lib/python3.10/site-packages/foo\n'}
[1.273304] (bar) StdoutLine: {'line': b'running install\n'}
[1.273997] (bar) StdoutLine: {'line': b'running install_lib\n'}
[1.276365] (foo) StdoutLine: {'line': b'byte-compiling /home/cc/ee106a/sp26/class/ee106a-aac/ros_workspaces/lab0/install/foo/lib/python3.10/site-packages/foo/__init__.py to __init__.cpython-310.pyc\n'}
[1.277733] (bar) StdoutLine: {'line': b'creating /home/cc/ee106a/sp26/class/ee106a-aac/ros_workspaces/lab0/install/bar/lib/python3.10/site-packages/bar\n'}
[1.278814] (bar) StdoutLine: {'line': b'copying /home/cc/ee106a/sp26/class/ee106a-aac/ros_workspaces/lab0/build/bar/build/lib/bar/__init__.py -> /home/cc/ee106a/sp26/class/ee106a-aac/ros_workspaces/lab0/install/bar/lib/python3.10/site-packages/bar\n'}
[1.280141] (foo) StdoutLine: {'line': b'running install_data\n'}
[1.280838] (foo) StdoutLine: {'line': b'creating /home/cc/ee106a/sp26/class/ee106a-aac/ros_workspaces/lab0/install/foo/share/ament_index\n'}
[1.281402] (foo) StdoutLine: {'line': b'creating /home/cc/ee106a/sp26/class/ee106a-aac/ros_workspaces/lab0/install/foo/share/ament_index/resource_index\n'}
[1.282172] (foo) StdoutLine: {'line': b'creating /home/cc/ee106a/sp26/class/ee106a-aac/ros_workspaces/lab0/install/foo/share/ament_index/resource_index/packages\n'}
[1.283576] (bar) StdoutLine: {'line': b'byte-compiling /home/cc/ee106a/sp26/class/ee106a-aac/ros_workspaces/lab0/install/bar/lib/python3.10/site-packages/bar/__init__.py to __init__.cpython-310.pyc\n'}
[1.283902] (foo) StdoutLine: {'line': b'copying resource/foo -> /home/cc/ee106a/sp26/class/ee106a-aac/ros_workspaces/lab0/install/foo/share/ament_index/resource_index/packages\n'}
[1.286910] (foo) StdoutLine: {'line': b'copying package.xml -> /home/cc/ee106a/sp26/class/ee106a-aac/ros_workspaces/lab0/install/foo/share/foo\n'}
[1.287656] (bar) StdoutLine: {'line': b'running install_data\n'}
[1.288467] (bar) StdoutLine: {'line': b'creating /home/cc/ee106a/sp26/class/ee106a-aac/ros_workspaces/lab0/install/bar/share/ament_index\n'}
[1.288930] (bar) StdoutLine: {'line': b'creating /home/cc/ee106a/sp26/class/ee106a-aac/ros_workspaces/lab0/install/bar/share/ament_index/resource_index\n'}
[1.289493] (foo) StdoutLine: {'line': b'running install_egg_info\n'}
[1.289785] (bar) StdoutLine: {'line': b'creating /home/cc/ee106a/sp26/class/ee106a-aac/ros_workspaces/lab0/install/bar/share/ament_index/resource_index/packages\n'}
[1.291049] (bar) StdoutLine: {'line': b'copying resource/bar -> /home/cc/ee106a/sp26/class/ee106a-aac/ros_workspaces/lab0/install/bar/share/ament_index/resource_index/packages\n'}
[1.293559] (bar) StdoutLine: {'line': b'copying package.xml -> /home/cc/ee106a/sp26/class/ee106a-aac/ros_workspaces/lab0/install/bar/share/bar\n'}
[1.294391] (foo) StdoutLine: {'line': b'Copying ../../build/foo/foo.egg-info to /home/cc/ee106a/sp26/class/ee106a-aac/ros_workspaces/lab0/install/foo/lib/python3.10/site-packages/foo-0.0.0-py3.10.egg-info\n'}
[1.296437] (bar) StdoutLine: {'line': b'running install_egg_info\n'}
[1.301636] (bar) StdoutLine: {'line': b'Copying ../../build/bar/bar.egg-info to /home/cc/ee106a/sp26/class/ee106a-aac/ros_workspaces/lab0/install/bar/lib/python3.10/site-packages/bar-0.0.0-py3.10.egg-info\n'}
[1.301775] (-) TimerEvent: {}
[1.326527] (foo) StdoutLine: {'line': b'running install_scripts\n'}
[1.333189] (bar) StdoutLine: {'line': b'running install_scripts\n'}
[1.360142] (foo) StdoutLine: {'line': b"writing list of installed files to '/home/cc/ee106a/sp26/class/ee106a-aac/ros_workspaces/lab0/build/foo/install.log'\n"}
[1.362228] (bar) StdoutLine: {'line': b"writing list of installed files to '/home/cc/ee106a/sp26/class/ee106a-aac/ros_workspaces/lab0/build/bar/install.log'\n"}
[1.377292] (foo) CommandEnded: {'returncode': 0}
[1.401877] (-) TimerEvent: {}
[1.421275] (foo) JobEnded: {'identifier': 'foo', 'rc': 0}
[1.427693] (bar) CommandEnded: {'returncode': 0}
[1.462236] (bar) JobEnded: {'identifier': 'bar', 'rc': 0}
[1.467296] (-) EventReactorShutdown: {}
