[1.015s] Invoking command in '/home/cc/ee106a/sp26/class/ee106a-aac/ros_workspaces/lab2/src/turtle_patrol': PYTHONPATH=/home/cc/ee106a/sp26/class/ee106a-aac/ros_workspaces/lab2/build/turtle_patrol/prefix_override:/usr/lib/python3/dist-packages/colcon_core/task/python/colcon_distutils_commands:/home/cc/ee106a/sp26/class/ee106a-aac/ros_workspaces/lab2/install/turtle_patrol/lib/python3.10/site-packages:${PYTHONPATH} /usr/bin/python3 -W ignore:setup.py install is deprecated -W ignore:easy_install command is deprecated setup.py egg_info --egg-base ../../build/turtle_patrol build --build-base /home/cc/ee106a/sp26/class/ee106a-aac/ros_workspaces/lab2/build/turtle_patrol/build install --record /home/cc/ee106a/sp26/class/ee106a-aac/ros_workspaces/lab2/build/turtle_patrol/install.log --single-version-externally-managed install_data
[1.209s] running egg_info
[1.210s] writing ../../build/turtle_patrol/turtle_patrol.egg-info/PKG-INFO
[1.213s] writing dependency_links to ../../build/turtle_patrol/turtle_patrol.egg-info/dependency_links.txt
[1.216s] writing entry points to ../../build/turtle_patrol/turtle_patrol.egg-info/entry_points.txt
[1.218s] writing requirements to ../../build/turtle_patrol/turtle_patrol.egg-info/requires.txt
[1.220s] writing top-level names to ../../build/turtle_patrol/turtle_patrol.egg-info/top_level.txt
[1.225s] reading manifest file '../../build/turtle_patrol/turtle_patrol.egg-info/SOURCES.txt'
[1.227s] writing manifest file '../../build/turtle_patrol/turtle_patrol.egg-info/SOURCES.txt'
[1.229s] running build
[1.230s] running build_py
[1.230s] running install
[1.231s] running install_lib
[1.233s] running install_data
[1.233s] running install_egg_info
[1.235s] removing '/home/cc/ee106a/sp26/class/ee106a-aac/ros_workspaces/lab2/install/turtle_patrol/lib/python3.10/site-packages/turtle_patrol-0.0.0-py3.10.egg-info' (and everything under it)
[1.241s] Copying ../../build/turtle_patrol/turtle_patrol.egg-info to /home/cc/ee106a/sp26/class/ee106a-aac/ros_workspaces/lab2/install/turtle_patrol/lib/python3.10/site-packages/turtle_patrol-0.0.0-py3.10.egg-info
[1.275s] running install_scripts
[1.306s] Installing patrol_client script to /home/cc/ee106a/sp26/class/ee106a-aac/ros_workspaces/lab2/install/turtle_patrol/lib/turtle_patrol
[1.308s] Installing patrol_client_sol script to /home/cc/ee106a/sp26/class/ee106a-aac/ros_workspaces/lab2/install/turtle_patrol/lib/turtle_patrol
[1.310s] Installing patrol_server script to /home/cc/ee106a/sp26/class/ee106a-aac/ros_workspaces/lab2/install/turtle_patrol/lib/turtle_patrol
[1.312s] Installing patrol_server_sol script to /home/cc/ee106a/sp26/class/ee106a-aac/ros_workspaces/lab2/install/turtle_patrol/lib/turtle_patrol
[1.315s] writing list of installed files to '/home/cc/ee106a/sp26/class/ee106a-aac/ros_workspaces/lab2/build/turtle_patrol/install.log'
[1.374s] Invoked command in '/home/cc/ee106a/sp26/class/ee106a-aac/ros_workspaces/lab2/src/turtle_patrol' returned '0': PYTHONPATH=/home/cc/ee106a/sp26/class/ee106a-aac/ros_workspaces/lab2/build/turtle_patrol/prefix_override:/usr/lib/python3/dist-packages/colcon_core/task/python/colcon_distutils_commands:/home/cc/ee106a/sp26/class/ee106a-aac/ros_workspaces/lab2/install/turtle_patrol/lib/python3.10/site-packages:${PYTHONPATH} /usr/bin/python3 -W ignore:setup.py install is deprecated -W ignore:easy_install command is deprecated setup.py egg_info --egg-base ../../build/turtle_patrol build --build-base /home/cc/ee106a/sp26/class/ee106a-aac/ros_workspaces/lab2/build/turtle_patrol/build install --record /home/cc/ee106a/sp26/class/ee106a-aac/ros_workspaces/lab2/build/turtle_patrol/install.log --single-version-externally-managed install_data
