[1.770s] Invoking command in '/home/cc/ee106a/sp26/class/ee106a-aac/ros_workspaces/lab2/src/turtle_patrol': PYTHONPATH=/home/cc/ee106a/sp26/class/ee106a-aac/ros_workspaces/lab2/build/turtle_patrol/prefix_override:/usr/lib/python3/dist-packages/colcon_core/task/python/colcon_distutils_commands:/home/cc/ee106a/sp26/class/ee106a-aac/ros_workspaces/lab2/install/turtle_patrol/lib/python3.10/site-packages:${PYTHONPATH} /usr/bin/python3 -W ignore:setup.py install is deprecated -W ignore:easy_install command is deprecated setup.py egg_info --egg-base ../../build/turtle_patrol build --build-base /home/cc/ee106a/sp26/class/ee106a-aac/ros_workspaces/lab2/build/turtle_patrol/build install --record /home/cc/ee106a/sp26/class/ee106a-aac/ros_workspaces/lab2/build/turtle_patrol/install.log --single-version-externally-managed install_data
[1.963s] running egg_info
[1.964s] writing ../../build/turtle_patrol/turtle_patrol.egg-info/PKG-INFO
[1.979s] writing dependency_links to ../../build/turtle_patrol/turtle_patrol.egg-info/dependency_links.txt
[1.981s] writing entry points to ../../build/turtle_patrol/turtle_patrol.egg-info/entry_points.txt
[1.983s] writing requirements to ../../build/turtle_patrol/turtle_patrol.egg-info/requires.txt
[1.984s] writing top-level names to ../../build/turtle_patrol/turtle_patrol.egg-info/top_level.txt
[1.992s] reading manifest file '../../build/turtle_patrol/turtle_patrol.egg-info/SOURCES.txt'
[2.002s] writing manifest file '../../build/turtle_patrol/turtle_patrol.egg-info/SOURCES.txt'
[2.003s] running build
[2.003s] running build_py
[2.006s] running install
[2.007s] running install_lib
[2.013s] running install_data
[2.015s] running install_egg_info
[2.016s] removing '/home/cc/ee106a/sp26/class/ee106a-aac/ros_workspaces/lab2/install/turtle_patrol/lib/python3.10/site-packages/turtle_patrol-0.0.0-py3.10.egg-info' (and everything under it)
[2.020s] Copying ../../build/turtle_patrol/turtle_patrol.egg-info to /home/cc/ee106a/sp26/class/ee106a-aac/ros_workspaces/lab2/install/turtle_patrol/lib/python3.10/site-packages/turtle_patrol-0.0.0-py3.10.egg-info
[2.049s] running install_scripts
[2.066s] Installing patrol_client script to /home/cc/ee106a/sp26/class/ee106a-aac/ros_workspaces/lab2/install/turtle_patrol/lib/turtle_patrol
[2.068s] Installing patrol_client_sol script to /home/cc/ee106a/sp26/class/ee106a-aac/ros_workspaces/lab2/install/turtle_patrol/lib/turtle_patrol
[2.070s] Installing patrol_server script to /home/cc/ee106a/sp26/class/ee106a-aac/ros_workspaces/lab2/install/turtle_patrol/lib/turtle_patrol
[2.072s] Installing patrol_server_sol script to /home/cc/ee106a/sp26/class/ee106a-aac/ros_workspaces/lab2/install/turtle_patrol/lib/turtle_patrol
[2.074s] writing list of installed files to '/home/cc/ee106a/sp26/class/ee106a-aac/ros_workspaces/lab2/build/turtle_patrol/install.log'
[2.088s] Invoked command in '/home/cc/ee106a/sp26/class/ee106a-aac/ros_workspaces/lab2/src/turtle_patrol' returned '0': PYTHONPATH=/home/cc/ee106a/sp26/class/ee106a-aac/ros_workspaces/lab2/build/turtle_patrol/prefix_override:/usr/lib/python3/dist-packages/colcon_core/task/python/colcon_distutils_commands:/home/cc/ee106a/sp26/class/ee106a-aac/ros_workspaces/lab2/install/turtle_patrol/lib/python3.10/site-packages:${PYTHONPATH} /usr/bin/python3 -W ignore:setup.py install is deprecated -W ignore:easy_install command is deprecated setup.py egg_info --egg-base ../../build/turtle_patrol build --build-base /home/cc/ee106a/sp26/class/ee106a-aac/ros_workspaces/lab2/build/turtle_patrol/build install --record /home/cc/ee106a/sp26/class/ee106a-aac/ros_workspaces/lab2/build/turtle_patrol/install.log --single-version-externally-managed install_data
