[0.956s] Invoking command in '/home/cc/ee106a/sp26/class/ee106a-aac/ros_workspaces/lab2/src/turtle_patrol': PYTHONPATH=/home/cc/ee106a/sp26/class/ee106a-aac/ros_workspaces/lab2/build/turtle_patrol/prefix_override:/usr/lib/python3/dist-packages/colcon_core/task/python/colcon_distutils_commands:/home/cc/ee106a/sp26/class/ee106a-aac/ros_workspaces/lab2/install/turtle_patrol/lib/python3.10/site-packages:${PYTHONPATH} /usr/bin/python3 -W ignore:setup.py install is deprecated -W ignore:easy_install command is deprecated setup.py egg_info --egg-base ../../build/turtle_patrol build --build-base /home/cc/ee106a/sp26/class/ee106a-aac/ros_workspaces/lab2/build/turtle_patrol/build install --record /home/cc/ee106a/sp26/class/ee106a-aac/ros_workspaces/lab2/build/turtle_patrol/install.log --single-version-externally-managed install_data
[1.161s] running egg_info
[1.162s] writing ../../build/turtle_patrol/turtle_patrol.egg-info/PKG-INFO
[1.166s] writing dependency_links to ../../build/turtle_patrol/turtle_patrol.egg-info/dependency_links.txt
[1.169s] writing entry points to ../../build/turtle_patrol/turtle_patrol.egg-info/entry_points.txt
[1.171s] writing requirements to ../../build/turtle_patrol/turtle_patrol.egg-info/requires.txt
[1.173s] writing top-level names to ../../build/turtle_patrol/turtle_patrol.egg-info/top_level.txt
[1.181s] reading manifest file '../../build/turtle_patrol/turtle_patrol.egg-info/SOURCES.txt'
[1.184s] writing manifest file '../../build/turtle_patrol/turtle_patrol.egg-info/SOURCES.txt'
[1.186s] running build
[1.186s] running build_py
[1.189s] copying turtle_patrol/patrol_server.py -> /home/cc/ee106a/sp26/class/ee106a-aac/ros_workspaces/lab2/build/turtle_patrol/build/lib/turtle_patrol
[1.193s] running install
[1.193s] running install_lib
[1.197s] copying /home/cc/ee106a/sp26/class/ee106a-aac/ros_workspaces/lab2/build/turtle_patrol/build/lib/turtle_patrol/patrol_server.py -> /home/cc/ee106a/sp26/class/ee106a-aac/ros_workspaces/lab2/install/turtle_patrol/lib/python3.10/site-packages/turtle_patrol
[1.204s] byte-compiling /home/cc/ee106a/sp26/class/ee106a-aac/ros_workspaces/lab2/install/turtle_patrol/lib/python3.10/site-packages/turtle_patrol/patrol_server.py to patrol_server.cpython-310.pyc
[1.210s] running install_data
[1.212s] running install_egg_info
[1.217s] removing '/home/cc/ee106a/sp26/class/ee106a-aac/ros_workspaces/lab2/install/turtle_patrol/lib/python3.10/site-packages/turtle_patrol-0.0.0-py3.10.egg-info' (and everything under it)
[1.223s] Copying ../../build/turtle_patrol/turtle_patrol.egg-info to /home/cc/ee106a/sp26/class/ee106a-aac/ros_workspaces/lab2/install/turtle_patrol/lib/python3.10/site-packages/turtle_patrol-0.0.0-py3.10.egg-info
[1.256s] running install_scripts
[1.280s] Installing patrol_client script to /home/cc/ee106a/sp26/class/ee106a-aac/ros_workspaces/lab2/install/turtle_patrol/lib/turtle_patrol
[1.282s] Installing patrol_client_sol script to /home/cc/ee106a/sp26/class/ee106a-aac/ros_workspaces/lab2/install/turtle_patrol/lib/turtle_patrol
[1.284s] Installing patrol_server script to /home/cc/ee106a/sp26/class/ee106a-aac/ros_workspaces/lab2/install/turtle_patrol/lib/turtle_patrol
[1.286s] Installing patrol_server_sol script to /home/cc/ee106a/sp26/class/ee106a-aac/ros_workspaces/lab2/install/turtle_patrol/lib/turtle_patrol
[1.289s] writing list of installed files to '/home/cc/ee106a/sp26/class/ee106a-aac/ros_workspaces/lab2/build/turtle_patrol/install.log'
[1.338s] Invoked command in '/home/cc/ee106a/sp26/class/ee106a-aac/ros_workspaces/lab2/src/turtle_patrol' returned '0': PYTHONPATH=/home/cc/ee106a/sp26/class/ee106a-aac/ros_workspaces/lab2/build/turtle_patrol/prefix_override:/usr/lib/python3/dist-packages/colcon_core/task/python/colcon_distutils_commands:/home/cc/ee106a/sp26/class/ee106a-aac/ros_workspaces/lab2/install/turtle_patrol/lib/python3.10/site-packages:${PYTHONPATH} /usr/bin/python3 -W ignore:setup.py install is deprecated -W ignore:easy_install command is deprecated setup.py egg_info --egg-base ../../build/turtle_patrol build --build-base /home/cc/ee106a/sp26/class/ee106a-aac/ros_workspaces/lab2/build/turtle_patrol/build install --record /home/cc/ee106a/sp26/class/ee106a-aac/ros_workspaces/lab2/build/turtle_patrol/install.log --single-version-externally-managed install_data
