[0.000000] (-) TimerEvent: {}
[0.000224] (chatter) JobQueued: {'identifier': 'chatter', 'dependencies': OrderedDict()}
[0.000291] (my_chatter_msgs) JobQueued: {'identifier': 'my_chatter_msgs', 'dependencies': OrderedDict()}
[0.000303] (my_chatter) JobQueued: {'identifier': 'my_chatter', 'dependencies': OrderedDict([('my_chatter_msgs', '/home/cc/ee106a/sp26/class/ee106a-aac/ros_workspaces/lab1/install/my_chatter_msgs')])}
[0.000315] (my_chatter_msgs) JobStarted: {'identifier': 'my_chatter_msgs'}
[0.025133] (chatter) JobStarted: {'identifier': 'chatter'}
[0.044156] (my_chatter_msgs) JobProgress: {'identifier': 'my_chatter_msgs', 'progress': 'cmake'}
[0.050058] (my_chatter_msgs) JobProgress: {'identifier': 'my_chatter_msgs', 'progress': 'build'}
[0.051506] (my_chatter_msgs) Command: {'cmd': ['/usr/bin/cmake', '--build', '/home/cc/ee106a/sp26/class/ee106a-aac/ros_workspaces/lab1/build/my_chatter_msgs', '--', '-j32', '-l32'], 'cwd': '/home/cc/ee106a/sp26/class/ee106a-aac/ros_workspaces/lab1/build/my_chatter_msgs', 'env': OrderedDict([('ARCH', 'x86_64'), ('QT_SCALE_FACTOR', '1'), ('USER', 'ee106a-aac'), ('HOSTNAME', 'ros2'), ('XDG_SESSION_TYPE', 'x11'), ('MASTERDIR', '/home/ff/ee106a'), ('COMPIZ_CONFIG_PROFILE', 'mate'), ('XDG_CACHE_HOME', '/home/cc/ee106a/sp26/class/ee106a-aac/.cache'), ('SHLVL', '2'), ('LD_LIBRARY_PATH', '/usr/lib/x86_64-linux-gnu/gazebo-11/plugins:/opt/ros/humble/opt/rviz_ogre_vendor/lib:/opt/ros/humble/lib/x86_64-linux-gnu:/opt/ros/humble/lib'), ('HOME', '/home/cc/ee106a/sp26/class/ee106a-aac'), ('OLDPWD', '/home/cc/ee106a/sp26/class/ee106a-aac/ros_workspaces'), ('DESKTOP_SESSION', 'mate'), ('ROS_PYTHON_VERSION', '3'), ('GTK_MODULES', 'gail:atk-bridge:appmenu-gtk-module:gail:atk-bridge:canberra-gtk-module'), ('EE106_UR_ROBOT_IP', '192.168.1.100'), ('DISTROBOX_ENTER_PATH', '/usr/local/bin/distrobox-enter'), ('SYSTEMD_EXEC_PID', '640245'), ('NNTPSERVER', 'news.csua.berkeley.edu'), ('VISUAL', 'emacs'), ('XDG_STATE_HOME', '/home/cc/ee106a/sp26/class/ee106a-aac/.local/state'), ('DBUS_SESSION_BUS_ADDRESS', 'unix:path=/run/user/34116/bus'), ('COLORTERM', 'truecolor'), ('container', 'podman'), ('UBUNTU_MENUPROXY', '1'), ('QT_QPA_PLATFORMTHEME', 'gtk2'), ('COLCON_PREFIX_PATH', '/home/ff/ee106a/robot_workspaces/ur/install'), ('ROS_DISTRO', 'humble'), ('GTK_IM_MODULE', 'ibus'), ('LOGNAME', 'ee106a-aac'), ('MASTER', 'ee106a'), ('WINDOWID', '37748793'), ('ROS_VERSION', '2'), ('XDG_SESSION_CLASS', 'user'), ('TERMINFO_DIRS', '/usr/share/terminfo:/run/host/usr/share/terminfo'), ('USERNAME', 'ee106a-aac'), ('TERM', 'xterm-256color'), ('GTK_OVERLAY_SCROLLING', '0'), ('XDG_SESSION_ID', '3278'), ('ROS_LOCALHOST_ONLY', '0'), ('WINDOWPATH', '2'), ('PATH', '/opt/ros/humble/bin:/share/b/grading/bin:/home/ff/ee106a/bin:/home/ff/ee106a/bin/arch/x86_64:/share/b/grading/bin:/home/ff/ee106a/bin:/home/ff/ee106a/bin/arch/x86_64:/usr/local/sbin:/usr/local/bin:/usr/sbin:/usr/bin:/sbin:/bin:/usr/games:/usr/local/games:/snap/bin:/snap/bin:/share/b/grading/bin:/share/b/grading/sbin:/share/b/runas/x86_64:/share/b/bin:/home/ff/ee106a/venvs/all:/usr/local/sbin:/usr/local/bin:/usr/sbin:/usr/bin:/sbin:/bin:/share/b/grading/bin:/share/b/grading/sbin:/share/b/runas/x86_64:/share/b/bin:/home/ff/ee106a/venvs/all'), ('SESSION_MANAGER', 'local/c105-6:@/tmp/.ICE-unix/640322,unix/c105-6:/tmp/.ICE-unix/640322'), ('OS', 'Linux'), ('XDG_RUNTIME_DIR', '/run/user/34116'), ('DISPLAY', ':1'), ('LANG', 'en_US.UTF-8'), ('XDG_CURRENT_DESKTOP', 'MATE'), ('XDG_DATA_HOME', '/home/cc/ee106a/sp26/class/ee106a-aac/.local/share'), ('XDG_CONFIG_HOME', '/home/cc/ee106a/sp26/class/ee106a-aac/.config'), ('XMODIFIERS', '@im=ibus'), ('XDG_SESSION_DESKTOP', 'mate'), ('XAUTHORITY', '/run/user/34116/gdm/Xauthority'), ('SSH_AUTH_SOCK', '/run/user/34116/keyring/ssh'), ('ROS_DOMAIN_ID', '26'), ('AMENT_PREFIX_PATH', '/home/ff/ee106a/robot_workspaces/ur/install/ur7e_utils:/opt/ros/humble'), ('SHELL', '/usr/bin/bash'), ('QT_ACCESSIBILITY', '1'), ('EE106_UR_ROBOT_NAME', 'baymax'), ('GDMSESSION', 'mate'), ('RUNAS', '/share/b/runas/x86_64'), ('GPG_AGENT_INFO', '/run/user/34116/gnupg/S.gpg-agent:0:1'), ('CONFIG_SHELL', '/usr/bin/ksh'), ('QT_IM_MODULE', 'ibus'), ('PWD', '/home/cc/ee106a/sp26/class/ee106a-aac/ros_workspaces/lab1/build/my_chatter_msgs'), ('EE106_ENV_SETUP', 'ur_ros2'), ('CONTAINER_ID', 'ros2'), ('LC_ALL', 'C.UTF-8'), ('XDG_CONFIG_DIRS', '/etc/xdg/xdg-mate:/etc/xdg'), ('CLUTTER_IM_MODULE', 'ibus'), ('XDG_DATA_DIRS', '/usr/share/mate:/usr/share/mate:/usr/share/gnome:/home/cc/ee106a/sp26/class/ee106a-aac/.local/share/flatpak/exports/share:/var/lib/flatpak/exports/share:/usr/local/share/:/usr/share/:/var/lib/snapd/desktop:/usr/local/share:/usr/share'), ('PYTHONPATH', '/home/ff/ee106a/robot_workspaces/ur/install/ur7e_utils/lib/python3.10/site-packages:/opt/ros/humble/lib/python3.10/site-packages:/opt/ros/humble/local/lib/python3.10/dist-packages'), ('MATE_DESKTOP_SESSION_ID', 'this-is-deprecated'), ('COLCON', '1'), ('MANPATH', '/usr/local/man:/usr/man:/usr/X11/man:/usr/local/man:/share/b/grading/man:/usr/local/man:/usr/man:/usr/X11/man:/usr/local/man:/share/b/grading/man:'), ('VTE_VERSION', '6800'), ('EDITOR', 'emacs'), ('QT_FONT_DPI', '122'), ('CMAKE_PREFIX_PATH', '/home/ff/ee106a/robot_workspaces/ur/install/ur7e_utils:/opt/ros/humble')]), 'shell': False}
[0.099097] (-) TimerEvent: {}
[0.199454] (-) TimerEvent: {}
[0.299714] (-) TimerEvent: {}
[0.399969] (-) TimerEvent: {}
[0.500160] (-) TimerEvent: {}
[0.600471] (-) TimerEvent: {}
[0.700751] (-) TimerEvent: {}
[0.800963] (-) TimerEvent: {}
[0.901185] (-) TimerEvent: {}
[0.905482] (my_chatter_msgs) StdoutLine: {'line': b'[  3%] Built target my_chatter_msgs__cpp\n'}
[0.972855] (my_chatter_msgs) StdoutLine: {'line': b'[ 12%] Built target my_chatter_msgs__rosidl_generator_c\n'}
[1.001313] (-) TimerEvent: {}
[1.101649] (-) TimerEvent: {}
[1.117919] (my_chatter_msgs) StdoutLine: {'line': b'[ 12%] Built target ament_cmake_python_copy_my_chatter_msgs\n'}
[1.130302] (my_chatter_msgs) StdoutLine: {'line': b'[ 38%] Built target my_chatter_msgs__rosidl_typesupport_introspection_cpp\n'}
[1.131821] (my_chatter_msgs) StdoutLine: {'line': b'[ 41%] Built target my_chatter_msgs__rosidl_typesupport_fastrtps_cpp\n'}
[1.132225] (my_chatter_msgs) StdoutLine: {'line': b'[ 41%] Built target my_chatter_msgs__rosidl_typesupport_cpp\n'}
[1.141632] (my_chatter_msgs) StdoutLine: {'line': b'[ 64%] Built target my_chatter_msgs__rosidl_typesupport_introspection_c\n'}
[1.143218] (my_chatter_msgs) StdoutLine: {'line': b'[ 67%] Built target my_chatter_msgs__rosidl_typesupport_fastrtps_c\n'}
[1.145649] (my_chatter_msgs) StdoutLine: {'line': b'[ 70%] Built target my_chatter_msgs__rosidl_typesupport_c\n'}
[1.200965] (my_chatter_msgs) StdoutLine: {'line': b'[ 70%] Built target my_chatter_msgs\n'}
[1.201749] (-) TimerEvent: {}
[1.247332] (my_chatter_msgs) StdoutLine: {'line': b'[ 74%] Built target my_chatter_msgs__py\n'}
[1.301919] (-) TimerEvent: {}
[1.321359] (my_chatter_msgs) StdoutLine: {'line': b'[ 80%] Built target my_chatter_msgs__rosidl_generator_py\n'}
[1.402076] (-) TimerEvent: {}
[1.402372] (my_chatter_msgs) StdoutLine: {'line': b'[ 87%] Built target my_chatter_msgs__rosidl_typesupport_fastrtps_c__pyext\n'}
[1.410262] (my_chatter_msgs) StdoutLine: {'line': b'[ 96%] Built target my_chatter_msgs__rosidl_typesupport_c__pyext\n'}
[1.412550] (my_chatter_msgs) StdoutLine: {'line': b'[100%] Built target my_chatter_msgs__rosidl_typesupport_introspection_c__pyext\n'}
[1.451207] (my_chatter_msgs) StdoutLine: {'line': b'running egg_info\n'}
[1.452440] (my_chatter_msgs) StdoutLine: {'line': b'writing my_chatter_msgs.egg-info/PKG-INFO\n'}
[1.457592] (my_chatter_msgs) StdoutLine: {'line': b'writing dependency_links to my_chatter_msgs.egg-info/dependency_links.txt\n'}
[1.460813] (my_chatter_msgs) StdoutLine: {'line': b'writing top-level names to my_chatter_msgs.egg-info/top_level.txt\n'}
[1.467502] (my_chatter_msgs) StdoutLine: {'line': b"reading manifest file 'my_chatter_msgs.egg-info/SOURCES.txt'\n"}
[1.483284] (my_chatter_msgs) StdoutLine: {'line': b"writing manifest file 'my_chatter_msgs.egg-info/SOURCES.txt'\n"}
[1.502227] (-) TimerEvent: {}
[1.535034] (my_chatter_msgs) StdoutLine: {'line': b'[100%] Built target ament_cmake_python_build_my_chatter_msgs_egg\n'}
[1.573497] (my_chatter_msgs) CommandEnded: {'returncode': 0}
[1.579854] (my_chatter_msgs) JobProgress: {'identifier': 'my_chatter_msgs', 'progress': 'install'}
[1.597086] (my_chatter_msgs) Command: {'cmd': ['/usr/bin/cmake', '--install', '/home/cc/ee106a/sp26/class/ee106a-aac/ros_workspaces/lab1/build/my_chatter_msgs'], 'cwd': '/home/cc/ee106a/sp26/class/ee106a-aac/ros_workspaces/lab1/build/my_chatter_msgs', 'env': OrderedDict([('ARCH', 'x86_64'), ('QT_SCALE_FACTOR', '1'), ('USER', 'ee106a-aac'), ('HOSTNAME', 'ros2'), ('XDG_SESSION_TYPE', 'x11'), ('MASTERDIR', '/home/ff/ee106a'), ('COMPIZ_CONFIG_PROFILE', 'mate'), ('XDG_CACHE_HOME', '/home/cc/ee106a/sp26/class/ee106a-aac/.cache'), ('SHLVL', '2'), ('LD_LIBRARY_PATH', '/usr/lib/x86_64-linux-gnu/gazebo-11/plugins:/opt/ros/humble/opt/rviz_ogre_vendor/lib:/opt/ros/humble/lib/x86_64-linux-gnu:/opt/ros/humble/lib'), ('HOME', '/home/cc/ee106a/sp26/class/ee106a-aac'), ('OLDPWD', '/home/cc/ee106a/sp26/class/ee106a-aac/ros_workspaces'), ('DESKTOP_SESSION', 'mate'), ('ROS_PYTHON_VERSION', '3'), ('GTK_MODULES', 'gail:atk-bridge:appmenu-gtk-module:gail:atk-bridge:canberra-gtk-module'), ('EE106_UR_ROBOT_IP', '192.168.1.100'), ('DISTROBOX_ENTER_PATH', '/usr/local/bin/distrobox-enter'), ('SYSTEMD_EXEC_PID', '640245'), ('NNTPSERVER', 'news.csua.berkeley.edu'), ('VISUAL', 'emacs'), ('XDG_STATE_HOME', '/home/cc/ee106a/sp26/class/ee106a-aac/.local/state'), ('DBUS_SESSION_BUS_ADDRESS', 'unix:path=/run/user/34116/bus'), ('COLORTERM', 'truecolor'), ('container', 'podman'), ('UBUNTU_MENUPROXY', '1'), ('QT_QPA_PLATFORMTHEME', 'gtk2'), ('COLCON_PREFIX_PATH', '/home/ff/ee106a/robot_workspaces/ur/install'), ('ROS_DISTRO', 'humble'), ('GTK_IM_MODULE', 'ibus'), ('LOGNAME', 'ee106a-aac'), ('MASTER', 'ee106a'), ('WINDOWID', '37748793'), ('ROS_VERSION', '2'), ('XDG_SESSION_CLASS', 'user'), ('TERMINFO_DIRS', '/usr/share/terminfo:/run/host/usr/share/terminfo'), ('USERNAME', 'ee106a-aac'), ('TERM', 'xterm-256color'), ('GTK_OVERLAY_SCROLLING', '0'), ('XDG_SESSION_ID', '3278'), ('ROS_LOCALHOST_ONLY', '0'), ('WINDOWPATH', '2'), ('PATH', '/opt/ros/humble/bin:/share/b/grading/bin:/home/ff/ee106a/bin:/home/ff/ee106a/bin/arch/x86_64:/share/b/grading/bin:/home/ff/ee106a/bin:/home/ff/ee106a/bin/arch/x86_64:/usr/local/sbin:/usr/local/bin:/usr/sbin:/usr/bin:/sbin:/bin:/usr/games:/usr/local/games:/snap/bin:/snap/bin:/share/b/grading/bin:/share/b/grading/sbin:/share/b/runas/x86_64:/share/b/bin:/home/ff/ee106a/venvs/all:/usr/local/sbin:/usr/local/bin:/usr/sbin:/usr/bin:/sbin:/bin:/share/b/grading/bin:/share/b/grading/sbin:/share/b/runas/x86_64:/share/b/bin:/home/ff/ee106a/venvs/all'), ('SESSION_MANAGER', 'local/c105-6:@/tmp/.ICE-unix/640322,unix/c105-6:/tmp/.ICE-unix/640322'), ('OS', 'Linux'), ('XDG_RUNTIME_DIR', '/run/user/34116'), ('DISPLAY', ':1'), ('LANG', 'en_US.UTF-8'), ('XDG_CURRENT_DESKTOP', 'MATE'), ('XDG_DATA_HOME', '/home/cc/ee106a/sp26/class/ee106a-aac/.local/share'), ('XDG_CONFIG_HOME', '/home/cc/ee106a/sp26/class/ee106a-aac/.config'), ('XMODIFIERS', '@im=ibus'), ('XDG_SESSION_DESKTOP', 'mate'), ('XAUTHORITY', '/run/user/34116/gdm/Xauthority'), ('SSH_AUTH_SOCK', '/run/user/34116/keyring/ssh'), ('ROS_DOMAIN_ID', '26'), ('AMENT_PREFIX_PATH', '/home/ff/ee106a/robot_workspaces/ur/install/ur7e_utils:/opt/ros/humble'), ('SHELL', '/usr/bin/bash'), ('QT_ACCESSIBILITY', '1'), ('EE106_UR_ROBOT_NAME', 'baymax'), ('GDMSESSION', 'mate'), ('RUNAS', '/share/b/runas/x86_64'), ('GPG_AGENT_INFO', '/run/user/34116/gnupg/S.gpg-agent:0:1'), ('CONFIG_SHELL', '/usr/bin/ksh'), ('QT_IM_MODULE', 'ibus'), ('PWD', '/home/cc/ee106a/sp26/class/ee106a-aac/ros_workspaces/lab1/build/my_chatter_msgs'), ('EE106_ENV_SETUP', 'ur_ros2'), ('CONTAINER_ID', 'ros2'), ('LC_ALL', 'C.UTF-8'), ('XDG_CONFIG_DIRS', '/etc/xdg/xdg-mate:/etc/xdg'), ('CLUTTER_IM_MODULE', 'ibus'), ('XDG_DATA_DIRS', '/usr/share/mate:/usr/share/mate:/usr/share/gnome:/home/cc/ee106a/sp26/class/ee106a-aac/.local/share/flatpak/exports/share:/var/lib/flatpak/exports/share:/usr/local/share/:/usr/share/:/var/lib/snapd/desktop:/usr/local/share:/usr/share'), ('PYTHONPATH', '/home/ff/ee106a/robot_workspaces/ur/install/ur7e_utils/lib/python3.10/site-packages:/opt/ros/humble/lib/python3.10/site-packages:/opt/ros/humble/local/lib/python3.10/dist-packages'), ('MATE_DESKTOP_SESSION_ID', 'this-is-deprecated'), ('COLCON', '1'), ('MANPATH', '/usr/local/man:/usr/man:/usr/X11/man:/usr/local/man:/share/b/grading/man:/usr/local/man:/usr/man:/usr/X11/man:/usr/local/man:/share/b/grading/man:'), ('VTE_VERSION', '6800'), ('EDITOR', 'emacs'), ('QT_FONT_DPI', '122'), ('CMAKE_PREFIX_PATH', '/home/ff/ee106a/robot_workspaces/ur/install/ur7e_utils:/opt/ros/humble')]), 'shell': False}
[1.602278] (-) TimerEvent: {}
[1.639646] (my_chatter_msgs) StdoutLine: {'line': b'-- Install configuration: ""\n'}
[1.642529] (my_chatter_msgs) StdoutLine: {'line': b'-- Up-to-date: /home/cc/ee106a/sp26/class/ee106a-aac/ros_workspaces/lab1/install/my_chatter_msgs/share/ament_index/resource_index/rosidl_interfaces/my_chatter_msgs\n'}
[1.644576] (my_chatter_msgs) StdoutLine: {'line': b'-- Up-to-date: /home/cc/ee106a/sp26/class/ee106a-aac/ros_workspaces/lab1/install/my_chatter_msgs/include/my_chatter_msgs/my_chatter_msgs\n'}
[1.646225] (my_chatter_msgs) StdoutLine: {'line': b'-- Up-to-date: /home/cc/ee106a/sp26/class/ee106a-aac/ros_workspaces/lab1/install/my_chatter_msgs/include/my_chatter_msgs/my_chatter_msgs/msg\n'}
[1.648257] (my_chatter_msgs) StdoutLine: {'line': b'-- Up-to-date: /home/cc/ee106a/sp26/class/ee106a-aac/ros_workspaces/lab1/install/my_chatter_msgs/include/my_chatter_msgs/my_chatter_msgs/msg/timestamp_string.h\n'}
[1.649026] (my_chatter_msgs) StdoutLine: {'line': b'-- Up-to-date: /home/cc/ee106a/sp26/class/ee106a-aac/ros_workspaces/lab1/install/my_chatter_msgs/include/my_chatter_msgs/my_chatter_msgs/msg/rosidl_generator_c__visibility_control.h\n'}
[1.649634] (my_chatter_msgs) StdoutLine: {'line': b'-- Up-to-date: /home/cc/ee106a/sp26/class/ee106a-aac/ros_workspaces/lab1/install/my_chatter_msgs/include/my_chatter_msgs/my_chatter_msgs/msg/detail\n'}
[1.651447] (my_chatter_msgs) StdoutLine: {'line': b'-- Up-to-date: /home/cc/ee106a/sp26/class/ee106a-aac/ros_workspaces/lab1/install/my_chatter_msgs/include/my_chatter_msgs/my_chatter_msgs/msg/detail/timestamp_string__functions.c\n'}
[1.652093] (my_chatter_msgs) StdoutLine: {'line': b'-- Up-to-date: /home/cc/ee106a/sp26/class/ee106a-aac/ros_workspaces/lab1/install/my_chatter_msgs/include/my_chatter_msgs/my_chatter_msgs/msg/detail/timestamp_string__functions.h\n'}
[1.652746] (my_chatter_msgs) StdoutLine: {'line': b'-- Up-to-date: /home/cc/ee106a/sp26/class/ee106a-aac/ros_workspaces/lab1/install/my_chatter_msgs/include/my_chatter_msgs/my_chatter_msgs/msg/detail/timestamp_string__struct.h\n'}
[1.653562] (my_chatter_msgs) StdoutLine: {'line': b'-- Up-to-date: /home/cc/ee106a/sp26/class/ee106a-aac/ros_workspaces/lab1/install/my_chatter_msgs/include/my_chatter_msgs/my_chatter_msgs/msg/detail/timestamp_string__type_support.h\n'}
[1.655350] (my_chatter_msgs) StdoutLine: {'line': b'-- Up-to-date: /home/cc/ee106a/sp26/class/ee106a-aac/ros_workspaces/lab1/install/my_chatter_msgs/share/my_chatter_msgs/environment/library_path.sh\n'}
[1.656605] (my_chatter_msgs) StdoutLine: {'line': b'-- Up-to-date: /home/cc/ee106a/sp26/class/ee106a-aac/ros_workspaces/lab1/install/my_chatter_msgs/share/my_chatter_msgs/environment/library_path.dsv\n'}
[1.660652] (chatter) Command: {'cmd': ['/usr/bin/python3', '-W', 'ignore:setup.py install is deprecated', '-W', 'ignore:easy_install command is deprecated', 'setup.py', 'egg_info', '--egg-base', '../../build/chatter', 'build', '--build-base', '/home/cc/ee106a/sp26/class/ee106a-aac/ros_workspaces/lab1/build/chatter/build', 'install', '--record', '/home/cc/ee106a/sp26/class/ee106a-aac/ros_workspaces/lab1/build/chatter/install.log', '--single-version-externally-managed', 'install_data'], 'cwd': '/home/cc/ee106a/sp26/class/ee106a-aac/ros_workspaces/lab1/src/chatter', 'env': {'ARCH': 'x86_64', 'QT_SCALE_FACTOR': '1', 'USER': 'ee106a-aac', 'HOSTNAME': 'ros2', 'XDG_SESSION_TYPE': 'x11', 'MASTERDIR': '/home/ff/ee106a', 'COMPIZ_CONFIG_PROFILE': 'mate', 'XDG_CACHE_HOME': '/home/cc/ee106a/sp26/class/ee106a-aac/.cache', 'SHLVL': '2', 'LD_LIBRARY_PATH': '/usr/lib/x86_64-linux-gnu/gazebo-11/plugins:/opt/ros/humble/opt/rviz_ogre_vendor/lib:/opt/ros/humble/lib/x86_64-linux-gnu:/opt/ros/humble/lib', 'HOME': '/home/cc/ee106a/sp26/class/ee106a-aac', 'OLDPWD': '/home/cc/ee106a/sp26/class/ee106a-aac/ros_workspaces', 'DESKTOP_SESSION': 'mate', 'ROS_PYTHON_VERSION': '3', 'GTK_MODULES': 'gail:atk-bridge:appmenu-gtk-module:gail:atk-bridge:canberra-gtk-module', 'EE106_UR_ROBOT_IP': '192.168.1.100', 'DISTROBOX_ENTER_PATH': '/usr/local/bin/distrobox-enter', 'SYSTEMD_EXEC_PID': '640245', 'NNTPSERVER': 'news.csua.berkeley.edu', 'VISUAL': 'emacs', 'XDG_STATE_HOME': '/home/cc/ee106a/sp26/class/ee106a-aac/.local/state', 'DBUS_SESSION_BUS_ADDRESS': 'unix:path=/run/user/34116/bus', 'COLORTERM': 'truecolor', 'container': 'podman', 'UBUNTU_MENUPROXY': '1', 'QT_QPA_PLATFORMTHEME': 'gtk2', 'COLCON_PREFIX_PATH': '/home/ff/ee106a/robot_workspaces/ur/install', 'ROS_DISTRO': 'humble', 'GTK_IM_MODULE': 'ibus', 'LOGNAME': 'ee106a-aac', 'MASTER': 'ee106a', 'WINDOWID': '37748793', 'ROS_VERSION': '2', 'XDG_SESSION_CLASS': 'user', 'TERMINFO_DIRS': '/usr/share/terminfo:/run/host/usr/share/terminfo', 'USERNAME': 'ee106a-aac', 'TERM': 'xterm-256color', 'GTK_OVERLAY_SCROLLING': '0', 'XDG_SESSION_ID': '3278', 'ROS_LOCALHOST_ONLY': '0', 'WINDOWPATH': '2', 'PATH': '/opt/ros/humble/bin:/share/b/grading/bin:/home/ff/ee106a/bin:/home/ff/ee106a/bin/arch/x86_64:/share/b/grading/bin:/home/ff/ee106a/bin:/home/ff/ee106a/bin/arch/x86_64:/usr/local/sbin:/usr/local/bin:/usr/sbin:/usr/bin:/sbin:/bin:/usr/games:/usr/local/games:/snap/bin:/snap/bin:/share/b/grading/bin:/share/b/grading/sbin:/share/b/runas/x86_64:/share/b/bin:/home/ff/ee106a/venvs/all:/usr/local/sbin:/usr/local/bin:/usr/sbin:/usr/bin:/sbin:/bin:/share/b/grading/bin:/share/b/grading/sbin:/share/b/runas/x86_64:/share/b/bin:/home/ff/ee106a/venvs/all', 'SESSION_MANAGER': 'local/c105-6:@/tmp/.ICE-unix/640322,unix/c105-6:/tmp/.ICE-unix/640322', 'OS': 'Linux', 'XDG_RUNTIME_DIR': '/run/user/34116', 'DISPLAY': ':1', 'LANG': 'en_US.UTF-8', 'XDG_CURRENT_DESKTOP': 'MATE', 'XDG_DATA_HOME': '/home/cc/ee106a/sp26/class/ee106a-aac/.local/share', 'XDG_CONFIG_HOME': '/home/cc/ee106a/sp26/class/ee106a-aac/.config', 'XMODIFIERS': '@im=ibus', 'XDG_SESSION_DESKTOP': 'mate', 'XAUTHORITY': '/run/user/34116/gdm/Xauthority', 'SSH_AUTH_SOCK': '/run/user/34116/keyring/ssh', 'ROS_DOMAIN_ID': '26', 'AMENT_PREFIX_PATH': '/home/ff/ee106a/robot_workspaces/ur/install/ur7e_utils:/opt/ros/humble', 'SHELL': '/usr/bin/bash', 'QT_ACCESSIBILITY': '1', 'EE106_UR_ROBOT_NAME': 'baymax', 'GDMSESSION': 'mate', 'RUNAS': '/share/b/runas/x86_64', 'GPG_AGENT_INFO': '/run/user/34116/gnupg/S.gpg-agent:0:1', 'CONFIG_SHELL': '/usr/bin/ksh', 'QT_IM_MODULE': 'ibus', 'PWD': '/home/cc/ee106a/sp26/class/ee106a-aac/ros_workspaces/lab1/build/chatter', 'EE106_ENV_SETUP': 'ur_ros2', 'CONTAINER_ID': 'ros2', 'LC_ALL': 'C.UTF-8', 'XDG_CONFIG_DIRS': '/etc/xdg/xdg-mate:/etc/xdg', 'CLUTTER_IM_MODULE': 'ibus', 'XDG_DATA_DIRS': '/usr/share/mate:/usr/share/mate:/usr/share/gnome:/home/cc/ee106a/sp26/class/ee106a-aac/.local/share/flatpak/exports/share:/var/lib/flatpak/exports/share:/usr/local/share/:/usr/share/:/var/lib/snapd/desktop:/usr/local/share:/usr/share', 'PYTHONPATH': '/home/cc/ee106a/sp26/class/ee106a-aac/ros_workspaces/lab1/build/chatter/prefix_override:/usr/lib/python3/dist-packages/colcon_core/task/python/colcon_distutils_commands:/home/cc/ee106a/sp26/class/ee106a-aac/ros_workspaces/lab1/install/chatter/lib/python3.10/site-packages:/home/ff/ee106a/robot_workspaces/ur/install/ur7e_utils/lib/python3.10/site-packages:/opt/ros/humble/lib/python3.10/site-packages:/opt/ros/humble/local/lib/python3.10/dist-packages', 'MATE_DESKTOP_SESSION_ID': 'this-is-deprecated', 'COLCON': '1', 'MANPATH': '/usr/local/man:/usr/man:/usr/X11/man:/usr/local/man:/share/b/grading/man:/usr/local/man:/usr/man:/usr/X11/man:/usr/local/man:/share/b/grading/man:', 'VTE_VERSION': '6800', 'EDITOR': 'emacs', 'QT_FONT_DPI': '122'}, 'shell': False}
[1.668016] (my_chatter_msgs) StdoutLine: {'line': b'-- Up-to-date: /home/cc/ee106a/sp26/class/ee106a-aac/ros_workspaces/lab1/install/my_chatter_msgs/lib/libmy_chatter_msgs__rosidl_generator_c.so\n'}
[1.668175] (my_chatter_msgs) StdoutLine: {'line': b'-- Up-to-date: /home/cc/ee106a/sp26/class/ee106a-aac/ros_workspaces/lab1/install/my_chatter_msgs/include/my_chatter_msgs/my_chatter_msgs\n'}
[1.668230] (my_chatter_msgs) StdoutLine: {'line': b'-- Up-to-date: /home/cc/ee106a/sp26/class/ee106a-aac/ros_workspaces/lab1/install/my_chatter_msgs/include/my_chatter_msgs/my_chatter_msgs/msg\n'}
[1.668260] (my_chatter_msgs) StdoutLine: {'line': b'-- Up-to-date: /home/cc/ee106a/sp26/class/ee106a-aac/ros_workspaces/lab1/install/my_chatter_msgs/include/my_chatter_msgs/my_chatter_msgs/msg/detail\n'}
[1.669842] (my_chatter_msgs) StdoutLine: {'line': b'-- Up-to-date: /home/cc/ee106a/sp26/class/ee106a-aac/ros_workspaces/lab1/install/my_chatter_msgs/include/my_chatter_msgs/my_chatter_msgs/msg/detail/timestamp_string__rosidl_typesupport_fastrtps_c.h\n'}
[1.670664] (my_chatter_msgs) StdoutLine: {'line': b'-- Up-to-date: /home/cc/ee106a/sp26/class/ee106a-aac/ros_workspaces/lab1/install/my_chatter_msgs/include/my_chatter_msgs/my_chatter_msgs/msg/rosidl_typesupport_fastrtps_c__visibility_control.h\n'}
[1.674897] (my_chatter_msgs) StdoutLine: {'line': b'-- Up-to-date: /home/cc/ee106a/sp26/class/ee106a-aac/ros_workspaces/lab1/install/my_chatter_msgs/lib/libmy_chatter_msgs__rosidl_typesupport_fastrtps_c.so\n'}
[1.678154] (my_chatter_msgs) StdoutLine: {'line': b'-- Up-to-date: /home/cc/ee106a/sp26/class/ee106a-aac/ros_workspaces/lab1/install/my_chatter_msgs/include/my_chatter_msgs/my_chatter_msgs\n'}
[1.680041] (my_chatter_msgs) StdoutLine: {'line': b'-- Up-to-date: /home/cc/ee106a/sp26/class/ee106a-aac/ros_workspaces/lab1/install/my_chatter_msgs/include/my_chatter_msgs/my_chatter_msgs/msg\n'}
[1.681708] (my_chatter_msgs) StdoutLine: {'line': b'-- Up-to-date: /home/cc/ee106a/sp26/class/ee106a-aac/ros_workspaces/lab1/install/my_chatter_msgs/include/my_chatter_msgs/my_chatter_msgs/msg/detail\n'}
[1.683334] (my_chatter_msgs) StdoutLine: {'line': b'-- Up-to-date: /home/cc/ee106a/sp26/class/ee106a-aac/ros_workspaces/lab1/install/my_chatter_msgs/include/my_chatter_msgs/my_chatter_msgs/msg/detail/timestamp_string__rosidl_typesupport_introspection_c.h\n'}
[1.684045] (my_chatter_msgs) StdoutLine: {'line': b'-- Up-to-date: /home/cc/ee106a/sp26/class/ee106a-aac/ros_workspaces/lab1/install/my_chatter_msgs/include/my_chatter_msgs/my_chatter_msgs/msg/detail/timestamp_string__type_support.c\n'}
[1.684786] (my_chatter_msgs) StdoutLine: {'line': b'-- Up-to-date: /home/cc/ee106a/sp26/class/ee106a-aac/ros_workspaces/lab1/install/my_chatter_msgs/include/my_chatter_msgs/my_chatter_msgs/msg/rosidl_typesupport_introspection_c__visibility_control.h\n'}
[1.688945] (my_chatter_msgs) StdoutLine: {'line': b'-- Up-to-date: /home/cc/ee106a/sp26/class/ee106a-aac/ros_workspaces/lab1/install/my_chatter_msgs/lib/libmy_chatter_msgs__rosidl_typesupport_introspection_c.so\n'}
[1.694413] (my_chatter_msgs) StdoutLine: {'line': b'-- Up-to-date: /home/cc/ee106a/sp26/class/ee106a-aac/ros_workspaces/lab1/install/my_chatter_msgs/lib/libmy_chatter_msgs__rosidl_typesupport_c.so\n'}
[1.696909] (my_chatter_msgs) StdoutLine: {'line': b'-- Up-to-date: /home/cc/ee106a/sp26/class/ee106a-aac/ros_workspaces/lab1/install/my_chatter_msgs/include/my_chatter_msgs/my_chatter_msgs\n'}
[1.698542] (my_chatter_msgs) StdoutLine: {'line': b'-- Up-to-date: /home/cc/ee106a/sp26/class/ee106a-aac/ros_workspaces/lab1/install/my_chatter_msgs/include/my_chatter_msgs/my_chatter_msgs/msg\n'}
[1.700185] (my_chatter_msgs) StdoutLine: {'line': b'-- Up-to-date: /home/cc/ee106a/sp26/class/ee106a-aac/ros_workspaces/lab1/install/my_chatter_msgs/include/my_chatter_msgs/my_chatter_msgs/msg/timestamp_string.hpp\n'}
[1.700767] (my_chatter_msgs) StdoutLine: {'line': b'-- Up-to-date: /home/cc/ee106a/sp26/class/ee106a-aac/ros_workspaces/lab1/install/my_chatter_msgs/include/my_chatter_msgs/my_chatter_msgs/msg/rosidl_generator_cpp__visibility_control.hpp\n'}
[1.701462] (my_chatter_msgs) StdoutLine: {'line': b'-- Up-to-date: /home/cc/ee106a/sp26/class/ee106a-aac/ros_workspaces/lab1/install/my_chatter_msgs/include/my_chatter_msgs/my_chatter_msgs/msg/detail\n'}
[1.702336] (-) TimerEvent: {}
[1.703217] (my_chatter_msgs) StdoutLine: {'line': b'-- Up-to-date: /home/cc/ee106a/sp26/class/ee106a-aac/ros_workspaces/lab1/install/my_chatter_msgs/include/my_chatter_msgs/my_chatter_msgs/msg/detail/timestamp_string__builder.hpp\n'}
[1.703880] (my_chatter_msgs) StdoutLine: {'line': b'-- Up-to-date: /home/cc/ee106a/sp26/class/ee106a-aac/ros_workspaces/lab1/install/my_chatter_msgs/include/my_chatter_msgs/my_chatter_msgs/msg/detail/timestamp_string__struct.hpp\n'}
[1.704609] (my_chatter_msgs) StdoutLine: {'line': b'-- Up-to-date: /home/cc/ee106a/sp26/class/ee106a-aac/ros_workspaces/lab1/install/my_chatter_msgs/include/my_chatter_msgs/my_chatter_msgs/msg/detail/timestamp_string__traits.hpp\n'}
[1.705308] (my_chatter_msgs) StdoutLine: {'line': b'-- Up-to-date: /home/cc/ee106a/sp26/class/ee106a-aac/ros_workspaces/lab1/install/my_chatter_msgs/include/my_chatter_msgs/my_chatter_msgs/msg/detail/timestamp_string__type_support.hpp\n'}
[1.705662] (my_chatter_msgs) StdoutLine: {'line': b'-- Up-to-date: /home/cc/ee106a/sp26/class/ee106a-aac/ros_workspaces/lab1/install/my_chatter_msgs/include/my_chatter_msgs/my_chatter_msgs\n'}
[1.707375] (my_chatter_msgs) StdoutLine: {'line': b'-- Up-to-date: /home/cc/ee106a/sp26/class/ee106a-aac/ros_workspaces/lab1/install/my_chatter_msgs/include/my_chatter_msgs/my_chatter_msgs/msg\n'}
[1.708682] (my_chatter_msgs) StdoutLine: {'line': b'-- Up-to-date: /home/cc/ee106a/sp26/class/ee106a-aac/ros_workspaces/lab1/install/my_chatter_msgs/include/my_chatter_msgs/my_chatter_msgs/msg/detail\n'}
[1.710233] (my_chatter_msgs) StdoutLine: {'line': b'-- Up-to-date: /home/cc/ee106a/sp26/class/ee106a-aac/ros_workspaces/lab1/install/my_chatter_msgs/include/my_chatter_msgs/my_chatter_msgs/msg/detail/timestamp_string__rosidl_typesupport_fastrtps_cpp.hpp\n'}
[1.710860] (my_chatter_msgs) StdoutLine: {'line': b'-- Up-to-date: /home/cc/ee106a/sp26/class/ee106a-aac/ros_workspaces/lab1/install/my_chatter_msgs/include/my_chatter_msgs/my_chatter_msgs/msg/detail/dds_fastrtps\n'}
[1.712582] (my_chatter_msgs) StdoutLine: {'line': b'-- Up-to-date: /home/cc/ee106a/sp26/class/ee106a-aac/ros_workspaces/lab1/install/my_chatter_msgs/include/my_chatter_msgs/my_chatter_msgs/msg/rosidl_typesupport_fastrtps_cpp__visibility_control.h\n'}
[1.716088] (my_chatter_msgs) StdoutLine: {'line': b'-- Up-to-date: /home/cc/ee106a/sp26/class/ee106a-aac/ros_workspaces/lab1/install/my_chatter_msgs/lib/libmy_chatter_msgs__rosidl_typesupport_fastrtps_cpp.so\n'}
[1.719039] (my_chatter_msgs) StdoutLine: {'line': b'-- Up-to-date: /home/cc/ee106a/sp26/class/ee106a-aac/ros_workspaces/lab1/install/my_chatter_msgs/include/my_chatter_msgs/my_chatter_msgs\n'}
[1.720681] (my_chatter_msgs) StdoutLine: {'line': b'-- Up-to-date: /home/cc/ee106a/sp26/class/ee106a-aac/ros_workspaces/lab1/install/my_chatter_msgs/include/my_chatter_msgs/my_chatter_msgs/msg\n'}
[1.722263] (my_chatter_msgs) StdoutLine: {'line': b'-- Up-to-date: /home/cc/ee106a/sp26/class/ee106a-aac/ros_workspaces/lab1/install/my_chatter_msgs/include/my_chatter_msgs/my_chatter_msgs/msg/detail\n'}
[1.723691] (my_chatter_msgs) StdoutLine: {'line': b'-- Up-to-date: /home/cc/ee106a/sp26/class/ee106a-aac/ros_workspaces/lab1/install/my_chatter_msgs/include/my_chatter_msgs/my_chatter_msgs/msg/detail/timestamp_string__rosidl_typesupport_introspection_cpp.hpp\n'}
[1.724323] (my_chatter_msgs) StdoutLine: {'line': b'-- Up-to-date: /home/cc/ee106a/sp26/class/ee106a-aac/ros_workspaces/lab1/install/my_chatter_msgs/include/my_chatter_msgs/my_chatter_msgs/msg/detail/timestamp_string__type_support.cpp\n'}
[1.727964] (my_chatter_msgs) StdoutLine: {'line': b'-- Up-to-date: /home/cc/ee106a/sp26/class/ee106a-aac/ros_workspaces/lab1/install/my_chatter_msgs/lib/libmy_chatter_msgs__rosidl_typesupport_introspection_cpp.so\n'}
[1.733540] (my_chatter_msgs) StdoutLine: {'line': b'-- Up-to-date: /home/cc/ee106a/sp26/class/ee106a-aac/ros_workspaces/lab1/install/my_chatter_msgs/lib/libmy_chatter_msgs__rosidl_typesupport_cpp.so\n'}
[1.736219] (my_chatter_msgs) StdoutLine: {'line': b'-- Up-to-date: /home/cc/ee106a/sp26/class/ee106a-aac/ros_workspaces/lab1/install/my_chatter_msgs/share/my_chatter_msgs/environment/pythonpath.sh\n'}
[1.737567] (my_chatter_msgs) StdoutLine: {'line': b'-- Up-to-date: /home/cc/ee106a/sp26/class/ee106a-aac/ros_workspaces/lab1/install/my_chatter_msgs/share/my_chatter_msgs/environment/pythonpath.dsv\n'}
[1.740929] (my_chatter_msgs) StdoutLine: {'line': b'-- Up-to-date: /home/cc/ee106a/sp26/class/ee106a-aac/ros_workspaces/lab1/install/my_chatter_msgs/local/lib/python3.10/dist-packages/my_chatter_msgs-0.0.0-py3.10.egg-info\n'}
[1.742513] (my_chatter_msgs) StdoutLine: {'line': b'-- Installing: /home/cc/ee106a/sp26/class/ee106a-aac/ros_workspaces/lab1/install/my_chatter_msgs/local/lib/python3.10/dist-packages/my_chatter_msgs-0.0.0-py3.10.egg-info/PKG-INFO\n'}
[1.762478] (my_chatter_msgs) StdoutLine: {'line': b'-- Installing: /home/cc/ee106a/sp26/class/ee106a-aac/ros_workspaces/lab1/install/my_chatter_msgs/local/lib/python3.10/dist-packages/my_chatter_msgs-0.0.0-py3.10.egg-info/dependency_links.txt\n'}
[1.768073] (my_chatter_msgs) StdoutLine: {'line': b'-- Installing: /home/cc/ee106a/sp26/class/ee106a-aac/ros_workspaces/lab1/install/my_chatter_msgs/local/lib/python3.10/dist-packages/my_chatter_msgs-0.0.0-py3.10.egg-info/top_level.txt\n'}
[1.774028] (my_chatter_msgs) StdoutLine: {'line': b'-- Installing: /home/cc/ee106a/sp26/class/ee106a-aac/ros_workspaces/lab1/install/my_chatter_msgs/local/lib/python3.10/dist-packages/my_chatter_msgs-0.0.0-py3.10.egg-info/SOURCES.txt\n'}
[1.779927] (my_chatter_msgs) StdoutLine: {'line': b'-- Up-to-date: /home/cc/ee106a/sp26/class/ee106a-aac/ros_workspaces/lab1/install/my_chatter_msgs/local/lib/python3.10/dist-packages/my_chatter_msgs\n'}
[1.781430] (my_chatter_msgs) StdoutLine: {'line': b'-- Up-to-date: /home/cc/ee106a/sp26/class/ee106a-aac/ros_workspaces/lab1/install/my_chatter_msgs/local/lib/python3.10/dist-packages/my_chatter_msgs/__init__.py\n'}
[1.782084] (my_chatter_msgs) StdoutLine: {'line': b'-- Up-to-date: /home/cc/ee106a/sp26/class/ee106a-aac/ros_workspaces/lab1/install/my_chatter_msgs/local/lib/python3.10/dist-packages/my_chatter_msgs/msg\n'}
[1.783683] (my_chatter_msgs) StdoutLine: {'line': b'-- Up-to-date: /home/cc/ee106a/sp26/class/ee106a-aac/ros_workspaces/lab1/install/my_chatter_msgs/local/lib/python3.10/dist-packages/my_chatter_msgs/msg/_timestamp_string.py\n'}
[1.784191] (my_chatter_msgs) StdoutLine: {'line': b'-- Up-to-date: /home/cc/ee106a/sp26/class/ee106a-aac/ros_workspaces/lab1/install/my_chatter_msgs/local/lib/python3.10/dist-packages/my_chatter_msgs/msg/_timestamp_string_s.c\n'}
[1.784862] (my_chatter_msgs) StdoutLine: {'line': b'-- Up-to-date: /home/cc/ee106a/sp26/class/ee106a-aac/ros_workspaces/lab1/install/my_chatter_msgs/local/lib/python3.10/dist-packages/my_chatter_msgs/msg/__init__.py\n'}
[1.785604] (my_chatter_msgs) StdoutLine: {'line': b'-- Up-to-date: /home/cc/ee106a/sp26/class/ee106a-aac/ros_workspaces/lab1/install/my_chatter_msgs/local/lib/python3.10/dist-packages/my_chatter_msgs/_my_chatter_msgs_s.ep.rosidl_typesupport_fastrtps_c.c\n'}
[1.786217] (my_chatter_msgs) StdoutLine: {'line': b'-- Up-to-date: /home/cc/ee106a/sp26/class/ee106a-aac/ros_workspaces/lab1/install/my_chatter_msgs/local/lib/python3.10/dist-packages/my_chatter_msgs/_my_chatter_msgs_s.ep.rosidl_typesupport_introspection_c.c\n'}
[1.786987] (my_chatter_msgs) StdoutLine: {'line': b'-- Up-to-date: /home/cc/ee106a/sp26/class/ee106a-aac/ros_workspaces/lab1/install/my_chatter_msgs/local/lib/python3.10/dist-packages/my_chatter_msgs/_my_chatter_msgs_s.ep.rosidl_typesupport_c.c\n'}
[1.787585] (my_chatter_msgs) StdoutLine: {'line': b'-- Up-to-date: /home/cc/ee106a/sp26/class/ee106a-aac/ros_workspaces/lab1/install/my_chatter_msgs/local/lib/python3.10/dist-packages/my_chatter_msgs/libmy_chatter_msgs__rosidl_generator_py.so\n'}
[1.788315] (my_chatter_msgs) StdoutLine: {'line': b'-- Up-to-date: /home/cc/ee106a/sp26/class/ee106a-aac/ros_workspaces/lab1/install/my_chatter_msgs/local/lib/python3.10/dist-packages/my_chatter_msgs/my_chatter_msgs_s__rosidl_typesupport_c.cpython-310-x86_64-linux-gnu.so\n'}
[1.788983] (my_chatter_msgs) StdoutLine: {'line': b'-- Up-to-date: /home/cc/ee106a/sp26/class/ee106a-aac/ros_workspaces/lab1/install/my_chatter_msgs/local/lib/python3.10/dist-packages/my_chatter_msgs/my_chatter_msgs_s__rosidl_typesupport_introspection_c.cpython-310-x86_64-linux-gnu.so\n'}
[1.789628] (my_chatter_msgs) StdoutLine: {'line': b'-- Up-to-date: /home/cc/ee106a/sp26/class/ee106a-aac/ros_workspaces/lab1/install/my_chatter_msgs/local/lib/python3.10/dist-packages/my_chatter_msgs/my_chatter_msgs_s__rosidl_typesupport_fastrtps_c.cpython-310-x86_64-linux-gnu.so\n'}
[1.802395] (-) TimerEvent: {}
[1.827549] (my_chatter_msgs) StdoutLine: {'line': b"Listing '/home/cc/ee106a/sp26/class/ee106a-aac/ros_workspaces/lab1/install/my_chatter_msgs/local/lib/python3.10/dist-packages/my_chatter_msgs'...\n"}
[1.827641] (my_chatter_msgs) StdoutLine: {'line': b"Listing '/home/cc/ee106a/sp26/class/ee106a-aac/ros_workspaces/lab1/install/my_chatter_msgs/local/lib/python3.10/dist-packages/my_chatter_msgs/msg'...\n"}
[1.833012] (my_chatter_msgs) StdoutLine: {'line': b'-- Up-to-date: /home/cc/ee106a/sp26/class/ee106a-aac/ros_workspaces/lab1/install/my_chatter_msgs/local/lib/python3.10/dist-packages/my_chatter_msgs/my_chatter_msgs_s__rosidl_typesupport_fastrtps_c.cpython-310-x86_64-linux-gnu.so\n'}
[1.838120] (my_chatter_msgs) StdoutLine: {'line': b'-- Up-to-date: /home/cc/ee106a/sp26/class/ee106a-aac/ros_workspaces/lab1/install/my_chatter_msgs/local/lib/python3.10/dist-packages/my_chatter_msgs/my_chatter_msgs_s__rosidl_typesupport_introspection_c.cpython-310-x86_64-linux-gnu.so\n'}
[1.843597] (my_chatter_msgs) StdoutLine: {'line': b'-- Up-to-date: /home/cc/ee106a/sp26/class/ee106a-aac/ros_workspaces/lab1/install/my_chatter_msgs/local/lib/python3.10/dist-packages/my_chatter_msgs/my_chatter_msgs_s__rosidl_typesupport_c.cpython-310-x86_64-linux-gnu.so\n'}
[1.848437] (my_chatter_msgs) StdoutLine: {'line': b'-- Up-to-date: /home/cc/ee106a/sp26/class/ee106a-aac/ros_workspaces/lab1/install/my_chatter_msgs/lib/libmy_chatter_msgs__rosidl_generator_py.so\n'}
[1.852038] (my_chatter_msgs) StdoutLine: {'line': b'-- Up-to-date: /home/cc/ee106a/sp26/class/ee106a-aac/ros_workspaces/lab1/install/my_chatter_msgs/share/my_chatter_msgs/msg/TimestampString.idl\n'}
[1.852932] (my_chatter_msgs) StdoutLine: {'line': b'-- Up-to-date: /home/cc/ee106a/sp26/class/ee106a-aac/ros_workspaces/lab1/install/my_chatter_msgs/share/my_chatter_msgs/msg/TimestampString.msg\n'}
[1.854223] (my_chatter_msgs) StdoutLine: {'line': b'-- Up-to-date: /home/cc/ee106a/sp26/class/ee106a-aac/ros_workspaces/lab1/install/my_chatter_msgs/share/ament_index/resource_index/package_run_dependencies/my_chatter_msgs\n'}
[1.855426] (my_chatter_msgs) StdoutLine: {'line': b'-- Up-to-date: /home/cc/ee106a/sp26/class/ee106a-aac/ros_workspaces/lab1/install/my_chatter_msgs/share/ament_index/resource_index/parent_prefix_path/my_chatter_msgs\n'}
[1.856054] (my_chatter_msgs) StdoutLine: {'line': b'-- Up-to-date: /home/cc/ee106a/sp26/class/ee106a-aac/ros_workspaces/lab1/install/my_chatter_msgs/share/my_chatter_msgs/environment/ament_prefix_path.sh\n'}
[1.857302] (my_chatter_msgs) StdoutLine: {'line': b'-- Up-to-date: /home/cc/ee106a/sp26/class/ee106a-aac/ros_workspaces/lab1/install/my_chatter_msgs/share/my_chatter_msgs/environment/ament_prefix_path.dsv\n'}
[1.858050] (my_chatter_msgs) StdoutLine: {'line': b'-- Up-to-date: /home/cc/ee106a/sp26/class/ee106a-aac/ros_workspaces/lab1/install/my_chatter_msgs/share/my_chatter_msgs/environment/path.sh\n'}
[1.859393] (my_chatter_msgs) StdoutLine: {'line': b'-- Up-to-date: /home/cc/ee106a/sp26/class/ee106a-aac/ros_workspaces/lab1/install/my_chatter_msgs/share/my_chatter_msgs/environment/path.dsv\n'}
[1.860079] (my_chatter_msgs) StdoutLine: {'line': b'-- Up-to-date: /home/cc/ee106a/sp26/class/ee106a-aac/ros_workspaces/lab1/install/my_chatter_msgs/share/my_chatter_msgs/local_setup.bash\n'}
[1.860753] (my_chatter_msgs) StdoutLine: {'line': b'-- Up-to-date: /home/cc/ee106a/sp26/class/ee106a-aac/ros_workspaces/lab1/install/my_chatter_msgs/share/my_chatter_msgs/local_setup.sh\n'}
[1.861089] (chatter) StdoutLine: {'line': b'running egg_info\n'}
[1.861297] (my_chatter_msgs) StdoutLine: {'line': b'-- Up-to-date: /home/cc/ee106a/sp26/class/ee106a-aac/ros_workspaces/lab1/install/my_chatter_msgs/share/my_chatter_msgs/local_setup.zsh\n'}
[1.861881] (chatter) StdoutLine: {'line': b'writing ../../build/chatter/chatter.egg-info/PKG-INFO\n'}
[1.862645] (my_chatter_msgs) StdoutLine: {'line': b'-- Up-to-date: /home/cc/ee106a/sp26/class/ee106a-aac/ros_workspaces/lab1/install/my_chatter_msgs/share/my_chatter_msgs/local_setup.dsv\n'}
[1.864042] (my_chatter_msgs) StdoutLine: {'line': b'-- Installing: /home/cc/ee106a/sp26/class/ee106a-aac/ros_workspaces/lab1/install/my_chatter_msgs/share/my_chatter_msgs/package.dsv\n'}
[1.864408] (chatter) StdoutLine: {'line': b'writing dependency_links to ../../build/chatter/chatter.egg-info/dependency_links.txt\n'}
[1.866143] (chatter) StdoutLine: {'line': b'writing entry points to ../../build/chatter/chatter.egg-info/entry_points.txt\n'}
[1.867672] (chatter) StdoutLine: {'line': b'writing requirements to ../../build/chatter/chatter.egg-info/requires.txt\n'}
[1.868762] (chatter) StdoutLine: {'line': b'writing top-level names to ../../build/chatter/chatter.egg-info/top_level.txt\n'}
[1.875661] (chatter) StdoutLine: {'line': b"reading manifest file '../../build/chatter/chatter.egg-info/SOURCES.txt'\n"}
[1.877384] (my_chatter_msgs) StdoutLine: {'line': b'-- Up-to-date: /home/cc/ee106a/sp26/class/ee106a-aac/ros_workspaces/lab1/install/my_chatter_msgs/share/ament_index/resource_index/packages/my_chatter_msgs\n'}
[1.878643] (chatter) StdoutLine: {'line': b"writing manifest file '../../build/chatter/chatter.egg-info/SOURCES.txt'\n"}
[1.880230] (chatter) StdoutLine: {'line': b'running build\n'}
[1.880275] (chatter) StdoutLine: {'line': b'running build_py\n'}
[1.884093] (chatter) StdoutLine: {'line': b'running install\n'}
[1.884346] (chatter) StdoutLine: {'line': b'running install_lib\n'}
[1.884972] (my_chatter_msgs) StdoutLine: {'line': b'-- Up-to-date: /home/cc/ee106a/sp26/class/ee106a-aac/ros_workspaces/lab1/install/my_chatter_msgs/share/my_chatter_msgs/cmake/export_my_chatter_msgs__rosidl_generator_cExport.cmake\n'}
[1.886507] (my_chatter_msgs) StdoutLine: {'line': b'-- Up-to-date: /home/cc/ee106a/sp26/class/ee106a-aac/ros_workspaces/lab1/install/my_chatter_msgs/share/my_chatter_msgs/cmake/export_my_chatter_msgs__rosidl_generator_cExport-noconfig.cmake\n'}
[1.890316] (chatter) StdoutLine: {'line': b'running install_data\n'}
[1.890757] (my_chatter_msgs) StdoutLine: {'line': b'-- Up-to-date: /home/cc/ee106a/sp26/class/ee106a-aac/ros_workspaces/lab1/install/my_chatter_msgs/share/my_chatter_msgs/cmake/export_my_chatter_msgs__rosidl_typesupport_fastrtps_cExport.cmake\n'}
[1.892079] (my_chatter_msgs) StdoutLine: {'line': b'-- Up-to-date: /home/cc/ee106a/sp26/class/ee106a-aac/ros_workspaces/lab1/install/my_chatter_msgs/share/my_chatter_msgs/cmake/export_my_chatter_msgs__rosidl_typesupport_fastrtps_cExport-noconfig.cmake\n'}
[1.892877] (chatter) StdoutLine: {'line': b'running install_egg_info\n'}
[1.894896] (chatter) StdoutLine: {'line': b"removing '/home/cc/ee106a/sp26/class/ee106a-aac/ros_workspaces/lab1/install/chatter/lib/python3.10/site-packages/chatter-0.0.0-py3.10.egg-info' (and everything under it)\n"}
[1.899057] (chatter) StdoutLine: {'line': b'Copying ../../build/chatter/chatter.egg-info to /home/cc/ee106a/sp26/class/ee106a-aac/ros_workspaces/lab1/install/chatter/lib/python3.10/site-packages/chatter-0.0.0-py3.10.egg-info\n'}
[1.902515] (-) TimerEvent: {}
[1.915234] (my_chatter_msgs) StdoutLine: {'line': b'-- Up-to-date: /home/cc/ee106a/sp26/class/ee106a-aac/ros_workspaces/lab1/install/my_chatter_msgs/share/my_chatter_msgs/cmake/my_chatter_msgs__rosidl_typesupport_introspection_cExport.cmake\n'}
[1.916615] (my_chatter_msgs) StdoutLine: {'line': b'-- Up-to-date: /home/cc/ee106a/sp26/class/ee106a-aac/ros_workspaces/lab1/install/my_chatter_msgs/share/my_chatter_msgs/cmake/my_chatter_msgs__rosidl_typesupport_introspection_cExport-noconfig.cmake\n'}
[1.922768] (my_chatter_msgs) StdoutLine: {'line': b'-- Up-to-date: /home/cc/ee106a/sp26/class/ee106a-aac/ros_workspaces/lab1/install/my_chatter_msgs/share/my_chatter_msgs/cmake/my_chatter_msgs__rosidl_typesupport_cExport.cmake\n'}
[1.924553] (my_chatter_msgs) StdoutLine: {'line': b'-- Up-to-date: /home/cc/ee106a/sp26/class/ee106a-aac/ros_workspaces/lab1/install/my_chatter_msgs/share/my_chatter_msgs/cmake/my_chatter_msgs__rosidl_typesupport_cExport-noconfig.cmake\n'}
[1.929245] (my_chatter_msgs) StdoutLine: {'line': b'-- Up-to-date: /home/cc/ee106a/sp26/class/ee106a-aac/ros_workspaces/lab1/install/my_chatter_msgs/share/my_chatter_msgs/cmake/export_my_chatter_msgs__rosidl_generator_cppExport.cmake\n'}
[1.933956] (chatter) StdoutLine: {'line': b'running install_scripts\n'}
[1.934599] (my_chatter_msgs) StdoutLine: {'line': b'-- Up-to-date: /home/cc/ee106a/sp26/class/ee106a-aac/ros_workspaces/lab1/install/my_chatter_msgs/share/my_chatter_msgs/cmake/export_my_chatter_msgs__rosidl_typesupport_fastrtps_cppExport.cmake\n'}
[1.935714] (my_chatter_msgs) StdoutLine: {'line': b'-- Up-to-date: /home/cc/ee106a/sp26/class/ee106a-aac/ros_workspaces/lab1/install/my_chatter_msgs/share/my_chatter_msgs/cmake/export_my_chatter_msgs__rosidl_typesupport_fastrtps_cppExport-noconfig.cmake\n'}
[1.940741] (my_chatter_msgs) StdoutLine: {'line': b'-- Up-to-date: /home/cc/ee106a/sp26/class/ee106a-aac/ros_workspaces/lab1/install/my_chatter_msgs/share/my_chatter_msgs/cmake/my_chatter_msgs__rosidl_typesupport_introspection_cppExport.cmake\n'}
[1.942218] (my_chatter_msgs) StdoutLine: {'line': b'-- Up-to-date: /home/cc/ee106a/sp26/class/ee106a-aac/ros_workspaces/lab1/install/my_chatter_msgs/share/my_chatter_msgs/cmake/my_chatter_msgs__rosidl_typesupport_introspection_cppExport-noconfig.cmake\n'}
[1.955725] (my_chatter_msgs) StdoutLine: {'line': b'-- Up-to-date: /home/cc/ee106a/sp26/class/ee106a-aac/ros_workspaces/lab1/install/my_chatter_msgs/share/my_chatter_msgs/cmake/my_chatter_msgs__rosidl_typesupport_cppExport.cmake\n'}
[1.957240] (my_chatter_msgs) StdoutLine: {'line': b'-- Up-to-date: /home/cc/ee106a/sp26/class/ee106a-aac/ros_workspaces/lab1/install/my_chatter_msgs/share/my_chatter_msgs/cmake/my_chatter_msgs__rosidl_typesupport_cppExport-noconfig.cmake\n'}
[1.961872] (my_chatter_msgs) StdoutLine: {'line': b'-- Up-to-date: /home/cc/ee106a/sp26/class/ee106a-aac/ros_workspaces/lab1/install/my_chatter_msgs/share/my_chatter_msgs/cmake/export_my_chatter_msgs__rosidl_generator_pyExport.cmake\n'}
[1.963287] (my_chatter_msgs) StdoutLine: {'line': b'-- Up-to-date: /home/cc/ee106a/sp26/class/ee106a-aac/ros_workspaces/lab1/install/my_chatter_msgs/share/my_chatter_msgs/cmake/export_my_chatter_msgs__rosidl_generator_pyExport-noconfig.cmake\n'}
[1.963945] (my_chatter_msgs) StdoutLine: {'line': b'-- Up-to-date: /home/cc/ee106a/sp26/class/ee106a-aac/ros_workspaces/lab1/install/my_chatter_msgs/share/my_chatter_msgs/cmake/rosidl_cmake-extras.cmake\n'}
[1.964622] (my_chatter_msgs) StdoutLine: {'line': b'-- Up-to-date: /home/cc/ee106a/sp26/class/ee106a-aac/ros_workspaces/lab1/install/my_chatter_msgs/share/my_chatter_msgs/cmake/ament_cmake_export_include_directories-extras.cmake\n'}
[1.965284] (my_chatter_msgs) StdoutLine: {'line': b'-- Up-to-date: /home/cc/ee106a/sp26/class/ee106a-aac/ros_workspaces/lab1/install/my_chatter_msgs/share/my_chatter_msgs/cmake/ament_cmake_export_libraries-extras.cmake\n'}
[1.965957] (my_chatter_msgs) StdoutLine: {'line': b'-- Up-to-date: /home/cc/ee106a/sp26/class/ee106a-aac/ros_workspaces/lab1/install/my_chatter_msgs/share/my_chatter_msgs/cmake/ament_cmake_export_targets-extras.cmake\n'}
[1.966684] (my_chatter_msgs) StdoutLine: {'line': b'-- Up-to-date: /home/cc/ee106a/sp26/class/ee106a-aac/ros_workspaces/lab1/install/my_chatter_msgs/share/my_chatter_msgs/cmake/rosidl_cmake_export_typesupport_targets-extras.cmake\n'}
[1.967443] (my_chatter_msgs) StdoutLine: {'line': b'-- Up-to-date: /home/cc/ee106a/sp26/class/ee106a-aac/ros_workspaces/lab1/install/my_chatter_msgs/share/my_chatter_msgs/cmake/ament_cmake_export_dependencies-extras.cmake\n'}
[1.968096] (my_chatter_msgs) StdoutLine: {'line': b'-- Up-to-date: /home/cc/ee106a/sp26/class/ee106a-aac/ros_workspaces/lab1/install/my_chatter_msgs/share/my_chatter_msgs/cmake/rosidl_cmake_export_typesupport_libraries-extras.cmake\n'}
[1.968840] (my_chatter_msgs) StdoutLine: {'line': b'-- Up-to-date: /home/cc/ee106a/sp26/class/ee106a-aac/ros_workspaces/lab1/install/my_chatter_msgs/share/my_chatter_msgs/cmake/my_chatter_msgsConfig.cmake\n'}
[1.969507] (my_chatter_msgs) StdoutLine: {'line': b'-- Up-to-date: /home/cc/ee106a/sp26/class/ee106a-aac/ros_workspaces/lab1/install/my_chatter_msgs/share/my_chatter_msgs/cmake/my_chatter_msgsConfig-version.cmake\n'}
[1.970098] (chatter) StdoutLine: {'line': b'Installing listener script to /home/cc/ee106a/sp26/class/ee106a-aac/ros_workspaces/lab1/install/chatter/lib/chatter\n'}
[1.970439] (my_chatter_msgs) StdoutLine: {'line': b'-- Up-to-date: /home/cc/ee106a/sp26/class/ee106a-aac/ros_workspaces/lab1/install/my_chatter_msgs/share/my_chatter_msgs/package.xml\n'}
[1.973833] (chatter) StdoutLine: {'line': b'Installing talker script to /home/cc/ee106a/sp26/class/ee106a-aac/ros_workspaces/lab1/install/chatter/lib/chatter\n'}
[1.976834] (chatter) StdoutLine: {'line': b"writing list of installed files to '/home/cc/ee106a/sp26/class/ee106a-aac/ros_workspaces/lab1/build/chatter/install.log'\n"}
[1.977236] (my_chatter_msgs) CommandEnded: {'returncode': 0}
[2.002567] (-) TimerEvent: {}
[2.071512] (my_chatter_msgs) JobEnded: {'identifier': 'my_chatter_msgs', 'rc': 0}
[2.078320] (my_chatter) JobStarted: {'identifier': 'my_chatter'}
[2.105470] (-) TimerEvent: {}
[2.107686] (chatter) CommandEnded: {'returncode': 0}
[2.155926] (chatter) JobEnded: {'identifier': 'chatter', 'rc': 0}
[2.205659] (-) TimerEvent: {}
[2.305917] (-) TimerEvent: {}
[2.406228] (-) TimerEvent: {}
[2.506426] (-) TimerEvent: {}
[2.606592] (-) TimerEvent: {}
[2.706754] (-) TimerEvent: {}
[2.806927] (-) TimerEvent: {}
[2.826515] (my_chatter) Command: {'cmd': ['/usr/bin/python3', '-W', 'ignore:setup.py install is deprecated', '-W', 'ignore:easy_install command is deprecated', 'setup.py', 'egg_info', '--egg-base', '../../build/my_chatter', 'build', '--build-base', '/home/cc/ee106a/sp26/class/ee106a-aac/ros_workspaces/lab1/build/my_chatter/build', 'install', '--record', '/home/cc/ee106a/sp26/class/ee106a-aac/ros_workspaces/lab1/build/my_chatter/install.log', '--single-version-externally-managed', 'install_data'], 'cwd': '/home/cc/ee106a/sp26/class/ee106a-aac/ros_workspaces/lab1/src/my_chatter', 'env': {'ARCH': 'x86_64', 'QT_SCALE_FACTOR': '1', 'USER': 'ee106a-aac', 'HOSTNAME': 'ros2', 'XDG_SESSION_TYPE': 'x11', 'MASTERDIR': '/home/ff/ee106a', 'COMPIZ_CONFIG_PROFILE': 'mate', 'XDG_CACHE_HOME': '/home/cc/ee106a/sp26/class/ee106a-aac/.cache', 'SHLVL': '2', 'LD_LIBRARY_PATH': '/home/cc/ee106a/sp26/class/ee106a-aac/ros_workspaces/lab1/install/my_chatter_msgs/lib:/usr/lib/x86_64-linux-gnu/gazebo-11/plugins:/opt/ros/humble/opt/rviz_ogre_vendor/lib:/opt/ros/humble/lib/x86_64-linux-gnu:/opt/ros/humble/lib', 'HOME': '/home/cc/ee106a/sp26/class/ee106a-aac', 'OLDPWD': '/home/cc/ee106a/sp26/class/ee106a-aac/ros_workspaces', 'DESKTOP_SESSION': 'mate', 'ROS_PYTHON_VERSION': '3', 'GTK_MODULES': 'gail:atk-bridge:appmenu-gtk-module:gail:atk-bridge:canberra-gtk-module', 'EE106_UR_ROBOT_IP': '192.168.1.100', 'DISTROBOX_ENTER_PATH': '/usr/local/bin/distrobox-enter', 'SYSTEMD_EXEC_PID': '640245', 'NNTPSERVER': 'news.csua.berkeley.edu', 'VISUAL': 'emacs', 'XDG_STATE_HOME': '/home/cc/ee106a/sp26/class/ee106a-aac/.local/state', 'DBUS_SESSION_BUS_ADDRESS': 'unix:path=/run/user/34116/bus', 'COLORTERM': 'truecolor', 'container': 'podman', 'UBUNTU_MENUPROXY': '1', 'QT_QPA_PLATFORMTHEME': 'gtk2', 'COLCON_PREFIX_PATH': '/home/ff/ee106a/robot_workspaces/ur/install', 'ROS_DISTRO': 'humble', 'GTK_IM_MODULE': 'ibus', 'LOGNAME': 'ee106a-aac', 'MASTER': 'ee106a', 'WINDOWID': '37748793', 'ROS_VERSION': '2', 'XDG_SESSION_CLASS': 'user', 'TERMINFO_DIRS': '/usr/share/terminfo:/run/host/usr/share/terminfo', 'USERNAME': 'ee106a-aac', 'TERM': 'xterm-256color', 'GTK_OVERLAY_SCROLLING': '0', 'XDG_SESSION_ID': '3278', 'ROS_LOCALHOST_ONLY': '0', 'WINDOWPATH': '2', 'PATH': '/opt/ros/humble/bin:/share/b/grading/bin:/home/ff/ee106a/bin:/home/ff/ee106a/bin/arch/x86_64:/share/b/grading/bin:/home/ff/ee106a/bin:/home/ff/ee106a/bin/arch/x86_64:/usr/local/sbin:/usr/local/bin:/usr/sbin:/usr/bin:/sbin:/bin:/usr/games:/usr/local/games:/snap/bin:/snap/bin:/share/b/grading/bin:/share/b/grading/sbin:/share/b/runas/x86_64:/share/b/bin:/home/ff/ee106a/venvs/all:/usr/local/sbin:/usr/local/bin:/usr/sbin:/usr/bin:/sbin:/bin:/share/b/grading/bin:/share/b/grading/sbin:/share/b/runas/x86_64:/share/b/bin:/home/ff/ee106a/venvs/all', 'SESSION_MANAGER': 'local/c105-6:@/tmp/.ICE-unix/640322,unix/c105-6:/tmp/.ICE-unix/640322', 'OS': 'Linux', 'XDG_RUNTIME_DIR': '/run/user/34116', 'DISPLAY': ':1', 'LANG': 'en_US.UTF-8', 'XDG_CURRENT_DESKTOP': 'MATE', 'XDG_DATA_HOME': '/home/cc/ee106a/sp26/class/ee106a-aac/.local/share', 'XDG_CONFIG_HOME': '/home/cc/ee106a/sp26/class/ee106a-aac/.config', 'XMODIFIERS': '@im=ibus', 'XDG_SESSION_DESKTOP': 'mate', 'XAUTHORITY': '/run/user/34116/gdm/Xauthority', 'SSH_AUTH_SOCK': '/run/user/34116/keyring/ssh', 'ROS_DOMAIN_ID': '26', 'AMENT_PREFIX_PATH': '/home/cc/ee106a/sp26/class/ee106a-aac/ros_workspaces/lab1/install/my_chatter_msgs:/home/ff/ee106a/robot_workspaces/ur/install/ur7e_utils:/opt/ros/humble', 'SHELL': '/usr/bin/bash', 'QT_ACCESSIBILITY': '1', 'EE106_UR_ROBOT_NAME': 'baymax', 'GDMSESSION': 'mate', 'RUNAS': '/share/b/runas/x86_64', 'GPG_AGENT_INFO': '/run/user/34116/gnupg/S.gpg-agent:0:1', 'CONFIG_SHELL': '/usr/bin/ksh', 'QT_IM_MODULE': 'ibus', 'PWD': '/home/cc/ee106a/sp26/class/ee106a-aac/ros_workspaces/lab1/build/my_chatter', 'EE106_ENV_SETUP': 'ur_ros2', 'CONTAINER_ID': 'ros2', 'LC_ALL': 'C.UTF-8', 'XDG_CONFIG_DIRS': '/etc/xdg/xdg-mate:/etc/xdg', 'CLUTTER_IM_MODULE': 'ibus', 'XDG_DATA_DIRS': '/usr/share/mate:/usr/share/mate:/usr/share/gnome:/home/cc/ee106a/sp26/class/ee106a-aac/.local/share/flatpak/exports/share:/var/lib/flatpak/exports/share:/usr/local/share/:/usr/share/:/var/lib/snapd/desktop:/usr/local/share:/usr/share', 'PYTHONPATH': '/home/cc/ee106a/sp26/class/ee106a-aac/ros_workspaces/lab1/build/my_chatter/prefix_override:/usr/lib/python3/dist-packages/colcon_core/task/python/colcon_distutils_commands:/home/cc/ee106a/sp26/class/ee106a-aac/ros_workspaces/lab1/install/my_chatter/lib/python3.10/site-packages:/home/cc/ee106a/sp26/class/ee106a-aac/ros_workspaces/lab1/install/my_chatter_msgs/local/lib/python3.10/dist-packages:/home/ff/ee106a/robot_workspaces/ur/install/ur7e_utils/lib/python3.10/site-packages:/opt/ros/humble/lib/python3.10/site-packages:/opt/ros/humble/local/lib/python3.10/dist-packages', 'MATE_DESKTOP_SESSION_ID': 'this-is-deprecated', 'COLCON': '1', 'MANPATH': '/usr/local/man:/usr/man:/usr/X11/man:/usr/local/man:/share/b/grading/man:/usr/local/man:/usr/man:/usr/X11/man:/usr/local/man:/share/b/grading/man:', 'VTE_VERSION': '6800', 'EDITOR': 'emacs', 'QT_FONT_DPI': '122', 'CMAKE_PREFIX_PATH': '/home/cc/ee106a/sp26/class/ee106a-aac/ros_workspaces/lab1/install/my_chatter_msgs'}, 'shell': False}
[2.907041] (-) TimerEvent: {}
[3.007285] (-) TimerEvent: {}
[3.024449] (my_chatter) StdoutLine: {'line': b'running egg_info\n'}
[3.025359] (my_chatter) StdoutLine: {'line': b'writing ../../build/my_chatter/my_chatter.egg-info/PKG-INFO\n'}
[3.027923] (my_chatter) StdoutLine: {'line': b'writing dependency_links to ../../build/my_chatter/my_chatter.egg-info/dependency_links.txt\n'}
[3.029430] (my_chatter) StdoutLine: {'line': b'writing entry points to ../../build/my_chatter/my_chatter.egg-info/entry_points.txt\n'}
[3.030770] (my_chatter) StdoutLine: {'line': b'writing requirements to ../../build/my_chatter/my_chatter.egg-info/requires.txt\n'}
[3.031868] (my_chatter) StdoutLine: {'line': b'writing top-level names to ../../build/my_chatter/my_chatter.egg-info/top_level.txt\n'}
[3.038555] (my_chatter) StdoutLine: {'line': b"reading manifest file '../../build/my_chatter/my_chatter.egg-info/SOURCES.txt'\n"}
[3.054715] (my_chatter) StdoutLine: {'line': b"writing manifest file '../../build/my_chatter/my_chatter.egg-info/SOURCES.txt'\n"}
[3.056391] (my_chatter) StdoutLine: {'line': b'running build\n'}
[3.056614] (my_chatter) StdoutLine: {'line': b'running build_py\n'}
[3.060265] (my_chatter) StdoutLine: {'line': b'running install\n'}
[3.060784] (my_chatter) StdoutLine: {'line': b'running install_lib\n'}
[3.082064] (my_chatter) StdoutLine: {'line': b'running install_data\n'}
[3.084700] (my_chatter) StdoutLine: {'line': b'running install_egg_info\n'}
[3.087921] (my_chatter) StdoutLine: {'line': b"removing '/home/cc/ee106a/sp26/class/ee106a-aac/ros_workspaces/lab1/install/my_chatter/lib/python3.10/site-packages/my_chatter-0.0.0-py3.10.egg-info' (and everything under it)\n"}
[3.092701] (my_chatter) StdoutLine: {'line': b'Copying ../../build/my_chatter/my_chatter.egg-info to /home/cc/ee106a/sp26/class/ee106a-aac/ros_workspaces/lab1/install/my_chatter/lib/python3.10/site-packages/my_chatter-0.0.0-py3.10.egg-info\n'}
[3.107490] (-) TimerEvent: {}
[3.123514] (my_chatter) StdoutLine: {'line': b'running install_scripts\n'}
[3.151540] (my_chatter) StdoutLine: {'line': b'Installing my_listener script to /home/cc/ee106a/sp26/class/ee106a-aac/ros_workspaces/lab1/install/my_chatter/lib/my_chatter\n'}
[3.170527] (my_chatter) StdoutLine: {'line': b'Installing my_talker script to /home/cc/ee106a/sp26/class/ee106a-aac/ros_workspaces/lab1/install/my_chatter/lib/my_chatter\n'}
[3.173386] (my_chatter) StdoutLine: {'line': b"writing list of installed files to '/home/cc/ee106a/sp26/class/ee106a-aac/ros_workspaces/lab1/build/my_chatter/install.log'\n"}
[3.195126] (my_chatter) CommandEnded: {'returncode': 0}
[3.207570] (-) TimerEvent: {}
[3.240362] (my_chatter) JobEnded: {'identifier': 'my_chatter', 'rc': 0}
[3.246216] (-) EventReactorShutdown: {}
