[0.242s] DEBUG:colcon:Command line arguments: ['/usr/bin/colcon', 'build']
[0.242s] DEBUG:colcon:Parsed command line arguments: Namespace(log_base=None, log_level=None, verb_name='build', build_base='build', install_base='install', merge_install=False, symlink_install=False, test_result_base=None, continue_on_error=False, executor='parallel', parallel_workers=32, event_handlers=None, ignore_user_meta=False, metas=['./colcon.meta'], base_paths=['.'], packages_ignore=None, packages_ignore_regex=None, paths=None, packages_up_to=None, packages_up_to_regex=None, packages_above=None, packages_above_and_dependencies=None, packages_above_depth=None, packages_select_by_dep=None, packages_skip_by_dep=None, packages_skip_up_to=None, packages_select_build_failed=False, packages_skip_build_finished=False, packages_select_test_failures=False, packages_skip_test_passed=False, packages_select=None, packages_skip=None, packages_select_regex=None, packages_skip_regex=None, packages_start=None, packages_end=None, cmake_args=None, cmake_target=None, cmake_target_skip_unavailable=False, cmake_clean_cache=False, cmake_clean_first=False, cmake_force_configure=False, ament_cmake_args=None, catkin_cmake_args=None, catkin_skip_building_tests=False, mixin_files=None, mixin=None, verb_parser=<colcon_mixin.mixin.mixin_argument.MixinArgumentDecorator object at 0x7f55c6fbf100>, verb_extension=<colcon_core.verb.build.BuildVerb object at 0x7f55c71080d0>, main=<bound method BuildVerb.main of <colcon_core.verb.build.BuildVerb object at 0x7f55c71080d0>>, mixin_verb=('build',))
[0.562s] Level 1:colcon.colcon_core.package_discovery:discover_packages(colcon_meta) check parameters
[0.563s] Level 1:colcon.colcon_core.package_discovery:discover_packages(recursive) check parameters
[0.563s] Level 1:colcon.colcon_core.package_discovery:discover_packages(ignore) check parameters
[0.563s] Level 1:colcon.colcon_core.package_discovery:discover_packages(path) check parameters
[0.563s] Level 1:colcon.colcon_core.package_discovery:discover_packages(colcon_meta) discover
[0.563s] Level 1:colcon.colcon_core.package_discovery:discover_packages(recursive) discover
[0.563s] INFO:colcon.colcon_core.package_discovery:Crawling recursively for packages in '/home/cc/ee106a/sp26/class/ee106a-aac/ros_workspaces/lab2'
[0.563s] Level 1:colcon.colcon_core.package_identification:_identify(.) by extensions ['ignore', 'ignore_ament_install']
[0.563s] Level 1:colcon.colcon_core.package_identification:_identify(.) by extension 'ignore'
[0.563s] Level 1:colcon.colcon_core.package_identification:_identify(.) by extension 'ignore_ament_install'
[0.564s] Level 1:colcon.colcon_core.package_identification:_identify(.) by extensions ['colcon_pkg']
[0.564s] Level 1:colcon.colcon_core.package_identification:_identify(.) by extension 'colcon_pkg'
[0.564s] Level 1:colcon.colcon_core.package_identification:_identify(.) by extensions ['colcon_meta']
[0.564s] Level 1:colcon.colcon_core.package_identification:_identify(.) by extension 'colcon_meta'
[0.564s] Level 1:colcon.colcon_core.package_identification:_identify(.) by extensions ['ros']
[0.564s] Level 1:colcon.colcon_core.package_identification:_identify(.) by extension 'ros'
[0.574s] Level 1:colcon.colcon_core.package_identification:_identify(.) by extensions ['cmake', 'python']
[0.575s] Level 1:colcon.colcon_core.package_identification:_identify(.) by extension 'cmake'
[0.575s] Level 1:colcon.colcon_core.package_identification:_identify(.) by extension 'python'
[0.575s] Level 1:colcon.colcon_core.package_identification:_identify(.) by extensions ['python_setup_py']
[0.575s] Level 1:colcon.colcon_core.package_identification:_identify(.) by extension 'python_setup_py'
[0.576s] Level 1:colcon.colcon_core.package_identification:_identify(build) by extensions ['ignore', 'ignore_ament_install']
[0.576s] Level 1:colcon.colcon_core.package_identification:_identify(build) by extension 'ignore'
[0.576s] Level 1:colcon.colcon_core.package_identification:_identify(build) ignored
[0.576s] Level 1:colcon.colcon_core.package_identification:_identify(install) by extensions ['ignore', 'ignore_ament_install']
[0.576s] Level 1:colcon.colcon_core.package_identification:_identify(install) by extension 'ignore'
[0.576s] Level 1:colcon.colcon_core.package_identification:_identify(install) ignored
[0.578s] Level 1:colcon.colcon_core.package_identification:_identify(log) by extensions ['ignore', 'ignore_ament_install']
[0.578s] Level 1:colcon.colcon_core.package_identification:_identify(log) by extension 'ignore'
[0.578s] Level 1:colcon.colcon_core.package_identification:_identify(log) ignored
[0.578s] Level 1:colcon.colcon_core.package_identification:_identify(src) by extensions ['ignore', 'ignore_ament_install']
[0.578s] Level 1:colcon.colcon_core.package_identification:_identify(src) by extension 'ignore'
[0.578s] Level 1:colcon.colcon_core.package_identification:_identify(src) by extension 'ignore_ament_install'
[0.579s] Level 1:colcon.colcon_core.package_identification:_identify(src) by extensions ['colcon_pkg']
[0.579s] Level 1:colcon.colcon_core.package_identification:_identify(src) by extension 'colcon_pkg'
[0.579s] Level 1:colcon.colcon_core.package_identification:_identify(src) by extensions ['colcon_meta']
[0.579s] Level 1:colcon.colcon_core.package_identification:_identify(src) by extension 'colcon_meta'
[0.579s] Level 1:colcon.colcon_core.package_identification:_identify(src) by extensions ['ros']
[0.579s] Level 1:colcon.colcon_core.package_identification:_identify(src) by extension 'ros'
[0.580s] Level 1:colcon.colcon_core.package_identification:_identify(src) by extensions ['cmake', 'python']
[0.580s] Level 1:colcon.colcon_core.package_identification:_identify(src) by extension 'cmake'
[0.580s] Level 1:colcon.colcon_core.package_identification:_identify(src) by extension 'python'
[0.580s] Level 1:colcon.colcon_core.package_identification:_identify(src) by extensions ['python_setup_py']
[0.580s] Level 1:colcon.colcon_core.package_identification:_identify(src) by extension 'python_setup_py'
[0.581s] Level 1:colcon.colcon_core.package_identification:_identify(src/lab2_turtlesim) by extensions ['ignore', 'ignore_ament_install']
[0.581s] Level 1:colcon.colcon_core.package_identification:_identify(src/lab2_turtlesim) by extension 'ignore'
[0.581s] Level 1:colcon.colcon_core.package_identification:_identify(src/lab2_turtlesim) by extension 'ignore_ament_install'
[0.582s] Level 1:colcon.colcon_core.package_identification:_identify(src/lab2_turtlesim) by extensions ['colcon_pkg']
[0.582s] Level 1:colcon.colcon_core.package_identification:_identify(src/lab2_turtlesim) by extension 'colcon_pkg'
[0.582s] Level 1:colcon.colcon_core.package_identification:_identify(src/lab2_turtlesim) by extensions ['colcon_meta']
[0.582s] Level 1:colcon.colcon_core.package_identification:_identify(src/lab2_turtlesim) by extension 'colcon_meta'
[0.582s] Level 1:colcon.colcon_core.package_identification:_identify(src/lab2_turtlesim) by extensions ['ros']
[0.582s] Level 1:colcon.colcon_core.package_identification:_identify(src/lab2_turtlesim) by extension 'ros'
[0.585s] DEBUG:colcon.colcon_core.package_identification:Package 'src/lab2_turtlesim' with type 'ros.ament_python' and name 'lab2_turtlesim'
[0.586s] Level 1:colcon.colcon_core.package_identification:_identify(src/turtle_patrol) by extensions ['ignore', 'ignore_ament_install']
[0.586s] Level 1:colcon.colcon_core.package_identification:_identify(src/turtle_patrol) by extension 'ignore'
[0.586s] Level 1:colcon.colcon_core.package_identification:_identify(src/turtle_patrol) by extension 'ignore_ament_install'
[0.587s] Level 1:colcon.colcon_core.package_identification:_identify(src/turtle_patrol) by extensions ['colcon_pkg']
[0.587s] Level 1:colcon.colcon_core.package_identification:_identify(src/turtle_patrol) by extension 'colcon_pkg'
[0.587s] Level 1:colcon.colcon_core.package_identification:_identify(src/turtle_patrol) by extensions ['colcon_meta']
[0.587s] Level 1:colcon.colcon_core.package_identification:_identify(src/turtle_patrol) by extension 'colcon_meta'
[0.587s] Level 1:colcon.colcon_core.package_identification:_identify(src/turtle_patrol) by extensions ['ros']
[0.587s] Level 1:colcon.colcon_core.package_identification:_identify(src/turtle_patrol) by extension 'ros'
[0.589s] DEBUG:colcon.colcon_core.package_identification:Package 'src/turtle_patrol' with type 'ros.ament_python' and name 'turtle_patrol'
[0.589s] Level 1:colcon.colcon_core.package_identification:_identify(src/turtle_patrol_interface) by extensions ['ignore', 'ignore_ament_install']
[0.589s] Level 1:colcon.colcon_core.package_identification:_identify(src/turtle_patrol_interface) by extension 'ignore'
[0.590s] Level 1:colcon.colcon_core.package_identification:_identify(src/turtle_patrol_interface) by extension 'ignore_ament_install'
[0.590s] Level 1:colcon.colcon_core.package_identification:_identify(src/turtle_patrol_interface) by extensions ['colcon_pkg']
[0.590s] Level 1:colcon.colcon_core.package_identification:_identify(src/turtle_patrol_interface) by extension 'colcon_pkg'
[0.590s] Level 1:colcon.colcon_core.package_identification:_identify(src/turtle_patrol_interface) by extensions ['colcon_meta']
[0.590s] Level 1:colcon.colcon_core.package_identification:_identify(src/turtle_patrol_interface) by extension 'colcon_meta'
[0.590s] Level 1:colcon.colcon_core.package_identification:_identify(src/turtle_patrol_interface) by extensions ['ros']
[0.590s] Level 1:colcon.colcon_core.package_identification:_identify(src/turtle_patrol_interface) by extension 'ros'
[0.592s] DEBUG:colcon.colcon_core.package_identification:Package 'src/turtle_patrol_interface' with type 'ros.ament_cmake' and name 'turtle_patrol_interface'
[0.592s] Level 1:colcon.colcon_core.package_discovery:discover_packages(recursive) using defaults
[0.592s] Level 1:colcon.colcon_core.package_discovery:discover_packages(ignore) discover
[0.592s] Level 1:colcon.colcon_core.package_discovery:discover_packages(ignore) using defaults
[0.592s] Level 1:colcon.colcon_core.package_discovery:discover_packages(path) discover
[0.592s] Level 1:colcon.colcon_core.package_discovery:discover_packages(path) using defaults
[0.622s] Level 5:colcon.colcon_core.verb:set package 'lab2_turtlesim' build argument 'cmake_args' from command line to 'None'
[0.622s] Level 5:colcon.colcon_core.verb:set package 'lab2_turtlesim' build argument 'cmake_target' from command line to 'None'
[0.623s] Level 5:colcon.colcon_core.verb:set package 'lab2_turtlesim' build argument 'cmake_target_skip_unavailable' from command line to 'False'
[0.623s] Level 5:colcon.colcon_core.verb:set package 'lab2_turtlesim' build argument 'cmake_clean_cache' from command line to 'False'
[0.623s] Level 5:colcon.colcon_core.verb:set package 'lab2_turtlesim' build argument 'cmake_clean_first' from command line to 'False'
[0.623s] Level 5:colcon.colcon_core.verb:set package 'lab2_turtlesim' build argument 'cmake_force_configure' from command line to 'False'
[0.623s] Level 5:colcon.colcon_core.verb:set package 'lab2_turtlesim' build argument 'ament_cmake_args' from command line to 'None'
[0.623s] Level 5:colcon.colcon_core.verb:set package 'lab2_turtlesim' build argument 'catkin_cmake_args' from command line to 'None'
[0.623s] Level 5:colcon.colcon_core.verb:set package 'lab2_turtlesim' build argument 'catkin_skip_building_tests' from command line to 'False'
[0.623s] DEBUG:colcon.colcon_core.verb:Building package 'lab2_turtlesim' with the following arguments: {'ament_cmake_args': None, 'build_base': '/home/cc/ee106a/sp26/class/ee106a-aac/ros_workspaces/lab2/build/lab2_turtlesim', 'catkin_cmake_args': None, 'catkin_skip_building_tests': False, 'cmake_args': None, 'cmake_clean_cache': False, 'cmake_clean_first': False, 'cmake_force_configure': False, 'cmake_target': None, 'cmake_target_skip_unavailable': False, 'install_base': '/home/cc/ee106a/sp26/class/ee106a-aac/ros_workspaces/lab2/install/lab2_turtlesim', 'merge_install': False, 'path': '/home/cc/ee106a/sp26/class/ee106a-aac/ros_workspaces/lab2/src/lab2_turtlesim', 'symlink_install': False, 'test_result_base': None}
[0.623s] Level 5:colcon.colcon_core.verb:set package 'turtle_patrol' build argument 'cmake_args' from command line to 'None'
[0.623s] Level 5:colcon.colcon_core.verb:set package 'turtle_patrol' build argument 'cmake_target' from command line to 'None'
[0.623s] Level 5:colcon.colcon_core.verb:set package 'turtle_patrol' build argument 'cmake_target_skip_unavailable' from command line to 'False'
[0.623s] Level 5:colcon.colcon_core.verb:set package 'turtle_patrol' build argument 'cmake_clean_cache' from command line to 'False'
[0.623s] Level 5:colcon.colcon_core.verb:set package 'turtle_patrol' build argument 'cmake_clean_first' from command line to 'False'
[0.623s] Level 5:colcon.colcon_core.verb:set package 'turtle_patrol' build argument 'cmake_force_configure' from command line to 'False'
[0.623s] Level 5:colcon.colcon_core.verb:set package 'turtle_patrol' build argument 'ament_cmake_args' from command line to 'None'
[0.623s] Level 5:colcon.colcon_core.verb:set package 'turtle_patrol' build argument 'catkin_cmake_args' from command line to 'None'
[0.623s] Level 5:colcon.colcon_core.verb:set package 'turtle_patrol' build argument 'catkin_skip_building_tests' from command line to 'False'
[0.623s] DEBUG:colcon.colcon_core.verb:Building package 'turtle_patrol' with the following arguments: {'ament_cmake_args': None, 'build_base': '/home/cc/ee106a/sp26/class/ee106a-aac/ros_workspaces/lab2/build/turtle_patrol', 'catkin_cmake_args': None, 'catkin_skip_building_tests': False, 'cmake_args': None, 'cmake_clean_cache': False, 'cmake_clean_first': False, 'cmake_force_configure': False, 'cmake_target': None, 'cmake_target_skip_unavailable': False, 'install_base': '/home/cc/ee106a/sp26/class/ee106a-aac/ros_workspaces/lab2/install/turtle_patrol', 'merge_install': False, 'path': '/home/cc/ee106a/sp26/class/ee106a-aac/ros_workspaces/lab2/src/turtle_patrol', 'symlink_install': False, 'test_result_base': None}
[0.623s] Level 5:colcon.colcon_core.verb:set package 'turtle_patrol_interface' build argument 'cmake_args' from command line to 'None'
[0.623s] Level 5:colcon.colcon_core.verb:set package 'turtle_patrol_interface' build argument 'cmake_target' from command line to 'None'
[0.623s] Level 5:colcon.colcon_core.verb:set package 'turtle_patrol_interface' build argument 'cmake_target_skip_unavailable' from command line to 'False'
[0.623s] Level 5:colcon.colcon_core.verb:set package 'turtle_patrol_interface' build argument 'cmake_clean_cache' from command line to 'False'
[0.623s] Level 5:colcon.colcon_core.verb:set package 'turtle_patrol_interface' build argument 'cmake_clean_first' from command line to 'False'
[0.623s] Level 5:colcon.colcon_core.verb:set package 'turtle_patrol_interface' build argument 'cmake_force_configure' from command line to 'False'
[0.623s] Level 5:colcon.colcon_core.verb:set package 'turtle_patrol_interface' build argument 'ament_cmake_args' from command line to 'None'
[0.623s] Level 5:colcon.colcon_core.verb:set package 'turtle_patrol_interface' build argument 'catkin_cmake_args' from command line to 'None'
[0.623s] Level 5:colcon.colcon_core.verb:set package 'turtle_patrol_interface' build argument 'catkin_skip_building_tests' from command line to 'False'
[0.623s] DEBUG:colcon.colcon_core.verb:Building package 'turtle_patrol_interface' with the following arguments: {'ament_cmake_args': None, 'build_base': '/home/cc/ee106a/sp26/class/ee106a-aac/ros_workspaces/lab2/build/turtle_patrol_interface', 'catkin_cmake_args': None, 'catkin_skip_building_tests': False, 'cmake_args': None, 'cmake_clean_cache': False, 'cmake_clean_first': False, 'cmake_force_configure': False, 'cmake_target': None, 'cmake_target_skip_unavailable': False, 'install_base': '/home/cc/ee106a/sp26/class/ee106a-aac/ros_workspaces/lab2/install/turtle_patrol_interface', 'merge_install': False, 'path': '/home/cc/ee106a/sp26/class/ee106a-aac/ros_workspaces/lab2/src/turtle_patrol_interface', 'symlink_install': False, 'test_result_base': None}
[0.624s] INFO:colcon.colcon_core.executor:Executing jobs using 'parallel' executor
[0.625s] DEBUG:colcon.colcon_parallel_executor.executor.parallel:run_until_complete
[0.625s] INFO:colcon.colcon_ros.task.ament_python.build:Building ROS package in '/home/cc/ee106a/sp26/class/ee106a-aac/ros_workspaces/lab2/src/lab2_turtlesim' with build type 'ament_python'
[0.625s] Level 1:colcon.colcon_core.shell:create_environment_hook('lab2_turtlesim', 'ament_prefix_path')
[0.630s] INFO:colcon.colcon_core.plugin_system:Skipping extension 'colcon_core.shell.bat': Not used on non-Windows systems
[0.630s] INFO:colcon.colcon_core.shell:Creating environment hook '/home/cc/ee106a/sp26/class/ee106a-aac/ros_workspaces/lab2/install/lab2_turtlesim/share/lab2_turtlesim/hook/ament_prefix_path.ps1'
[0.632s] INFO:colcon.colcon_core.shell:Creating environment descriptor '/home/cc/ee106a/sp26/class/ee106a-aac/ros_workspaces/lab2/install/lab2_turtlesim/share/lab2_turtlesim/hook/ament_prefix_path.dsv'
[0.634s] INFO:colcon.colcon_core.shell:Creating environment hook '/home/cc/ee106a/sp26/class/ee106a-aac/ros_workspaces/lab2/install/lab2_turtlesim/share/lab2_turtlesim/hook/ament_prefix_path.sh'
[0.636s] INFO:colcon.colcon_core.shell:Skip shell extension 'powershell' for command environment: Not usable outside of PowerShell
[0.636s] DEBUG:colcon.colcon_core.shell:Skip shell extension 'dsv' for command environment
[0.667s] INFO:colcon.colcon_ros.task.ament_python.build:Building ROS package in '/home/cc/ee106a/sp26/class/ee106a-aac/ros_workspaces/lab2/src/turtle_patrol' with build type 'ament_python'
[0.667s] Level 1:colcon.colcon_core.shell:create_environment_hook('turtle_patrol', 'ament_prefix_path')
[0.668s] INFO:colcon.colcon_core.shell:Creating environment hook '/home/cc/ee106a/sp26/class/ee106a-aac/ros_workspaces/lab2/install/turtle_patrol/share/turtle_patrol/hook/ament_prefix_path.ps1'
[0.671s] INFO:colcon.colcon_core.shell:Creating environment descriptor '/home/cc/ee106a/sp26/class/ee106a-aac/ros_workspaces/lab2/install/turtle_patrol/share/turtle_patrol/hook/ament_prefix_path.dsv'
[0.674s] INFO:colcon.colcon_core.shell:Creating environment hook '/home/cc/ee106a/sp26/class/ee106a-aac/ros_workspaces/lab2/install/turtle_patrol/share/turtle_patrol/hook/ament_prefix_path.sh'
[0.677s] INFO:colcon.colcon_core.shell:Skip shell extension 'powershell' for command environment: Not usable outside of PowerShell
[0.677s] DEBUG:colcon.colcon_core.shell:Skip shell extension 'dsv' for command environment
[0.691s] INFO:colcon.colcon_ros.task.ament_cmake.build:Building ROS package in '/home/cc/ee106a/sp26/class/ee106a-aac/ros_workspaces/lab2/src/turtle_patrol_interface' with build type 'ament_cmake'
[0.692s] INFO:colcon.colcon_cmake.task.cmake.build:Building CMake package in '/home/cc/ee106a/sp26/class/ee106a-aac/ros_workspaces/lab2/src/turtle_patrol_interface'
[0.692s] INFO:colcon.colcon_core.shell:Skip shell extension 'powershell' for command environment: Not usable outside of PowerShell
[0.692s] DEBUG:colcon.colcon_core.shell:Skip shell extension 'dsv' for command environment
[0.939s] INFO:colcon.colcon_core.task.python.build:Building Python package in '/home/cc/ee106a/sp26/class/ee106a-aac/ros_workspaces/lab2/src/lab2_turtlesim'
[0.940s] INFO:colcon.colcon_core.shell:Skip shell extension 'powershell' for command environment: Not usable outside of PowerShell
[0.940s] DEBUG:colcon.colcon_core.shell:Skip shell extension 'dsv' for command environment
[1.166s] INFO:colcon.colcon_core.task.python.build:Building Python package in '/home/cc/ee106a/sp26/class/ee106a-aac/ros_workspaces/lab2/src/turtle_patrol'
[1.166s] INFO:colcon.colcon_core.shell:Skip shell extension 'powershell' for command environment: Not usable outside of PowerShell
[1.166s] DEBUG:colcon.colcon_core.shell:Skip shell extension 'dsv' for command environment
[1.192s] DEBUG:colcon.colcon_core.event_handler.log_command:Invoking command in '/home/cc/ee106a/sp26/class/ee106a-aac/ros_workspaces/lab2/build/turtle_patrol_interface': CMAKE_PREFIX_PATH=${CMAKE_PREFIX_PATH}:/home/cc/ee106a/sp26/class/ee106a-aac/ros_workspaces/lab2/install/turtle_patrol:/home/cc/ee106a/sp26/class/ee106a-aac/ros_workspaces/lab2/install/lab2_turtlesim:/opt/ros/turtlebot3_ws/install/turtlebot3_teleop:/opt/ros/turtlebot3_ws/install/turtlebot3_example:/opt/ros/humble /usr/bin/cmake --build /home/cc/ee106a/sp26/class/ee106a-aac/ros_workspaces/lab2/build/turtle_patrol_interface -- -j32 -l32
[2.461s] DEBUG:colcon.colcon_core.event_handler.log_command:Invoking command in '/home/cc/ee106a/sp26/class/ee106a-aac/ros_workspaces/lab2/src/lab2_turtlesim': PYTHONPATH=/home/cc/ee106a/sp26/class/ee106a-aac/ros_workspaces/lab2/build/lab2_turtlesim/prefix_override:/usr/lib/python3/dist-packages/colcon_core/task/python/colcon_distutils_commands:/home/cc/ee106a/sp26/class/ee106a-aac/ros_workspaces/lab2/install/lab2_turtlesim/lib/python3.10/site-packages:${PYTHONPATH} /usr/bin/python3 -W ignore:setup.py install is deprecated -W ignore:easy_install command is deprecated setup.py egg_info --egg-base ../../build/lab2_turtlesim build --build-base /home/cc/ee106a/sp26/class/ee106a-aac/ros_workspaces/lab2/build/lab2_turtlesim/build install --record /home/cc/ee106a/sp26/class/ee106a-aac/ros_workspaces/lab2/build/lab2_turtlesim/install.log --single-version-externally-managed install_data
[2.465s] DEBUG:colcon.colcon_core.event_handler.log_command:Invoking command in '/home/cc/ee106a/sp26/class/ee106a-aac/ros_workspaces/lab2/src/turtle_patrol': PYTHONPATH=/home/cc/ee106a/sp26/class/ee106a-aac/ros_workspaces/lab2/build/turtle_patrol/prefix_override:/usr/lib/python3/dist-packages/colcon_core/task/python/colcon_distutils_commands:/home/cc/ee106a/sp26/class/ee106a-aac/ros_workspaces/lab2/install/turtle_patrol/lib/python3.10/site-packages:${PYTHONPATH} /usr/bin/python3 -W ignore:setup.py install is deprecated -W ignore:easy_install command is deprecated setup.py egg_info --egg-base ../../build/turtle_patrol build --build-base /home/cc/ee106a/sp26/class/ee106a-aac/ros_workspaces/lab2/build/turtle_patrol/build install --record /home/cc/ee106a/sp26/class/ee106a-aac/ros_workspaces/lab2/build/turtle_patrol/install.log --single-version-externally-managed install_data
[2.794s] DEBUG:colcon.colcon_core.event_handler.log_command:Invoked command in '/home/cc/ee106a/sp26/class/ee106a-aac/ros_workspaces/lab2/src/lab2_turtlesim' returned '0': PYTHONPATH=/home/cc/ee106a/sp26/class/ee106a-aac/ros_workspaces/lab2/build/lab2_turtlesim/prefix_override:/usr/lib/python3/dist-packages/colcon_core/task/python/colcon_distutils_commands:/home/cc/ee106a/sp26/class/ee106a-aac/ros_workspaces/lab2/install/lab2_turtlesim/lib/python3.10/site-packages:${PYTHONPATH} /usr/bin/python3 -W ignore:setup.py install is deprecated -W ignore:easy_install command is deprecated setup.py egg_info --egg-base ../../build/lab2_turtlesim build --build-base /home/cc/ee106a/sp26/class/ee106a-aac/ros_workspaces/lab2/build/lab2_turtlesim/build install --record /home/cc/ee106a/sp26/class/ee106a-aac/ros_workspaces/lab2/build/lab2_turtlesim/install.log --single-version-externally-managed install_data
[2.799s] Level 1:colcon.colcon_core.environment:checking '/home/cc/ee106a/sp26/class/ee106a-aac/ros_workspaces/lab2/install/lab2_turtlesim' for CMake module files
[2.820s] Level 1:colcon.colcon_core.environment:checking '/home/cc/ee106a/sp26/class/ee106a-aac/ros_workspaces/lab2/install/lab2_turtlesim' for CMake config files
[2.844s] Level 1:colcon.colcon_core.environment:checking '/home/cc/ee106a/sp26/class/ee106a-aac/ros_workspaces/lab2/install/lab2_turtlesim/lib'
[2.844s] Level 1:colcon.colcon_core.environment:checking '/home/cc/ee106a/sp26/class/ee106a-aac/ros_workspaces/lab2/install/lab2_turtlesim/bin'
[2.845s] Level 1:colcon.colcon_core.environment:checking '/home/cc/ee106a/sp26/class/ee106a-aac/ros_workspaces/lab2/install/lab2_turtlesim/lib/pkgconfig/lab2_turtlesim.pc'
[2.845s] Level 1:colcon.colcon_core.environment:checking '/home/cc/ee106a/sp26/class/ee106a-aac/ros_workspaces/lab2/install/lab2_turtlesim/lib/python3.10/site-packages'
[2.846s] Level 1:colcon.colcon_core.shell:create_environment_hook('lab2_turtlesim', 'pythonpath')
[2.846s] INFO:colcon.colcon_core.shell:Creating environment hook '/home/cc/ee106a/sp26/class/ee106a-aac/ros_workspaces/lab2/install/lab2_turtlesim/share/lab2_turtlesim/hook/pythonpath.ps1'
[2.848s] INFO:colcon.colcon_core.shell:Creating environment descriptor '/home/cc/ee106a/sp26/class/ee106a-aac/ros_workspaces/lab2/install/lab2_turtlesim/share/lab2_turtlesim/hook/pythonpath.dsv'
[2.851s] INFO:colcon.colcon_core.shell:Creating environment hook '/home/cc/ee106a/sp26/class/ee106a-aac/ros_workspaces/lab2/install/lab2_turtlesim/share/lab2_turtlesim/hook/pythonpath.sh'
[2.854s] Level 1:colcon.colcon_core.environment:checking '/home/cc/ee106a/sp26/class/ee106a-aac/ros_workspaces/lab2/install/lab2_turtlesim/bin'
[2.854s] Level 1:colcon.colcon_core.environment:create_environment_scripts_only(lab2_turtlesim)
[2.855s] INFO:colcon.colcon_core.shell:Creating package script '/home/cc/ee106a/sp26/class/ee106a-aac/ros_workspaces/lab2/install/lab2_turtlesim/share/lab2_turtlesim/package.ps1'
[2.858s] INFO:colcon.colcon_core.shell:Creating package descriptor '/home/cc/ee106a/sp26/class/ee106a-aac/ros_workspaces/lab2/install/lab2_turtlesim/share/lab2_turtlesim/package.dsv'
[2.862s] INFO:colcon.colcon_core.shell:Creating package script '/home/cc/ee106a/sp26/class/ee106a-aac/ros_workspaces/lab2/install/lab2_turtlesim/share/lab2_turtlesim/package.sh'
[2.865s] INFO:colcon.colcon_core.shell:Creating package script '/home/cc/ee106a/sp26/class/ee106a-aac/ros_workspaces/lab2/install/lab2_turtlesim/share/lab2_turtlesim/package.bash'
[2.868s] INFO:colcon.colcon_core.shell:Creating package script '/home/cc/ee106a/sp26/class/ee106a-aac/ros_workspaces/lab2/install/lab2_turtlesim/share/lab2_turtlesim/package.zsh'
[2.872s] Level 1:colcon.colcon_core.environment:create_file_with_runtime_dependencies(/home/cc/ee106a/sp26/class/ee106a-aac/ros_workspaces/lab2/install/lab2_turtlesim/share/colcon-core/packages/lab2_turtlesim)
[2.875s] Level 1:colcon.colcon_core.environment:checking '/home/cc/ee106a/sp26/class/ee106a-aac/ros_workspaces/lab2/install/turtle_patrol' for CMake module files
[2.881s] DEBUG:colcon.colcon_core.event_handler.log_command:Invoked command in '/home/cc/ee106a/sp26/class/ee106a-aac/ros_workspaces/lab2/src/turtle_patrol' returned '0': PYTHONPATH=/home/cc/ee106a/sp26/class/ee106a-aac/ros_workspaces/lab2/build/turtle_patrol/prefix_override:/usr/lib/python3/dist-packages/colcon_core/task/python/colcon_distutils_commands:/home/cc/ee106a/sp26/class/ee106a-aac/ros_workspaces/lab2/install/turtle_patrol/lib/python3.10/site-packages:${PYTHONPATH} /usr/bin/python3 -W ignore:setup.py install is deprecated -W ignore:easy_install command is deprecated setup.py egg_info --egg-base ../../build/turtle_patrol build --build-base /home/cc/ee106a/sp26/class/ee106a-aac/ros_workspaces/lab2/build/turtle_patrol/build install --record /home/cc/ee106a/sp26/class/ee106a-aac/ros_workspaces/lab2/build/turtle_patrol/install.log --single-version-externally-managed install_data
[2.897s] Level 1:colcon.colcon_core.environment:checking '/home/cc/ee106a/sp26/class/ee106a-aac/ros_workspaces/lab2/install/turtle_patrol' for CMake config files
[2.928s] Level 1:colcon.colcon_core.environment:checking '/home/cc/ee106a/sp26/class/ee106a-aac/ros_workspaces/lab2/install/turtle_patrol/lib'
[2.929s] Level 1:colcon.colcon_core.environment:checking '/home/cc/ee106a/sp26/class/ee106a-aac/ros_workspaces/lab2/install/turtle_patrol/bin'
[2.929s] Level 1:colcon.colcon_core.environment:checking '/home/cc/ee106a/sp26/class/ee106a-aac/ros_workspaces/lab2/install/turtle_patrol/lib/pkgconfig/turtle_patrol.pc'
[2.930s] Level 1:colcon.colcon_core.environment:checking '/home/cc/ee106a/sp26/class/ee106a-aac/ros_workspaces/lab2/install/turtle_patrol/lib/python3.10/site-packages'
[2.930s] Level 1:colcon.colcon_core.shell:create_environment_hook('turtle_patrol', 'pythonpath')
[2.930s] INFO:colcon.colcon_core.shell:Creating environment hook '/home/cc/ee106a/sp26/class/ee106a-aac/ros_workspaces/lab2/install/turtle_patrol/share/turtle_patrol/hook/pythonpath.ps1'
[2.933s] INFO:colcon.colcon_core.shell:Creating environment descriptor '/home/cc/ee106a/sp26/class/ee106a-aac/ros_workspaces/lab2/install/turtle_patrol/share/turtle_patrol/hook/pythonpath.dsv'
[2.936s] INFO:colcon.colcon_core.shell:Creating environment hook '/home/cc/ee106a/sp26/class/ee106a-aac/ros_workspaces/lab2/install/turtle_patrol/share/turtle_patrol/hook/pythonpath.sh'
[2.939s] Level 1:colcon.colcon_core.environment:checking '/home/cc/ee106a/sp26/class/ee106a-aac/ros_workspaces/lab2/install/turtle_patrol/bin'
[2.939s] Level 1:colcon.colcon_core.environment:create_environment_scripts_only(turtle_patrol)
[2.940s] INFO:colcon.colcon_core.shell:Creating package script '/home/cc/ee106a/sp26/class/ee106a-aac/ros_workspaces/lab2/install/turtle_patrol/share/turtle_patrol/package.ps1'
[2.943s] INFO:colcon.colcon_core.shell:Creating package descriptor '/home/cc/ee106a/sp26/class/ee106a-aac/ros_workspaces/lab2/install/turtle_patrol/share/turtle_patrol/package.dsv'
[2.946s] INFO:colcon.colcon_core.shell:Creating package script '/home/cc/ee106a/sp26/class/ee106a-aac/ros_workspaces/lab2/install/turtle_patrol/share/turtle_patrol/package.sh'
[2.949s] INFO:colcon.colcon_core.shell:Creating package script '/home/cc/ee106a/sp26/class/ee106a-aac/ros_workspaces/lab2/install/turtle_patrol/share/turtle_patrol/package.bash'
[2.951s] INFO:colcon.colcon_core.shell:Creating package script '/home/cc/ee106a/sp26/class/ee106a-aac/ros_workspaces/lab2/install/turtle_patrol/share/turtle_patrol/package.zsh'
[2.954s] Level 1:colcon.colcon_core.environment:create_file_with_runtime_dependencies(/home/cc/ee106a/sp26/class/ee106a-aac/ros_workspaces/lab2/install/turtle_patrol/share/colcon-core/packages/turtle_patrol)
[8.894s] DEBUG:colcon.colcon_core.event_handler.log_command:Invoked command in '/home/cc/ee106a/sp26/class/ee106a-aac/ros_workspaces/lab2/build/turtle_patrol_interface' returned '0': CMAKE_PREFIX_PATH=${CMAKE_PREFIX_PATH}:/home/cc/ee106a/sp26/class/ee106a-aac/ros_workspaces/lab2/install/turtle_patrol:/home/cc/ee106a/sp26/class/ee106a-aac/ros_workspaces/lab2/install/lab2_turtlesim:/opt/ros/turtlebot3_ws/install/turtlebot3_teleop:/opt/ros/turtlebot3_ws/install/turtlebot3_example:/opt/ros/humble /usr/bin/cmake --build /home/cc/ee106a/sp26/class/ee106a-aac/ros_workspaces/lab2/build/turtle_patrol_interface -- -j32 -l32
[8.927s] DEBUG:colcon.colcon_core.event_handler.log_command:Invoking command in '/home/cc/ee106a/sp26/class/ee106a-aac/ros_workspaces/lab2/build/turtle_patrol_interface': CMAKE_PREFIX_PATH=${CMAKE_PREFIX_PATH}:/home/cc/ee106a/sp26/class/ee106a-aac/ros_workspaces/lab2/install/turtle_patrol:/home/cc/ee106a/sp26/class/ee106a-aac/ros_workspaces/lab2/install/lab2_turtlesim:/opt/ros/turtlebot3_ws/install/turtlebot3_teleop:/opt/ros/turtlebot3_ws/install/turtlebot3_example:/opt/ros/humble /usr/bin/cmake --install /home/cc/ee106a/sp26/class/ee106a-aac/ros_workspaces/lab2/build/turtle_patrol_interface
[9.527s] Level 1:colcon.colcon_core.environment:create_environment_scripts_only(turtle_patrol_interface)
[9.527s] DEBUG:colcon.colcon_core.event_handler.log_command:Invoked command in '/home/cc/ee106a/sp26/class/ee106a-aac/ros_workspaces/lab2/build/turtle_patrol_interface' returned '0': CMAKE_PREFIX_PATH=${CMAKE_PREFIX_PATH}:/home/cc/ee106a/sp26/class/ee106a-aac/ros_workspaces/lab2/install/turtle_patrol:/home/cc/ee106a/sp26/class/ee106a-aac/ros_workspaces/lab2/install/lab2_turtlesim:/opt/ros/turtlebot3_ws/install/turtlebot3_teleop:/opt/ros/turtlebot3_ws/install/turtlebot3_example:/opt/ros/humble /usr/bin/cmake --install /home/cc/ee106a/sp26/class/ee106a-aac/ros_workspaces/lab2/build/turtle_patrol_interface
[9.528s] Level 1:colcon.colcon_core.environment:checking '/home/cc/ee106a/sp26/class/ee106a-aac/ros_workspaces/lab2/install/turtle_patrol_interface' for CMake module files
[9.532s] Level 1:colcon.colcon_core.environment:checking '/home/cc/ee106a/sp26/class/ee106a-aac/ros_workspaces/lab2/install/turtle_patrol_interface' for CMake config files
[9.539s] Level 1:colcon.colcon_core.shell:create_environment_hook('turtle_patrol_interface', 'cmake_prefix_path')
[9.539s] INFO:colcon.colcon_core.shell:Creating environment hook '/home/cc/ee106a/sp26/class/ee106a-aac/ros_workspaces/lab2/install/turtle_patrol_interface/share/turtle_patrol_interface/hook/cmake_prefix_path.ps1'
[9.542s] INFO:colcon.colcon_core.shell:Creating environment descriptor '/home/cc/ee106a/sp26/class/ee106a-aac/ros_workspaces/lab2/install/turtle_patrol_interface/share/turtle_patrol_interface/hook/cmake_prefix_path.dsv'
[9.545s] INFO:colcon.colcon_core.shell:Creating environment hook '/home/cc/ee106a/sp26/class/ee106a-aac/ros_workspaces/lab2/install/turtle_patrol_interface/share/turtle_patrol_interface/hook/cmake_prefix_path.sh'
[9.548s] Level 1:colcon.colcon_core.environment:checking '/home/cc/ee106a/sp26/class/ee106a-aac/ros_workspaces/lab2/install/turtle_patrol_interface/lib'
[9.549s] Level 1:colcon.colcon_core.shell:create_environment_hook('turtle_patrol_interface', 'ld_library_path_lib')
[9.549s] INFO:colcon.colcon_core.shell:Creating environment hook '/home/cc/ee106a/sp26/class/ee106a-aac/ros_workspaces/lab2/install/turtle_patrol_interface/share/turtle_patrol_interface/hook/ld_library_path_lib.ps1'
[9.552s] INFO:colcon.colcon_core.shell:Creating environment descriptor '/home/cc/ee106a/sp26/class/ee106a-aac/ros_workspaces/lab2/install/turtle_patrol_interface/share/turtle_patrol_interface/hook/ld_library_path_lib.dsv'
[9.555s] INFO:colcon.colcon_core.shell:Creating environment hook '/home/cc/ee106a/sp26/class/ee106a-aac/ros_workspaces/lab2/install/turtle_patrol_interface/share/turtle_patrol_interface/hook/ld_library_path_lib.sh'
[9.557s] Level 1:colcon.colcon_core.environment:checking '/home/cc/ee106a/sp26/class/ee106a-aac/ros_workspaces/lab2/install/turtle_patrol_interface/bin'
[9.557s] Level 1:colcon.colcon_core.environment:checking '/home/cc/ee106a/sp26/class/ee106a-aac/ros_workspaces/lab2/install/turtle_patrol_interface/lib/pkgconfig/turtle_patrol_interface.pc'
[9.558s] Level 1:colcon.colcon_core.environment:checking '/home/cc/ee106a/sp26/class/ee106a-aac/ros_workspaces/lab2/install/turtle_patrol_interface/lib/python3.10/site-packages'
[9.559s] Level 1:colcon.colcon_core.environment:checking '/home/cc/ee106a/sp26/class/ee106a-aac/ros_workspaces/lab2/install/turtle_patrol_interface/bin'
[9.559s] INFO:colcon.colcon_core.shell:Creating package script '/home/cc/ee106a/sp26/class/ee106a-aac/ros_workspaces/lab2/install/turtle_patrol_interface/share/turtle_patrol_interface/package.ps1'
[9.562s] INFO:colcon.colcon_core.shell:Creating package descriptor '/home/cc/ee106a/sp26/class/ee106a-aac/ros_workspaces/lab2/install/turtle_patrol_interface/share/turtle_patrol_interface/package.dsv'
[9.564s] INFO:colcon.colcon_core.shell:Creating package script '/home/cc/ee106a/sp26/class/ee106a-aac/ros_workspaces/lab2/install/turtle_patrol_interface/share/turtle_patrol_interface/package.sh'
[9.567s] INFO:colcon.colcon_core.shell:Creating package script '/home/cc/ee106a/sp26/class/ee106a-aac/ros_workspaces/lab2/install/turtle_patrol_interface/share/turtle_patrol_interface/package.bash'
[9.569s] INFO:colcon.colcon_core.shell:Creating package script '/home/cc/ee106a/sp26/class/ee106a-aac/ros_workspaces/lab2/install/turtle_patrol_interface/share/turtle_patrol_interface/package.zsh'
[9.572s] Level 1:colcon.colcon_core.environment:create_file_with_runtime_dependencies(/home/cc/ee106a/sp26/class/ee106a-aac/ros_workspaces/lab2/install/turtle_patrol_interface/share/colcon-core/packages/turtle_patrol_interface)
[9.576s] Level 1:colcon.colcon_core.environment:create_environment_scripts_only(turtle_patrol_interface)
[9.576s] Level 1:colcon.colcon_core.environment:checking '/home/cc/ee106a/sp26/class/ee106a-aac/ros_workspaces/lab2/install/turtle_patrol_interface' for CMake module files
[9.578s] Level 1:colcon.colcon_core.environment:checking '/home/cc/ee106a/sp26/class/ee106a-aac/ros_workspaces/lab2/install/turtle_patrol_interface' for CMake config files
[9.583s] Level 1:colcon.colcon_core.shell:create_environment_hook('turtle_patrol_interface', 'cmake_prefix_path')
[9.583s] INFO:colcon.colcon_core.shell:Creating environment hook '/home/cc/ee106a/sp26/class/ee106a-aac/ros_workspaces/lab2/install/turtle_patrol_interface/share/turtle_patrol_interface/hook/cmake_prefix_path.ps1'
[9.585s] INFO:colcon.colcon_core.shell:Creating environment descriptor '/home/cc/ee106a/sp26/class/ee106a-aac/ros_workspaces/lab2/install/turtle_patrol_interface/share/turtle_patrol_interface/hook/cmake_prefix_path.dsv'
[9.588s] INFO:colcon.colcon_core.shell:Creating environment hook '/home/cc/ee106a/sp26/class/ee106a-aac/ros_workspaces/lab2/install/turtle_patrol_interface/share/turtle_patrol_interface/hook/cmake_prefix_path.sh'
[9.591s] Level 1:colcon.colcon_core.environment:checking '/home/cc/ee106a/sp26/class/ee106a-aac/ros_workspaces/lab2/install/turtle_patrol_interface/lib'
[9.591s] Level 1:colcon.colcon_core.shell:create_environment_hook('turtle_patrol_interface', 'ld_library_path_lib')
[9.591s] INFO:colcon.colcon_core.shell:Creating environment hook '/home/cc/ee106a/sp26/class/ee106a-aac/ros_workspaces/lab2/install/turtle_patrol_interface/share/turtle_patrol_interface/hook/ld_library_path_lib.ps1'
[9.594s] INFO:colcon.colcon_core.shell:Creating environment descriptor '/home/cc/ee106a/sp26/class/ee106a-aac/ros_workspaces/lab2/install/turtle_patrol_interface/share/turtle_patrol_interface/hook/ld_library_path_lib.dsv'
[9.596s] INFO:colcon.colcon_core.shell:Creating environment hook '/home/cc/ee106a/sp26/class/ee106a-aac/ros_workspaces/lab2/install/turtle_patrol_interface/share/turtle_patrol_interface/hook/ld_library_path_lib.sh'
[9.599s] Level 1:colcon.colcon_core.environment:checking '/home/cc/ee106a/sp26/class/ee106a-aac/ros_workspaces/lab2/install/turtle_patrol_interface/bin'
[9.599s] Level 1:colcon.colcon_core.environment:checking '/home/cc/ee106a/sp26/class/ee106a-aac/ros_workspaces/lab2/install/turtle_patrol_interface/lib/pkgconfig/turtle_patrol_interface.pc'
[9.600s] Level 1:colcon.colcon_core.environment:checking '/home/cc/ee106a/sp26/class/ee106a-aac/ros_workspaces/lab2/install/turtle_patrol_interface/lib/python3.10/site-packages'
[9.600s] Level 1:colcon.colcon_core.environment:checking '/home/cc/ee106a/sp26/class/ee106a-aac/ros_workspaces/lab2/install/turtle_patrol_interface/bin'
[9.601s] INFO:colcon.colcon_core.shell:Creating package script '/home/cc/ee106a/sp26/class/ee106a-aac/ros_workspaces/lab2/install/turtle_patrol_interface/share/turtle_patrol_interface/package.ps1'
[9.603s] INFO:colcon.colcon_core.shell:Creating package descriptor '/home/cc/ee106a/sp26/class/ee106a-aac/ros_workspaces/lab2/install/turtle_patrol_interface/share/turtle_patrol_interface/package.dsv'
[9.606s] INFO:colcon.colcon_core.shell:Creating package script '/home/cc/ee106a/sp26/class/ee106a-aac/ros_workspaces/lab2/install/turtle_patrol_interface/share/turtle_patrol_interface/package.sh'
[9.608s] INFO:colcon.colcon_core.shell:Creating package script '/home/cc/ee106a/sp26/class/ee106a-aac/ros_workspaces/lab2/install/turtle_patrol_interface/share/turtle_patrol_interface/package.bash'
[9.611s] INFO:colcon.colcon_core.shell:Creating package script '/home/cc/ee106a/sp26/class/ee106a-aac/ros_workspaces/lab2/install/turtle_patrol_interface/share/turtle_patrol_interface/package.zsh'
[9.614s] Level 1:colcon.colcon_core.environment:create_file_with_runtime_dependencies(/home/cc/ee106a/sp26/class/ee106a-aac/ros_workspaces/lab2/install/turtle_patrol_interface/share/colcon-core/packages/turtle_patrol_interface)
[9.616s] DEBUG:colcon.colcon_parallel_executor.executor.parallel:closing loop
[9.616s] DEBUG:colcon.colcon_parallel_executor.executor.parallel:loop closed
[9.616s] DEBUG:colcon.colcon_parallel_executor.executor.parallel:run_until_complete finished with '0'
[9.616s] DEBUG:colcon.colcon_core.event_reactor:joining thread
[9.646s] INFO:colcon.colcon_core.plugin_system:Skipping extension 'colcon_notification.desktop_notification.notify_send': Could not find 'notify-send'
[9.646s] INFO:colcon.colcon_core.plugin_system:Skipping extension 'colcon_notification.desktop_notification.terminal_notifier': Not used on non-Darwin systems
[9.646s] INFO:colcon.colcon_core.plugin_system:Skipping extension 'colcon_notification.desktop_notification.win32': Not used on non-Windows systems
[9.646s] INFO:colcon.colcon_notification.desktop_notification:Sending desktop notification using 'notify2'
[9.799s] DEBUG:colcon.colcon_core.event_reactor:joined thread
[9.799s] INFO:colcon.colcon_core.shell:Creating prefix script '/home/cc/ee106a/sp26/class/ee106a-aac/ros_workspaces/lab2/install/local_setup.ps1'
[9.802s] INFO:colcon.colcon_core.shell:Creating prefix util module '/home/cc/ee106a/sp26/class/ee106a-aac/ros_workspaces/lab2/install/_local_setup_util_ps1.py'
[9.805s] INFO:colcon.colcon_core.shell:Creating prefix chain script '/home/cc/ee106a/sp26/class/ee106a-aac/ros_workspaces/lab2/install/setup.ps1'
[9.810s] INFO:colcon.colcon_core.shell:Creating prefix script '/home/cc/ee106a/sp26/class/ee106a-aac/ros_workspaces/lab2/install/local_setup.sh'
[9.813s] INFO:colcon.colcon_core.shell:Creating prefix util module '/home/cc/ee106a/sp26/class/ee106a-aac/ros_workspaces/lab2/install/_local_setup_util_sh.py'
[9.815s] INFO:colcon.colcon_core.shell:Creating prefix chain script '/home/cc/ee106a/sp26/class/ee106a-aac/ros_workspaces/lab2/install/setup.sh'
[9.821s] INFO:colcon.colcon_core.shell:Creating prefix script '/home/cc/ee106a/sp26/class/ee106a-aac/ros_workspaces/lab2/install/local_setup.bash'
[9.823s] INFO:colcon.colcon_core.shell:Creating prefix chain script '/home/cc/ee106a/sp26/class/ee106a-aac/ros_workspaces/lab2/install/setup.bash'
[9.828s] INFO:colcon.colcon_core.shell:Creating prefix script '/home/cc/ee106a/sp26/class/ee106a-aac/ros_workspaces/lab2/install/local_setup.zsh'
[9.830s] INFO:colcon.colcon_core.shell:Creating prefix chain script '/home/cc/ee106a/sp26/class/ee106a-aac/ros_workspaces/lab2/install/setup.zsh'
