[0.000000] (-) TimerEvent: {}
[0.000463] (lab2_turtlesim) JobQueued: {'identifier': 'lab2_turtlesim', 'dependencies': OrderedDict()}
[0.000647] (turtle_patrol) JobQueued: {'identifier': 'turtle_patrol', 'dependencies': OrderedDict()}
[0.000700] (turtle_patrol_interface) JobQueued: {'identifier': 'turtle_patrol_interface', 'dependencies': OrderedDict()}
[0.000746] (lab2_turtlesim) JobStarted: {'identifier': 'lab2_turtlesim'}
[0.048511] (turtle_patrol) JobStarted: {'identifier': 'turtle_patrol'}
[0.077483] (turtle_patrol_interface) JobStarted: {'identifier': 'turtle_patrol_interface'}
[0.099225] (-) TimerEvent: {}
[0.199436] (-) TimerEvent: {}
[0.299629] (-) TimerEvent: {}
[0.399848] (-) TimerEvent: {}
[0.500048] (-) TimerEvent: {}
[0.504671] (turtle_patrol_interface) JobProgress: {'identifier': 'turtle_patrol_interface', 'progress': 'cmake'}
[0.524912] (turtle_patrol_interface) JobProgress: {'identifier': 'turtle_patrol_interface', 'progress': 'build'}
[0.526634] (turtle_patrol_interface) Command: {'cmd': ['/usr/bin/cmake', '--build', '/home/cc/ee106a/sp26/class/ee106a-aac/ros_workspaces/lab2/build/turtle_patrol_interface', '--', '-j32', '-l32'], 'cwd': '/home/cc/ee106a/sp26/class/ee106a-aac/ros_workspaces/lab2/build/turtle_patrol_interface', 'env': OrderedDict([('ARCH', 'x86_64'), ('QT_SCALE_FACTOR', '1'), ('USER', 'ee106a-aac'), ('HOSTNAME', 'ros2'), ('XDG_SESSION_TYPE', 'x11'), ('MASTERDIR', '/home/ff/ee106a'), ('COMPIZ_CONFIG_PROFILE', 'mate'), ('XDG_CACHE_HOME', '/home/cc/ee106a/sp26/class/ee106a-aac/.cache'), ('SHLVL', '2'), ('LD_LIBRARY_PATH', '/opt/ros/turtlebot3_ws/install/turtlebot3_msgs/lib:/opt/ros/turtlebot3_ws/install/dynamixel_sdk_custom_interfaces/lib:/opt/ros/turtlebot3_ws/install/dynamixel_sdk/lib:/usr/lib/x86_64-linux-gnu/gazebo-11/plugins:/opt/ros/humble/opt/rviz_ogre_vendor/lib:/opt/ros/humble/lib/x86_64-linux-gnu:/opt/ros/humble/lib'), ('HOME', '/home/cc/ee106a/sp26/class/ee106a-aac'), ('OLDPWD', '/home/cc/ee106a/sp26/class/ee106a-aac/ros_workspaces'), ('DESKTOP_SESSION', 'mate'), ('ROS_PYTHON_VERSION', '3'), ('GTK_MODULES', 'gail:atk-bridge:appmenu-gtk-module:gail:atk-bridge:canberra-gtk-module'), ('DISTROBOX_ENTER_PATH', '/usr/local/bin/distrobox-enter'), ('SYSTEMD_EXEC_PID', '1476231'), ('NNTPSERVER', 'news.csua.berkeley.edu'), ('VISUAL', 'emacs'), ('XDG_STATE_HOME', '/home/cc/ee106a/sp26/class/ee106a-aac/.local/state'), ('DBUS_SESSION_BUS_ADDRESS', 'unix:path=/run/user/34116/bus'), ('COLORTERM', 'truecolor'), ('container', 'podman'), ('UBUNTU_MENUPROXY', '1'), ('QT_QPA_PLATFORMTHEME', 'gtk2'), ('COLCON_PREFIX_PATH', '/opt/ros/turtlebot3_ws/install'), ('ROS_DISTRO', 'humble'), ('GTK_IM_MODULE', 'ibus'), ('LOGNAME', 'ee106a-aac'), ('MASTER', 'ee106a'), ('WINDOWID', '69206022'), ('ROS_VERSION', '2'), ('XDG_SESSION_CLASS', 'user'), ('TERMINFO_DIRS', '/usr/share/terminfo:/run/host/usr/share/terminfo'), ('USERNAME', 'ee106a-aac'), ('TERM', 'xterm-256color'), ('GTK_OVERLAY_SCROLLING', '0'), ('XDG_SESSION_ID', '56592'), ('ROS_LOCALHOST_ONLY', '0'), ('WINDOWPATH', '2'), ('PATH', '/opt/ros/humble/bin:/share/b/grading/bin:/home/ff/ee106a/bin:/home/ff/ee106a/bin/arch/x86_64:/share/b/grading/bin:/home/ff/ee106a/bin:/home/ff/ee106a/bin/arch/x86_64:/usr/local/sbin:/usr/local/bin:/usr/sbin:/usr/bin:/sbin:/bin:/usr/games:/usr/local/games:/snap/bin:/snap/bin:/share/b/grading/bin:/share/b/grading/sbin:/share/b/runas/x86_64:/share/b/bin:/home/ff/ee106a/venvs/all:/usr/local/sbin:/usr/local/bin:/usr/sbin:/usr/bin:/sbin:/bin:/share/b/grading/bin:/share/b/grading/sbin:/share/b/runas/x86_64:/share/b/bin:/home/ff/ee106a/venvs/all'), ('SESSION_MANAGER', 'local/c105-3:@/tmp/.ICE-unix/1476318,unix/c105-3:/tmp/.ICE-unix/1476318'), ('OS', 'Linux'), ('XDG_RUNTIME_DIR', '/run/user/34116'), ('DISPLAY', ':1'), ('LANG', 'en_US.UTF-8'), ('XDG_CURRENT_DESKTOP', 'MATE'), ('XDG_DATA_HOME', '/home/cc/ee106a/sp26/class/ee106a-aac/.local/share'), ('XDG_CONFIG_HOME', '/home/cc/ee106a/sp26/class/ee106a-aac/.config'), ('XMODIFIERS', '@im=ibus'), ('XDG_SESSION_DESKTOP', 'mate'), ('XAUTHORITY', '/run/user/34116/gdm/Xauthority'), ('SSH_AUTH_SOCK', '/run/user/34116/keyring/ssh'), ('ROS_DOMAIN_ID', '23'), ('AMENT_PREFIX_PATH', '/opt/ros/turtlebot3_ws/install/turtlebot3:/opt/ros/turtlebot3_ws/install/turtlebot3_teleop:/opt/ros/turtlebot3_ws/install/turtlebot3_bringup:/opt/ros/turtlebot3_ws/install/turtlebot3_node:/opt/ros/turtlebot3_ws/install/turtlebot3_navigation2:/opt/ros/turtlebot3_ws/install/turtlebot3_example:/opt/ros/turtlebot3_ws/install/turtlebot3_msgs:/opt/ros/turtlebot3_ws/install/turtlebot3_description:/opt/ros/turtlebot3_ws/install/turtlebot3_cartographer:/opt/ros/turtlebot3_ws/install/dynamixel_sdk_examples:/opt/ros/turtlebot3_ws/install/dynamixel_sdk_custom_interfaces:/opt/ros/turtlebot3_ws/install/dynamixel_sdk:/opt/ros/humble'), ('SHELL', '/usr/bin/bash'), ('QT_ACCESSIBILITY', '1'), ('GDMSESSION', 'mate'), ('RUNAS', '/share/b/runas/x86_64'), ('GPG_AGENT_INFO', '/run/user/34116/gnupg/S.gpg-agent:0:1'), ('CONFIG_SHELL', '/usr/bin/ksh'), ('QT_IM_MODULE', 'ibus'), ('PWD', '/home/cc/ee106a/sp26/class/ee106a-aac/ros_workspaces/lab2/build/turtle_patrol_interface'), ('EE106_ENV_SETUP', 'turtlebot_ros2'), ('CONTAINER_ID', 'ros2'), ('TURTLEBOT3_MODEL', 'burger'), ('LC_ALL', 'C.UTF-8'), ('XDG_CONFIG_DIRS', '/etc/xdg/xdg-mate:/etc/xdg'), ('CLUTTER_IM_MODULE', 'ibus'), ('XDG_DATA_DIRS', '/usr/share/mate:/usr/share/mate:/usr/share/gnome:/home/cc/ee106a/sp26/class/ee106a-aac/.local/share/flatpak/exports/share:/var/lib/flatpak/exports/share:/usr/local/share/:/usr/share/:/var/lib/snapd/desktop:/usr/local/share:/usr/share'), ('PYTHONPATH', '/opt/ros/turtlebot3_ws/build/turtlebot3_teleop:/opt/ros/turtlebot3_ws/install/turtlebot3_teleop/lib/python3.10/site-packages:/opt/ros/turtlebot3_ws/build/turtlebot3_example:/opt/ros/turtlebot3_ws/install/turtlebot3_example/lib/python3.10/site-packages:/opt/ros/turtlebot3_ws/install/turtlebot3_msgs/local/lib/python3.10/dist-packages:/opt/ros/turtlebot3_ws/install/dynamixel_sdk_custom_interfaces/local/lib/python3.10/dist-packages:/opt/ros/turtlebot3_ws/install/dynamixel_sdk/local/lib/python3.10/dist-packages:/opt/ros/humble/lib/python3.10/site-packages:/opt/ros/humble/local/lib/python3.10/dist-packages'), ('MATE_DESKTOP_SESSION_ID', 'this-is-deprecated'), ('COLCON', '1'), ('MANPATH', '/usr/local/man:/usr/man:/usr/X11/man:/usr/local/man:/share/b/grading/man:/usr/local/man:/usr/man:/usr/X11/man:/usr/local/man:/share/b/grading/man:'), ('VTE_VERSION', '6800'), ('EDITOR', 'emacs'), ('CMAKE_PREFIX_PATH', '/opt/ros/turtlebot3_ws/install/turtlebot3:/opt/ros/turtlebot3_ws/install/turtlebot3_bringup:/opt/ros/turtlebot3_ws/install/turtlebot3_node:/opt/ros/turtlebot3_ws/install/turtlebot3_navigation2:/opt/ros/turtlebot3_ws/install/turtlebot3_msgs:/opt/ros/turtlebot3_ws/install/turtlebot3_description:/opt/ros/turtlebot3_ws/install/turtlebot3_cartographer:/opt/ros/turtlebot3_ws/install/dynamixel_sdk_examples:/opt/ros/turtlebot3_ws/install/dynamixel_sdk_custom_interfaces:/opt/ros/turtlebot3_ws/install/dynamixel_sdk:/opt/ros/turtlebot3_ws/install/turtlebot3_teleop:/opt/ros/turtlebot3_ws/install/turtlebot3_example:/opt/ros/humble'), ('QT_FONT_DPI', '122')]), 'shell': False}
[1.013969] (-) TimerEvent: {}
[1.114364] (-) TimerEvent: {}
[1.214651] (-) TimerEvent: {}
[1.314859] (-) TimerEvent: {}
[1.415134] (-) TimerEvent: {}
[1.471012] (turtle_patrol_interface) StdoutLine: {'line': b'-- Found ament_cmake: 1.3.12 (/opt/ros/humble/share/ament_cmake/cmake)\n'}
[1.515214] (-) TimerEvent: {}
[1.615424] (-) TimerEvent: {}
[1.656216] (turtle_patrol_interface) StdoutLine: {'line': b'-- Found geometry_msgs: 4.9.0 (/opt/ros/humble/share/geometry_msgs/cmake)\n'}
[1.715490] (-) TimerEvent: {}
[1.718654] (turtle_patrol_interface) StdoutLine: {'line': b'-- Found rosidl_generator_c: 3.1.8 (/opt/ros/humble/share/rosidl_generator_c/cmake)\n'}
[1.720925] (turtle_patrol_interface) StdoutLine: {'line': b'-- Found rosidl_adapter: 3.1.8 (/opt/ros/humble/share/rosidl_adapter/cmake)\n'}
[1.735349] (turtle_patrol_interface) StdoutLine: {'line': b'-- Found rosidl_generator_cpp: 3.1.8 (/opt/ros/humble/share/rosidl_generator_cpp/cmake)\n'}
[1.800186] (turtle_patrol_interface) StdoutLine: {'line': b'-- Using all available rosidl_typesupport_c: rosidl_typesupport_fastrtps_c;rosidl_typesupport_introspection_c\n'}
[1.813000] (turtle_patrol) Command: {'cmd': ['/usr/bin/python3', '-W', 'ignore:setup.py install is deprecated', '-W', 'ignore:easy_install command is deprecated', 'setup.py', 'egg_info', '--egg-base', '../../build/turtle_patrol', 'build', '--build-base', '/home/cc/ee106a/sp26/class/ee106a-aac/ros_workspaces/lab2/build/turtle_patrol/build', 'install', '--record', '/home/cc/ee106a/sp26/class/ee106a-aac/ros_workspaces/lab2/build/turtle_patrol/install.log', '--single-version-externally-managed', 'install_data'], 'cwd': '/home/cc/ee106a/sp26/class/ee106a-aac/ros_workspaces/lab2/src/turtle_patrol', 'env': {'ARCH': 'x86_64', 'QT_SCALE_FACTOR': '1', 'USER': 'ee106a-aac', 'HOSTNAME': 'ros2', 'XDG_SESSION_TYPE': 'x11', 'MASTERDIR': '/home/ff/ee106a', 'COMPIZ_CONFIG_PROFILE': 'mate', 'XDG_CACHE_HOME': '/home/cc/ee106a/sp26/class/ee106a-aac/.cache', 'SHLVL': '2', 'LD_LIBRARY_PATH': '/opt/ros/turtlebot3_ws/install/turtlebot3_msgs/lib:/opt/ros/turtlebot3_ws/install/dynamixel_sdk_custom_interfaces/lib:/opt/ros/turtlebot3_ws/install/dynamixel_sdk/lib:/usr/lib/x86_64-linux-gnu/gazebo-11/plugins:/opt/ros/humble/opt/rviz_ogre_vendor/lib:/opt/ros/humble/lib/x86_64-linux-gnu:/opt/ros/humble/lib', 'HOME': '/home/cc/ee106a/sp26/class/ee106a-aac', 'OLDPWD': '/home/cc/ee106a/sp26/class/ee106a-aac/ros_workspaces', 'DESKTOP_SESSION': 'mate', 'ROS_PYTHON_VERSION': '3', 'GTK_MODULES': 'gail:atk-bridge:appmenu-gtk-module:gail:atk-bridge:canberra-gtk-module', 'DISTROBOX_ENTER_PATH': '/usr/local/bin/distrobox-enter', 'SYSTEMD_EXEC_PID': '1476231', 'NNTPSERVER': 'news.csua.berkeley.edu', 'VISUAL': 'emacs', 'XDG_STATE_HOME': '/home/cc/ee106a/sp26/class/ee106a-aac/.local/state', 'DBUS_SESSION_BUS_ADDRESS': 'unix:path=/run/user/34116/bus', 'COLORTERM': 'truecolor', 'container': 'podman', 'UBUNTU_MENUPROXY': '1', 'QT_QPA_PLATFORMTHEME': 'gtk2', 'COLCON_PREFIX_PATH': '/opt/ros/turtlebot3_ws/install', 'ROS_DISTRO': 'humble', 'GTK_IM_MODULE': 'ibus', 'LOGNAME': 'ee106a-aac', 'MASTER': 'ee106a', 'WINDOWID': '69206022', 'ROS_VERSION': '2', 'XDG_SESSION_CLASS': 'user', 'TERMINFO_DIRS': '/usr/share/terminfo:/run/host/usr/share/terminfo', 'USERNAME': 'ee106a-aac', 'TERM': 'xterm-256color', 'GTK_OVERLAY_SCROLLING': '0', 'XDG_SESSION_ID': '56592', 'ROS_LOCALHOST_ONLY': '0', 'WINDOWPATH': '2', 'PATH': '/opt/ros/humble/bin:/share/b/grading/bin:/home/ff/ee106a/bin:/home/ff/ee106a/bin/arch/x86_64:/share/b/grading/bin:/home/ff/ee106a/bin:/home/ff/ee106a/bin/arch/x86_64:/usr/local/sbin:/usr/local/bin:/usr/sbin:/usr/bin:/sbin:/bin:/usr/games:/usr/local/games:/snap/bin:/snap/bin:/share/b/grading/bin:/share/b/grading/sbin:/share/b/runas/x86_64:/share/b/bin:/home/ff/ee106a/venvs/all:/usr/local/sbin:/usr/local/bin:/usr/sbin:/usr/bin:/sbin:/bin:/share/b/grading/bin:/share/b/grading/sbin:/share/b/runas/x86_64:/share/b/bin:/home/ff/ee106a/venvs/all', 'SESSION_MANAGER': 'local/c105-3:@/tmp/.ICE-unix/1476318,unix/c105-3:/tmp/.ICE-unix/1476318', 'OS': 'Linux', 'XDG_RUNTIME_DIR': '/run/user/34116', 'DISPLAY': ':1', 'LANG': 'en_US.UTF-8', 'XDG_CURRENT_DESKTOP': 'MATE', 'XDG_DATA_HOME': '/home/cc/ee106a/sp26/class/ee106a-aac/.local/share', 'XDG_CONFIG_HOME': '/home/cc/ee106a/sp26/class/ee106a-aac/.config', 'XMODIFIERS': '@im=ibus', 'XDG_SESSION_DESKTOP': 'mate', 'XAUTHORITY': '/run/user/34116/gdm/Xauthority', 'SSH_AUTH_SOCK': '/run/user/34116/keyring/ssh', 'ROS_DOMAIN_ID': '23', 'AMENT_PREFIX_PATH': '/opt/ros/turtlebot3_ws/install/turtlebot3:/opt/ros/turtlebot3_ws/install/turtlebot3_teleop:/opt/ros/turtlebot3_ws/install/turtlebot3_bringup:/opt/ros/turtlebot3_ws/install/turtlebot3_node:/opt/ros/turtlebot3_ws/install/turtlebot3_navigation2:/opt/ros/turtlebot3_ws/install/turtlebot3_example:/opt/ros/turtlebot3_ws/install/turtlebot3_msgs:/opt/ros/turtlebot3_ws/install/turtlebot3_description:/opt/ros/turtlebot3_ws/install/turtlebot3_cartographer:/opt/ros/turtlebot3_ws/install/dynamixel_sdk_examples:/opt/ros/turtlebot3_ws/install/dynamixel_sdk_custom_interfaces:/opt/ros/turtlebot3_ws/install/dynamixel_sdk:/opt/ros/humble', 'SHELL': '/usr/bin/bash', 'QT_ACCESSIBILITY': '1', 'GDMSESSION': 'mate', 'RUNAS': '/share/b/runas/x86_64', 'GPG_AGENT_INFO': '/run/user/34116/gnupg/S.gpg-agent:0:1', 'CONFIG_SHELL': '/usr/bin/ksh', 'QT_IM_MODULE': 'ibus', 'PWD': '/home/cc/ee106a/sp26/class/ee106a-aac/ros_workspaces/lab2/build/turtle_patrol', 'EE106_ENV_SETUP': 'turtlebot_ros2', 'CONTAINER_ID': 'ros2', 'TURTLEBOT3_MODEL': 'burger', 'LC_ALL': 'C.UTF-8', 'XDG_CONFIG_DIRS': '/etc/xdg/xdg-mate:/etc/xdg', 'CLUTTER_IM_MODULE': 'ibus', 'XDG_DATA_DIRS': '/usr/share/mate:/usr/share/mate:/usr/share/gnome:/home/cc/ee106a/sp26/class/ee106a-aac/.local/share/flatpak/exports/share:/var/lib/flatpak/exports/share:/usr/local/share/:/usr/share/:/var/lib/snapd/desktop:/usr/local/share:/usr/share', 'PYTHONPATH': '/home/cc/ee106a/sp26/class/ee106a-aac/ros_workspaces/lab2/build/turtle_patrol/prefix_override:/usr/lib/python3/dist-packages/colcon_core/task/python/colcon_distutils_commands:/home/cc/ee106a/sp26/class/ee106a-aac/ros_workspaces/lab2/install/turtle_patrol/lib/python3.10/site-packages:/opt/ros/turtlebot3_ws/build/turtlebot3_teleop:/opt/ros/turtlebot3_ws/install/turtlebot3_teleop/lib/python3.10/site-packages:/opt/ros/turtlebot3_ws/build/turtlebot3_example:/opt/ros/turtlebot3_ws/install/turtlebot3_example/lib/python3.10/site-packages:/opt/ros/turtlebot3_ws/install/turtlebot3_msgs/local/lib/python3.10/dist-packages:/opt/ros/turtlebot3_ws/install/dynamixel_sdk_custom_interfaces/local/lib/python3.10/dist-packages:/opt/ros/turtlebot3_ws/install/dynamixel_sdk/local/lib/python3.10/dist-packages:/opt/ros/humble/lib/python3.10/site-packages:/opt/ros/humble/local/lib/python3.10/dist-packages', 'MATE_DESKTOP_SESSION_ID': 'this-is-deprecated', 'COLCON': '1', 'MANPATH': '/usr/local/man:/usr/man:/usr/X11/man:/usr/local/man:/share/b/grading/man:/usr/local/man:/usr/man:/usr/X11/man:/usr/local/man:/share/b/grading/man:', 'VTE_VERSION': '6800', 'EDITOR': 'emacs', 'CMAKE_PREFIX_PATH': '/opt/ros/turtlebot3_ws/install/turtlebot3:/opt/ros/turtlebot3_ws/install/turtlebot3_bringup:/opt/ros/turtlebot3_ws/install/turtlebot3_node:/opt/ros/turtlebot3_ws/install/turtlebot3_navigation2:/opt/ros/turtlebot3_ws/install/turtlebot3_msgs:/opt/ros/turtlebot3_ws/install/turtlebot3_description:/opt/ros/turtlebot3_ws/install/turtlebot3_cartographer:/opt/ros/turtlebot3_ws/install/dynamixel_sdk_examples:/opt/ros/turtlebot3_ws/install/dynamixel_sdk_custom_interfaces:/opt/ros/turtlebot3_ws/install/dynamixel_sdk', 'QT_FONT_DPI': '122'}, 'shell': False}
[1.818926] (-) TimerEvent: {}
[1.819078] (turtle_patrol_interface) StdoutLine: {'line': b'-- Using all available rosidl_typesupport_cpp: rosidl_typesupport_fastrtps_cpp;rosidl_typesupport_introspection_cpp\n'}
[1.819161] (lab2_turtlesim) Command: {'cmd': ['/usr/bin/python3', '-W', 'ignore:setup.py install is deprecated', '-W', 'ignore:easy_install command is deprecated', 'setup.py', 'egg_info', '--egg-base', '../../build/lab2_turtlesim', 'build', '--build-base', '/home/cc/ee106a/sp26/class/ee106a-aac/ros_workspaces/lab2/build/lab2_turtlesim/build', 'install', '--record', '/home/cc/ee106a/sp26/class/ee106a-aac/ros_workspaces/lab2/build/lab2_turtlesim/install.log', '--single-version-externally-managed', 'install_data'], 'cwd': '/home/cc/ee106a/sp26/class/ee106a-aac/ros_workspaces/lab2/src/lab2_turtlesim', 'env': {'ARCH': 'x86_64', 'QT_SCALE_FACTOR': '1', 'USER': 'ee106a-aac', 'HOSTNAME': 'ros2', 'XDG_SESSION_TYPE': 'x11', 'MASTERDIR': '/home/ff/ee106a', 'COMPIZ_CONFIG_PROFILE': 'mate', 'XDG_CACHE_HOME': '/home/cc/ee106a/sp26/class/ee106a-aac/.cache', 'SHLVL': '2', 'LD_LIBRARY_PATH': '/opt/ros/turtlebot3_ws/install/turtlebot3_msgs/lib:/opt/ros/turtlebot3_ws/install/dynamixel_sdk_custom_interfaces/lib:/opt/ros/turtlebot3_ws/install/dynamixel_sdk/lib:/usr/lib/x86_64-linux-gnu/gazebo-11/plugins:/opt/ros/humble/opt/rviz_ogre_vendor/lib:/opt/ros/humble/lib/x86_64-linux-gnu:/opt/ros/humble/lib', 'HOME': '/home/cc/ee106a/sp26/class/ee106a-aac', 'OLDPWD': '/home/cc/ee106a/sp26/class/ee106a-aac/ros_workspaces', 'DESKTOP_SESSION': 'mate', 'ROS_PYTHON_VERSION': '3', 'GTK_MODULES': 'gail:atk-bridge:appmenu-gtk-module:gail:atk-bridge:canberra-gtk-module', 'DISTROBOX_ENTER_PATH': '/usr/local/bin/distrobox-enter', 'SYSTEMD_EXEC_PID': '1476231', 'NNTPSERVER': 'news.csua.berkeley.edu', 'VISUAL': 'emacs', 'XDG_STATE_HOME': '/home/cc/ee106a/sp26/class/ee106a-aac/.local/state', 'DBUS_SESSION_BUS_ADDRESS': 'unix:path=/run/user/34116/bus', 'COLORTERM': 'truecolor', 'container': 'podman', 'UBUNTU_MENUPROXY': '1', 'QT_QPA_PLATFORMTHEME': 'gtk2', 'COLCON_PREFIX_PATH': '/opt/ros/turtlebot3_ws/install', 'ROS_DISTRO': 'humble', 'GTK_IM_MODULE': 'ibus', 'LOGNAME': 'ee106a-aac', 'MASTER': 'ee106a', 'WINDOWID': '69206022', 'ROS_VERSION': '2', 'XDG_SESSION_CLASS': 'user', 'TERMINFO_DIRS': '/usr/share/terminfo:/run/host/usr/share/terminfo', 'USERNAME': 'ee106a-aac', 'TERM': 'xterm-256color', 'GTK_OVERLAY_SCROLLING': '0', 'XDG_SESSION_ID': '56592', 'ROS_LOCALHOST_ONLY': '0', 'WINDOWPATH': '2', 'PATH': '/opt/ros/humble/bin:/share/b/grading/bin:/home/ff/ee106a/bin:/home/ff/ee106a/bin/arch/x86_64:/share/b/grading/bin:/home/ff/ee106a/bin:/home/ff/ee106a/bin/arch/x86_64:/usr/local/sbin:/usr/local/bin:/usr/sbin:/usr/bin:/sbin:/bin:/usr/games:/usr/local/games:/snap/bin:/snap/bin:/share/b/grading/bin:/share/b/grading/sbin:/share/b/runas/x86_64:/share/b/bin:/home/ff/ee106a/venvs/all:/usr/local/sbin:/usr/local/bin:/usr/sbin:/usr/bin:/sbin:/bin:/share/b/grading/bin:/share/b/grading/sbin:/share/b/runas/x86_64:/share/b/bin:/home/ff/ee106a/venvs/all', 'SESSION_MANAGER': 'local/c105-3:@/tmp/.ICE-unix/1476318,unix/c105-3:/tmp/.ICE-unix/1476318', 'OS': 'Linux', 'XDG_RUNTIME_DIR': '/run/user/34116', 'DISPLAY': ':1', 'LANG': 'en_US.UTF-8', 'XDG_CURRENT_DESKTOP': 'MATE', 'XDG_DATA_HOME': '/home/cc/ee106a/sp26/class/ee106a-aac/.local/share', 'XDG_CONFIG_HOME': '/home/cc/ee106a/sp26/class/ee106a-aac/.config', 'XMODIFIERS': '@im=ibus', 'XDG_SESSION_DESKTOP': 'mate', 'XAUTHORITY': '/run/user/34116/gdm/Xauthority', 'SSH_AUTH_SOCK': '/run/user/34116/keyring/ssh', 'ROS_DOMAIN_ID': '23', 'AMENT_PREFIX_PATH': '/opt/ros/turtlebot3_ws/install/turtlebot3:/opt/ros/turtlebot3_ws/install/turtlebot3_teleop:/opt/ros/turtlebot3_ws/install/turtlebot3_bringup:/opt/ros/turtlebot3_ws/install/turtlebot3_node:/opt/ros/turtlebot3_ws/install/turtlebot3_navigation2:/opt/ros/turtlebot3_ws/install/turtlebot3_example:/opt/ros/turtlebot3_ws/install/turtlebot3_msgs:/opt/ros/turtlebot3_ws/install/turtlebot3_description:/opt/ros/turtlebot3_ws/install/turtlebot3_cartographer:/opt/ros/turtlebot3_ws/install/dynamixel_sdk_examples:/opt/ros/turtlebot3_ws/install/dynamixel_sdk_custom_interfaces:/opt/ros/turtlebot3_ws/install/dynamixel_sdk:/opt/ros/humble', 'SHELL': '/usr/bin/bash', 'QT_ACCESSIBILITY': '1', 'GDMSESSION': 'mate', 'RUNAS': '/share/b/runas/x86_64', 'GPG_AGENT_INFO': '/run/user/34116/gnupg/S.gpg-agent:0:1', 'CONFIG_SHELL': '/usr/bin/ksh', 'QT_IM_MODULE': 'ibus', 'PWD': '/home/cc/ee106a/sp26/class/ee106a-aac/ros_workspaces/lab2/build/lab2_turtlesim', 'EE106_ENV_SETUP': 'turtlebot_ros2', 'CONTAINER_ID': 'ros2', 'TURTLEBOT3_MODEL': 'burger', 'LC_ALL': 'C.UTF-8', 'XDG_CONFIG_DIRS': '/etc/xdg/xdg-mate:/etc/xdg', 'CLUTTER_IM_MODULE': 'ibus', 'XDG_DATA_DIRS': '/usr/share/mate:/usr/share/mate:/usr/share/gnome:/home/cc/ee106a/sp26/class/ee106a-aac/.local/share/flatpak/exports/share:/var/lib/flatpak/exports/share:/usr/local/share/:/usr/share/:/var/lib/snapd/desktop:/usr/local/share:/usr/share', 'PYTHONPATH': '/home/cc/ee106a/sp26/class/ee106a-aac/ros_workspaces/lab2/build/lab2_turtlesim/prefix_override:/usr/lib/python3/dist-packages/colcon_core/task/python/colcon_distutils_commands:/home/cc/ee106a/sp26/class/ee106a-aac/ros_workspaces/lab2/install/lab2_turtlesim/lib/python3.10/site-packages:/opt/ros/turtlebot3_ws/build/turtlebot3_teleop:/opt/ros/turtlebot3_ws/install/turtlebot3_teleop/lib/python3.10/site-packages:/opt/ros/turtlebot3_ws/build/turtlebot3_example:/opt/ros/turtlebot3_ws/install/turtlebot3_example/lib/python3.10/site-packages:/opt/ros/turtlebot3_ws/install/turtlebot3_msgs/local/lib/python3.10/dist-packages:/opt/ros/turtlebot3_ws/install/dynamixel_sdk_custom_interfaces/local/lib/python3.10/dist-packages:/opt/ros/turtlebot3_ws/install/dynamixel_sdk/local/lib/python3.10/dist-packages:/opt/ros/humble/lib/python3.10/site-packages:/opt/ros/humble/local/lib/python3.10/dist-packages', 'MATE_DESKTOP_SESSION_ID': 'this-is-deprecated', 'COLCON': '1', 'MANPATH': '/usr/local/man:/usr/man:/usr/X11/man:/usr/local/man:/share/b/grading/man:/usr/local/man:/usr/man:/usr/X11/man:/usr/local/man:/share/b/grading/man:', 'VTE_VERSION': '6800', 'EDITOR': 'emacs', 'CMAKE_PREFIX_PATH': '/opt/ros/turtlebot3_ws/install/turtlebot3:/opt/ros/turtlebot3_ws/install/turtlebot3_bringup:/opt/ros/turtlebot3_ws/install/turtlebot3_node:/opt/ros/turtlebot3_ws/install/turtlebot3_navigation2:/opt/ros/turtlebot3_ws/install/turtlebot3_msgs:/opt/ros/turtlebot3_ws/install/turtlebot3_description:/opt/ros/turtlebot3_ws/install/turtlebot3_cartographer:/opt/ros/turtlebot3_ws/install/dynamixel_sdk_examples:/opt/ros/turtlebot3_ws/install/dynamixel_sdk_custom_interfaces:/opt/ros/turtlebot3_ws/install/dynamixel_sdk', 'QT_FONT_DPI': '122'}, 'shell': False}
[1.851164] (turtle_patrol_interface) StdoutLine: {'line': b'-- Found rosidl_default_generators: 1.2.0 (/opt/ros/humble/share/rosidl_default_generators/cmake)\n'}
[1.919053] (-) TimerEvent: {}
[2.011752] (turtle_patrol) StdoutLine: {'line': b'running egg_info\n'}
[2.012274] (lab2_turtlesim) StdoutLine: {'line': b'running egg_info\n'}
[2.012605] (turtle_patrol) StdoutLine: {'line': b'writing ../../build/turtle_patrol/turtle_patrol.egg-info/PKG-INFO\n'}
[2.013370] (lab2_turtlesim) StdoutLine: {'line': b'writing ../../build/lab2_turtlesim/lab2_turtlesim.egg-info/PKG-INFO\n'}
[2.019260] (-) TimerEvent: {}
[2.022017] (lab2_turtlesim) StdoutLine: {'line': b'writing dependency_links to ../../build/lab2_turtlesim/lab2_turtlesim.egg-info/dependency_links.txt\n'}
[2.023468] (lab2_turtlesim) StdoutLine: {'line': b'writing entry points to ../../build/lab2_turtlesim/lab2_turtlesim.egg-info/entry_points.txt\n'}
[2.024644] (lab2_turtlesim) StdoutLine: {'line': b'writing requirements to ../../build/lab2_turtlesim/lab2_turtlesim.egg-info/requires.txt\n'}
[2.025531] (lab2_turtlesim) StdoutLine: {'line': b'writing top-level names to ../../build/lab2_turtlesim/lab2_turtlesim.egg-info/top_level.txt\n'}
[2.027391] (turtle_patrol) StdoutLine: {'line': b'writing dependency_links to ../../build/turtle_patrol/turtle_patrol.egg-info/dependency_links.txt\n'}
[2.029402] (turtle_patrol) StdoutLine: {'line': b'writing entry points to ../../build/turtle_patrol/turtle_patrol.egg-info/entry_points.txt\n'}
[2.031085] (turtle_patrol) StdoutLine: {'line': b'writing requirements to ../../build/turtle_patrol/turtle_patrol.egg-info/requires.txt\n'}
[2.032253] (turtle_patrol) StdoutLine: {'line': b'writing top-level names to ../../build/turtle_patrol/turtle_patrol.egg-info/top_level.txt\n'}
[2.032548] (lab2_turtlesim) StdoutLine: {'line': b"reading manifest file '../../build/lab2_turtlesim/lab2_turtlesim.egg-info/SOURCES.txt'\n"}
[2.035784] (lab2_turtlesim) StdoutLine: {'line': b"writing manifest file '../../build/lab2_turtlesim/lab2_turtlesim.egg-info/SOURCES.txt'\n"}
[2.037471] (lab2_turtlesim) StdoutLine: {'line': b'running build\n'}
[2.037647] (lab2_turtlesim) StdoutLine: {'line': b'running build_py\n'}
[2.040214] (turtle_patrol) StdoutLine: {'line': b"reading manifest file '../../build/turtle_patrol/turtle_patrol.egg-info/SOURCES.txt'\n"}
[2.040792] (lab2_turtlesim) StdoutLine: {'line': b'running install\n'}
[2.041008] (lab2_turtlesim) StdoutLine: {'line': b'running install_lib\n'}
[2.050251] (turtle_patrol) StdoutLine: {'line': b"writing manifest file '../../build/turtle_patrol/turtle_patrol.egg-info/SOURCES.txt'\n"}
[2.051657] (turtle_patrol) StdoutLine: {'line': b'running build\n'}
[2.051839] (turtle_patrol) StdoutLine: {'line': b'running build_py\n'}
[2.054859] (turtle_patrol) StdoutLine: {'line': b'running install\n'}
[2.055257] (turtle_patrol) StdoutLine: {'line': b'running install_lib\n'}
[2.061395] (turtle_patrol) StdoutLine: {'line': b'running install_data\n'}
[2.063457] (turtle_patrol) StdoutLine: {'line': b'running install_egg_info\n'}
[2.064762] (turtle_patrol) StdoutLine: {'line': b"removing '/home/cc/ee106a/sp26/class/ee106a-aac/ros_workspaces/lab2/install/turtle_patrol/lib/python3.10/site-packages/turtle_patrol-0.0.0-py3.10.egg-info' (and everything under it)\n"}
[2.068006] (lab2_turtlesim) StdoutLine: {'line': b'running install_data\n'}
[2.068920] (turtle_patrol) StdoutLine: {'line': b'Copying ../../build/turtle_patrol/turtle_patrol.egg-info to /home/cc/ee106a/sp26/class/ee106a-aac/ros_workspaces/lab2/install/turtle_patrol/lib/python3.10/site-packages/turtle_patrol-0.0.0-py3.10.egg-info\n'}
[2.070215] (lab2_turtlesim) StdoutLine: {'line': b'running install_egg_info\n'}
[2.071472] (lab2_turtlesim) StdoutLine: {'line': b"removing '/home/cc/ee106a/sp26/class/ee106a-aac/ros_workspaces/lab2/install/lab2_turtlesim/lib/python3.10/site-packages/lab2_turtlesim-0.0.0-py3.10.egg-info' (and everything under it)\n"}
[2.075505] (lab2_turtlesim) StdoutLine: {'line': b'Copying ../../build/lab2_turtlesim/lab2_turtlesim.egg-info to /home/cc/ee106a/sp26/class/ee106a-aac/ros_workspaces/lab2/install/lab2_turtlesim/lib/python3.10/site-packages/lab2_turtlesim-0.0.0-py3.10.egg-info\n'}
[2.097411] (turtle_patrol) StdoutLine: {'line': b'running install_scripts\n'}
[2.102887] (lab2_turtlesim) StdoutLine: {'line': b'running install_scripts\n'}
[2.114219] (turtle_patrol) StdoutLine: {'line': b'Installing patrol_client script to /home/cc/ee106a/sp26/class/ee106a-aac/ros_workspaces/lab2/install/turtle_patrol/lib/turtle_patrol\n'}
[2.116641] (turtle_patrol) StdoutLine: {'line': b'Installing patrol_client_sol script to /home/cc/ee106a/sp26/class/ee106a-aac/ros_workspaces/lab2/install/turtle_patrol/lib/turtle_patrol\n'}
[2.118211] (turtle_patrol) StdoutLine: {'line': b'Installing patrol_server script to /home/cc/ee106a/sp26/class/ee106a-aac/ros_workspaces/lab2/install/turtle_patrol/lib/turtle_patrol\n'}
[2.119400] (-) TimerEvent: {}
[2.120188] (turtle_patrol) StdoutLine: {'line': b'Installing patrol_server_sol script to /home/cc/ee106a/sp26/class/ee106a-aac/ros_workspaces/lab2/install/turtle_patrol/lib/turtle_patrol\n'}
[2.120282] (lab2_turtlesim) StdoutLine: {'line': b'Installing turtle_controller script to /home/cc/ee106a/sp26/class/ee106a-aac/ros_workspaces/lab2/install/lab2_turtlesim/lib/lab2_turtlesim\n'}
[2.122181] (turtle_patrol) StdoutLine: {'line': b"writing list of installed files to '/home/cc/ee106a/sp26/class/ee106a-aac/ros_workspaces/lab2/build/turtle_patrol/install.log'\n"}
[2.131806] (lab2_turtlesim) StdoutLine: {'line': b"writing list of installed files to '/home/cc/ee106a/sp26/class/ee106a-aac/ros_workspaces/lab2/build/lab2_turtlesim/install.log'\n"}
[2.136069] (turtle_patrol) CommandEnded: {'returncode': 0}
[2.219507] (-) TimerEvent: {}
[2.242985] (turtle_patrol) JobEnded: {'identifier': 'turtle_patrol', 'rc': 0}
[2.250483] (lab2_turtlesim) CommandEnded: {'returncode': 0}
[2.314719] (lab2_turtlesim) JobEnded: {'identifier': 'lab2_turtlesim', 'rc': 0}
[2.319852] (-) TimerEvent: {}
[2.420122] (-) TimerEvent: {}
[2.455636] (turtle_patrol_interface) StdoutLine: {'line': b'-- Found ament_cmake_ros: 0.10.0 (/opt/ros/humble/share/ament_cmake_ros/cmake)\n'}
[2.520222] (-) TimerEvent: {}
[2.620501] (-) TimerEvent: {}
[2.720789] (-) TimerEvent: {}
[2.821051] (-) TimerEvent: {}
[2.921356] (-) TimerEvent: {}
[3.021633] (-) TimerEvent: {}
[3.121899] (-) TimerEvent: {}
[3.222158] (-) TimerEvent: {}
[3.322455] (-) TimerEvent: {}
[3.422639] (-) TimerEvent: {}
[3.522943] (-) TimerEvent: {}
[3.623267] (-) TimerEvent: {}
[3.723545] (-) TimerEvent: {}
[3.823815] (-) TimerEvent: {}
[3.853035] (turtle_patrol_interface) StdoutLine: {'line': b'-- Using all available rosidl_typesupport_c: rosidl_typesupport_fastrtps_c;rosidl_typesupport_introspection_c\n'}
[3.923909] (-) TimerEvent: {}
[4.024199] (-) TimerEvent: {}
[4.124487] (-) TimerEvent: {}
[4.224695] (-) TimerEvent: {}
[4.324987] (-) TimerEvent: {}
[4.381694] (turtle_patrol_interface) StdoutLine: {'line': b'-- Using all available rosidl_typesupport_cpp: rosidl_typesupport_fastrtps_cpp;rosidl_typesupport_introspection_cpp\n'}
[4.422464] (turtle_patrol_interface) StdoutLine: {'line': b'-- Found python_cmake_module: 0.10.0 (/opt/ros/humble/share/python_cmake_module/cmake)\n'}
[4.425049] (-) TimerEvent: {}
[4.455001] (turtle_patrol_interface) StdoutLine: {'line': b'-- Using PYTHON_EXECUTABLE: /usr/bin/python3\n'}
[4.455092] (turtle_patrol_interface) StdoutLine: {'line': b'-- Using PYTHON_INCLUDE_DIRS: /usr/include/python3.10\n'}
[4.455141] (turtle_patrol_interface) StdoutLine: {'line': b'-- Using PYTHON_LIBRARIES: /usr/lib/x86_64-linux-gnu/libpython3.10.so\n'}
[4.525138] (-) TimerEvent: {}
[4.625425] (-) TimerEvent: {}
[4.666260] (turtle_patrol_interface) StdoutLine: {'line': b'-- Found ament_lint_auto: 0.12.14 (/opt/ros/humble/share/ament_lint_auto/cmake)\n'}
[4.725495] (-) TimerEvent: {}
[4.777590] (turtle_patrol_interface) StdoutLine: {'line': b"-- Added test 'lint_cmake' to check CMake code style\n"}
[4.783493] (turtle_patrol_interface) StdoutLine: {'line': b"-- Added test 'xmllint' to check XML markup files\n"}
[4.825589] (-) TimerEvent: {}
[4.851078] (turtle_patrol_interface) StdoutLine: {'line': b'-- Configuring done\n'}
[4.925664] (-) TimerEvent: {}
[5.025975] (-) TimerEvent: {}
[5.126320] (-) TimerEvent: {}
[5.226731] (-) TimerEvent: {}
[5.327022] (-) TimerEvent: {}
[5.427409] (-) TimerEvent: {}
[5.527793] (-) TimerEvent: {}
[5.628095] (-) TimerEvent: {}
[5.728398] (-) TimerEvent: {}
[5.828748] (-) TimerEvent: {}
[5.929068] (-) TimerEvent: {}
[5.978758] (turtle_patrol_interface) StdoutLine: {'line': b'-- Generating done\n'}
[6.029263] (-) TimerEvent: {}
[6.114408] (turtle_patrol_interface) StdoutLine: {'line': b'-- Build files have been written to: /home/cc/ee106a/sp26/class/ee106a-aac/ros_workspaces/lab2/build/turtle_patrol_interface\n'}
[6.129353] (-) TimerEvent: {}
[6.197323] (turtle_patrol_interface) StdoutLine: {'line': b'[  3%] \x1b[34m\x1b[1mGenerating C code for ROS interfaces\x1b[0m\n'}
[6.229449] (-) TimerEvent: {}
[6.231419] (turtle_patrol_interface) StdoutLine: {'line': b'[  6%] \x1b[34m\x1b[1mGenerating C++ code for ROS interfaces\x1b[0m\n'}
[6.329617] (-) TimerEvent: {}
[6.364084] (turtle_patrol_interface) StdoutLine: {'line': b'[  6%] Built target ament_cmake_python_copy_turtle_patrol_interface\n'}
[6.429692] (-) TimerEvent: {}
[6.436219] (turtle_patrol_interface) StdoutLine: {'line': b'\x1b[35m\x1b[1mConsolidate compiler generated dependencies of target turtle_patrol_interface__rosidl_generator_c\x1b[0m\n'}
[6.449640] (turtle_patrol_interface) StdoutLine: {'line': b'[  6%] Built target turtle_patrol_interface__cpp\n'}
[6.517321] (turtle_patrol_interface) StdoutLine: {'line': b'[  9%] \x1b[32mBuilding C object CMakeFiles/turtle_patrol_interface__rosidl_generator_c.dir/rosidl_generator_c/turtle_patrol_interface/srv/detail/patrol__functions.c.o\x1b[0m\n'}
[6.529750] (-) TimerEvent: {}
[6.538285] (turtle_patrol_interface) StdoutLine: {'line': b'[ 19%] \x1b[34m\x1b[1mGenerating C++ type support dispatch for ROS interfaces\x1b[0m\n'}
[6.538387] (turtle_patrol_interface) StdoutLine: {'line': b'[ 19%] \x1b[34m\x1b[1mGenerating C++ introspection for ROS interfaces\x1b[0m\n'}
[6.538909] (turtle_patrol_interface) StdoutLine: {'line': b'[ 19%] \x1b[34m\x1b[1mGenerating C++ type support for eProsima Fast-RTPS\x1b[0m\n'}
[6.629836] (-) TimerEvent: {}
[6.641439] (turtle_patrol_interface) StdoutLine: {'line': b'[ 22%] \x1b[32m\x1b[1mLinking C shared library libturtle_patrol_interface__rosidl_generator_c.so\x1b[0m\n'}
[6.694647] (turtle_patrol_interface) StdoutLine: {'line': b'running egg_info\n'}
[6.695742] (turtle_patrol_interface) StdoutLine: {'line': b'writing turtle_patrol_interface.egg-info/PKG-INFO\n'}
[6.696328] (turtle_patrol_interface) StdoutLine: {'line': b'[ 22%] Built target turtle_patrol_interface__rosidl_generator_c\n'}
[6.698534] (turtle_patrol_interface) StdoutLine: {'line': b'writing dependency_links to turtle_patrol_interface.egg-info/dependency_links.txt\n'}
[6.702364] (turtle_patrol_interface) StdoutLine: {'line': b'writing top-level names to turtle_patrol_interface.egg-info/top_level.txt\n'}
[6.710829] (turtle_patrol_interface) StdoutLine: {'line': b"reading manifest file 'turtle_patrol_interface.egg-info/SOURCES.txt'\n"}
[6.726318] (turtle_patrol_interface) StdoutLine: {'line': b'[ 32%] \x1b[34m\x1b[1mGenerating C introspection for ROS interfaces\x1b[0m\n'}
[6.726405] (turtle_patrol_interface) StdoutLine: {'line': b'[ 32%] \x1b[34m\x1b[1mGenerating C type support dispatch for ROS interfaces\x1b[0m\n'}
[6.726548] (turtle_patrol_interface) StdoutLine: {'line': b"writing manifest file 'turtle_patrol_interface.egg-info/SOURCES.txt'\n"}
[6.726965] (turtle_patrol_interface) StdoutLine: {'line': b'[ 32%] \x1b[34m\x1b[1mGenerating C type support for eProsima Fast-RTPS\x1b[0m\n'}
[6.729895] (-) TimerEvent: {}
[6.750649] (turtle_patrol_interface) StdoutLine: {'line': b'[ 32%] Built target ament_cmake_python_build_turtle_patrol_interface_egg\n'}
[6.760981] (turtle_patrol_interface) StdoutLine: {'line': b'\x1b[35m\x1b[1mConsolidate compiler generated dependencies of target turtle_patrol_interface__rosidl_typesupport_cpp\x1b[0m\n'}
[6.761678] (turtle_patrol_interface) StdoutLine: {'line': b'\x1b[35m\x1b[1mConsolidate compiler generated dependencies of target turtle_patrol_interface__rosidl_typesupport_introspection_cpp\x1b[0m\n'}
[6.771813] (turtle_patrol_interface) StdoutLine: {'line': b'\x1b[35m\x1b[1mConsolidate compiler generated dependencies of target turtle_patrol_interface__rosidl_typesupport_fastrtps_cpp\x1b[0m\n'}
[6.829982] (-) TimerEvent: {}
[6.852409] (turtle_patrol_interface) StdoutLine: {'line': b'[ 38%] \x1b[32mBuilding CXX object CMakeFiles/turtle_patrol_interface__rosidl_typesupport_introspection_cpp.dir/rosidl_typesupport_introspection_cpp/turtle_patrol_interface/srv/detail/patrol__type_support.cpp.o\x1b[0m\n'}
[6.853329] (turtle_patrol_interface) StdoutLine: {'line': b'[ 41%] \x1b[32mBuilding CXX object CMakeFiles/turtle_patrol_interface__rosidl_typesupport_cpp.dir/rosidl_typesupport_cpp/turtle_patrol_interface/srv/patrol__type_support.cpp.o\x1b[0m\n'}
[6.853900] (turtle_patrol_interface) StdoutLine: {'line': b'[ 41%] \x1b[32mBuilding CXX object CMakeFiles/turtle_patrol_interface__rosidl_typesupport_fastrtps_cpp.dir/rosidl_typesupport_fastrtps_cpp/turtle_patrol_interface/srv/detail/dds_fastrtps/patrol__type_support.cpp.o\x1b[0m\n'}
[6.930199] (-) TimerEvent: {}
[6.948908] (turtle_patrol_interface) StdoutLine: {'line': b'\x1b[35m\x1b[1mConsolidate compiler generated dependencies of target turtle_patrol_interface__rosidl_typesupport_c\x1b[0m\n'}
[6.981346] (turtle_patrol_interface) StdoutLine: {'line': b'[ 45%] \x1b[32mBuilding CXX object CMakeFiles/turtle_patrol_interface__rosidl_typesupport_c.dir/rosidl_typesupport_c/turtle_patrol_interface/srv/patrol__type_support.cpp.o\x1b[0m\n'}
[6.984171] (turtle_patrol_interface) StdoutLine: {'line': b'\x1b[35m\x1b[1mConsolidate compiler generated dependencies of target turtle_patrol_interface__rosidl_typesupport_fastrtps_c\x1b[0m\n'}
[6.990611] (turtle_patrol_interface) StdoutLine: {'line': b'\x1b[35m\x1b[1mConsolidate compiler generated dependencies of target turtle_patrol_interface__rosidl_typesupport_introspection_c\x1b[0m\n'}
[7.016761] (turtle_patrol_interface) StdoutLine: {'line': b'[ 48%] \x1b[32mBuilding CXX object CMakeFiles/turtle_patrol_interface__rosidl_typesupport_fastrtps_c.dir/rosidl_typesupport_fastrtps_c/turtle_patrol_interface/srv/detail/patrol__type_support_c.cpp.o\x1b[0m\n'}
[7.019719] (turtle_patrol_interface) StdoutLine: {'line': b'[ 51%] \x1b[32mBuilding C object CMakeFiles/turtle_patrol_interface__rosidl_typesupport_introspection_c.dir/rosidl_typesupport_introspection_c/turtle_patrol_interface/srv/detail/patrol__type_support.c.o\x1b[0m\n'}
[7.030276] (-) TimerEvent: {}
[7.033292] (turtle_patrol_interface) StdoutLine: {'line': b'[ 54%] \x1b[32m\x1b[1mLinking CXX shared library libturtle_patrol_interface__rosidl_typesupport_c.so\x1b[0m\n'}
[7.077222] (turtle_patrol_interface) StdoutLine: {'line': b'[ 58%] \x1b[32m\x1b[1mLinking C shared library libturtle_patrol_interface__rosidl_typesupport_introspection_c.so\x1b[0m\n'}
[7.083721] (turtle_patrol_interface) StdoutLine: {'line': b'[ 61%] \x1b[32m\x1b[1mLinking CXX shared library libturtle_patrol_interface__rosidl_typesupport_cpp.so\x1b[0m\n'}
[7.094702] (turtle_patrol_interface) StdoutLine: {'line': b'[ 61%] Built target turtle_patrol_interface__rosidl_typesupport_c\n'}
[7.128209] (turtle_patrol_interface) StdoutLine: {'line': b'[ 61%] Built target turtle_patrol_interface__rosidl_typesupport_introspection_c\n'}
[7.130309] (-) TimerEvent: {}
[7.137023] (turtle_patrol_interface) StdoutLine: {'line': b'[ 61%] Built target turtle_patrol_interface__rosidl_typesupport_cpp\n'}
[7.167996] (turtle_patrol_interface) StdoutLine: {'line': b'[ 64%] \x1b[32m\x1b[1mLinking CXX shared library libturtle_patrol_interface__rosidl_typesupport_introspection_cpp.so\x1b[0m\n'}
[7.204511] (turtle_patrol_interface) StdoutLine: {'line': b'[ 67%] \x1b[32m\x1b[1mLinking CXX shared library libturtle_patrol_interface__rosidl_typesupport_fastrtps_cpp.so\x1b[0m\n'}
[7.230390] (-) TimerEvent: {}
[7.230870] (turtle_patrol_interface) StdoutLine: {'line': b'[ 67%] Built target turtle_patrol_interface__rosidl_typesupport_introspection_cpp\n'}
[7.274744] (turtle_patrol_interface) StdoutLine: {'line': b'[ 67%] Built target turtle_patrol_interface__rosidl_typesupport_fastrtps_cpp\n'}
[7.301772] (turtle_patrol_interface) StdoutLine: {'line': b'[ 70%] \x1b[32m\x1b[1mLinking CXX shared library libturtle_patrol_interface__rosidl_typesupport_fastrtps_c.so\x1b[0m\n'}
[7.330513] (-) TimerEvent: {}
[7.397637] (turtle_patrol_interface) StdoutLine: {'line': b'[ 70%] Built target turtle_patrol_interface__rosidl_typesupport_fastrtps_c\n'}
[7.430608] (-) TimerEvent: {}
[7.453908] (turtle_patrol_interface) StdoutLine: {'line': b'[ 70%] Built target turtle_patrol_interface\n'}
[7.515065] (turtle_patrol_interface) StdoutLine: {'line': b'[ 74%] \x1b[34m\x1b[1mGenerating Python code for ROS interfaces\x1b[0m\n'}
[7.530683] (-) TimerEvent: {}
[7.630979] (-) TimerEvent: {}
[7.731155] (-) TimerEvent: {}
[7.791884] (turtle_patrol_interface) StdoutLine: {'line': b'[ 74%] Built target turtle_patrol_interface__py\n'}
[7.826065] (turtle_patrol_interface) StdoutLine: {'line': b'\x1b[35m\x1b[1mConsolidate compiler generated dependencies of target turtle_patrol_interface__rosidl_generator_py\x1b[0m\n'}
[7.831345] (-) TimerEvent: {}
[7.910718] (turtle_patrol_interface) StdoutLine: {'line': b'[ 77%] \x1b[32mBuilding C object CMakeFiles/turtle_patrol_interface__rosidl_generator_py.dir/rosidl_generator_py/turtle_patrol_interface/srv/_patrol_s.c.o\x1b[0m\n'}
[7.931534] (-) TimerEvent: {}
[8.031913] (-) TimerEvent: {}
[8.062450] (turtle_patrol_interface) StdoutLine: {'line': b'[ 80%] \x1b[32m\x1b[1mLinking C shared library rosidl_generator_py/turtle_patrol_interface/libturtle_patrol_interface__rosidl_generator_py.so\x1b[0m\n'}
[8.132053] (-) TimerEvent: {}
[8.156386] (turtle_patrol_interface) StdoutLine: {'line': b'[ 80%] Built target turtle_patrol_interface__rosidl_generator_py\n'}
[8.205875] (turtle_patrol_interface) StdoutLine: {'line': b'\x1b[35m\x1b[1mConsolidate compiler generated dependencies of target turtle_patrol_interface__rosidl_typesupport_c__pyext\x1b[0m\n'}
[8.206216] (turtle_patrol_interface) StdoutLine: {'line': b'\x1b[35m\x1b[1mConsolidate compiler generated dependencies of target turtle_patrol_interface__rosidl_typesupport_fastrtps_c__pyext\x1b[0m\n'}
[8.206893] (turtle_patrol_interface) StdoutLine: {'line': b'\x1b[35m\x1b[1mConsolidate compiler generated dependencies of target turtle_patrol_interface__rosidl_typesupport_introspection_c__pyext\x1b[0m\n'}
[8.232138] (-) TimerEvent: {}
[8.270172] (turtle_patrol_interface) StdoutLine: {'line': b'[ 87%] \x1b[32mBuilding C object CMakeFiles/turtle_patrol_interface__rosidl_typesupport_introspection_c__pyext.dir/rosidl_generator_py/turtle_patrol_interface/_turtle_patrol_interface_s.ep.rosidl_typesupport_introspection_c.c.o\x1b[0m\n'}
[8.271633] (turtle_patrol_interface) StdoutLine: {'line': b'[ 90%] \x1b[32mBuilding C object CMakeFiles/turtle_patrol_interface__rosidl_typesupport_c__pyext.dir/rosidl_generator_py/turtle_patrol_interface/_turtle_patrol_interface_s.ep.rosidl_typesupport_c.c.o\x1b[0m\n'}
[8.271967] (turtle_patrol_interface) StdoutLine: {'line': b'[ 90%] \x1b[32mBuilding C object CMakeFiles/turtle_patrol_interface__rosidl_typesupport_fastrtps_c__pyext.dir/rosidl_generator_py/turtle_patrol_interface/_turtle_patrol_interface_s.ep.rosidl_typesupport_fastrtps_c.c.o\x1b[0m\n'}
[8.332319] (-) TimerEvent: {}
[8.392937] (turtle_patrol_interface) StdoutLine: {'line': b'[100%] \x1b[32m\x1b[1mLinking C shared library rosidl_generator_py/turtle_patrol_interface/turtle_patrol_interface_s__rosidl_typesupport_fastrtps_c.cpython-310-x86_64-linux-gnu.so\x1b[0m\n'}
[8.393081] (turtle_patrol_interface) StdoutLine: {'line': b'[100%] \x1b[32m\x1b[1mLinking C shared library rosidl_generator_py/turtle_patrol_interface/turtle_patrol_interface_s__rosidl_typesupport_c.cpython-310-x86_64-linux-gnu.so\x1b[0m\n'}
[8.393143] (turtle_patrol_interface) StdoutLine: {'line': b'[100%] \x1b[32m\x1b[1mLinking C shared library rosidl_generator_py/turtle_patrol_interface/turtle_patrol_interface_s__rosidl_typesupport_introspection_c.cpython-310-x86_64-linux-gnu.so\x1b[0m\n'}
[8.432418] (-) TimerEvent: {}
[8.465917] (turtle_patrol_interface) StdoutLine: {'line': b'[100%] Built target turtle_patrol_interface__rosidl_typesupport_c__pyext\n'}
[8.471217] (turtle_patrol_interface) StdoutLine: {'line': b'[100%] Built target turtle_patrol_interface__rosidl_typesupport_fastrtps_c__pyext\n'}
[8.472833] (turtle_patrol_interface) StdoutLine: {'line': b'[100%] Built target turtle_patrol_interface__rosidl_typesupport_introspection_c__pyext\n'}
[8.518738] (turtle_patrol_interface) CommandEnded: {'returncode': 0}
[8.523059] (turtle_patrol_interface) JobProgress: {'identifier': 'turtle_patrol_interface', 'progress': 'install'}
[8.532549] (-) TimerEvent: {}
[8.548757] (turtle_patrol_interface) Command: {'cmd': ['/usr/bin/cmake', '--install', '/home/cc/ee106a/sp26/class/ee106a-aac/ros_workspaces/lab2/build/turtle_patrol_interface'], 'cwd': '/home/cc/ee106a/sp26/class/ee106a-aac/ros_workspaces/lab2/build/turtle_patrol_interface', 'env': OrderedDict([('ARCH', 'x86_64'), ('QT_SCALE_FACTOR', '1'), ('USER', 'ee106a-aac'), ('HOSTNAME', 'ros2'), ('XDG_SESSION_TYPE', 'x11'), ('MASTERDIR', '/home/ff/ee106a'), ('COMPIZ_CONFIG_PROFILE', 'mate'), ('XDG_CACHE_HOME', '/home/cc/ee106a/sp26/class/ee106a-aac/.cache'), ('SHLVL', '2'), ('LD_LIBRARY_PATH', '/opt/ros/turtlebot3_ws/install/turtlebot3_msgs/lib:/opt/ros/turtlebot3_ws/install/dynamixel_sdk_custom_interfaces/lib:/opt/ros/turtlebot3_ws/install/dynamixel_sdk/lib:/usr/lib/x86_64-linux-gnu/gazebo-11/plugins:/opt/ros/humble/opt/rviz_ogre_vendor/lib:/opt/ros/humble/lib/x86_64-linux-gnu:/opt/ros/humble/lib'), ('HOME', '/home/cc/ee106a/sp26/class/ee106a-aac'), ('OLDPWD', '/home/cc/ee106a/sp26/class/ee106a-aac/ros_workspaces'), ('DESKTOP_SESSION', 'mate'), ('ROS_PYTHON_VERSION', '3'), ('GTK_MODULES', 'gail:atk-bridge:appmenu-gtk-module:gail:atk-bridge:canberra-gtk-module'), ('DISTROBOX_ENTER_PATH', '/usr/local/bin/distrobox-enter'), ('SYSTEMD_EXEC_PID', '1476231'), ('NNTPSERVER', 'news.csua.berkeley.edu'), ('VISUAL', 'emacs'), ('XDG_STATE_HOME', '/home/cc/ee106a/sp26/class/ee106a-aac/.local/state'), ('DBUS_SESSION_BUS_ADDRESS', 'unix:path=/run/user/34116/bus'), ('COLORTERM', 'truecolor'), ('container', 'podman'), ('UBUNTU_MENUPROXY', '1'), ('QT_QPA_PLATFORMTHEME', 'gtk2'), ('COLCON_PREFIX_PATH', '/opt/ros/turtlebot3_ws/install'), ('ROS_DISTRO', 'humble'), ('GTK_IM_MODULE', 'ibus'), ('LOGNAME', 'ee106a-aac'), ('MASTER', 'ee106a'), ('WINDOWID', '69206022'), ('ROS_VERSION', '2'), ('XDG_SESSION_CLASS', 'user'), ('TERMINFO_DIRS', '/usr/share/terminfo:/run/host/usr/share/terminfo'), ('USERNAME', 'ee106a-aac'), ('TERM', 'xterm-256color'), ('GTK_OVERLAY_SCROLLING', '0'), ('XDG_SESSION_ID', '56592'), ('ROS_LOCALHOST_ONLY', '0'), ('WINDOWPATH', '2'), ('PATH', '/opt/ros/humble/bin:/share/b/grading/bin:/home/ff/ee106a/bin:/home/ff/ee106a/bin/arch/x86_64:/share/b/grading/bin:/home/ff/ee106a/bin:/home/ff/ee106a/bin/arch/x86_64:/usr/local/sbin:/usr/local/bin:/usr/sbin:/usr/bin:/sbin:/bin:/usr/games:/usr/local/games:/snap/bin:/snap/bin:/share/b/grading/bin:/share/b/grading/sbin:/share/b/runas/x86_64:/share/b/bin:/home/ff/ee106a/venvs/all:/usr/local/sbin:/usr/local/bin:/usr/sbin:/usr/bin:/sbin:/bin:/share/b/grading/bin:/share/b/grading/sbin:/share/b/runas/x86_64:/share/b/bin:/home/ff/ee106a/venvs/all'), ('SESSION_MANAGER', 'local/c105-3:@/tmp/.ICE-unix/1476318,unix/c105-3:/tmp/.ICE-unix/1476318'), ('OS', 'Linux'), ('XDG_RUNTIME_DIR', '/run/user/34116'), ('DISPLAY', ':1'), ('LANG', 'en_US.UTF-8'), ('XDG_CURRENT_DESKTOP', 'MATE'), ('XDG_DATA_HOME', '/home/cc/ee106a/sp26/class/ee106a-aac/.local/share'), ('XDG_CONFIG_HOME', '/home/cc/ee106a/sp26/class/ee106a-aac/.config'), ('XMODIFIERS', '@im=ibus'), ('XDG_SESSION_DESKTOP', 'mate'), ('XAUTHORITY', '/run/user/34116/gdm/Xauthority'), ('SSH_AUTH_SOCK', '/run/user/34116/keyring/ssh'), ('ROS_DOMAIN_ID', '23'), ('AMENT_PREFIX_PATH', '/opt/ros/turtlebot3_ws/install/turtlebot3:/opt/ros/turtlebot3_ws/install/turtlebot3_teleop:/opt/ros/turtlebot3_ws/install/turtlebot3_bringup:/opt/ros/turtlebot3_ws/install/turtlebot3_node:/opt/ros/turtlebot3_ws/install/turtlebot3_navigation2:/opt/ros/turtlebot3_ws/install/turtlebot3_example:/opt/ros/turtlebot3_ws/install/turtlebot3_msgs:/opt/ros/turtlebot3_ws/install/turtlebot3_description:/opt/ros/turtlebot3_ws/install/turtlebot3_cartographer:/opt/ros/turtlebot3_ws/install/dynamixel_sdk_examples:/opt/ros/turtlebot3_ws/install/dynamixel_sdk_custom_interfaces:/opt/ros/turtlebot3_ws/install/dynamixel_sdk:/opt/ros/humble'), ('SHELL', '/usr/bin/bash'), ('QT_ACCESSIBILITY', '1'), ('GDMSESSION', 'mate'), ('RUNAS', '/share/b/runas/x86_64'), ('GPG_AGENT_INFO', '/run/user/34116/gnupg/S.gpg-agent:0:1'), ('CONFIG_SHELL', '/usr/bin/ksh'), ('QT_IM_MODULE', 'ibus'), ('PWD', '/home/cc/ee106a/sp26/class/ee106a-aac/ros_workspaces/lab2/build/turtle_patrol_interface'), ('EE106_ENV_SETUP', 'turtlebot_ros2'), ('CONTAINER_ID', 'ros2'), ('TURTLEBOT3_MODEL', 'burger'), ('LC_ALL', 'C.UTF-8'), ('XDG_CONFIG_DIRS', '/etc/xdg/xdg-mate:/etc/xdg'), ('CLUTTER_IM_MODULE', 'ibus'), ('XDG_DATA_DIRS', '/usr/share/mate:/usr/share/mate:/usr/share/gnome:/home/cc/ee106a/sp26/class/ee106a-aac/.local/share/flatpak/exports/share:/var/lib/flatpak/exports/share:/usr/local/share/:/usr/share/:/var/lib/snapd/desktop:/usr/local/share:/usr/share'), ('PYTHONPATH', '/opt/ros/turtlebot3_ws/build/turtlebot3_teleop:/opt/ros/turtlebot3_ws/install/turtlebot3_teleop/lib/python3.10/site-packages:/opt/ros/turtlebot3_ws/build/turtlebot3_example:/opt/ros/turtlebot3_ws/install/turtlebot3_example/lib/python3.10/site-packages:/opt/ros/turtlebot3_ws/install/turtlebot3_msgs/local/lib/python3.10/dist-packages:/opt/ros/turtlebot3_ws/install/dynamixel_sdk_custom_interfaces/local/lib/python3.10/dist-packages:/opt/ros/turtlebot3_ws/install/dynamixel_sdk/local/lib/python3.10/dist-packages:/opt/ros/humble/lib/python3.10/site-packages:/opt/ros/humble/local/lib/python3.10/dist-packages'), ('MATE_DESKTOP_SESSION_ID', 'this-is-deprecated'), ('COLCON', '1'), ('MANPATH', '/usr/local/man:/usr/man:/usr/X11/man:/usr/local/man:/share/b/grading/man:/usr/local/man:/usr/man:/usr/X11/man:/usr/local/man:/share/b/grading/man:'), ('VTE_VERSION', '6800'), ('EDITOR', 'emacs'), ('CMAKE_PREFIX_PATH', '/opt/ros/turtlebot3_ws/install/turtlebot3:/opt/ros/turtlebot3_ws/install/turtlebot3_bringup:/opt/ros/turtlebot3_ws/install/turtlebot3_node:/opt/ros/turtlebot3_ws/install/turtlebot3_navigation2:/opt/ros/turtlebot3_ws/install/turtlebot3_msgs:/opt/ros/turtlebot3_ws/install/turtlebot3_description:/opt/ros/turtlebot3_ws/install/turtlebot3_cartographer:/opt/ros/turtlebot3_ws/install/dynamixel_sdk_examples:/opt/ros/turtlebot3_ws/install/dynamixel_sdk_custom_interfaces:/opt/ros/turtlebot3_ws/install/dynamixel_sdk:/opt/ros/turtlebot3_ws/install/turtlebot3_teleop:/opt/ros/turtlebot3_ws/install/turtlebot3_example:/opt/ros/humble'), ('QT_FONT_DPI', '122')]), 'shell': False}
[8.569851] (turtle_patrol_interface) StdoutLine: {'line': b'-- Install configuration: ""\n'}
[8.570997] (turtle_patrol_interface) StdoutLine: {'line': b'-- Up-to-date: /home/cc/ee106a/sp26/class/ee106a-aac/ros_workspaces/lab2/install/turtle_patrol_interface/share/ament_index/resource_index/rosidl_interfaces/turtle_patrol_interface\n'}
[8.572588] (turtle_patrol_interface) StdoutLine: {'line': b'-- Up-to-date: /home/cc/ee106a/sp26/class/ee106a-aac/ros_workspaces/lab2/install/turtle_patrol_interface/include/turtle_patrol_interface/turtle_patrol_interface\n'}
[8.574449] (turtle_patrol_interface) StdoutLine: {'line': b'-- Up-to-date: /home/cc/ee106a/sp26/class/ee106a-aac/ros_workspaces/lab2/install/turtle_patrol_interface/include/turtle_patrol_interface/turtle_patrol_interface/msg\n'}
[8.576024] (turtle_patrol_interface) StdoutLine: {'line': b'-- Up-to-date: /home/cc/ee106a/sp26/class/ee106a-aac/ros_workspaces/lab2/install/turtle_patrol_interface/include/turtle_patrol_interface/turtle_patrol_interface/msg/rosidl_generator_c__visibility_control.h\n'}
[8.576587] (turtle_patrol_interface) StdoutLine: {'line': b'-- Up-to-date: /home/cc/ee106a/sp26/class/ee106a-aac/ros_workspaces/lab2/install/turtle_patrol_interface/include/turtle_patrol_interface/turtle_patrol_interface/srv\n'}
[8.578168] (turtle_patrol_interface) StdoutLine: {'line': b'-- Installing: /home/cc/ee106a/sp26/class/ee106a-aac/ros_workspaces/lab2/install/turtle_patrol_interface/include/turtle_patrol_interface/turtle_patrol_interface/srv/patrol.h\n'}
[8.583965] (turtle_patrol_interface) StdoutLine: {'line': b'-- Up-to-date: /home/cc/ee106a/sp26/class/ee106a-aac/ros_workspaces/lab2/install/turtle_patrol_interface/include/turtle_patrol_interface/turtle_patrol_interface/srv/detail\n'}
[8.585494] (turtle_patrol_interface) StdoutLine: {'line': b'-- Installing: /home/cc/ee106a/sp26/class/ee106a-aac/ros_workspaces/lab2/install/turtle_patrol_interface/include/turtle_patrol_interface/turtle_patrol_interface/srv/detail/patrol__functions.c\n'}
[8.591639] (turtle_patrol_interface) StdoutLine: {'line': b'-- Installing: /home/cc/ee106a/sp26/class/ee106a-aac/ros_workspaces/lab2/install/turtle_patrol_interface/include/turtle_patrol_interface/turtle_patrol_interface/srv/detail/patrol__functions.h\n'}
[8.597572] (turtle_patrol_interface) StdoutLine: {'line': b'-- Installing: /home/cc/ee106a/sp26/class/ee106a-aac/ros_workspaces/lab2/install/turtle_patrol_interface/include/turtle_patrol_interface/turtle_patrol_interface/srv/detail/patrol__struct.h\n'}
[8.603092] (turtle_patrol_interface) StdoutLine: {'line': b'-- Installing: /home/cc/ee106a/sp26/class/ee106a-aac/ros_workspaces/lab2/install/turtle_patrol_interface/include/turtle_patrol_interface/turtle_patrol_interface/srv/detail/patrol__type_support.h\n'}
[8.609820] (turtle_patrol_interface) StdoutLine: {'line': b'-- Up-to-date: /home/cc/ee106a/sp26/class/ee106a-aac/ros_workspaces/lab2/install/turtle_patrol_interface/share/turtle_patrol_interface/environment/library_path.sh\n'}
[8.610830] (turtle_patrol_interface) StdoutLine: {'line': b'-- Installing: /home/cc/ee106a/sp26/class/ee106a-aac/ros_workspaces/lab2/install/turtle_patrol_interface/share/turtle_patrol_interface/environment/library_path.dsv\n'}
[8.621369] (turtle_patrol_interface) StdoutLine: {'line': b'-- Installing: /home/cc/ee106a/sp26/class/ee106a-aac/ros_workspaces/lab2/install/turtle_patrol_interface/lib/libturtle_patrol_interface__rosidl_generator_c.so\n'}
[8.631408] (turtle_patrol_interface) StdoutLine: {'line': b'-- Set runtime path of "/home/cc/ee106a/sp26/class/ee106a-aac/ros_workspaces/lab2/install/turtle_patrol_interface/lib/libturtle_patrol_interface__rosidl_generator_c.so" to ""\n'}
[8.631757] (turtle_patrol_interface) StdoutLine: {'line': b'-- Up-to-date: /home/cc/ee106a/sp26/class/ee106a-aac/ros_workspaces/lab2/install/turtle_patrol_interface/include/turtle_patrol_interface/turtle_patrol_interface\n'}
[8.632641] (-) TimerEvent: {}
[8.634552] (turtle_patrol_interface) StdoutLine: {'line': b'-- Up-to-date: /home/cc/ee106a/sp26/class/ee106a-aac/ros_workspaces/lab2/install/turtle_patrol_interface/include/turtle_patrol_interface/turtle_patrol_interface/msg\n'}
[8.636109] (turtle_patrol_interface) StdoutLine: {'line': b'-- Up-to-date: /home/cc/ee106a/sp26/class/ee106a-aac/ros_workspaces/lab2/install/turtle_patrol_interface/include/turtle_patrol_interface/turtle_patrol_interface/msg/rosidl_typesupport_fastrtps_c__visibility_control.h\n'}
[8.636797] (turtle_patrol_interface) StdoutLine: {'line': b'-- Up-to-date: /home/cc/ee106a/sp26/class/ee106a-aac/ros_workspaces/lab2/install/turtle_patrol_interface/include/turtle_patrol_interface/turtle_patrol_interface/srv\n'}
[8.638124] (turtle_patrol_interface) StdoutLine: {'line': b'-- Up-to-date: /home/cc/ee106a/sp26/class/ee106a-aac/ros_workspaces/lab2/install/turtle_patrol_interface/include/turtle_patrol_interface/turtle_patrol_interface/srv/detail\n'}
[8.639511] (turtle_patrol_interface) StdoutLine: {'line': b'-- Installing: /home/cc/ee106a/sp26/class/ee106a-aac/ros_workspaces/lab2/install/turtle_patrol_interface/include/turtle_patrol_interface/turtle_patrol_interface/srv/detail/patrol__rosidl_typesupport_fastrtps_c.h\n'}
[8.649889] (turtle_patrol_interface) StdoutLine: {'line': b'-- Installing: /home/cc/ee106a/sp26/class/ee106a-aac/ros_workspaces/lab2/install/turtle_patrol_interface/lib/libturtle_patrol_interface__rosidl_typesupport_fastrtps_c.so\n'}
[8.659987] (turtle_patrol_interface) StdoutLine: {'line': b'-- Set runtime path of "/home/cc/ee106a/sp26/class/ee106a-aac/ros_workspaces/lab2/install/turtle_patrol_interface/lib/libturtle_patrol_interface__rosidl_typesupport_fastrtps_c.so" to ""\n'}
[8.660407] (turtle_patrol_interface) StdoutLine: {'line': b'-- Up-to-date: /home/cc/ee106a/sp26/class/ee106a-aac/ros_workspaces/lab2/install/turtle_patrol_interface/include/turtle_patrol_interface/turtle_patrol_interface\n'}
[8.661919] (turtle_patrol_interface) StdoutLine: {'line': b'-- Up-to-date: /home/cc/ee106a/sp26/class/ee106a-aac/ros_workspaces/lab2/install/turtle_patrol_interface/include/turtle_patrol_interface/turtle_patrol_interface/msg\n'}
[8.663188] (turtle_patrol_interface) StdoutLine: {'line': b'-- Up-to-date: /home/cc/ee106a/sp26/class/ee106a-aac/ros_workspaces/lab2/install/turtle_patrol_interface/include/turtle_patrol_interface/turtle_patrol_interface/msg/rosidl_generator_cpp__visibility_control.hpp\n'}
[8.663775] (turtle_patrol_interface) StdoutLine: {'line': b'-- Up-to-date: /home/cc/ee106a/sp26/class/ee106a-aac/ros_workspaces/lab2/install/turtle_patrol_interface/include/turtle_patrol_interface/turtle_patrol_interface/srv\n'}
[8.665107] (turtle_patrol_interface) StdoutLine: {'line': b'-- Installing: /home/cc/ee106a/sp26/class/ee106a-aac/ros_workspaces/lab2/install/turtle_patrol_interface/include/turtle_patrol_interface/turtle_patrol_interface/srv/patrol.hpp\n'}
[8.670395] (turtle_patrol_interface) StdoutLine: {'line': b'-- Up-to-date: /home/cc/ee106a/sp26/class/ee106a-aac/ros_workspaces/lab2/install/turtle_patrol_interface/include/turtle_patrol_interface/turtle_patrol_interface/srv/detail\n'}
[8.671945] (turtle_patrol_interface) StdoutLine: {'line': b'-- Installing: /home/cc/ee106a/sp26/class/ee106a-aac/ros_workspaces/lab2/install/turtle_patrol_interface/include/turtle_patrol_interface/turtle_patrol_interface/srv/detail/patrol__builder.hpp\n'}
[8.678522] (turtle_patrol_interface) StdoutLine: {'line': b'-- Installing: /home/cc/ee106a/sp26/class/ee106a-aac/ros_workspaces/lab2/install/turtle_patrol_interface/include/turtle_patrol_interface/turtle_patrol_interface/srv/detail/patrol__struct.hpp\n'}
[8.684471] (turtle_patrol_interface) StdoutLine: {'line': b'-- Installing: /home/cc/ee106a/sp26/class/ee106a-aac/ros_workspaces/lab2/install/turtle_patrol_interface/include/turtle_patrol_interface/turtle_patrol_interface/srv/detail/patrol__traits.hpp\n'}
[8.690934] (turtle_patrol_interface) StdoutLine: {'line': b'-- Installing: /home/cc/ee106a/sp26/class/ee106a-aac/ros_workspaces/lab2/install/turtle_patrol_interface/include/turtle_patrol_interface/turtle_patrol_interface/srv/detail/patrol__type_support.hpp\n'}
[8.696894] (turtle_patrol_interface) StdoutLine: {'line': b'-- Up-to-date: /home/cc/ee106a/sp26/class/ee106a-aac/ros_workspaces/lab2/install/turtle_patrol_interface/include/turtle_patrol_interface/turtle_patrol_interface\n'}
[8.698593] (turtle_patrol_interface) StdoutLine: {'line': b'-- Up-to-date: /home/cc/ee106a/sp26/class/ee106a-aac/ros_workspaces/lab2/install/turtle_patrol_interface/include/turtle_patrol_interface/turtle_patrol_interface/msg\n'}
[8.699955] (turtle_patrol_interface) StdoutLine: {'line': b'-- Up-to-date: /home/cc/ee106a/sp26/class/ee106a-aac/ros_workspaces/lab2/install/turtle_patrol_interface/include/turtle_patrol_interface/turtle_patrol_interface/msg/rosidl_typesupport_fastrtps_cpp__visibility_control.h\n'}
[8.700569] (turtle_patrol_interface) StdoutLine: {'line': b'-- Up-to-date: /home/cc/ee106a/sp26/class/ee106a-aac/ros_workspaces/lab2/install/turtle_patrol_interface/include/turtle_patrol_interface/turtle_patrol_interface/srv\n'}
[8.702177] (turtle_patrol_interface) StdoutLine: {'line': b'-- Up-to-date: /home/cc/ee106a/sp26/class/ee106a-aac/ros_workspaces/lab2/install/turtle_patrol_interface/include/turtle_patrol_interface/turtle_patrol_interface/srv/detail\n'}
[8.703593] (turtle_patrol_interface) StdoutLine: {'line': b'-- Installing: /home/cc/ee106a/sp26/class/ee106a-aac/ros_workspaces/lab2/install/turtle_patrol_interface/include/turtle_patrol_interface/turtle_patrol_interface/srv/detail/patrol__rosidl_typesupport_fastrtps_cpp.hpp\n'}
[8.709411] (turtle_patrol_interface) StdoutLine: {'line': b'-- Up-to-date: /home/cc/ee106a/sp26/class/ee106a-aac/ros_workspaces/lab2/install/turtle_patrol_interface/include/turtle_patrol_interface/turtle_patrol_interface/srv/detail/dds_fastrtps\n'}
[8.728150] (turtle_patrol_interface) StdoutLine: {'line': b'-- Installing: /home/cc/ee106a/sp26/class/ee106a-aac/ros_workspaces/lab2/install/turtle_patrol_interface/lib/libturtle_patrol_interface__rosidl_typesupport_fastrtps_cpp.so\n'}
[8.732708] (-) TimerEvent: {}
[8.739886] (turtle_patrol_interface) StdoutLine: {'line': b'-- Set runtime path of "/home/cc/ee106a/sp26/class/ee106a-aac/ros_workspaces/lab2/install/turtle_patrol_interface/lib/libturtle_patrol_interface__rosidl_typesupport_fastrtps_cpp.so" to ""\n'}
[8.740258] (turtle_patrol_interface) StdoutLine: {'line': b'-- Up-to-date: /home/cc/ee106a/sp26/class/ee106a-aac/ros_workspaces/lab2/install/turtle_patrol_interface/include/turtle_patrol_interface/turtle_patrol_interface\n'}
[8.741943] (turtle_patrol_interface) StdoutLine: {'line': b'-- Up-to-date: /home/cc/ee106a/sp26/class/ee106a-aac/ros_workspaces/lab2/install/turtle_patrol_interface/include/turtle_patrol_interface/turtle_patrol_interface/msg\n'}
[8.743279] (turtle_patrol_interface) StdoutLine: {'line': b'-- Up-to-date: /home/cc/ee106a/sp26/class/ee106a-aac/ros_workspaces/lab2/install/turtle_patrol_interface/include/turtle_patrol_interface/turtle_patrol_interface/msg/rosidl_typesupport_introspection_c__visibility_control.h\n'}
[8.743835] (turtle_patrol_interface) StdoutLine: {'line': b'-- Up-to-date: /home/cc/ee106a/sp26/class/ee106a-aac/ros_workspaces/lab2/install/turtle_patrol_interface/include/turtle_patrol_interface/turtle_patrol_interface/srv\n'}
[8.745455] (turtle_patrol_interface) StdoutLine: {'line': b'-- Up-to-date: /home/cc/ee106a/sp26/class/ee106a-aac/ros_workspaces/lab2/install/turtle_patrol_interface/include/turtle_patrol_interface/turtle_patrol_interface/srv/detail\n'}
[8.746763] (turtle_patrol_interface) StdoutLine: {'line': b'-- Installing: /home/cc/ee106a/sp26/class/ee106a-aac/ros_workspaces/lab2/install/turtle_patrol_interface/include/turtle_patrol_interface/turtle_patrol_interface/srv/detail/patrol__rosidl_typesupport_introspection_c.h\n'}
[8.752536] (turtle_patrol_interface) StdoutLine: {'line': b'-- Installing: /home/cc/ee106a/sp26/class/ee106a-aac/ros_workspaces/lab2/install/turtle_patrol_interface/include/turtle_patrol_interface/turtle_patrol_interface/srv/detail/patrol__type_support.c\n'}
[8.773362] (turtle_patrol_interface) StdoutLine: {'line': b'-- Installing: /home/cc/ee106a/sp26/class/ee106a-aac/ros_workspaces/lab2/install/turtle_patrol_interface/lib/libturtle_patrol_interface__rosidl_typesupport_introspection_c.so\n'}
[8.782836] (turtle_patrol_interface) StdoutLine: {'line': b'-- Set runtime path of "/home/cc/ee106a/sp26/class/ee106a-aac/ros_workspaces/lab2/install/turtle_patrol_interface/lib/libturtle_patrol_interface__rosidl_typesupport_introspection_c.so" to ""\n'}
[8.792382] (turtle_patrol_interface) StdoutLine: {'line': b'-- Installing: /home/cc/ee106a/sp26/class/ee106a-aac/ros_workspaces/lab2/install/turtle_patrol_interface/lib/libturtle_patrol_interface__rosidl_typesupport_c.so\n'}
[8.801362] (turtle_patrol_interface) StdoutLine: {'line': b'-- Set runtime path of "/home/cc/ee106a/sp26/class/ee106a-aac/ros_workspaces/lab2/install/turtle_patrol_interface/lib/libturtle_patrol_interface__rosidl_typesupport_c.so" to ""\n'}
[8.801768] (turtle_patrol_interface) StdoutLine: {'line': b'-- Up-to-date: /home/cc/ee106a/sp26/class/ee106a-aac/ros_workspaces/lab2/install/turtle_patrol_interface/include/turtle_patrol_interface/turtle_patrol_interface\n'}
[8.803393] (turtle_patrol_interface) StdoutLine: {'line': b'-- Up-to-date: /home/cc/ee106a/sp26/class/ee106a-aac/ros_workspaces/lab2/install/turtle_patrol_interface/include/turtle_patrol_interface/turtle_patrol_interface/srv\n'}
[8.804967] (turtle_patrol_interface) StdoutLine: {'line': b'-- Up-to-date: /home/cc/ee106a/sp26/class/ee106a-aac/ros_workspaces/lab2/install/turtle_patrol_interface/include/turtle_patrol_interface/turtle_patrol_interface/srv/detail\n'}
[8.806323] (turtle_patrol_interface) StdoutLine: {'line': b'-- Installing: /home/cc/ee106a/sp26/class/ee106a-aac/ros_workspaces/lab2/install/turtle_patrol_interface/include/turtle_patrol_interface/turtle_patrol_interface/srv/detail/patrol__rosidl_typesupport_introspection_cpp.hpp\n'}
[8.811952] (turtle_patrol_interface) StdoutLine: {'line': b'-- Installing: /home/cc/ee106a/sp26/class/ee106a-aac/ros_workspaces/lab2/install/turtle_patrol_interface/include/turtle_patrol_interface/turtle_patrol_interface/srv/detail/patrol__type_support.cpp\n'}
[8.828840] (turtle_patrol_interface) StdoutLine: {'line': b'-- Installing: /home/cc/ee106a/sp26/class/ee106a-aac/ros_workspaces/lab2/install/turtle_patrol_interface/lib/libturtle_patrol_interface__rosidl_typesupport_introspection_cpp.so\n'}
[8.832822] (-) TimerEvent: {}
[8.840084] (turtle_patrol_interface) StdoutLine: {'line': b'-- Set runtime path of "/home/cc/ee106a/sp26/class/ee106a-aac/ros_workspaces/lab2/install/turtle_patrol_interface/lib/libturtle_patrol_interface__rosidl_typesupport_introspection_cpp.so" to ""\n'}
[8.843866] (turtle_patrol_interface) StdoutLine: {'line': b'-- Installing: /home/cc/ee106a/sp26/class/ee106a-aac/ros_workspaces/lab2/install/turtle_patrol_interface/lib/libturtle_patrol_interface__rosidl_typesupport_cpp.so\n'}
[8.854086] (turtle_patrol_interface) StdoutLine: {'line': b'-- Set runtime path of "/home/cc/ee106a/sp26/class/ee106a-aac/ros_workspaces/lab2/install/turtle_patrol_interface/lib/libturtle_patrol_interface__rosidl_typesupport_cpp.so" to ""\n'}
[8.855151] (turtle_patrol_interface) StdoutLine: {'line': b'-- Up-to-date: /home/cc/ee106a/sp26/class/ee106a-aac/ros_workspaces/lab2/install/turtle_patrol_interface/share/turtle_patrol_interface/environment/pythonpath.sh\n'}
[8.855959] (turtle_patrol_interface) StdoutLine: {'line': b'-- Installing: /home/cc/ee106a/sp26/class/ee106a-aac/ros_workspaces/lab2/install/turtle_patrol_interface/share/turtle_patrol_interface/environment/pythonpath.dsv\n'}
[8.863391] (turtle_patrol_interface) StdoutLine: {'line': b'-- Up-to-date: /home/cc/ee106a/sp26/class/ee106a-aac/ros_workspaces/lab2/install/turtle_patrol_interface/local/lib/python3.10/dist-packages/turtle_patrol_interface-0.0.0-py3.10.egg-info\n'}
[8.864671] (turtle_patrol_interface) StdoutLine: {'line': b'-- Installing: /home/cc/ee106a/sp26/class/ee106a-aac/ros_workspaces/lab2/install/turtle_patrol_interface/local/lib/python3.10/dist-packages/turtle_patrol_interface-0.0.0-py3.10.egg-info/PKG-INFO\n'}
[8.878988] (turtle_patrol_interface) StdoutLine: {'line': b'-- Installing: /home/cc/ee106a/sp26/class/ee106a-aac/ros_workspaces/lab2/install/turtle_patrol_interface/local/lib/python3.10/dist-packages/turtle_patrol_interface-0.0.0-py3.10.egg-info/dependency_links.txt\n'}
[8.884768] (turtle_patrol_interface) StdoutLine: {'line': b'-- Installing: /home/cc/ee106a/sp26/class/ee106a-aac/ros_workspaces/lab2/install/turtle_patrol_interface/local/lib/python3.10/dist-packages/turtle_patrol_interface-0.0.0-py3.10.egg-info/top_level.txt\n'}
[8.890141] (turtle_patrol_interface) StdoutLine: {'line': b'-- Installing: /home/cc/ee106a/sp26/class/ee106a-aac/ros_workspaces/lab2/install/turtle_patrol_interface/local/lib/python3.10/dist-packages/turtle_patrol_interface-0.0.0-py3.10.egg-info/SOURCES.txt\n'}
[8.895838] (turtle_patrol_interface) StdoutLine: {'line': b'-- Up-to-date: /home/cc/ee106a/sp26/class/ee106a-aac/ros_workspaces/lab2/install/turtle_patrol_interface/local/lib/python3.10/dist-packages/turtle_patrol_interface\n'}
[8.897705] (turtle_patrol_interface) StdoutLine: {'line': b'-- Up-to-date: /home/cc/ee106a/sp26/class/ee106a-aac/ros_workspaces/lab2/install/turtle_patrol_interface/local/lib/python3.10/dist-packages/turtle_patrol_interface/__init__.py\n'}
[8.898539] (turtle_patrol_interface) StdoutLine: {'line': b'-- Up-to-date: /home/cc/ee106a/sp26/class/ee106a-aac/ros_workspaces/lab2/install/turtle_patrol_interface/local/lib/python3.10/dist-packages/turtle_patrol_interface/srv\n'}
[8.899909] (turtle_patrol_interface) StdoutLine: {'line': b'-- Installing: /home/cc/ee106a/sp26/class/ee106a-aac/ros_workspaces/lab2/install/turtle_patrol_interface/local/lib/python3.10/dist-packages/turtle_patrol_interface/srv/_patrol.py\n'}
[8.907516] (turtle_patrol_interface) StdoutLine: {'line': b'-- Installing: /home/cc/ee106a/sp26/class/ee106a-aac/ros_workspaces/lab2/install/turtle_patrol_interface/local/lib/python3.10/dist-packages/turtle_patrol_interface/srv/_patrol_s.c\n'}
[8.913689] (turtle_patrol_interface) StdoutLine: {'line': b'-- Installing: /home/cc/ee106a/sp26/class/ee106a-aac/ros_workspaces/lab2/install/turtle_patrol_interface/local/lib/python3.10/dist-packages/turtle_patrol_interface/srv/__init__.py\n'}
[8.920119] (turtle_patrol_interface) StdoutLine: {'line': b'-- Installing: /home/cc/ee106a/sp26/class/ee106a-aac/ros_workspaces/lab2/install/turtle_patrol_interface/local/lib/python3.10/dist-packages/turtle_patrol_interface/_turtle_patrol_interface_s.ep.rosidl_typesupport_fastrtps_c.c\n'}
[8.926177] (turtle_patrol_interface) StdoutLine: {'line': b'-- Installing: /home/cc/ee106a/sp26/class/ee106a-aac/ros_workspaces/lab2/install/turtle_patrol_interface/local/lib/python3.10/dist-packages/turtle_patrol_interface/_turtle_patrol_interface_s.ep.rosidl_typesupport_introspection_c.c\n'}
[8.932380] (turtle_patrol_interface) StdoutLine: {'line': b'-- Installing: /home/cc/ee106a/sp26/class/ee106a-aac/ros_workspaces/lab2/install/turtle_patrol_interface/local/lib/python3.10/dist-packages/turtle_patrol_interface/_turtle_patrol_interface_s.ep.rosidl_typesupport_c.c\n'}
[8.932891] (-) TimerEvent: {}
[8.938739] (turtle_patrol_interface) StdoutLine: {'line': b'-- Installing: /home/cc/ee106a/sp26/class/ee106a-aac/ros_workspaces/lab2/install/turtle_patrol_interface/local/lib/python3.10/dist-packages/turtle_patrol_interface/libturtle_patrol_interface__rosidl_generator_py.so\n'}
[8.945205] (turtle_patrol_interface) StdoutLine: {'line': b'-- Installing: /home/cc/ee106a/sp26/class/ee106a-aac/ros_workspaces/lab2/install/turtle_patrol_interface/local/lib/python3.10/dist-packages/turtle_patrol_interface/turtle_patrol_interface_s__rosidl_typesupport_c.cpython-310-x86_64-linux-gnu.so\n'}
[8.952753] (turtle_patrol_interface) StdoutLine: {'line': b'-- Installing: /home/cc/ee106a/sp26/class/ee106a-aac/ros_workspaces/lab2/install/turtle_patrol_interface/local/lib/python3.10/dist-packages/turtle_patrol_interface/turtle_patrol_interface_s__rosidl_typesupport_fastrtps_c.cpython-310-x86_64-linux-gnu.so\n'}
[8.960347] (turtle_patrol_interface) StdoutLine: {'line': b'-- Installing: /home/cc/ee106a/sp26/class/ee106a-aac/ros_workspaces/lab2/install/turtle_patrol_interface/local/lib/python3.10/dist-packages/turtle_patrol_interface/turtle_patrol_interface_s__rosidl_typesupport_introspection_c.cpython-310-x86_64-linux-gnu.so\n'}
[9.032959] (-) TimerEvent: {}
[9.043113] (turtle_patrol_interface) StdoutLine: {'line': b"Listing '/home/cc/ee106a/sp26/class/ee106a-aac/ros_workspaces/lab2/install/turtle_patrol_interface/local/lib/python3.10/dist-packages/turtle_patrol_interface'...\n"}
[9.043182] (turtle_patrol_interface) StdoutLine: {'line': b"Listing '/home/cc/ee106a/sp26/class/ee106a-aac/ros_workspaces/lab2/install/turtle_patrol_interface/local/lib/python3.10/dist-packages/turtle_patrol_interface/srv'...\n"}
[9.043217] (turtle_patrol_interface) StdoutLine: {'line': b"Compiling '/home/cc/ee106a/sp26/class/ee106a-aac/ros_workspaces/lab2/install/turtle_patrol_interface/local/lib/python3.10/dist-packages/turtle_patrol_interface/srv/__init__.py'...\n"}
[9.043249] (turtle_patrol_interface) StdoutLine: {'line': b"Compiling '/home/cc/ee106a/sp26/class/ee106a-aac/ros_workspaces/lab2/install/turtle_patrol_interface/local/lib/python3.10/dist-packages/turtle_patrol_interface/srv/_patrol.py'...\n"}
[9.048011] (turtle_patrol_interface) StdoutLine: {'line': b'-- Installing: /home/cc/ee106a/sp26/class/ee106a-aac/ros_workspaces/lab2/install/turtle_patrol_interface/local/lib/python3.10/dist-packages/turtle_patrol_interface/turtle_patrol_interface_s__rosidl_typesupport_fastrtps_c.cpython-310-x86_64-linux-gnu.so\n'}
[9.056130] (turtle_patrol_interface) StdoutLine: {'line': b'-- Set runtime path of "/home/cc/ee106a/sp26/class/ee106a-aac/ros_workspaces/lab2/install/turtle_patrol_interface/local/lib/python3.10/dist-packages/turtle_patrol_interface/turtle_patrol_interface_s__rosidl_typesupport_fastrtps_c.cpython-310-x86_64-linux-gnu.so" to ""\n'}
[9.058818] (turtle_patrol_interface) StdoutLine: {'line': b'-- Installing: /home/cc/ee106a/sp26/class/ee106a-aac/ros_workspaces/lab2/install/turtle_patrol_interface/local/lib/python3.10/dist-packages/turtle_patrol_interface/turtle_patrol_interface_s__rosidl_typesupport_introspection_c.cpython-310-x86_64-linux-gnu.so\n'}
[9.067997] (turtle_patrol_interface) StdoutLine: {'line': b'-- Set runtime path of "/home/cc/ee106a/sp26/class/ee106a-aac/ros_workspaces/lab2/install/turtle_patrol_interface/local/lib/python3.10/dist-packages/turtle_patrol_interface/turtle_patrol_interface_s__rosidl_typesupport_introspection_c.cpython-310-x86_64-linux-gnu.so" to ""\n'}
[9.070905] (turtle_patrol_interface) StdoutLine: {'line': b'-- Installing: /home/cc/ee106a/sp26/class/ee106a-aac/ros_workspaces/lab2/install/turtle_patrol_interface/local/lib/python3.10/dist-packages/turtle_patrol_interface/turtle_patrol_interface_s__rosidl_typesupport_c.cpython-310-x86_64-linux-gnu.so\n'}
[9.079395] (turtle_patrol_interface) StdoutLine: {'line': b'-- Set runtime path of "/home/cc/ee106a/sp26/class/ee106a-aac/ros_workspaces/lab2/install/turtle_patrol_interface/local/lib/python3.10/dist-packages/turtle_patrol_interface/turtle_patrol_interface_s__rosidl_typesupport_c.cpython-310-x86_64-linux-gnu.so" to ""\n'}
[9.082859] (turtle_patrol_interface) StdoutLine: {'line': b'-- Installing: /home/cc/ee106a/sp26/class/ee106a-aac/ros_workspaces/lab2/install/turtle_patrol_interface/lib/libturtle_patrol_interface__rosidl_generator_py.so\n'}
[9.092709] (turtle_patrol_interface) StdoutLine: {'line': b'-- Set runtime path of "/home/cc/ee106a/sp26/class/ee106a-aac/ros_workspaces/lab2/install/turtle_patrol_interface/lib/libturtle_patrol_interface__rosidl_generator_py.so" to ""\n'}
[9.093838] (turtle_patrol_interface) StdoutLine: {'line': b'-- Installing: /home/cc/ee106a/sp26/class/ee106a-aac/ros_workspaces/lab2/install/turtle_patrol_interface/share/turtle_patrol_interface/srv/Patrol.idl\n'}
[9.099752] (turtle_patrol_interface) StdoutLine: {'line': b'-- Installing: /home/cc/ee106a/sp26/class/ee106a-aac/ros_workspaces/lab2/install/turtle_patrol_interface/share/turtle_patrol_interface/srv/Patrol.srv\n'}
[9.105164] (turtle_patrol_interface) StdoutLine: {'line': b'-- Installing: /home/cc/ee106a/sp26/class/ee106a-aac/ros_workspaces/lab2/install/turtle_patrol_interface/share/turtle_patrol_interface/srv/Patrol_Request.msg\n'}
[9.110934] (turtle_patrol_interface) StdoutLine: {'line': b'-- Installing: /home/cc/ee106a/sp26/class/ee106a-aac/ros_workspaces/lab2/install/turtle_patrol_interface/share/turtle_patrol_interface/srv/Patrol_Response.msg\n'}
[9.116818] (turtle_patrol_interface) StdoutLine: {'line': b'-- Up-to-date: /home/cc/ee106a/sp26/class/ee106a-aac/ros_workspaces/lab2/install/turtle_patrol_interface/share/ament_index/resource_index/package_run_dependencies/turtle_patrol_interface\n'}
[9.118387] (turtle_patrol_interface) StdoutLine: {'line': b'-- Installing: /home/cc/ee106a/sp26/class/ee106a-aac/ros_workspaces/lab2/install/turtle_patrol_interface/share/ament_index/resource_index/parent_prefix_path/turtle_patrol_interface\n'}
[9.124614] (turtle_patrol_interface) StdoutLine: {'line': b'-- Up-to-date: /home/cc/ee106a/sp26/class/ee106a-aac/ros_workspaces/lab2/install/turtle_patrol_interface/share/turtle_patrol_interface/environment/ament_prefix_path.sh\n'}
[9.125524] (turtle_patrol_interface) StdoutLine: {'line': b'-- Installing: /home/cc/ee106a/sp26/class/ee106a-aac/ros_workspaces/lab2/install/turtle_patrol_interface/share/turtle_patrol_interface/environment/ament_prefix_path.dsv\n'}
[9.130885] (turtle_patrol_interface) StdoutLine: {'line': b'-- Up-to-date: /home/cc/ee106a/sp26/class/ee106a-aac/ros_workspaces/lab2/install/turtle_patrol_interface/share/turtle_patrol_interface/environment/path.sh\n'}
[9.133077] (-) TimerEvent: {}
[9.141568] (turtle_patrol_interface) StdoutLine: {'line': b'-- Installing: /home/cc/ee106a/sp26/class/ee106a-aac/ros_workspaces/lab2/install/turtle_patrol_interface/share/turtle_patrol_interface/environment/path.dsv\n'}
[9.147261] (turtle_patrol_interface) StdoutLine: {'line': b'-- Up-to-date: /home/cc/ee106a/sp26/class/ee106a-aac/ros_workspaces/lab2/install/turtle_patrol_interface/share/turtle_patrol_interface/local_setup.bash\n'}
[9.148066] (turtle_patrol_interface) StdoutLine: {'line': b'-- Up-to-date: /home/cc/ee106a/sp26/class/ee106a-aac/ros_workspaces/lab2/install/turtle_patrol_interface/share/turtle_patrol_interface/local_setup.sh\n'}
[9.148929] (turtle_patrol_interface) StdoutLine: {'line': b'-- Up-to-date: /home/cc/ee106a/sp26/class/ee106a-aac/ros_workspaces/lab2/install/turtle_patrol_interface/share/turtle_patrol_interface/local_setup.zsh\n'}
[9.149778] (turtle_patrol_interface) StdoutLine: {'line': b'-- Installing: /home/cc/ee106a/sp26/class/ee106a-aac/ros_workspaces/lab2/install/turtle_patrol_interface/share/turtle_patrol_interface/local_setup.dsv\n'}
[9.160052] (turtle_patrol_interface) StdoutLine: {'line': b'-- Installing: /home/cc/ee106a/sp26/class/ee106a-aac/ros_workspaces/lab2/install/turtle_patrol_interface/share/turtle_patrol_interface/package.dsv\n'}
[9.166047] (turtle_patrol_interface) StdoutLine: {'line': b'-- Up-to-date: /home/cc/ee106a/sp26/class/ee106a-aac/ros_workspaces/lab2/install/turtle_patrol_interface/share/ament_index/resource_index/packages/turtle_patrol_interface\n'}
[9.169787] (turtle_patrol_interface) StdoutLine: {'line': b'-- Up-to-date: /home/cc/ee106a/sp26/class/ee106a-aac/ros_workspaces/lab2/install/turtle_patrol_interface/share/turtle_patrol_interface/cmake/export_turtle_patrol_interface__rosidl_generator_cExport.cmake\n'}
[9.170636] (turtle_patrol_interface) StdoutLine: {'line': b'-- Up-to-date: /home/cc/ee106a/sp26/class/ee106a-aac/ros_workspaces/lab2/install/turtle_patrol_interface/share/turtle_patrol_interface/cmake/export_turtle_patrol_interface__rosidl_generator_cExport-noconfig.cmake\n'}
[9.173757] (turtle_patrol_interface) StdoutLine: {'line': b'-- Up-to-date: /home/cc/ee106a/sp26/class/ee106a-aac/ros_workspaces/lab2/install/turtle_patrol_interface/share/turtle_patrol_interface/cmake/export_turtle_patrol_interface__rosidl_typesupport_fastrtps_cExport.cmake\n'}
[9.174594] (turtle_patrol_interface) StdoutLine: {'line': b'-- Up-to-date: /home/cc/ee106a/sp26/class/ee106a-aac/ros_workspaces/lab2/install/turtle_patrol_interface/share/turtle_patrol_interface/cmake/export_turtle_patrol_interface__rosidl_typesupport_fastrtps_cExport-noconfig.cmake\n'}
[9.177494] (turtle_patrol_interface) StdoutLine: {'line': b'-- Up-to-date: /home/cc/ee106a/sp26/class/ee106a-aac/ros_workspaces/lab2/install/turtle_patrol_interface/share/turtle_patrol_interface/cmake/export_turtle_patrol_interface__rosidl_generator_cppExport.cmake\n'}
[9.180689] (turtle_patrol_interface) StdoutLine: {'line': b'-- Up-to-date: /home/cc/ee106a/sp26/class/ee106a-aac/ros_workspaces/lab2/install/turtle_patrol_interface/share/turtle_patrol_interface/cmake/export_turtle_patrol_interface__rosidl_typesupport_fastrtps_cppExport.cmake\n'}
[9.181840] (turtle_patrol_interface) StdoutLine: {'line': b'-- Up-to-date: /home/cc/ee106a/sp26/class/ee106a-aac/ros_workspaces/lab2/install/turtle_patrol_interface/share/turtle_patrol_interface/cmake/export_turtle_patrol_interface__rosidl_typesupport_fastrtps_cppExport-noconfig.cmake\n'}
[9.185000] (turtle_patrol_interface) StdoutLine: {'line': b'-- Up-to-date: /home/cc/ee106a/sp26/class/ee106a-aac/ros_workspaces/lab2/install/turtle_patrol_interface/share/turtle_patrol_interface/cmake/turtle_patrol_interface__rosidl_typesupport_introspection_cExport.cmake\n'}
[9.185889] (turtle_patrol_interface) StdoutLine: {'line': b'-- Up-to-date: /home/cc/ee106a/sp26/class/ee106a-aac/ros_workspaces/lab2/install/turtle_patrol_interface/share/turtle_patrol_interface/cmake/turtle_patrol_interface__rosidl_typesupport_introspection_cExport-noconfig.cmake\n'}
[9.188900] (turtle_patrol_interface) StdoutLine: {'line': b'-- Up-to-date: /home/cc/ee106a/sp26/class/ee106a-aac/ros_workspaces/lab2/install/turtle_patrol_interface/share/turtle_patrol_interface/cmake/turtle_patrol_interface__rosidl_typesupport_cExport.cmake\n'}
[9.189706] (turtle_patrol_interface) StdoutLine: {'line': b'-- Up-to-date: /home/cc/ee106a/sp26/class/ee106a-aac/ros_workspaces/lab2/install/turtle_patrol_interface/share/turtle_patrol_interface/cmake/turtle_patrol_interface__rosidl_typesupport_cExport-noconfig.cmake\n'}
[9.192875] (turtle_patrol_interface) StdoutLine: {'line': b'-- Up-to-date: /home/cc/ee106a/sp26/class/ee106a-aac/ros_workspaces/lab2/install/turtle_patrol_interface/share/turtle_patrol_interface/cmake/turtle_patrol_interface__rosidl_typesupport_introspection_cppExport.cmake\n'}
[9.193748] (turtle_patrol_interface) StdoutLine: {'line': b'-- Up-to-date: /home/cc/ee106a/sp26/class/ee106a-aac/ros_workspaces/lab2/install/turtle_patrol_interface/share/turtle_patrol_interface/cmake/turtle_patrol_interface__rosidl_typesupport_introspection_cppExport-noconfig.cmake\n'}
[9.196925] (turtle_patrol_interface) StdoutLine: {'line': b'-- Up-to-date: /home/cc/ee106a/sp26/class/ee106a-aac/ros_workspaces/lab2/install/turtle_patrol_interface/share/turtle_patrol_interface/cmake/turtle_patrol_interface__rosidl_typesupport_cppExport.cmake\n'}
[9.197795] (turtle_patrol_interface) StdoutLine: {'line': b'-- Up-to-date: /home/cc/ee106a/sp26/class/ee106a-aac/ros_workspaces/lab2/install/turtle_patrol_interface/share/turtle_patrol_interface/cmake/turtle_patrol_interface__rosidl_typesupport_cppExport-noconfig.cmake\n'}
[9.200929] (turtle_patrol_interface) StdoutLine: {'line': b'-- Up-to-date: /home/cc/ee106a/sp26/class/ee106a-aac/ros_workspaces/lab2/install/turtle_patrol_interface/share/turtle_patrol_interface/cmake/export_turtle_patrol_interface__rosidl_generator_pyExport.cmake\n'}
[9.201812] (turtle_patrol_interface) StdoutLine: {'line': b'-- Up-to-date: /home/cc/ee106a/sp26/class/ee106a-aac/ros_workspaces/lab2/install/turtle_patrol_interface/share/turtle_patrol_interface/cmake/export_turtle_patrol_interface__rosidl_generator_pyExport-noconfig.cmake\n'}
[9.202666] (turtle_patrol_interface) StdoutLine: {'line': b'-- Up-to-date: /home/cc/ee106a/sp26/class/ee106a-aac/ros_workspaces/lab2/install/turtle_patrol_interface/share/turtle_patrol_interface/cmake/rosidl_cmake-extras.cmake\n'}
[9.203603] (turtle_patrol_interface) StdoutLine: {'line': b'-- Up-to-date: /home/cc/ee106a/sp26/class/ee106a-aac/ros_workspaces/lab2/install/turtle_patrol_interface/share/turtle_patrol_interface/cmake/ament_cmake_export_dependencies-extras.cmake\n'}
[9.204450] (turtle_patrol_interface) StdoutLine: {'line': b'-- Up-to-date: /home/cc/ee106a/sp26/class/ee106a-aac/ros_workspaces/lab2/install/turtle_patrol_interface/share/turtle_patrol_interface/cmake/ament_cmake_export_include_directories-extras.cmake\n'}
[9.205313] (turtle_patrol_interface) StdoutLine: {'line': b'-- Up-to-date: /home/cc/ee106a/sp26/class/ee106a-aac/ros_workspaces/lab2/install/turtle_patrol_interface/share/turtle_patrol_interface/cmake/ament_cmake_export_libraries-extras.cmake\n'}
[9.206161] (turtle_patrol_interface) StdoutLine: {'line': b'-- Up-to-date: /home/cc/ee106a/sp26/class/ee106a-aac/ros_workspaces/lab2/install/turtle_patrol_interface/share/turtle_patrol_interface/cmake/ament_cmake_export_targets-extras.cmake\n'}
[9.207030] (turtle_patrol_interface) StdoutLine: {'line': b'-- Up-to-date: /home/cc/ee106a/sp26/class/ee106a-aac/ros_workspaces/lab2/install/turtle_patrol_interface/share/turtle_patrol_interface/cmake/rosidl_cmake_export_typesupport_targets-extras.cmake\n'}
[9.207867] (turtle_patrol_interface) StdoutLine: {'line': b'-- Up-to-date: /home/cc/ee106a/sp26/class/ee106a-aac/ros_workspaces/lab2/install/turtle_patrol_interface/share/turtle_patrol_interface/cmake/rosidl_cmake_export_typesupport_libraries-extras.cmake\n'}
[9.208704] (turtle_patrol_interface) StdoutLine: {'line': b'-- Up-to-date: /home/cc/ee106a/sp26/class/ee106a-aac/ros_workspaces/lab2/install/turtle_patrol_interface/share/turtle_patrol_interface/cmake/turtle_patrol_interfaceConfig.cmake\n'}
[9.209529] (turtle_patrol_interface) StdoutLine: {'line': b'-- Up-to-date: /home/cc/ee106a/sp26/class/ee106a-aac/ros_workspaces/lab2/install/turtle_patrol_interface/share/turtle_patrol_interface/cmake/turtle_patrol_interfaceConfig-version.cmake\n'}
[9.210622] (turtle_patrol_interface) StdoutLine: {'line': b'-- Up-to-date: /home/cc/ee106a/sp26/class/ee106a-aac/ros_workspaces/lab2/install/turtle_patrol_interface/share/turtle_patrol_interface/package.xml\n'}
[9.217028] (turtle_patrol_interface) CommandEnded: {'returncode': 0}
[9.233290] (-) TimerEvent: {}
[9.307620] (turtle_patrol_interface) JobEnded: {'identifier': 'turtle_patrol_interface', 'rc': 0}
[9.314425] (-) EventReactorShutdown: {}
