[0.095s] DEBUG:colcon:Command line arguments: ['/usr/bin/colcon', 'build']
[0.095s] DEBUG:colcon:Parsed command line arguments: Namespace(log_base=None, log_level=None, verb_name='build', build_base='build', install_base='install', merge_install=False, symlink_install=False, test_result_base=None, continue_on_error=False, executor='parallel', parallel_workers=32, event_handlers=None, ignore_user_meta=False, metas=['./colcon.meta'], base_paths=['.'], packages_ignore=None, packages_ignore_regex=None, paths=None, packages_up_to=None, packages_up_to_regex=None, packages_above=None, packages_above_and_dependencies=None, packages_above_depth=None, packages_select_by_dep=None, packages_skip_by_dep=None, packages_skip_up_to=None, packages_select_build_failed=False, packages_skip_build_finished=False, packages_select_test_failures=False, packages_skip_test_passed=False, packages_select=None, packages_skip=None, packages_select_regex=None, packages_skip_regex=None, packages_start=None, packages_end=None, cmake_args=None, cmake_target=None, cmake_target_skip_unavailable=False, cmake_clean_cache=False, cmake_clean_first=False, cmake_force_configure=False, ament_cmake_args=None, catkin_cmake_args=None, catkin_skip_building_tests=False, mixin_files=None, mixin=None, verb_parser=<colcon_mixin.mixin.mixin_argument.MixinArgumentDecorator object at 0x76eecd1fb100>, verb_extension=<colcon_core.verb.build.BuildVerb object at 0x76eecd3440d0>, main=<bound method BuildVerb.main of <colcon_core.verb.build.BuildVerb object at 0x76eecd3440d0>>, mixin_verb=('build',))
[0.233s] Level 1:colcon.colcon_core.package_discovery:discover_packages(colcon_meta) check parameters
[0.233s] Level 1:colcon.colcon_core.package_discovery:discover_packages(recursive) check parameters
[0.233s] Level 1:colcon.colcon_core.package_discovery:discover_packages(ignore) check parameters
[0.233s] Level 1:colcon.colcon_core.package_discovery:discover_packages(path) check parameters
[0.233s] Level 1:colcon.colcon_core.package_discovery:discover_packages(colcon_meta) discover
[0.233s] Level 1:colcon.colcon_core.package_discovery:discover_packages(recursive) discover
[0.233s] INFO:colcon.colcon_core.package_discovery:Crawling recursively for packages in '/home/cc/ee106a/sp26/class/ee106a-aac/ros_workspaces/lab2'
[0.233s] Level 1:colcon.colcon_core.package_identification:_identify(.) by extensions ['ignore', 'ignore_ament_install']
[0.233s] Level 1:colcon.colcon_core.package_identification:_identify(.) by extension 'ignore'
[0.233s] Level 1:colcon.colcon_core.package_identification:_identify(.) by extension 'ignore_ament_install'
[0.233s] Level 1:colcon.colcon_core.package_identification:_identify(.) by extensions ['colcon_pkg']
[0.233s] Level 1:colcon.colcon_core.package_identification:_identify(.) by extension 'colcon_pkg'
[0.233s] Level 1:colcon.colcon_core.package_identification:_identify(.) by extensions ['colcon_meta']
[0.233s] Level 1:colcon.colcon_core.package_identification:_identify(.) by extension 'colcon_meta'
[0.234s] Level 1:colcon.colcon_core.package_identification:_identify(.) by extensions ['ros']
[0.234s] Level 1:colcon.colcon_core.package_identification:_identify(.) by extension 'ros'
[0.241s] Level 1:colcon.colcon_core.package_identification:_identify(.) by extensions ['cmake', 'python']
[0.241s] Level 1:colcon.colcon_core.package_identification:_identify(.) by extension 'cmake'
[0.241s] Level 1:colcon.colcon_core.package_identification:_identify(.) by extension 'python'
[0.241s] Level 1:colcon.colcon_core.package_identification:_identify(.) by extensions ['python_setup_py']
[0.241s] Level 1:colcon.colcon_core.package_identification:_identify(.) by extension 'python_setup_py'
[0.241s] Level 1:colcon.colcon_core.package_identification:_identify(build) by extensions ['ignore', 'ignore_ament_install']
[0.241s] Level 1:colcon.colcon_core.package_identification:_identify(build) by extension 'ignore'
[0.241s] Level 1:colcon.colcon_core.package_identification:_identify(build) ignored
[0.242s] Level 1:colcon.colcon_core.package_identification:_identify(install) by extensions ['ignore', 'ignore_ament_install']
[0.242s] Level 1:colcon.colcon_core.package_identification:_identify(install) by extension 'ignore'
[0.242s] Level 1:colcon.colcon_core.package_identification:_identify(install) ignored
[0.244s] Level 1:colcon.colcon_core.package_identification:_identify(log) by extensions ['ignore', 'ignore_ament_install']
[0.244s] Level 1:colcon.colcon_core.package_identification:_identify(log) by extension 'ignore'
[0.244s] Level 1:colcon.colcon_core.package_identification:_identify(log) ignored
[0.244s] Level 1:colcon.colcon_core.package_identification:_identify(src) by extensions ['ignore', 'ignore_ament_install']
[0.244s] Level 1:colcon.colcon_core.package_identification:_identify(src) by extension 'ignore'
[0.244s] Level 1:colcon.colcon_core.package_identification:_identify(src) by extension 'ignore_ament_install'
[0.244s] Level 1:colcon.colcon_core.package_identification:_identify(src) by extensions ['colcon_pkg']
[0.244s] Level 1:colcon.colcon_core.package_identification:_identify(src) by extension 'colcon_pkg'
[0.244s] Level 1:colcon.colcon_core.package_identification:_identify(src) by extensions ['colcon_meta']
[0.244s] Level 1:colcon.colcon_core.package_identification:_identify(src) by extension 'colcon_meta'
[0.244s] Level 1:colcon.colcon_core.package_identification:_identify(src) by extensions ['ros']
[0.244s] Level 1:colcon.colcon_core.package_identification:_identify(src) by extension 'ros'
[0.244s] Level 1:colcon.colcon_core.package_identification:_identify(src) by extensions ['cmake', 'python']
[0.244s] Level 1:colcon.colcon_core.package_identification:_identify(src) by extension 'cmake'
[0.244s] Level 1:colcon.colcon_core.package_identification:_identify(src) by extension 'python'
[0.244s] Level 1:colcon.colcon_core.package_identification:_identify(src) by extensions ['python_setup_py']
[0.244s] Level 1:colcon.colcon_core.package_identification:_identify(src) by extension 'python_setup_py'
[0.245s] Level 1:colcon.colcon_core.package_identification:_identify(src/lab2_turtlesim) by extensions ['ignore', 'ignore_ament_install']
[0.245s] Level 1:colcon.colcon_core.package_identification:_identify(src/lab2_turtlesim) by extension 'ignore'
[0.245s] Level 1:colcon.colcon_core.package_identification:_identify(src/lab2_turtlesim) by extension 'ignore_ament_install'
[0.245s] Level 1:colcon.colcon_core.package_identification:_identify(src/lab2_turtlesim) by extensions ['colcon_pkg']
[0.245s] Level 1:colcon.colcon_core.package_identification:_identify(src/lab2_turtlesim) by extension 'colcon_pkg'
[0.245s] Level 1:colcon.colcon_core.package_identification:_identify(src/lab2_turtlesim) by extensions ['colcon_meta']
[0.245s] Level 1:colcon.colcon_core.package_identification:_identify(src/lab2_turtlesim) by extension 'colcon_meta'
[0.245s] Level 1:colcon.colcon_core.package_identification:_identify(src/lab2_turtlesim) by extensions ['ros']
[0.245s] Level 1:colcon.colcon_core.package_identification:_identify(src/lab2_turtlesim) by extension 'ros'
[0.247s] DEBUG:colcon.colcon_core.package_identification:Package 'src/lab2_turtlesim' with type 'ros.ament_python' and name 'lab2_turtlesim'
[0.248s] Level 1:colcon.colcon_core.package_identification:_identify(src/turtle_patrol) by extensions ['ignore', 'ignore_ament_install']
[0.248s] Level 1:colcon.colcon_core.package_identification:_identify(src/turtle_patrol) by extension 'ignore'
[0.248s] Level 1:colcon.colcon_core.package_identification:_identify(src/turtle_patrol) by extension 'ignore_ament_install'
[0.248s] Level 1:colcon.colcon_core.package_identification:_identify(src/turtle_patrol) by extensions ['colcon_pkg']
[0.248s] Level 1:colcon.colcon_core.package_identification:_identify(src/turtle_patrol) by extension 'colcon_pkg'
[0.248s] Level 1:colcon.colcon_core.package_identification:_identify(src/turtle_patrol) by extensions ['colcon_meta']
[0.248s] Level 1:colcon.colcon_core.package_identification:_identify(src/turtle_patrol) by extension 'colcon_meta'
[0.248s] Level 1:colcon.colcon_core.package_identification:_identify(src/turtle_patrol) by extensions ['ros']
[0.248s] Level 1:colcon.colcon_core.package_identification:_identify(src/turtle_patrol) by extension 'ros'
[0.249s] DEBUG:colcon.colcon_core.package_identification:Package 'src/turtle_patrol' with type 'ros.ament_python' and name 'turtle_patrol'
[0.249s] Level 1:colcon.colcon_core.package_identification:_identify(src/turtle_patrol_interface) by extensions ['ignore', 'ignore_ament_install']
[0.250s] Level 1:colcon.colcon_core.package_identification:_identify(src/turtle_patrol_interface) by extension 'ignore'
[0.250s] Level 1:colcon.colcon_core.package_identification:_identify(src/turtle_patrol_interface) by extension 'ignore_ament_install'
[0.250s] Level 1:colcon.colcon_core.package_identification:_identify(src/turtle_patrol_interface) by extensions ['colcon_pkg']
[0.250s] Level 1:colcon.colcon_core.package_identification:_identify(src/turtle_patrol_interface) by extension 'colcon_pkg'
[0.250s] Level 1:colcon.colcon_core.package_identification:_identify(src/turtle_patrol_interface) by extensions ['colcon_meta']
[0.250s] Level 1:colcon.colcon_core.package_identification:_identify(src/turtle_patrol_interface) by extension 'colcon_meta'
[0.250s] Level 1:colcon.colcon_core.package_identification:_identify(src/turtle_patrol_interface) by extensions ['ros']
[0.250s] Level 1:colcon.colcon_core.package_identification:_identify(src/turtle_patrol_interface) by extension 'ros'
[0.251s] DEBUG:colcon.colcon_core.package_identification:Package 'src/turtle_patrol_interface' with type 'ros.ament_cmake' and name 'turtle_patrol_interface'
[0.251s] Level 1:colcon.colcon_core.package_discovery:discover_packages(recursive) using defaults
[0.251s] Level 1:colcon.colcon_core.package_discovery:discover_packages(ignore) discover
[0.251s] Level 1:colcon.colcon_core.package_discovery:discover_packages(ignore) using defaults
[0.251s] Level 1:colcon.colcon_core.package_discovery:discover_packages(path) discover
[0.251s] Level 1:colcon.colcon_core.package_discovery:discover_packages(path) using defaults
[0.267s] Level 5:colcon.colcon_core.verb:set package 'lab2_turtlesim' build argument 'cmake_args' from command line to 'None'
[0.267s] Level 5:colcon.colcon_core.verb:set package 'lab2_turtlesim' build argument 'cmake_target' from command line to 'None'
[0.267s] Level 5:colcon.colcon_core.verb:set package 'lab2_turtlesim' build argument 'cmake_target_skip_unavailable' from command line to 'False'
[0.267s] Level 5:colcon.colcon_core.verb:set package 'lab2_turtlesim' build argument 'cmake_clean_cache' from command line to 'False'
[0.267s] Level 5:colcon.colcon_core.verb:set package 'lab2_turtlesim' build argument 'cmake_clean_first' from command line to 'False'
[0.267s] Level 5:colcon.colcon_core.verb:set package 'lab2_turtlesim' build argument 'cmake_force_configure' from command line to 'False'
[0.267s] Level 5:colcon.colcon_core.verb:set package 'lab2_turtlesim' build argument 'ament_cmake_args' from command line to 'None'
[0.267s] Level 5:colcon.colcon_core.verb:set package 'lab2_turtlesim' build argument 'catkin_cmake_args' from command line to 'None'
[0.267s] Level 5:colcon.colcon_core.verb:set package 'lab2_turtlesim' build argument 'catkin_skip_building_tests' from command line to 'False'
[0.267s] DEBUG:colcon.colcon_core.verb:Building package 'lab2_turtlesim' with the following arguments: {'ament_cmake_args': None, 'build_base': '/home/cc/ee106a/sp26/class/ee106a-aac/ros_workspaces/lab2/build/lab2_turtlesim', 'catkin_cmake_args': None, 'catkin_skip_building_tests': False, 'cmake_args': None, 'cmake_clean_cache': False, 'cmake_clean_first': False, 'cmake_force_configure': False, 'cmake_target': None, 'cmake_target_skip_unavailable': False, 'install_base': '/home/cc/ee106a/sp26/class/ee106a-aac/ros_workspaces/lab2/install/lab2_turtlesim', 'merge_install': False, 'path': '/home/cc/ee106a/sp26/class/ee106a-aac/ros_workspaces/lab2/src/lab2_turtlesim', 'symlink_install': False, 'test_result_base': None}
[0.267s] Level 5:colcon.colcon_core.verb:set package 'turtle_patrol' build argument 'cmake_args' from command line to 'None'
[0.267s] Level 5:colcon.colcon_core.verb:set package 'turtle_patrol' build argument 'cmake_target' from command line to 'None'
[0.267s] Level 5:colcon.colcon_core.verb:set package 'turtle_patrol' build argument 'cmake_target_skip_unavailable' from command line to 'False'
[0.267s] Level 5:colcon.colcon_core.verb:set package 'turtle_patrol' build argument 'cmake_clean_cache' from command line to 'False'
[0.267s] Level 5:colcon.colcon_core.verb:set package 'turtle_patrol' build argument 'cmake_clean_first' from command line to 'False'
[0.267s] Level 5:colcon.colcon_core.verb:set package 'turtle_patrol' build argument 'cmake_force_configure' from command line to 'False'
[0.267s] Level 5:colcon.colcon_core.verb:set package 'turtle_patrol' build argument 'ament_cmake_args' from command line to 'None'
[0.267s] Level 5:colcon.colcon_core.verb:set package 'turtle_patrol' build argument 'catkin_cmake_args' from command line to 'None'
[0.267s] Level 5:colcon.colcon_core.verb:set package 'turtle_patrol' build argument 'catkin_skip_building_tests' from command line to 'False'
[0.267s] DEBUG:colcon.colcon_core.verb:Building package 'turtle_patrol' with the following arguments: {'ament_cmake_args': None, 'build_base': '/home/cc/ee106a/sp26/class/ee106a-aac/ros_workspaces/lab2/build/turtle_patrol', 'catkin_cmake_args': None, 'catkin_skip_building_tests': False, 'cmake_args': None, 'cmake_clean_cache': False, 'cmake_clean_first': False, 'cmake_force_configure': False, 'cmake_target': None, 'cmake_target_skip_unavailable': False, 'install_base': '/home/cc/ee106a/sp26/class/ee106a-aac/ros_workspaces/lab2/install/turtle_patrol', 'merge_install': False, 'path': '/home/cc/ee106a/sp26/class/ee106a-aac/ros_workspaces/lab2/src/turtle_patrol', 'symlink_install': False, 'test_result_base': None}
[0.268s] Level 5:colcon.colcon_core.verb:set package 'turtle_patrol_interface' build argument 'cmake_args' from command line to 'None'
[0.268s] Level 5:colcon.colcon_core.verb:set package 'turtle_patrol_interface' build argument 'cmake_target' from command line to 'None'
[0.268s] Level 5:colcon.colcon_core.verb:set package 'turtle_patrol_interface' build argument 'cmake_target_skip_unavailable' from command line to 'False'
[0.268s] Level 5:colcon.colcon_core.verb:set package 'turtle_patrol_interface' build argument 'cmake_clean_cache' from command line to 'False'
[0.268s] Level 5:colcon.colcon_core.verb:set package 'turtle_patrol_interface' build argument 'cmake_clean_first' from command line to 'False'
[0.268s] Level 5:colcon.colcon_core.verb:set package 'turtle_patrol_interface' build argument 'cmake_force_configure' from command line to 'False'
[0.268s] Level 5:colcon.colcon_core.verb:set package 'turtle_patrol_interface' build argument 'ament_cmake_args' from command line to 'None'
[0.268s] Level 5:colcon.colcon_core.verb:set package 'turtle_patrol_interface' build argument 'catkin_cmake_args' from command line to 'None'
[0.268s] Level 5:colcon.colcon_core.verb:set package 'turtle_patrol_interface' build argument 'catkin_skip_building_tests' from command line to 'False'
[0.268s] DEBUG:colcon.colcon_core.verb:Building package 'turtle_patrol_interface' with the following arguments: {'ament_cmake_args': None, 'build_base': '/home/cc/ee106a/sp26/class/ee106a-aac/ros_workspaces/lab2/build/turtle_patrol_interface', 'catkin_cmake_args': None, 'catkin_skip_building_tests': False, 'cmake_args': None, 'cmake_clean_cache': False, 'cmake_clean_first': False, 'cmake_force_configure': False, 'cmake_target': None, 'cmake_target_skip_unavailable': False, 'install_base': '/home/cc/ee106a/sp26/class/ee106a-aac/ros_workspaces/lab2/install/turtle_patrol_interface', 'merge_install': False, 'path': '/home/cc/ee106a/sp26/class/ee106a-aac/ros_workspaces/lab2/src/turtle_patrol_interface', 'symlink_install': False, 'test_result_base': None}
[0.268s] INFO:colcon.colcon_core.executor:Executing jobs using 'parallel' executor
[0.269s] DEBUG:colcon.colcon_parallel_executor.executor.parallel:run_until_complete
[0.269s] INFO:colcon.colcon_ros.task.ament_python.build:Building ROS package in '/home/cc/ee106a/sp26/class/ee106a-aac/ros_workspaces/lab2/src/lab2_turtlesim' with build type 'ament_python'
[0.269s] Level 1:colcon.colcon_core.shell:create_environment_hook('lab2_turtlesim', 'ament_prefix_path')
[0.271s] INFO:colcon.colcon_core.plugin_system:Skipping extension 'colcon_core.shell.bat': Not used on non-Windows systems
[0.271s] INFO:colcon.colcon_core.shell:Creating environment hook '/home/cc/ee106a/sp26/class/ee106a-aac/ros_workspaces/lab2/install/lab2_turtlesim/share/lab2_turtlesim/hook/ament_prefix_path.ps1'
[0.274s] INFO:colcon.colcon_core.shell:Creating environment descriptor '/home/cc/ee106a/sp26/class/ee106a-aac/ros_workspaces/lab2/install/lab2_turtlesim/share/lab2_turtlesim/hook/ament_prefix_path.dsv'
[0.276s] INFO:colcon.colcon_core.shell:Creating environment hook '/home/cc/ee106a/sp26/class/ee106a-aac/ros_workspaces/lab2/install/lab2_turtlesim/share/lab2_turtlesim/hook/ament_prefix_path.sh'
[0.278s] INFO:colcon.colcon_core.shell:Skip shell extension 'powershell' for command environment: Not usable outside of PowerShell
[0.278s] DEBUG:colcon.colcon_core.shell:Skip shell extension 'dsv' for command environment
[0.299s] INFO:colcon.colcon_ros.task.ament_python.build:Building ROS package in '/home/cc/ee106a/sp26/class/ee106a-aac/ros_workspaces/lab2/src/turtle_patrol' with build type 'ament_python'
[0.299s] Level 1:colcon.colcon_core.shell:create_environment_hook('turtle_patrol', 'ament_prefix_path')
[0.299s] INFO:colcon.colcon_core.shell:Creating environment hook '/home/cc/ee106a/sp26/class/ee106a-aac/ros_workspaces/lab2/install/turtle_patrol/share/turtle_patrol/hook/ament_prefix_path.ps1'
[0.302s] INFO:colcon.colcon_core.shell:Creating environment descriptor '/home/cc/ee106a/sp26/class/ee106a-aac/ros_workspaces/lab2/install/turtle_patrol/share/turtle_patrol/hook/ament_prefix_path.dsv'
[0.305s] INFO:colcon.colcon_core.shell:Creating environment hook '/home/cc/ee106a/sp26/class/ee106a-aac/ros_workspaces/lab2/install/turtle_patrol/share/turtle_patrol/hook/ament_prefix_path.sh'
[0.307s] INFO:colcon.colcon_core.shell:Skip shell extension 'powershell' for command environment: Not usable outside of PowerShell
[0.307s] DEBUG:colcon.colcon_core.shell:Skip shell extension 'dsv' for command environment
[0.319s] INFO:colcon.colcon_ros.task.ament_cmake.build:Building ROS package in '/home/cc/ee106a/sp26/class/ee106a-aac/ros_workspaces/lab2/src/turtle_patrol_interface' with build type 'ament_cmake'
[0.320s] INFO:colcon.colcon_cmake.task.cmake.build:Building CMake package in '/home/cc/ee106a/sp26/class/ee106a-aac/ros_workspaces/lab2/src/turtle_patrol_interface'
[0.320s] INFO:colcon.colcon_core.shell:Skip shell extension 'powershell' for command environment: Not usable outside of PowerShell
[0.320s] DEBUG:colcon.colcon_core.shell:Skip shell extension 'dsv' for command environment
[0.571s] INFO:colcon.colcon_core.task.python.build:Building Python package in '/home/cc/ee106a/sp26/class/ee106a-aac/ros_workspaces/lab2/src/lab2_turtlesim'
[0.571s] INFO:colcon.colcon_core.shell:Skip shell extension 'powershell' for command environment: Not usable outside of PowerShell
[0.571s] DEBUG:colcon.colcon_core.shell:Skip shell extension 'dsv' for command environment
[0.792s] INFO:colcon.colcon_core.task.python.build:Building Python package in '/home/cc/ee106a/sp26/class/ee106a-aac/ros_workspaces/lab2/src/turtle_patrol'
[0.792s] INFO:colcon.colcon_core.shell:Skip shell extension 'powershell' for command environment: Not usable outside of PowerShell
[0.792s] DEBUG:colcon.colcon_core.shell:Skip shell extension 'dsv' for command environment
[0.818s] DEBUG:colcon.colcon_core.event_handler.log_command:Invoking command in '/home/cc/ee106a/sp26/class/ee106a-aac/ros_workspaces/lab2/build/turtle_patrol_interface': CMAKE_PREFIX_PATH=${CMAKE_PREFIX_PATH}:/home/cc/ee106a/sp26/class/ee106a-aac/ros_workspaces/lab2/install/turtle_patrol:/home/cc/ee106a/sp26/class/ee106a-aac/ros_workspaces/lab2/install/lab2_turtlesim:/opt/ros/turtlebot3_ws/install/turtlebot3_teleop:/opt/ros/turtlebot3_ws/install/turtlebot3_example:/opt/ros/humble /usr/bin/cmake --build /home/cc/ee106a/sp26/class/ee106a-aac/ros_workspaces/lab2/build/turtle_patrol_interface -- -j32 -l32
[1.219s] DEBUG:colcon.colcon_core.event_handler.log_command:Invoking command in '/home/cc/ee106a/sp26/class/ee106a-aac/ros_workspaces/lab2/src/lab2_turtlesim': PYTHONPATH=/home/cc/ee106a/sp26/class/ee106a-aac/ros_workspaces/lab2/build/lab2_turtlesim/prefix_override:/usr/lib/python3/dist-packages/colcon_core/task/python/colcon_distutils_commands:/home/cc/ee106a/sp26/class/ee106a-aac/ros_workspaces/lab2/install/lab2_turtlesim/lib/python3.10/site-packages:${PYTHONPATH} /usr/bin/python3 -W ignore:setup.py install is deprecated -W ignore:easy_install command is deprecated setup.py egg_info --egg-base ../../build/lab2_turtlesim build --build-base /home/cc/ee106a/sp26/class/ee106a-aac/ros_workspaces/lab2/build/lab2_turtlesim/build install --record /home/cc/ee106a/sp26/class/ee106a-aac/ros_workspaces/lab2/build/lab2_turtlesim/install.log --single-version-externally-managed install_data
[1.224s] DEBUG:colcon.colcon_core.event_handler.log_command:Invoking command in '/home/cc/ee106a/sp26/class/ee106a-aac/ros_workspaces/lab2/src/turtle_patrol': PYTHONPATH=/home/cc/ee106a/sp26/class/ee106a-aac/ros_workspaces/lab2/build/turtle_patrol/prefix_override:/usr/lib/python3/dist-packages/colcon_core/task/python/colcon_distutils_commands:/home/cc/ee106a/sp26/class/ee106a-aac/ros_workspaces/lab2/install/turtle_patrol/lib/python3.10/site-packages:${PYTHONPATH} /usr/bin/python3 -W ignore:setup.py install is deprecated -W ignore:easy_install command is deprecated setup.py egg_info --egg-base ../../build/turtle_patrol build --build-base /home/cc/ee106a/sp26/class/ee106a-aac/ros_workspaces/lab2/build/turtle_patrol/build install --record /home/cc/ee106a/sp26/class/ee106a-aac/ros_workspaces/lab2/build/turtle_patrol/install.log --single-version-externally-managed install_data
[1.371s] DEBUG:colcon.colcon_core.event_handler.log_command:Invoked command in '/home/cc/ee106a/sp26/class/ee106a-aac/ros_workspaces/lab2/build/turtle_patrol_interface' returned '0': CMAKE_PREFIX_PATH=${CMAKE_PREFIX_PATH}:/home/cc/ee106a/sp26/class/ee106a-aac/ros_workspaces/lab2/install/turtle_patrol:/home/cc/ee106a/sp26/class/ee106a-aac/ros_workspaces/lab2/install/lab2_turtlesim:/opt/ros/turtlebot3_ws/install/turtlebot3_teleop:/opt/ros/turtlebot3_ws/install/turtlebot3_example:/opt/ros/humble /usr/bin/cmake --build /home/cc/ee106a/sp26/class/ee106a-aac/ros_workspaces/lab2/build/turtle_patrol_interface -- -j32 -l32
[1.389s] DEBUG:colcon.colcon_core.event_handler.log_command:Invoking command in '/home/cc/ee106a/sp26/class/ee106a-aac/ros_workspaces/lab2/build/turtle_patrol_interface': CMAKE_PREFIX_PATH=${CMAKE_PREFIX_PATH}:/home/cc/ee106a/sp26/class/ee106a-aac/ros_workspaces/lab2/install/turtle_patrol:/home/cc/ee106a/sp26/class/ee106a-aac/ros_workspaces/lab2/install/lab2_turtlesim:/opt/ros/turtlebot3_ws/install/turtlebot3_teleop:/opt/ros/turtlebot3_ws/install/turtlebot3_example:/opt/ros/humble /usr/bin/cmake --install /home/cc/ee106a/sp26/class/ee106a-aac/ros_workspaces/lab2/build/turtle_patrol_interface
[1.536s] DEBUG:colcon.colcon_core.event_handler.log_command:Invoked command in '/home/cc/ee106a/sp26/class/ee106a-aac/ros_workspaces/lab2/src/lab2_turtlesim' returned '0': PYTHONPATH=/home/cc/ee106a/sp26/class/ee106a-aac/ros_workspaces/lab2/build/lab2_turtlesim/prefix_override:/usr/lib/python3/dist-packages/colcon_core/task/python/colcon_distutils_commands:/home/cc/ee106a/sp26/class/ee106a-aac/ros_workspaces/lab2/install/lab2_turtlesim/lib/python3.10/site-packages:${PYTHONPATH} /usr/bin/python3 -W ignore:setup.py install is deprecated -W ignore:easy_install command is deprecated setup.py egg_info --egg-base ../../build/lab2_turtlesim build --build-base /home/cc/ee106a/sp26/class/ee106a-aac/ros_workspaces/lab2/build/lab2_turtlesim/build install --record /home/cc/ee106a/sp26/class/ee106a-aac/ros_workspaces/lab2/build/lab2_turtlesim/install.log --single-version-externally-managed install_data
[1.540s] Level 1:colcon.colcon_core.environment:checking '/home/cc/ee106a/sp26/class/ee106a-aac/ros_workspaces/lab2/install/lab2_turtlesim' for CMake module files
[1.542s] Level 1:colcon.colcon_core.environment:checking '/home/cc/ee106a/sp26/class/ee106a-aac/ros_workspaces/lab2/install/lab2_turtlesim' for CMake config files
[1.547s] Level 1:colcon.colcon_core.environment:checking '/home/cc/ee106a/sp26/class/ee106a-aac/ros_workspaces/lab2/install/lab2_turtlesim/lib'
[1.547s] Level 1:colcon.colcon_core.environment:checking '/home/cc/ee106a/sp26/class/ee106a-aac/ros_workspaces/lab2/install/lab2_turtlesim/bin'
[1.548s] Level 1:colcon.colcon_core.environment:checking '/home/cc/ee106a/sp26/class/ee106a-aac/ros_workspaces/lab2/install/lab2_turtlesim/lib/pkgconfig/lab2_turtlesim.pc'
[1.548s] Level 1:colcon.colcon_core.environment:checking '/home/cc/ee106a/sp26/class/ee106a-aac/ros_workspaces/lab2/install/lab2_turtlesim/lib/python3.10/site-packages'
[1.548s] Level 1:colcon.colcon_core.shell:create_environment_hook('lab2_turtlesim', 'pythonpath')
[1.548s] INFO:colcon.colcon_core.shell:Creating environment hook '/home/cc/ee106a/sp26/class/ee106a-aac/ros_workspaces/lab2/install/lab2_turtlesim/share/lab2_turtlesim/hook/pythonpath.ps1'
[1.550s] INFO:colcon.colcon_core.shell:Creating environment descriptor '/home/cc/ee106a/sp26/class/ee106a-aac/ros_workspaces/lab2/install/lab2_turtlesim/share/lab2_turtlesim/hook/pythonpath.dsv'
[1.552s] INFO:colcon.colcon_core.shell:Creating environment hook '/home/cc/ee106a/sp26/class/ee106a-aac/ros_workspaces/lab2/install/lab2_turtlesim/share/lab2_turtlesim/hook/pythonpath.sh'
[1.555s] Level 1:colcon.colcon_core.environment:checking '/home/cc/ee106a/sp26/class/ee106a-aac/ros_workspaces/lab2/install/lab2_turtlesim/bin'
[1.555s] Level 1:colcon.colcon_core.environment:create_environment_scripts_only(lab2_turtlesim)
[1.556s] INFO:colcon.colcon_core.shell:Creating package script '/home/cc/ee106a/sp26/class/ee106a-aac/ros_workspaces/lab2/install/lab2_turtlesim/share/lab2_turtlesim/package.ps1'
[1.558s] INFO:colcon.colcon_core.shell:Creating package descriptor '/home/cc/ee106a/sp26/class/ee106a-aac/ros_workspaces/lab2/install/lab2_turtlesim/share/lab2_turtlesim/package.dsv'
[1.561s] INFO:colcon.colcon_core.shell:Creating package script '/home/cc/ee106a/sp26/class/ee106a-aac/ros_workspaces/lab2/install/lab2_turtlesim/share/lab2_turtlesim/package.sh'
[1.563s] INFO:colcon.colcon_core.shell:Creating package script '/home/cc/ee106a/sp26/class/ee106a-aac/ros_workspaces/lab2/install/lab2_turtlesim/share/lab2_turtlesim/package.bash'
[1.565s] INFO:colcon.colcon_core.shell:Creating package script '/home/cc/ee106a/sp26/class/ee106a-aac/ros_workspaces/lab2/install/lab2_turtlesim/share/lab2_turtlesim/package.zsh'
[1.567s] Level 1:colcon.colcon_core.environment:create_file_with_runtime_dependencies(/home/cc/ee106a/sp26/class/ee106a-aac/ros_workspaces/lab2/install/lab2_turtlesim/share/colcon-core/packages/lab2_turtlesim)
[1.570s] Level 1:colcon.colcon_core.environment:checking '/home/cc/ee106a/sp26/class/ee106a-aac/ros_workspaces/lab2/install/turtle_patrol' for CMake module files
[1.572s] Level 1:colcon.colcon_core.environment:checking '/home/cc/ee106a/sp26/class/ee106a-aac/ros_workspaces/lab2/install/turtle_patrol' for CMake config files
[1.575s] DEBUG:colcon.colcon_core.event_handler.log_command:Invoked command in '/home/cc/ee106a/sp26/class/ee106a-aac/ros_workspaces/lab2/src/turtle_patrol' returned '0': PYTHONPATH=/home/cc/ee106a/sp26/class/ee106a-aac/ros_workspaces/lab2/build/turtle_patrol/prefix_override:/usr/lib/python3/dist-packages/colcon_core/task/python/colcon_distutils_commands:/home/cc/ee106a/sp26/class/ee106a-aac/ros_workspaces/lab2/install/turtle_patrol/lib/python3.10/site-packages:${PYTHONPATH} /usr/bin/python3 -W ignore:setup.py install is deprecated -W ignore:easy_install command is deprecated setup.py egg_info --egg-base ../../build/turtle_patrol build --build-base /home/cc/ee106a/sp26/class/ee106a-aac/ros_workspaces/lab2/build/turtle_patrol/build install --record /home/cc/ee106a/sp26/class/ee106a-aac/ros_workspaces/lab2/build/turtle_patrol/install.log --single-version-externally-managed install_data
[1.578s] Level 1:colcon.colcon_core.environment:checking '/home/cc/ee106a/sp26/class/ee106a-aac/ros_workspaces/lab2/install/turtle_patrol/lib'
[1.579s] Level 1:colcon.colcon_core.environment:checking '/home/cc/ee106a/sp26/class/ee106a-aac/ros_workspaces/lab2/install/turtle_patrol/bin'
[1.579s] Level 1:colcon.colcon_core.environment:checking '/home/cc/ee106a/sp26/class/ee106a-aac/ros_workspaces/lab2/install/turtle_patrol/lib/pkgconfig/turtle_patrol.pc'
[1.579s] Level 1:colcon.colcon_core.environment:checking '/home/cc/ee106a/sp26/class/ee106a-aac/ros_workspaces/lab2/install/turtle_patrol/lib/python3.10/site-packages'
[1.579s] Level 1:colcon.colcon_core.shell:create_environment_hook('turtle_patrol', 'pythonpath')
[1.579s] INFO:colcon.colcon_core.shell:Creating environment hook '/home/cc/ee106a/sp26/class/ee106a-aac/ros_workspaces/lab2/install/turtle_patrol/share/turtle_patrol/hook/pythonpath.ps1'
[1.582s] INFO:colcon.colcon_core.shell:Creating environment descriptor '/home/cc/ee106a/sp26/class/ee106a-aac/ros_workspaces/lab2/install/turtle_patrol/share/turtle_patrol/hook/pythonpath.dsv'
[1.585s] INFO:colcon.colcon_core.shell:Creating environment hook '/home/cc/ee106a/sp26/class/ee106a-aac/ros_workspaces/lab2/install/turtle_patrol/share/turtle_patrol/hook/pythonpath.sh'
[1.589s] Level 1:colcon.colcon_core.environment:checking '/home/cc/ee106a/sp26/class/ee106a-aac/ros_workspaces/lab2/install/turtle_patrol/bin'
[1.589s] Level 1:colcon.colcon_core.environment:create_environment_scripts_only(turtle_patrol)
[1.590s] INFO:colcon.colcon_core.shell:Creating package script '/home/cc/ee106a/sp26/class/ee106a-aac/ros_workspaces/lab2/install/turtle_patrol/share/turtle_patrol/package.ps1'
[1.593s] INFO:colcon.colcon_core.shell:Creating package descriptor '/home/cc/ee106a/sp26/class/ee106a-aac/ros_workspaces/lab2/install/turtle_patrol/share/turtle_patrol/package.dsv'
[1.596s] INFO:colcon.colcon_core.shell:Creating package script '/home/cc/ee106a/sp26/class/ee106a-aac/ros_workspaces/lab2/install/turtle_patrol/share/turtle_patrol/package.sh'
[1.599s] INFO:colcon.colcon_core.shell:Creating package script '/home/cc/ee106a/sp26/class/ee106a-aac/ros_workspaces/lab2/install/turtle_patrol/share/turtle_patrol/package.bash'
[1.602s] INFO:colcon.colcon_core.shell:Creating package script '/home/cc/ee106a/sp26/class/ee106a-aac/ros_workspaces/lab2/install/turtle_patrol/share/turtle_patrol/package.zsh'
[1.605s] Level 1:colcon.colcon_core.environment:create_file_with_runtime_dependencies(/home/cc/ee106a/sp26/class/ee106a-aac/ros_workspaces/lab2/install/turtle_patrol/share/colcon-core/packages/turtle_patrol)
[1.665s] Level 1:colcon.colcon_core.environment:create_environment_scripts_only(turtle_patrol_interface)
[1.666s] Level 1:colcon.colcon_core.environment:checking '/home/cc/ee106a/sp26/class/ee106a-aac/ros_workspaces/lab2/install/turtle_patrol_interface' for CMake module files
[1.666s] DEBUG:colcon.colcon_core.event_handler.log_command:Invoked command in '/home/cc/ee106a/sp26/class/ee106a-aac/ros_workspaces/lab2/build/turtle_patrol_interface' returned '0': CMAKE_PREFIX_PATH=${CMAKE_PREFIX_PATH}:/home/cc/ee106a/sp26/class/ee106a-aac/ros_workspaces/lab2/install/turtle_patrol:/home/cc/ee106a/sp26/class/ee106a-aac/ros_workspaces/lab2/install/lab2_turtlesim:/opt/ros/turtlebot3_ws/install/turtlebot3_teleop:/opt/ros/turtlebot3_ws/install/turtlebot3_example:/opt/ros/humble /usr/bin/cmake --install /home/cc/ee106a/sp26/class/ee106a-aac/ros_workspaces/lab2/build/turtle_patrol_interface
[1.668s] Level 1:colcon.colcon_core.environment:checking '/home/cc/ee106a/sp26/class/ee106a-aac/ros_workspaces/lab2/install/turtle_patrol_interface' for CMake config files
[1.672s] Level 1:colcon.colcon_core.shell:create_environment_hook('turtle_patrol_interface', 'cmake_prefix_path')
[1.672s] INFO:colcon.colcon_core.shell:Creating environment hook '/home/cc/ee106a/sp26/class/ee106a-aac/ros_workspaces/lab2/install/turtle_patrol_interface/share/turtle_patrol_interface/hook/cmake_prefix_path.ps1'
[1.674s] INFO:colcon.colcon_core.shell:Creating environment descriptor '/home/cc/ee106a/sp26/class/ee106a-aac/ros_workspaces/lab2/install/turtle_patrol_interface/share/turtle_patrol_interface/hook/cmake_prefix_path.dsv'
[1.677s] INFO:colcon.colcon_core.shell:Creating environment hook '/home/cc/ee106a/sp26/class/ee106a-aac/ros_workspaces/lab2/install/turtle_patrol_interface/share/turtle_patrol_interface/hook/cmake_prefix_path.sh'
[1.680s] Level 1:colcon.colcon_core.environment:checking '/home/cc/ee106a/sp26/class/ee106a-aac/ros_workspaces/lab2/install/turtle_patrol_interface/lib'
[1.681s] Level 1:colcon.colcon_core.shell:create_environment_hook('turtle_patrol_interface', 'ld_library_path_lib')
[1.681s] INFO:colcon.colcon_core.shell:Creating environment hook '/home/cc/ee106a/sp26/class/ee106a-aac/ros_workspaces/lab2/install/turtle_patrol_interface/share/turtle_patrol_interface/hook/ld_library_path_lib.ps1'
[1.684s] INFO:colcon.colcon_core.shell:Creating environment descriptor '/home/cc/ee106a/sp26/class/ee106a-aac/ros_workspaces/lab2/install/turtle_patrol_interface/share/turtle_patrol_interface/hook/ld_library_path_lib.dsv'
[1.686s] INFO:colcon.colcon_core.shell:Creating environment hook '/home/cc/ee106a/sp26/class/ee106a-aac/ros_workspaces/lab2/install/turtle_patrol_interface/share/turtle_patrol_interface/hook/ld_library_path_lib.sh'
[1.689s] Level 1:colcon.colcon_core.environment:checking '/home/cc/ee106a/sp26/class/ee106a-aac/ros_workspaces/lab2/install/turtle_patrol_interface/bin'
[1.689s] Level 1:colcon.colcon_core.environment:checking '/home/cc/ee106a/sp26/class/ee106a-aac/ros_workspaces/lab2/install/turtle_patrol_interface/lib/pkgconfig/turtle_patrol_interface.pc'
[1.690s] Level 1:colcon.colcon_core.environment:checking '/home/cc/ee106a/sp26/class/ee106a-aac/ros_workspaces/lab2/install/turtle_patrol_interface/lib/python3.10/site-packages'
[1.690s] Level 1:colcon.colcon_core.environment:checking '/home/cc/ee106a/sp26/class/ee106a-aac/ros_workspaces/lab2/install/turtle_patrol_interface/bin'
[1.691s] INFO:colcon.colcon_core.shell:Creating package script '/home/cc/ee106a/sp26/class/ee106a-aac/ros_workspaces/lab2/install/turtle_patrol_interface/share/turtle_patrol_interface/package.ps1'
[1.693s] INFO:colcon.colcon_core.shell:Creating package descriptor '/home/cc/ee106a/sp26/class/ee106a-aac/ros_workspaces/lab2/install/turtle_patrol_interface/share/turtle_patrol_interface/package.dsv'
[1.696s] INFO:colcon.colcon_core.shell:Creating package script '/home/cc/ee106a/sp26/class/ee106a-aac/ros_workspaces/lab2/install/turtle_patrol_interface/share/turtle_patrol_interface/package.sh'
[1.698s] INFO:colcon.colcon_core.shell:Creating package script '/home/cc/ee106a/sp26/class/ee106a-aac/ros_workspaces/lab2/install/turtle_patrol_interface/share/turtle_patrol_interface/package.bash'
[1.700s] INFO:colcon.colcon_core.shell:Creating package script '/home/cc/ee106a/sp26/class/ee106a-aac/ros_workspaces/lab2/install/turtle_patrol_interface/share/turtle_patrol_interface/package.zsh'
[1.702s] Level 1:colcon.colcon_core.environment:create_file_with_runtime_dependencies(/home/cc/ee106a/sp26/class/ee106a-aac/ros_workspaces/lab2/install/turtle_patrol_interface/share/colcon-core/packages/turtle_patrol_interface)
[1.706s] Level 1:colcon.colcon_core.environment:create_environment_scripts_only(turtle_patrol_interface)
[1.707s] Level 1:colcon.colcon_core.environment:checking '/home/cc/ee106a/sp26/class/ee106a-aac/ros_workspaces/lab2/install/turtle_patrol_interface' for CMake module files
[1.708s] Level 1:colcon.colcon_core.environment:checking '/home/cc/ee106a/sp26/class/ee106a-aac/ros_workspaces/lab2/install/turtle_patrol_interface' for CMake config files
[1.712s] Level 1:colcon.colcon_core.shell:create_environment_hook('turtle_patrol_interface', 'cmake_prefix_path')
[1.712s] INFO:colcon.colcon_core.shell:Creating environment hook '/home/cc/ee106a/sp26/class/ee106a-aac/ros_workspaces/lab2/install/turtle_patrol_interface/share/turtle_patrol_interface/hook/cmake_prefix_path.ps1'
[1.715s] INFO:colcon.colcon_core.shell:Creating environment descriptor '/home/cc/ee106a/sp26/class/ee106a-aac/ros_workspaces/lab2/install/turtle_patrol_interface/share/turtle_patrol_interface/hook/cmake_prefix_path.dsv'
[1.717s] INFO:colcon.colcon_core.shell:Creating environment hook '/home/cc/ee106a/sp26/class/ee106a-aac/ros_workspaces/lab2/install/turtle_patrol_interface/share/turtle_patrol_interface/hook/cmake_prefix_path.sh'
[1.720s] Level 1:colcon.colcon_core.environment:checking '/home/cc/ee106a/sp26/class/ee106a-aac/ros_workspaces/lab2/install/turtle_patrol_interface/lib'
[1.720s] Level 1:colcon.colcon_core.shell:create_environment_hook('turtle_patrol_interface', 'ld_library_path_lib')
[1.721s] INFO:colcon.colcon_core.shell:Creating environment hook '/home/cc/ee106a/sp26/class/ee106a-aac/ros_workspaces/lab2/install/turtle_patrol_interface/share/turtle_patrol_interface/hook/ld_library_path_lib.ps1'
[1.723s] INFO:colcon.colcon_core.shell:Creating environment descriptor '/home/cc/ee106a/sp26/class/ee106a-aac/ros_workspaces/lab2/install/turtle_patrol_interface/share/turtle_patrol_interface/hook/ld_library_path_lib.dsv'
[1.726s] INFO:colcon.colcon_core.shell:Creating environment hook '/home/cc/ee106a/sp26/class/ee106a-aac/ros_workspaces/lab2/install/turtle_patrol_interface/share/turtle_patrol_interface/hook/ld_library_path_lib.sh'
[1.729s] Level 1:colcon.colcon_core.environment:checking '/home/cc/ee106a/sp26/class/ee106a-aac/ros_workspaces/lab2/install/turtle_patrol_interface/bin'
[1.729s] Level 1:colcon.colcon_core.environment:checking '/home/cc/ee106a/sp26/class/ee106a-aac/ros_workspaces/lab2/install/turtle_patrol_interface/lib/pkgconfig/turtle_patrol_interface.pc'
[1.729s] Level 1:colcon.colcon_core.environment:checking '/home/cc/ee106a/sp26/class/ee106a-aac/ros_workspaces/lab2/install/turtle_patrol_interface/lib/python3.10/site-packages'
[1.730s] Level 1:colcon.colcon_core.environment:checking '/home/cc/ee106a/sp26/class/ee106a-aac/ros_workspaces/lab2/install/turtle_patrol_interface/bin'
[1.730s] INFO:colcon.colcon_core.shell:Creating package script '/home/cc/ee106a/sp26/class/ee106a-aac/ros_workspaces/lab2/install/turtle_patrol_interface/share/turtle_patrol_interface/package.ps1'
[1.733s] INFO:colcon.colcon_core.shell:Creating package descriptor '/home/cc/ee106a/sp26/class/ee106a-aac/ros_workspaces/lab2/install/turtle_patrol_interface/share/turtle_patrol_interface/package.dsv'
[1.736s] INFO:colcon.colcon_core.shell:Creating package script '/home/cc/ee106a/sp26/class/ee106a-aac/ros_workspaces/lab2/install/turtle_patrol_interface/share/turtle_patrol_interface/package.sh'
[1.738s] INFO:colcon.colcon_core.shell:Creating package script '/home/cc/ee106a/sp26/class/ee106a-aac/ros_workspaces/lab2/install/turtle_patrol_interface/share/turtle_patrol_interface/package.bash'
[1.741s] INFO:colcon.colcon_core.shell:Creating package script '/home/cc/ee106a/sp26/class/ee106a-aac/ros_workspaces/lab2/install/turtle_patrol_interface/share/turtle_patrol_interface/package.zsh'
[1.743s] Level 1:colcon.colcon_core.environment:create_file_with_runtime_dependencies(/home/cc/ee106a/sp26/class/ee106a-aac/ros_workspaces/lab2/install/turtle_patrol_interface/share/colcon-core/packages/turtle_patrol_interface)
[1.745s] DEBUG:colcon.colcon_parallel_executor.executor.parallel:closing loop
[1.745s] DEBUG:colcon.colcon_parallel_executor.executor.parallel:loop closed
[1.745s] DEBUG:colcon.colcon_parallel_executor.executor.parallel:run_until_complete finished with '0'
[1.746s] DEBUG:colcon.colcon_core.event_reactor:joining thread
[1.766s] INFO:colcon.colcon_core.plugin_system:Skipping extension 'colcon_notification.desktop_notification.notify_send': Could not find 'notify-send'
[1.766s] INFO:colcon.colcon_core.plugin_system:Skipping extension 'colcon_notification.desktop_notification.terminal_notifier': Not used on non-Darwin systems
[1.766s] INFO:colcon.colcon_core.plugin_system:Skipping extension 'colcon_notification.desktop_notification.win32': Not used on non-Windows systems
[1.766s] INFO:colcon.colcon_notification.desktop_notification:Sending desktop notification using 'notify2'
[1.889s] DEBUG:colcon.colcon_core.event_reactor:joined thread
[1.890s] INFO:colcon.colcon_core.shell:Creating prefix script '/home/cc/ee106a/sp26/class/ee106a-aac/ros_workspaces/lab2/install/local_setup.ps1'
[1.892s] INFO:colcon.colcon_core.shell:Creating prefix util module '/home/cc/ee106a/sp26/class/ee106a-aac/ros_workspaces/lab2/install/_local_setup_util_ps1.py'
[1.895s] INFO:colcon.colcon_core.shell:Creating prefix chain script '/home/cc/ee106a/sp26/class/ee106a-aac/ros_workspaces/lab2/install/setup.ps1'
[1.901s] INFO:colcon.colcon_core.shell:Creating prefix script '/home/cc/ee106a/sp26/class/ee106a-aac/ros_workspaces/lab2/install/local_setup.sh'
[1.903s] INFO:colcon.colcon_core.shell:Creating prefix util module '/home/cc/ee106a/sp26/class/ee106a-aac/ros_workspaces/lab2/install/_local_setup_util_sh.py'
[1.906s] INFO:colcon.colcon_core.shell:Creating prefix chain script '/home/cc/ee106a/sp26/class/ee106a-aac/ros_workspaces/lab2/install/setup.sh'
[1.911s] INFO:colcon.colcon_core.shell:Creating prefix script '/home/cc/ee106a/sp26/class/ee106a-aac/ros_workspaces/lab2/install/local_setup.bash'
[1.914s] INFO:colcon.colcon_core.shell:Creating prefix chain script '/home/cc/ee106a/sp26/class/ee106a-aac/ros_workspaces/lab2/install/setup.bash'
[1.919s] INFO:colcon.colcon_core.shell:Creating prefix script '/home/cc/ee106a/sp26/class/ee106a-aac/ros_workspaces/lab2/install/local_setup.zsh'
[1.921s] INFO:colcon.colcon_core.shell:Creating prefix chain script '/home/cc/ee106a/sp26/class/ee106a-aac/ros_workspaces/lab2/install/setup.zsh'
