[1.026s] Invoking command in '/home/cc/ee106a/sp26/class/ee106a-aac/ros_workspaces/lab2/src/lab2_turtlesim': PYTHONPATH=/home/cc/ee106a/sp26/class/ee106a-aac/ros_workspaces/lab2/build/lab2_turtlesim/prefix_override:/usr/lib/python3/dist-packages/colcon_core/task/python/colcon_distutils_commands:/home/cc/ee106a/sp26/class/ee106a-aac/ros_workspaces/lab2/install/lab2_turtlesim/lib/python3.10/site-packages:${PYTHONPATH} /usr/bin/python3 -W ignore:setup.py install is deprecated -W ignore:easy_install command is deprecated setup.py egg_info --egg-base ../../build/lab2_turtlesim build --build-base /home/cc/ee106a/sp26/class/ee106a-aac/ros_workspaces/lab2/build/lab2_turtlesim/build install --record /home/cc/ee106a/sp26/class/ee106a-aac/ros_workspaces/lab2/build/lab2_turtlesim/install.log --single-version-externally-managed install_data
[1.229s] running egg_info
[1.230s] writing ../../build/lab2_turtlesim/lab2_turtlesim.egg-info/PKG-INFO
[1.233s] writing dependency_links to ../../build/lab2_turtlesim/lab2_turtlesim.egg-info/dependency_links.txt
[1.235s] writing entry points to ../../build/lab2_turtlesim/lab2_turtlesim.egg-info/entry_points.txt
[1.238s] writing requirements to ../../build/lab2_turtlesim/lab2_turtlesim.egg-info/requires.txt
[1.241s] writing top-level names to ../../build/lab2_turtlesim/lab2_turtlesim.egg-info/top_level.txt
[1.247s] reading manifest file '../../build/lab2_turtlesim/lab2_turtlesim.egg-info/SOURCES.txt'
[1.250s] writing manifest file '../../build/lab2_turtlesim/lab2_turtlesim.egg-info/SOURCES.txt'
[1.251s] running build
[1.251s] running build_py
[1.254s] running install
[1.254s] running install_lib
[1.259s] running install_data
[1.260s] running install_egg_info
[1.263s] removing '/home/cc/ee106a/sp26/class/ee106a-aac/ros_workspaces/lab2/install/lab2_turtlesim/lib/python3.10/site-packages/lab2_turtlesim-0.0.0-py3.10.egg-info' (and everything under it)
[1.269s] Copying ../../build/lab2_turtlesim/lab2_turtlesim.egg-info to /home/cc/ee106a/sp26/class/ee106a-aac/ros_workspaces/lab2/install/lab2_turtlesim/lib/python3.10/site-packages/lab2_turtlesim-0.0.0-py3.10.egg-info
[1.306s] running install_scripts
[1.341s] Installing turtle_controller script to /home/cc/ee106a/sp26/class/ee106a-aac/ros_workspaces/lab2/install/lab2_turtlesim/lib/lab2_turtlesim
[1.344s] writing list of installed files to '/home/cc/ee106a/sp26/class/ee106a-aac/ros_workspaces/lab2/build/lab2_turtlesim/install.log'
[1.359s] Invoked command in '/home/cc/ee106a/sp26/class/ee106a-aac/ros_workspaces/lab2/src/lab2_turtlesim' returned '0': PYTHONPATH=/home/cc/ee106a/sp26/class/ee106a-aac/ros_workspaces/lab2/build/lab2_turtlesim/prefix_override:/usr/lib/python3/dist-packages/colcon_core/task/python/colcon_distutils_commands:/home/cc/ee106a/sp26/class/ee106a-aac/ros_workspaces/lab2/install/lab2_turtlesim/lib/python3.10/site-packages:${PYTHONPATH} /usr/bin/python3 -W ignore:setup.py install is deprecated -W ignore:easy_install command is deprecated setup.py egg_info --egg-base ../../build/lab2_turtlesim build --build-base /home/cc/ee106a/sp26/class/ee106a-aac/ros_workspaces/lab2/build/lab2_turtlesim/build install --record /home/cc/ee106a/sp26/class/ee106a-aac/ros_workspaces/lab2/build/lab2_turtlesim/install.log --single-version-externally-managed install_data
