[0.066s] Invoking command in '/home/cc/ee106a/sp26/class/ee106a-aac/ros_workspaces/lab1/build/my_chatter': AMENT_PREFIX_PATH=/home/cc/ee106a/sp26/class/ee106a-aac/ros_workspaces/lab1/install/my_chatter_msgs:/home/cc/ee106a/sp26/class/ee106a-aac/ros_workspaces/lab1/install/chatter:${AMENT_PREFIX_PATH} CMAKE_PREFIX_PATH=/home/cc/ee106a/sp26/class/ee106a-aac/ros_workspaces/lab1/install/my_chatter_msgs:/home/ff/ee106a/robot_workspaces/ur/install/ur7e_utils:/opt/ros/humble LD_LIBRARY_PATH=/home/cc/ee106a/sp26/class/ee106a-aac/ros_workspaces/lab1/install/my_chatter_msgs/lib:${LD_LIBRARY_PATH} PYTHONPATH=/home/cc/ee106a/sp26/class/ee106a-aac/ros_workspaces/lab1/install/my_chatter_msgs/local/lib/python3.10/dist-packages:/home/cc/ee106a/sp26/class/ee106a-aac/ros_workspaces/lab1/install/chatter/lib/python3.10/site-packages:${PYTHONPATH} /usr/bin/cmake /home/cc/ee106a/sp26/class/ee106a-aac/ros_workspaces/lab1/src/my_chatter -DCMAKE_INSTALL_PREFIX=/home/cc/ee106a/sp26/class/ee106a-aac/ros_workspaces/lab1/install/my_chatter
[0.273s] -- The C compiler identification is GNU 11.4.0
[0.438s] -- The CXX compiler identification is GNU 11.4.0
[0.469s] -- Detecting C compiler ABI info
[0.770s] -- Detecting C compiler ABI info - done
[0.791s] -- Check for working C compiler: /usr/bin/cc - skipped
[0.792s] -- Detecting C compile features
[0.794s] -- Detecting C compile features - done
[0.812s] -- Detecting CXX compiler ABI info
[1.105s] -- Detecting CXX compiler ABI info - done
[1.128s] -- Check for working CXX compiler: /usr/bin/c++ - skipped
[1.129s] -- Detecting CXX compile features
[1.130s] -- Detecting CXX compile features - done
[1.153s] -- Found ament_cmake: 1.3.12 (/opt/ros/humble/share/ament_cmake/cmake)
[1.496s] -- Found Python3: /usr/bin/python3 (found version "3.10.12") found components: Interpreter 
[1.755s] -- Found rclpy: 3.3.19 (/opt/ros/humble/share/rclpy/cmake)
[1.775s] -- Found std_msgs: 4.9.0 (/opt/ros/humble/share/std_msgs/cmake)
[1.926s] -- Found rosidl_generator_c: 3.1.8 (/opt/ros/humble/share/rosidl_generator_c/cmake)
[1.950s] -- Found rosidl_adapter: 3.1.8 (/opt/ros/humble/share/rosidl_adapter/cmake)
[1.979s] -- Found rosidl_generator_cpp: 3.1.8 (/opt/ros/humble/share/rosidl_generator_cpp/cmake)
[2.023s] -- Using all available rosidl_typesupport_c: rosidl_typesupport_fastrtps_c;rosidl_typesupport_introspection_c
[2.073s] -- Using all available rosidl_typesupport_cpp: rosidl_typesupport_fastrtps_cpp;rosidl_typesupport_introspection_cpp
[2.337s] [31mCMake Error at CMakeLists.txt:12 (find_package):
[2.338s]   By not providing "Findchatter.cmake" in CMAKE_MODULE_PATH this project has
[2.338s]   asked CMake to find a package configuration file provided by "chatter", but
[2.338s]   CMake did not find one.
[2.338s] 
[2.338s]   Could not find a package configuration file provided by "chatter" with any
[2.338s]   of the following names:
[2.338s] 
[2.338s]     chatterConfig.cmake
[2.338s]     chatter-config.cmake
[2.338s] 
[2.338s]   Add the installation prefix of "chatter" to CMAKE_PREFIX_PATH or set
[2.338s]   "chatter_DIR" to a directory containing one of the above files.  If
[2.339s]   "chatter" provides a separate development package or SDK, be sure it has
[2.339s]   been installed.
[2.339s] 
[2.339s] [0m
[2.339s] -- Configuring incomplete, errors occurred!
[2.339s] See also "/home/cc/ee106a/sp26/class/ee106a-aac/ros_workspaces/lab1/build/my_chatter/CMakeFiles/CMakeOutput.log".
[2.356s] Invoked command in '/home/cc/ee106a/sp26/class/ee106a-aac/ros_workspaces/lab1/build/my_chatter' returned '1': AMENT_PREFIX_PATH=/home/cc/ee106a/sp26/class/ee106a-aac/ros_workspaces/lab1/install/my_chatter_msgs:/home/cc/ee106a/sp26/class/ee106a-aac/ros_workspaces/lab1/install/chatter:${AMENT_PREFIX_PATH} CMAKE_PREFIX_PATH=/home/cc/ee106a/sp26/class/ee106a-aac/ros_workspaces/lab1/install/my_chatter_msgs:/home/ff/ee106a/robot_workspaces/ur/install/ur7e_utils:/opt/ros/humble LD_LIBRARY_PATH=/home/cc/ee106a/sp26/class/ee106a-aac/ros_workspaces/lab1/install/my_chatter_msgs/lib:${LD_LIBRARY_PATH} PYTHONPATH=/home/cc/ee106a/sp26/class/ee106a-aac/ros_workspaces/lab1/install/my_chatter_msgs/local/lib/python3.10/dist-packages:/home/cc/ee106a/sp26/class/ee106a-aac/ros_workspaces/lab1/install/chatter/lib/python3.10/site-packages:${PYTHONPATH} /usr/bin/cmake /home/cc/ee106a/sp26/class/ee106a-aac/ros_workspaces/lab1/src/my_chatter -DCMAKE_INSTALL_PREFIX=/home/cc/ee106a/sp26/class/ee106a-aac/ros_workspaces/lab1/install/my_chatter
